24/07/2018 04:34:43 | SUCCESS | login-(Biocine) | By-Biocine_ott503 | 
24/07/2018 05:02:51 | SUCCESS | login-(Biocine) | By-Biocine_ott503 | 
24/07/2018 06:05:42 | SUCCESS | login-(Biocine) | By-Biocine_ott503 | 
24/07/2018 06:24:11 | SUCCESS | login-(Biocine) | By-Biocine_ott503 | 
24/07/2018 12:12:50 | SUCCESS | Add New Subscription Code (9ZINJLY6SF) | By-Biocine_ott503 | 
24/07/2018 12:18:28 | SUCCESS | Update Subscription Code (8) | By-Biocine_ott503 | 
24/07/2018 12:22:38 | SUCCESS | Update Subscription Code (7) | By-Biocine_ott503 | 
24/07/2018 12:23:16 | SUCCESS | Update Subscription Code (8) | By-Biocine_ott503 | 
24/07/2018 07:14:47 | SUCCESS | login-(Biocine) | By-Biocine_ott503 | 
24/07/2018 08:27:54 | SUCCESS | login-(Biocine) | By-Biocine_ott503 | 
24/07/2018 14:13:13 | SUCCESS | Coupon active(Coupan ID:22,Status:active) | By-Biocine_ott503 | 
24/07/2018 14:13:15 | SUCCESS | Coupon active(Coupan ID:21,Status:active) | By-Biocine_ott503 | 
24/07/2018 14:13:18 | SUCCESS | Coupon active(Coupan ID:28,Status:active) | By-Biocine_ott503 | 
24/07/2018 14:13:21 | SUCCESS | Coupon active(Coupan ID:26,Status:active) | By-Biocine_ott503 | 
24/07/2018 14:13:23 | SUCCESS | Coupon active(Coupan ID:14,Status:active) | By-Biocine_ott503 | 
24/07/2018 14:13:25 | SUCCESS | Coupon active(Coupan ID:29,Status:active) | By-Biocine_ott503 | 
24/07/2018 14:14:59 | SUCCESS | Register User inactive(UserID:537,Status:inactive) | By-Biocine_ott503 | 
24/07/2018 09:07:47 | SUCCESS | login-(Biocine) | By-Biocine_ott503 | 
24/07/2018 14:40:53 | SUCCESS | Delete Video entry(0_csqokun3) | By-Biocine_ott503 | 
24/07/2018 14:40:58 | SUCCESS | Delete Video entry(0_bf3iurki) | By-Biocine_ott503 | 
24/07/2018 14:51:43 | SUCCESS | Save New video(0_6vogv19y) | By-Biocine_ott503 | 
24/07/2018 15:13:09 | SUCCESS | Register User inactive(UserID:541,Status:inactive) | By-Biocine_ott503 | 
24/07/2018 15:13:12 | SUCCESS | Register User active(UserID:541,Status:active) | By-Biocine_ott503 | 
24/07/2018 15:14:13 | SUCCESS | Register User active(UserID:537,Status:active) | By-Biocine_ott503 | 
24/07/2018 09:49:41 | SUCCESS | login-(Biocine) | By-Biocine_ott503 | 
24/07/2018 15:21:19 | SUCCESS | Coupon active(Coupan ID:31,Status:active) | By-Biocine_ott503 | 
24/07/2018 15:39:10 | SUCCESS | Save New video(0_674o8urt) | By-Biocine_ott503 | 
24/07/2018 15:45:43 | SUCCESS | Save New video(0_dpfxaz99) | By-Biocine_ott503 | 
24/07/2018 15:51:43 | SUCCESS | Save New video(0_720kthdj) | By-Biocine_ott503 | 
24/07/2018 16:18:50 | SUCCESS | Save New video(0_oa6mdf81) | By-Biocine_ott503 | 
24/07/2018 16:21:54 | SUCCESS | Save New video(0_1w4jd4db) | By-Biocine_ott503 | 
24/07/2018 16:34:56 | SUCCESS | Home Setting inactive(HomeID:13,Status:inactive) | By-Biocine_ott503 | 
24/07/2018 16:35:02 | SUCCESS | Home Setting inactive(HomeID:19,Status:inactive) | By-Biocine_ott503 | 
