11/04/2018 05:22:49 | SUCCESS | login-(Biocine) | By-Biocine_ott503 | 
11/04/2018 10:59:45 | SUCCESS | Add New Header Content(Watchlist) | By-Biocine_ott503 | 
11/04/2018 10:59:52 | SUCCESS | Delete Menu Header (33) | By-Biocine_ott503 | DELETE FROM header_menu WHERE hid='33'
11/04/2018 06:16:38 | SUCCESS | login-(Biocine) | By-Biocine_ott503 | 
11/04/2018 16:12:57 | ERROR-SQL | Lost connection to MySQL server during query | By-Biocine_ott503 | Insert into entry(entryid,name,thumbnail,longdescription,type,tag,status,ispremium,created_at,video_status,puser_id)
   values('0_18io2eaa','Sintel Short Animated movie','http://ott.planetcast.in/p/110/sp/11000/thumbnail/entry_id/0_18io2eaa/version/0','Watch Sintel Short animated Film.','1','sintel, movie, film, short, animation, animated','1','0','2018-04-11','active','104')
11/04/2018 16:23:38 | ERROR-SQL | Lost connection to MySQL server during query | By-Biocine_ott503 | Insert into entry(entryid,name,thumbnail,longdescription,type,tag,status,ispremium,created_at,video_status,puser_id)
   values('0_jkedbxyf','Cosmos Laundromat | Animated Film','http://ott.planetcast.in/p/110/sp/11000/thumbnail/entry_id/0_jkedbxyf/version/0','Watch Cosmos Laundromat animated short film. ','1','cosmos, laundromat, animation, animated, film','1','0','2018-04-11','active','104')
11/04/2018 16:25:36 | SUCCESS | Updtate MetaData(0_18io2eaa) | By-Biocine_ott503 | update entry set name='Sintel Short Animated movie',thumbnail='http://ott.planetcast.in/p/110/sp/11000/thumbnail/entry_id/0_18io2eaa/version/100002',longdescription='Watch Sintel Short animated Film.',duration='888',type='1',tag='sintel, movie, film, short, animation, animated',category='MUSIC,ORIGINALS>WEB SERIES,MOVIES>CLASSIC,MOVIES>ACTION,MUSIC>ORIGINAL>SHOCK STUDIO',categoryid='308,295,302,307,310',
        contentpartnerid='',countrycode='IN',startdate='',enddate='',updated_at='2018-04-11',shortdescription='',
        director='',producer='',cast='',crew='',sub_genre='Animation',language='English',pgrating='U',video_status='active' where entryid='0_18io2eaa'
11/04/2018 16:27:58 | SUCCESS | Save New video(0_56l1nh8v) | By-Biocine_ott503 | 
11/04/2018 16:29:25 | SUCCESS | Save Thumbnail(0_18io2eaa) | By-Biocine_ott503 | 
11/04/2018 16:30:22 | SUCCESS | Updtate MetaData(0_jkedbxyf) | By-Biocine_ott503 | update entry set name='Cosmos Laundromat | Animated Film',thumbnail='http://ott.planetcast.in/p/110/sp/11000/thumbnail/entry_id/0_jkedbxyf/version/100002',longdescription='Watch Cosmos Laundromat animated short film. ',duration='730',type='1',tag='cosmos, laundromat, animation, animated, film',category='BAZAAR,ORIGINALS>FOOD,ORIGINALS>GOSSIPS,MOVIES>THRILLER,MOVIES>HORROR,MOVIES>ACTION,MUSIC>FILM',categoryid='313,296,298,303,305,307,311',
        contentpartnerid='',countrycode='IN',startdate='',enddate='',updated_at='2018-04-11',shortdescription='Watch Cosmos Laundromat animated short film.',
        director='',producer='',cast='',crew='',sub_genre='Animation',language='',pgrating='U',video_status='active' where entryid='0_jkedbxyf'
11/04/2018 16:31:15 | SUCCESS | Save Thumbnail(0_jkedbxyf) | By-Biocine_ott503 | 
11/04/2018 16:33:38 | SUCCESS | Save Thumbnail(0_56l1nh8v) | By-Biocine_ott503 | 
11/04/2018 16:34:29 | SUCCESS | Updtate MetaData(0_56l1nh8v) | By-Biocine_ott503 | update entry set name='Festival Celebrations | Crackers',thumbnail='http://ott.planetcast.in/p/110/sp/11000/thumbnail/entry_id/0_56l1nh8v/version/100012',longdescription='Watch festival celebrated with crackers.',duration='18',type='1',tag='festival, cracker, celebration, celebrate',category='ORIGINALS>WEB SERIES,ORIGINALS>FOOD,ORIGINALS>MUSIC,MOVIES>CLASSIC,MOVIES>THRILLER,MOVIES>ROMANTIC,MOVIES>COMEDY,MUSIC>ORIGINAL',categoryid='295,296,299,302,303,304,306,309',
        contentpartnerid='',countrycode='null',startdate='',enddate='',updated_at='2018-04-11',shortdescription='',
        director='',producer='',cast='',crew='',sub_genre='',language='',pgrating='',video_status='active' where entryid='0_56l1nh8v'
11/04/2018 16:35:25 | SUCCESS | Updtate MetaData(0_qg6sivel) | By-Biocine_ott503 | update entry set name='Nature site scenes - Waterfall',thumbnail='http://ott.planetcast.in/p/110/sp/11000/thumbnail/entry_id/0_qg6sivel/version/100012',longdescription='Watch nature site scenes and its beauty.',duration='28',type='1',tag='waterfall, water, nature, site, scene',category='MOVIES>COMEDY,BAZAAR,ORIGINALS>FOOD,ORIGINALS>GOSSIPS,MOVIES>CLASSIC,MOVIES>ROMANTIC,MUSIC>ORIGINAL,MUSIC>ORIGINAL>SHOCK STUDIO',categoryid='306,313,296,298,302,304,309,310',
        contentpartnerid='',countrycode='null',startdate='',enddate='',updated_at='2018-04-11',shortdescription='',
        director='',producer='',cast='',crew='',sub_genre='',language='',pgrating='',video_status='active' where entryid='0_qg6sivel'
11/04/2018 16:36:25 | SUCCESS | Updtate MetaData(0_vwcyrmth) | By-Biocine_ott503 | update entry set name='Ancient Holy ancient Church',thumbnail='http://ott.planetcast.in/p/110/sp/11000/thumbnail/entry_id/0_vwcyrmth/version/100012',longdescription='Watch ancient holy ancient church.',duration='14',type='1',tag='triumphal, arch, ancient, holy, places',category='MOVIES>ACTION,MUSIC>ORIGINAL>SHOCK STUDIO,MOVIES,MUSIC,KIDS,ORIGINALS>FOOD,ORIGINALS>MUSIC,MOVIES>CLASSIC,MOVIES>ROMANTIC,MUSIC>ORIGINAL',categoryid='307,310,301,308,312,296,299,302,304,309',
        contentpartnerid='',countrycode='null',startdate='',enddate='',updated_at='2018-04-11',shortdescription='',
        director='',producer='',cast='',crew='',sub_genre='',language='',pgrating='',video_status='active' where entryid='0_vwcyrmth'
11/04/2018 16:37:19 | SUCCESS | Updtate MetaData(0_7qz418ie) | By-Biocine_ott503 | update entry set name='Motorcycle Street stunts',thumbnail='http://ott.planetcast.in/p/110/sp/11000/thumbnail/entry_id/0_7qz418ie/version/100012',longdescription='Watch the Motorcycle bike riding video by trained bikers.',duration='13',type='1',tag='motorcycle, street, stunts, bike, automobile, ride, speed',category='MOVIES>THRILLER,MOVIES,KIDS,ORIGINALS>WEB SERIES,ORIGINALS>SHORT FILMS,ORIGINALS>GOSSIPS,MOVIES>HORROR,MOVIES>ACTION,MUSIC>FILM,MUSIC>ORIGINAL>SHOCK STUDIO',categoryid='303,301,312,295,297,298,305,307,311,310',
        contentpartnerid='',countrycode='null',startdate='',enddate='',updated_at='2018-04-11',shortdescription='',
        director='',producer='',cast='',crew='',sub_genre='',language='',pgrating='',video_status='active' where entryid='0_7qz418ie'
11/04/2018 16:38:17 | SUCCESS | Updtate MetaData(0_lwwze555) | By-Biocine_ott503 | update entry set name='Natural Waterfall',thumbnail='http://ott.planetcast.in/p/110/sp/11000/thumbnail/entry_id/0_lwwze555/version/100032',longdescription='Watch the most powerful  huge waterfall in Iceland i.e Dettifoss which runoff the color of water as grayish white.',duration='10',type='1',tag='natural, waterfall, dettifoss, nature',category='KIDS,MOVIES>HORROR,MOVIES>COMEDY,MUSIC>ORIGINAL,MOVIES,ORIGINALS>WEB SERIES,ORIGINALS>SHORT FILMS,ORIGINALS>MUSIC,MOVIES>THRILLER,MUSIC>ORIGINAL>SHOCK STUDIO',categoryid='312,305,306,309,301,295,297,299,303,310',
        contentpartnerid='',countrycode='null',startdate='',enddate='',updated_at='2018-04-11',shortdescription='',
        director='',producer='',cast='',crew='',sub_genre='',language='',pgrating='',video_status='active' where entryid='0_lwwze555'
11/04/2018 16:39:08 | SUCCESS | Updtate MetaData(0_5xn6a2wo) | By-Biocine_ott503 | update entry set name='Luxury Car | Mercedes | Rain',thumbnail='http://ott.planetcast.in/p/110/sp/11000/thumbnail/entry_id/0_5xn6a2wo/version/100012',longdescription='Watch the luxurious and expensive car Mercedes driving in rain will entertain most of the car lovers.',duration='12',type='1',tag='luxury, car, mercedes, rain, automobile, vehicle, race, speed',category='BAZAAR,MOVIES>CLASSIC,MOVIES>ROMANTIC,KIDS,ORIGINALS>FOOD,ORIGINALS>GOSSIPS,MOVIES>THRILLER,MOVIES>COMEDY,MUSIC>ORIGINAL,MUSIC>FILM,MUSIC>ORIGINAL>SHOCK STUDIO',categoryid='313,302,304,312,296,298,303,306,309,311,310',
        contentpartnerid='',countrycode='IN',startdate='',enddate='',updated_at='2018-04-11',shortdescription='Watch the luxurious and expensive car Mercedes driving in rain will entertain most of the car lovers.',
        director='',producer='',cast='',crew='',sub_genre='Automobile',language='',pgrating='U',video_status='active' where entryid='0_5xn6a2wo'
11/04/2018 16:39:59 | SUCCESS | Updtate MetaData(0_18io2eaa) | By-Biocine_ott503 | update entry set name='Sintel Short Animated movie',thumbnail='http://ott.planetcast.in/p/110/sp/11000/thumbnail/entry_id/0_18io2eaa/version/100022',longdescription='Watch Sintel Short animated Film.',duration='888',type='1',tag='sintel, movie, film, short, animation, animated',category='MUSIC,ORIGINALS>WEB SERIES,MOVIES>CLASSIC,MOVIES>ACTION,MUSIC>ORIGINAL>SHOCK STUDIO,KIDS,ORIGINALS>GOSSIPS,MOVIES>ROMANTIC,MOVIES>HORROR,MUSIC>FILM',categoryid='308,295,302,307,310,312,298,304,305,311',
        contentpartnerid='',countrycode='IN',startdate='',enddate='',updated_at='2018-04-11',shortdescription='',
        director='',producer='',cast='',crew='',sub_genre='Animation',language='English',pgrating='U',video_status='active' where entryid='0_18io2eaa'
11/04/2018 16:40:46 | SUCCESS | Updtate MetaData(0_0d40d66y) | By-Biocine_ott503 | update entry set name='Glass Half | Animation',thumbnail='http://ott.planetcast.in/p/110/sp/11000/thumbnail/entry_id/0_0d40d66y/version/100012',longdescription='Watch a animated short cartoon film on two amateur art critics meet in a gallery.',duration='193',type='1',tag='glass, half, animation, cartoon, film, short',category='ORIGINALS>SHORT FILMS,MUSIC,BAZAAR,ORIGINALS>MUSIC,MOVIES>THRILLER,MOVIES>HORROR,MOVIES>ACTION,MUSIC>FILM,MUSIC>ORIGINAL>SHOCK STUDIO',categoryid='297,308,313,299,303,305,307,311,310',
        contentpartnerid='',countrycode='IN',startdate='',enddate='',updated_at='2018-04-11',shortdescription='',
        director='',producer='',cast='',crew='',sub_genre='',language='',pgrating='',video_status='active' where entryid='0_0d40d66y'
11/04/2018 16:41:33 | SUCCESS | Updtate MetaData(0_gf4v15r7) | By-Biocine_ott503 | update entry set name='Smooth speed of cars - Street view',thumbnail='http://ott.planetcast.in/p/110/sp/11000/thumbnail/entry_id/0_gf4v15r7/version/100012',longdescription='Watch the street view of road where people drive under the safety measures in a smooth manner.',duration='60',type='1',tag='speed, cars, street, speedy, vehicle, automobile',category='ORIGINALS>GOSSIPS,KIDS,BAZAAR,ORIGINALS>FOOD,MOVIES>THRILLER,MOVIES>HORROR,MOVIES>ACTION,MUSIC>FILM',categoryid='298,312,313,296,303,305,307,311',
        contentpartnerid='',countrycode='IN',startdate='',enddate='',updated_at='2018-04-11',shortdescription='Watch the street view of road where people drive under the safety measures in a smooth manner.',
        director='',producer='',cast='',crew='',sub_genre='Automobile',language='',pgrating='U',video_status='active' where entryid='0_gf4v15r7'
11/04/2018 16:42:30 | SUCCESS | Updtate MetaData(0_vwcyrmth) | By-Biocine_ott503 | update entry set name='Ancient Holy ancient Church',thumbnail='http://ott.planetcast.in/p/110/sp/11000/thumbnail/entry_id/0_vwcyrmth/version/100012',longdescription='Watch ancient holy ancient church.',duration='14',type='1',tag='triumphal, arch, ancient, holy, places',category='KIDS,ORIGINALS>FOOD,ORIGINALS>MUSIC,MOVIES>CLASSIC,MOVIES>ROMANTIC,MOVIES>ACTION,MUSIC>ORIGINAL,MUSIC>ORIGINAL>SHOCK STUDIO',categoryid='312,296,299,302,304,307,309,310',
        contentpartnerid='',countrycode='null',startdate='',enddate='',updated_at='2018-04-11',shortdescription='',
        director='',producer='',cast='',crew='',sub_genre='',language='',pgrating='',video_status='active' where entryid='0_vwcyrmth'
11/04/2018 16:43:20 | SUCCESS | Updtate MetaData(0_18io2eaa) | By-Biocine_ott503 | update entry set name='Sintel Short Animated movie',thumbnail='http://ott.planetcast.in/p/110/sp/11000/thumbnail/entry_id/0_18io2eaa/version/100022',longdescription='Watch Sintel Short animated Film.',duration='888',type='1',tag='sintel, movie, film, short, animation, animated',category='KIDS,ORIGINALS>WEB SERIES,ORIGINALS>GOSSIPS,MOVIES>CLASSIC,MOVIES>ROMANTIC,MOVIES>HORROR,MOVIES>ACTION,MUSIC>FILM,MUSIC>ORIGINAL>SHOCK STUDIO',categoryid='312,295,298,302,304,305,307,311,310',
        contentpartnerid='',countrycode='IN',startdate='',enddate='',updated_at='2018-04-11',shortdescription='',
        director='',producer='',cast='',crew='',sub_genre='Animation',language='English',pgrating='U',video_status='active' where entryid='0_18io2eaa'
11/04/2018 16:44:12 | SUCCESS | Updtate MetaData(0_lwwze555) | By-Biocine_ott503 | update entry set name='Natural Waterfall',thumbnail='http://ott.planetcast.in/p/110/sp/11000/thumbnail/entry_id/0_lwwze555/version/100032',longdescription='Watch the most powerful  huge waterfall in Iceland i.e Dettifoss which runoff the color of water as grayish white.',duration='10',type='1',tag='natural, waterfall, dettifoss, nature',category='KIDS,ORIGINALS>WEB SERIES,ORIGINALS>SHORT FILMS,ORIGINALS>MUSIC,MOVIES>THRILLER,MOVIES>HORROR,MOVIES>COMEDY,MUSIC>ORIGINAL,MUSIC>ORIGINAL>SHOCK STUDIO',categoryid='312,295,297,299,303,305,306,309,310',
        contentpartnerid='',countrycode='null',startdate='',enddate='',updated_at='2018-04-11',shortdescription='',
        director='',producer='',cast='',crew='',sub_genre='',language='',pgrating='',video_status='active' where entryid='0_lwwze555'
11/04/2018 16:45:29 | SUCCESS | Updtate MetaData(0_0d40d66y) | By-Biocine_ott503 | update entry set name='Glass Half | Animation',thumbnail='http://ott.planetcast.in/p/110/sp/11000/thumbnail/entry_id/0_0d40d66y/version/100012',longdescription='Watch a animated short cartoon film on two amateur art critics meet in a gallery.',duration='193',type='1',tag='glass, half, animation, cartoon, film, short',category='BAZAAR,ORIGINALS>SHORT FILMS,ORIGINALS>MUSIC,MOVIES>THRILLER,MOVIES>HORROR,MOVIES>ACTION,MUSIC>FILM,MUSIC>ORIGINAL>SHOCK STUDIO',categoryid='313,297,299,303,305,307,311,310',
        contentpartnerid='',countrycode='IN',startdate='',enddate='',updated_at='2018-04-11',shortdescription='',
        director='',producer='',cast='',crew='',sub_genre='',language='',pgrating='',video_status='active' where entryid='0_0d40d66y'
11/04/2018 16:46:25 | SUCCESS | Updtate MetaData(0_7qz418ie) | By-Biocine_ott503 | update entry set name='Motorcycle Street stunts',thumbnail='http://ott.planetcast.in/p/110/sp/11000/thumbnail/entry_id/0_7qz418ie/version/100012',longdescription='Watch the Motorcycle bike riding video by trained bikers.',duration='13',type='1',tag='motorcycle, street, stunts, bike, automobile, ride, speed',category='KIDS,ORIGINALS>WEB SERIES,ORIGINALS>SHORT FILMS,ORIGINALS>GOSSIPS,MOVIES>THRILLER,MOVIES>HORROR,MOVIES>ACTION,MUSIC>FILM,MUSIC>ORIGINAL>SHOCK STUDIO',categoryid='312,295,297,298,303,305,307,311,310',
        contentpartnerid='',countrycode='null',startdate='',enddate='',updated_at='2018-04-11',shortdescription='',
        director='',producer='',cast='',crew='',sub_genre='',language='',pgrating='',video_status='active' where entryid='0_7qz418ie'
11/04/2018 16:47:49 | SUCCESS | Updtate MetaData(0_d4zjkcz7) | By-Biocine_ott503 | update entry set name='Loud sound of Fireworks ',thumbnail='http://ott.planetcast.in/p/110/sp/11000/thumbnail/entry_id/0_d4zjkcz7/version/100012',longdescription='Watch the festival of lights with crackers and enjoy the celebration.',duration='28',type='1',tag='loud, sound, fireworks, cracker, light, celebration, festival',category='ORIGINALS>MUSIC,KIDS,BAZAAR,ORIGINALS>FOOD,MOVIES>THRILLER,MOVIES>HORROR,MOVIES>ACTION,MUSIC>FILM',categoryid='299,312,313,296,303,305,307,311',
        contentpartnerid='',countrycode='null',startdate='',enddate='',updated_at='2018-04-11',shortdescription='Watch the festival of lights with crackers and enjoy the celebration.',
        director='',producer='',cast='',crew='',sub_genre='',language='',pgrating='',video_status='active' where entryid='0_d4zjkcz7'
11/04/2018 16:48:32 | SUCCESS | Updtate MetaData(0_ux31yq4c) | By-Biocine_ott503 | update entry set name='Butterfly | Cute Animal',thumbnail='http://ott.planetcast.in/p/110/sp/11000/thumbnail/entry_id/0_ux31yq4c/version/100012',longdescription='Watch tiny creature i.e butterfly.',duration='9',type='1',tag='butterfly, cute, animal, nature',category='ORIGINALS>SHORT FILMS,BAZAAR,ORIGINALS>MUSIC,MOVIES>THRILLER,MOVIES>HORROR,MOVIES>ACTION,MUSIC>FILM,MUSIC>ORIGINAL>SHOCK STUDIO',categoryid='297,313,299,303,305,307,311,310',
        contentpartnerid='',countrycode='IN',startdate='',enddate='',updated_at='2018-04-11',shortdescription='Watch tiny creature i.e butterfly.',
        director='',producer='',cast='',crew='',sub_genre='Nature',language='Non-Dialogue',pgrating='U',video_status='active' where entryid='0_ux31yq4c'
11/04/2018 16:49:27 | SUCCESS | Updtate MetaData(0_lf01jppz) | By-Biocine_ott503 | update entry set name='Big Buck Bunny | Animation',thumbnail='http://ott.planetcast.in/p/110/sp/11000/thumbnail/entry_id/0_lf01jppz/version/100012',longdescription='Watch Short Film Big Buck Bunny.',duration='5',type='1',tag='big, buck, bunny, animation',category='ORIGINALS>FOOD,BAZAAR,ORIGINALS>MUSIC,MOVIES>THRILLER,MOVIES>HORROR,MOVIES>ACTION,MUSIC>FILM',categoryid='296,313,299,303,305,307,311',
        contentpartnerid='',countrycode='null',startdate='',enddate='',updated_at='2018-04-11',shortdescription='Watch Short Film Big Buck Bunny.',
        director='',producer='',cast='',crew='',sub_genre='Animation',language='',pgrating='U',video_status='active' where entryid='0_lf01jppz'
11/04/2018 16:50:58 | SUCCESS | Save Thumbnail(0_5xn6a2wo) | By-Biocine_ott503 | 
11/04/2018 18:26:00 | SUCCESS | Add New Header Content(CONTACT US) | By-Biocine_ott503 | 
11/04/2018 18:26:48 | SUCCESS | Add New Header Content(HOME) | By-Biocine_ott503 | 
11/04/2018 18:27:27 | SUCCESS | Add New Header Content(Watchlist) | By-Biocine_ott503 | 
11/04/2018 18:28:20 | SUCCESS | Add New Header Content(Plan) | By-Biocine_ott503 | 
11/04/2018 18:29:06 | SUCCESS | Add New Header Content(Wallet) | By-Biocine_ott503 | 
11/04/2018 18:29:41 | SUCCESS | Add New Header Content(Profile) | By-Biocine_ott503 | 
11/04/2018 18:30:45 | SUCCESS | Add New Header Content(FAQ) | By-Biocine_ott503 | 
11/04/2018 18:30:50 | SUCCESS | Header Menu active(HeaderID:34,Status:active) | By-Biocine_ott503 | 
11/04/2018 18:30:53 | SUCCESS | Header Menu active(HeaderID:35,Status:active) | By-Biocine_ott503 | 
11/04/2018 18:31:01 | SUCCESS | Header Menu active(HeaderID:36,Status:active) | By-Biocine_ott503 | 
11/04/2018 18:31:04 | SUCCESS | Header Menu active(HeaderID:37,Status:active) | By-Biocine_ott503 | 
11/04/2018 18:31:07 | SUCCESS | Header Menu active(HeaderID:38,Status:active) | By-Biocine_ott503 | 
11/04/2018 18:31:10 | SUCCESS | Header Menu active(HeaderID:39,Status:active) | By-Biocine_ott503 | 
11/04/2018 18:31:13 | SUCCESS | Header Menu active(HeaderID:40,Status:active) | By-Biocine_ott503 | 
11/04/2018 18:41:56 | SUCCESS | Header Menu inactive(HeaderID:30,Status:inactive) | By-Biocine_ott503 | 
11/04/2018 18:41:59 | SUCCESS | Delete Menu Header (30) | By-Biocine_ott503 | DELETE FROM header_menu WHERE hid='30'
11/04/2018 18:43:42 | SUCCESS | Header Content priority Set | By-Biocine_ott503 | 
