03/07/2018 04:28:02 | SUCCESS | login-(Biocine) | By-Biocine_ott503 | 
03/07/2018 10:13:58 | SUCCESS | update Header Content Detail(Profile) | By-Biocine_ott503 | 
03/07/2018 10:32:14 | SUCCESS | Header Menu active(HeaderID:41,Status:active) | By-Biocine_ott503 | 
03/07/2018 05:25:28 | SUCCESS | login-(Biocine) | By-Biocine_ott503 | 
03/07/2018 05:36:55 | SUCCESS | login-(Biocine) | By-Biocine_ott503 | 
03/07/2018 05:40:36 | SUCCESS | login-(Biocine) | By-Biocine_ott503 | 
03/07/2018 11:19:10 | SUCCESS | update Slider Detail(0_qg6sivel,'dd') | By-Biocine_ott503 | 
03/07/2018 14:10:22 | SUCCESS | update Dashboard user(contentid) | By-Biocine_ott503 | 
03/07/2018 08:48:50 | SUCCESS | login-(Biocine) | By-Biocine_ott503 | 
03/07/2018 08:50:45 | SUCCESS | login-(Biocine) | By-Biocine_ott503 | 
03/07/2018 08:54:02 | SUCCESS | login-(Biocine) | By-Biocine_ott503 | 
03/07/2018 08:54:24 | SUCCESS | login-(Biocine) | By-Biocine_ott503 | 
03/07/2018 09:22:17 | SUCCESS | login-(Biocine) | By-Biocine_ott503 | 
03/07/2018 15:03:06 | SUCCESS | Add New Content Partner(biiioocinnee ) | By-Biocine_ott503 | 
03/07/2018 15:23:37 | SUCCESS | Add New Plan (5 days) | By-Biocine_ott503 | 
03/07/2018 15:23:56 | SUCCESS | update plan Detail(5 days) | By-Biocine_ott503 | 
03/07/2018 15:24:11 | SUCCESS | update plan Detail(5 days) | By-Biocine_ott503 | 
03/07/2018 15:37:48 | SUCCESS | Update New Plan Price(p950) | By-Biocine_ott503 | 
03/07/2018 15:38:26 | SUCCESS | update plan Detail(three month) | By-Biocine_ott503 | 
03/07/2018 15:41:30 | SUCCESS | Update New Plan Price(p607) | By-Biocine_ott503 | 
03/07/2018 15:43:21 | SUCCESS | Update New Plan Price(p607) | By-Biocine_ott503 | 
03/07/2018 15:43:41 | SUCCESS | Update New Plan Price(p607) | By-Biocine_ott503 | 
03/07/2018 15:56:19 | SUCCESS | Add New Content Partner(biocinene) | By-Biocine_ott503 | 
