03/05/2018 10:44:37 | SUCCESS | Save currency_data(0_va5swgpw) | By-Biocine_ott503 | 
03/05/2018 10:45:06 | SUCCESS | Save Plan(0_va5swgpw,1) | By-Biocine_ott503 | 
03/05/2018 11:04:29 | SUCCESS | Save Plan(0_4wc2nq2m,1) | By-Biocine_ott503 | 
03/05/2018 11:05:20 | SUCCESS | Save currency_data(0_4wc2nq2m) | By-Biocine_ott503 | 
03/05/2018 12:15:22 | SUCCESS | Coupon active(Coupan ID:6,Status:active) | By-Biocine_ott503 | 
03/05/2018 08:42:53 | SUCCESS | login-(Biocine) | By-Biocine_ott503 | 
03/05/2018 14:16:53 | SUCCESS | Save New video(0_7ut5m0zo) | By-Biocine_ott503 | 
03/05/2018 14:20:33 | SUCCESS | Bulk Add Category(0_7ut5m0zo,312,313,296,298,302,304,306,314,316,318) | By-Biocine_ott503 | update entry set category='KIDS,BAZAAR,ORIGINALS>FOOD,ORIGINALS>GOSSIPS,MOVIES>CLASSIC,MOVIES>ROMANTIC,MOVIES>COMEDY,MUSIC>ORIGINAL>POP MUSIC,MUSIC>FILM>CLASSIC,MUSIC>FILM>HIP HOP', categoryid='312,313,296,298,302,304,306,314,316,318' where entryid='0_7ut5m0zo' 
03/05/2018 14:21:45 | SUCCESS | Save Thumbnail(0_7ut5m0zo) | By-Biocine_ott503 | 
03/05/2018 14:24:58 | SUCCESS | Save New video(0_9hlz7mbg) | By-Biocine_ott503 | 
03/05/2018 14:26:27 | SUCCESS | Bulk Add Category(0_9hlz7mbg,312,295,297,299,303,305,307,314,316,318) | By-Biocine_ott503 | update entry set category='KIDS,ORIGINALS>WEB SERIES,ORIGINALS>SHORT FILMS,ORIGINALS>MUSIC,MOVIES>THRILLER,MOVIES>HORROR,MOVIES>ACTION,MUSIC>ORIGINAL>POP MUSIC,MUSIC>FILM>CLASSIC,MUSIC>FILM>HIP HOP', categoryid='312,295,297,299,303,305,307,314,316,318' where entryid='0_9hlz7mbg' 
03/05/2018 14:27:39 | SUCCESS | Save Thumbnail(0_9hlz7mbg) | By-Biocine_ott503 | 
03/05/2018 14:35:56 | SUCCESS | Updtate MetaData(0_9hlz7mbg) | By-Biocine_ott503 | update entry set name='Brisk Skipping is a healthy start',thumbnail='http://ott.planetcast.in/p/110/sp/11000/thumbnail/entry_id/0_9hlz7mbg/version/100012',longdescription='Those who are health conscious will always keep in mind about a healthy start of a day by doing skipping,\r\njogging,weight lifting and so.\r\nA skipping rope is a tool used in the sports and is a tool to play with.\r\nUsually t is used for playing purpose or to stay fit.\r\nSkipping helps to reduce weight loss and also strengthened your leg muscles.\r\nIt can be skipped as Speed step,Criss-Cross,side swing,double under,toad,leg over and so.\r\nIt may also be used as cardiovascular workout exercise.Ten minutes of skipping is equivalent to eight- minute.\r\nIt is a sport of jump rope where one or more than one participants an join and take the charge to play as a team.',
        duration='9',type='1',tag='skipping, rope, health, healthy, workout, diet, news, feed, updates, report, reporting, reporter',category='ORIGINALS>WEB SERIES,ORIGINALS>SHORT FILMS,ORIGINALS>MUSIC,MOVIES>THRILLER,MOVIES>HORROR,MOVIES>ACTION,KIDS,MUSIC>ORIGINAL>POP MUSIC,MUSIC>FILM>CLASSIC,MUSIC>FILM>HIP HOP',categoryid='295,297,299,303,305,307,312,314,316,318',
        updated_at='2018-05-03 14:38:11',shortdescription='Those who are health conscious will always keep in mind about a healthy start of a day by doing skipping, jogging,weight lifting and so.',
        director='Planetcast',producer='Biocine',cast='Biocine',crew='Planetcast',sub_genre='Health & Fitness',
        language='',pgrating='U',video_status='active',puser_id='104',custom_data='{"Production":"Test","Cinematography":"Planetcast Test"}'
        where entryid='0_9hlz7mbg'
03/05/2018 14:47:10 | SUCCESS | Updtate MetaData(0_7ut5m0zo) | By-Biocine_ott503 | update entry set name='Morning start with some crispy News',thumbnail='http://ott.planetcast.in/p/110/sp/11000/thumbnail/entry_id/0_7ut5m0zo/version/100012',longdescription='Newspaper is the medium to grab news related to state,nation and international.\r\nNewspaper can cover wide variety of section to capture multiple fields such as political,social,technology,economic,weather forecasts , art & science and some useful articles.\r\n\r\nThis is the traditional of reading news which is usually on cheap,low-grade paper called newsprint.\r\nHowever, now a days its a digital world and there are multiple online websites where you can grasp any information so easily.\r\nNews are on daily basis happening around you & feature articles on various sections .\r\nHere is some changes took place by technology where it drop all news feed and also there are some other online website to read news easily and convenient way to read anytime and anywhere.',
        duration='15',type='1',tag='news, morning, newspaper, crispy, reading, raed, national, state, international, report, reporter, test, latest',category='ORIGINALS>FOOD,ORIGINALS>GOSSIPS,MOVIES>CLASSIC,MOVIES>ROMANTIC,MOVIES>COMEDY,KIDS,BAZAAR,MUSIC>ORIGINAL>POP MUSIC,MUSIC>FILM>CLASSIC,MUSIC>FILM>HIP HOP',categoryid='296,298,302,304,306,312,313,314,316,318',
        updated_at='2018-05-03 14:49:25',shortdescription='Newspaper is the medium to grab news related to state,nation and international. Newspaper can cover wide variety of section to capture multiple fields',
        director='Biocine',producer='Planetcast',cast='Biocine',crew='Planetcast',sub_genre='Education',
        language='Non-Dialogue',pgrating='U',video_status='active',puser_id='104',custom_data='{"Cinematography":"T- Series","Singer":"Arijit Singh","Music Director":"Shanka Ehsaan Loy","Production":"Dharma Productions","Lyricist":"Amitabh Bhattacharya"}'
        where entryid='0_7ut5m0zo'
03/05/2018 14:51:09 | SUCCESS | Save Thumbnail(0_7ut5m0zo) | By-Biocine_ott503 | 
03/05/2018 14:59:30 | SUCCESS | Updtate MetaData(0_9hlz7mbg) | By-Biocine_ott503 | update entry set name='Brisk Skipping is a healthy start',thumbnail='http://ott.planetcast.in/p/110/sp/11000/thumbnail/entry_id/0_9hlz7mbg/version/100012',longdescription='Those who are health conscious will always keep in mind about a healthy start of a day by doing skipping,\r\njogging,weight lifting and so.\r\nA skipping rope is a tool used in the sports and is a tool to play with.\r\nUsually t is used for playing purpose or to stay fit.\r\nSkipping helps to reduce weight loss and also strengthened your leg muscles.\r\nIt can be skipped as Speed step,Criss-Cross,side swing,double under,toad,leg over and so.\r\nIt may also be used as cardiovascular workout exercise.Ten minutes of skipping is equivalent to eight- minute.\r\nIt is a sport of jump rope where one or more than one participants an join and take the charge to play as a team.',
        duration='9',type='1',tag='skipping, rope, health, healthy, workout, diet, news, feed, updates, report, reporting, reporter',category='ORIGINALS>WEB SERIES,ORIGINALS>SHORT FILMS,ORIGINALS>MUSIC,MOVIES>THRILLER,MOVIES>HORROR,MOVIES>ACTION,MUSIC>ORIGINAL>POP MUSIC,MUSIC>FILM>CLASSIC,MUSIC>FILM>HIP HOP,KIDS,ORIGINALS>FOOD',categoryid='295,297,299,303,305,307,314,316,318,312,296',
        updated_at='2018-05-03 15:01:45',shortdescription='Those who are health conscious will always keep in mind about a healthy start of a day by doing skipping, jogging,weight lifting and so.',
        director='Planetcast',producer='Biocine',cast='Biocine',crew='Planetcast',sub_genre='Health & Fitness',
        language='',pgrating='U',video_status='active',puser_id='104',custom_data='{"Production":"Test","Cinematography":"Planetcast Test"}'
        where entryid='0_9hlz7mbg'
03/05/2018 17:52:31 | SUCCESS | Sync Category | By-Biocine_ott503 | 
03/05/2018 17:55:45 | SUCCESS | save Category thumb | By-Biocine_ott503 | UPDATE category_thumb_icon_url SET host_url_thumb='http://cdnbiocine.planetcast.in',t_original_url='/biocine/data/biocine_ott503/upload_thumb/Z9JKP074M7MX.jpg',
t_small_url='/biocine/data/biocine_ott503/upload_thumb/320_Z9JKP074M7MX.jpg',t_mediam_url='/biocine/data/biocine_ott503/upload_thumb/380_Z9JKP074M7MX.jpg',t_large_url='/biocine/data/biocine_ott503/upload_thumb/480_Z9JKP074M7MX.jpg',
t_custom_url='/biocine/data/biocine_ott503/upload_thumb/720_Z9JKP074M7MX.jpg',updated_at=NOW() where category_id='319'
03/05/2018 17:55:51 | SUCCESS | Sync Category | By-Biocine_ott503 | 
