09/07/2018 04:30:25 | SUCCESS | login-(Biocine) | By-Biocine_ott503 | 
09/07/2018 06:50:04 | SUCCESS | login-(Biocine) | By-Biocine_ott503 | 
09/07/2018 06:56:44 | SUCCESS | login-(Biocine) | By-Biocine_ott503 | 
09/07/2018 12:28:06 | SUCCESS | insert Pay per view (2) | By-Biocine_ott503 | 
09/07/2018 12:28:11 | SUCCESS | insert GST (20) | By-Biocine_ott503 | 
09/07/2018 07:05:43 | SUCCESS | login-(Biocine) | By-Biocine_ott503 | 
09/07/2018 07:56:46 | SUCCESS | login-(Biocine) | By-Biocine_ott503 | 
09/07/2018 08:44:22 | SUCCESS | login-(Biocine) | By-Biocine_ott503 | 
09/07/2018 09:00:59 | SUCCESS | login-(Biocine) | By-Biocine_ott503 | 
09/07/2018 09:06:42 | SUCCESS | login-(Biocine) | By-Biocine_ott503 | 
09/07/2018 09:09:17 | SUCCESS | login-(Biocine) | By-Biocine_ott503 | 
09/07/2018 09:35:02 | SUCCESS | login-(Biocine) | By-Biocine_ott503 | 
09/07/2018 15:05:58 | SUCCESS | Save Access Control(0_fpiur0yw) | By-Biocine_ott503 | 
09/07/2018 15:08:34 | SUCCESS | Save Access Control(0_l75wl3gn) | By-Biocine_ott503 | 
09/07/2018 15:22:25 | SUCCESS | Save Access Control(0_1l96s5l8) | By-Biocine_ott503 | 
09/07/2018 10:14:03 | SUCCESS | login-(Biocine) | By-Biocine_ott503 | 
09/07/2018 10:19:33 | SUCCESS | login-(Biocine) | By-Biocine_ott503 | 
09/07/2018 10:19:55 | SUCCESS | login-(Biocine) | By-Biocine_ott503 | 
09/07/2018 10:22:04 | SUCCESS | login-(Biocine) | By-Biocine_ott503 | 
09/07/2018 10:26:44 | SUCCESS | login-(Biocine) | By-Biocine_ott503 | 
09/07/2018 10:27:52 | SUCCESS | login-(Biocine) | By-Biocine_ott503 | 
09/07/2018 10:29:18 | SUCCESS | login-(Biocine) | By-Biocine_ott503 | 
09/07/2018 10:38:35 | SUCCESS | login-(Biocine) | By-Biocine_ott503 | 
09/07/2018 10:43:10 | SUCCESS | login-(Biocine) | By-Biocine_ott503 | 
09/07/2018 16:26:48 | SUCCESS | Coupon active(Coupan ID:7,Status:active) | By-Biocine_ott503 | 
09/07/2018 11:17:19 | SUCCESS | login-(Biocine) | By-Biocine_ott503 | 
09/07/2018 11:23:15 | SUCCESS | login-(Biocine) | By-Biocine_ott503 | 
09/07/2018 11:23:19 | SUCCESS | login-(Biocine) | By-Biocine_ott503 | 
09/07/2018 17:00:30 | SUCCESS | Save Plan(0_21110w0h,0) | By-Biocine_ott503 | 
09/07/2018 11:39:01 | SUCCESS | login-(Biocine) | By-Biocine_ott503 | 
09/07/2018 11:40:41 | SUCCESS | login-(Biocine) | By-Biocine_ott503 | 
09/07/2018 11:41:10 | SUCCESS | login-(Biocine) | By-Biocine_ott503 | 
09/07/2018 11:42:02 | SUCCESS | login-(Biocine) | By-Biocine_ott503 | 
09/07/2018 11:58:08 | SUCCESS | login-(Biocine) | By-Biocine_ott503 | 
09/07/2018 12:10:38 | SUCCESS | login-(Biocine) | By-Biocine_ott503 | 
