21/07/2018 04:33:09 | SUCCESS | login-(Biocine) | By-Biocine_ott503 | 
21/07/2018 10:11:34 | SUCCESS | Save Content Partner(0_0yhkj5ww,) | By-Biocine_ott503 | 
21/07/2018 10:11:49 | SUCCESS | Bulk Add ContentPartner(Array,129) | By-Biocine_ott503 | 
21/07/2018 05:25:41 | SUCCESS | login-(Biocine) | By-Biocine_ott503 | 
21/07/2018 06:16:54 | SUCCESS | login-(Biocine) | By-Biocine_ott503 | 
21/07/2018 06:28:42 | SUCCESS | login-(Biocine) | By-Biocine_ott503 | 
21/07/2018 12:04:47 | SUCCESS | Register User active(UserID:448,Status:active) | By-Biocine_ott503 | 
21/07/2018 06:45:12 | SUCCESS | login-(Biocine) | By-Biocine_ott503 | 
21/07/2018 13:53:24 | SUCCESS | Add New Subscription Code (HMMVZMNNUC) | By-Biocine_ott503 | 
21/07/2018 13:53:28 | SUCCESS | subscription code active(subscription ID:7,Status:active) | By-Biocine_ott503 | 
21/07/2018 08:33:41 | SUCCESS | login-(Biocine) | By-Biocine_ott503 | 
21/07/2018 14:13:09 | SUCCESS | Save New video(0_ax9wjva3) | By-Biocine_ott503 | 
21/07/2018 10:04:03 | SUCCESS | login-(Biocine) | By-Biocine_ott503 | 
21/07/2018 16:22:44 | SUCCESS | Coupon inactive(Offer ID:9,Status:inactive) | By-Biocine_ott503 | 
21/07/2018 16:22:46 | SUCCESS | Coupon inactive(Offer ID:8,Status:inactive) | By-Biocine_ott503 | 
21/07/2018 16:22:51 | SUCCESS | Coupon active(Offer ID:9,Status:active) | By-Biocine_ott503 | 
21/07/2018 16:22:53 | SUCCESS | Coupon active(Offer ID:8,Status:active) | By-Biocine_ott503 | 
21/07/2018 16:22:56 | SUCCESS | Coupon active(Offer ID:5,Status:active) | By-Biocine_ott503 | 
21/07/2018 16:27:00 | SUCCESS | Save New video(0_jeq7jrjy) | By-Biocine_ott503 | 
21/07/2018 18:17:56 | SUCCESS | update GST(gst) | By-Biocine_ott503 | 
21/07/2018 18:18:13 | SUCCESS | update GST(gst) | By-Biocine_ott503 | 
