12/04/2018 11:37:23 | SUCCESS | Create New Category(POP MUSIC) | By-Biocine_ott503 | insert into categories(category_id,parent_id,dept,partner_id,cat_name,fullname,fullids,entry_count,direct_sub_categories_count,description,tags,created_at,updated_at,duser_id,priority,direct_entries_count) 
Select '314','309','2','110','POP MUSIC','MUSIC>ORIGINAL>POP MUSIC','308>309>314','0','0','','',NOW(),Now(),'104',ifnull(max(priority),0)+1,'0' from categories
12/04/2018 11:41:14 | SUCCESS | Create New Category(CONTEMPORY MUSIC) | By-Biocine_ott503 | insert into categories(category_id,parent_id,dept,partner_id,cat_name,fullname,fullids,entry_count,direct_sub_categories_count,description,tags,created_at,updated_at,duser_id,priority,direct_entries_count) 
Select '315','309','2','110','CONTEMPORY MUSIC','MUSIC>ORIGINAL>CONTEMPORY MUSIC','308>309>315','0','0','','',NOW(),Now(),'104',ifnull(max(priority),0)+1,'0' from categories
12/04/2018 11:42:01 | SUCCESS | save Category thumb | By-Biocine_ott503 | UPDATE category_thumb_icon_url SET host_url_thumb='http://cdnbiocine.planetcast.in',t_original_url='/biocine/data/biocine_ott503/upload_thumb/NAYPQ022MDVN.jpg',
t_small_url='/biocine/data/biocine_ott503/upload_thumb/320_NAYPQ022MDVN.jpg',t_mediam_url='/biocine/data/biocine_ott503/upload_thumb/380_NAYPQ022MDVN.jpg',t_large_url='/biocine/data/biocine_ott503/upload_thumb/480_NAYPQ022MDVN.jpg',
t_custom_url='/biocine/data/biocine_ott503/upload_thumb/720_NAYPQ022MDVN.jpg',updated_at=NOW() where category_id='315'
12/04/2018 11:43:14 | SUCCESS | Create New Category(CLASSIC) | By-Biocine_ott503 | insert into categories(category_id,parent_id,dept,partner_id,cat_name,fullname,fullids,entry_count,direct_sub_categories_count,description,tags,created_at,updated_at,duser_id,priority,direct_entries_count) 
Select '316','311','2','110','CLASSIC','MUSIC>FILM>CLASSIC','308>311>316','0','0','','',NOW(),Now(),'104',ifnull(max(priority),0)+1,'0' from categories
12/04/2018 11:44:39 | SUCCESS | Create New Category(ROMANTIC) | By-Biocine_ott503 | insert into categories(category_id,parent_id,dept,partner_id,cat_name,fullname,fullids,entry_count,direct_sub_categories_count,description,tags,created_at,updated_at,duser_id,priority,direct_entries_count) 
Select '317','311','2','110','ROMANTIC','MUSIC>FILM>ROMANTIC','308>311>317','0','0','','',NOW(),Now(),'104',ifnull(max(priority),0)+1,'0' from categories
12/04/2018 11:45:42 | SUCCESS | Create New Category(HIP HOP) | By-Biocine_ott503 | insert into categories(category_id,parent_id,dept,partner_id,cat_name,fullname,fullids,entry_count,direct_sub_categories_count,description,tags,created_at,updated_at,duser_id,priority,direct_entries_count) 
Select '318','311','2','110','HIP HOP','MUSIC>FILM>HIP HOP','308>311>318','0','0','','',NOW(),Now(),'104',ifnull(max(priority),0)+1,'0' from categories
12/04/2018 11:46:51 | SUCCESS | Create New Category(ROCK) | By-Biocine_ott503 | insert into categories(category_id,parent_id,dept,partner_id,cat_name,fullname,fullids,entry_count,direct_sub_categories_count,description,tags,created_at,updated_at,duser_id,priority,direct_entries_count) 
Select '319','311','2','110','ROCK','MUSIC>FILM>ROCK','308>311>319','0','0','','',NOW(),Now(),'104',ifnull(max(priority),0)+1,'0' from categories
12/04/2018 11:48:30 | SUCCESS | save Category thumb | By-Biocine_ott503 | UPDATE category_thumb_icon_url SET host_url_thumb='http://cdnbiocine.planetcast.in',t_original_url='/biocine/data/biocine_ott503/upload_thumb/QKYX92GATUXN.JPG',
t_small_url='/biocine/data/biocine_ott503/upload_thumb/320_QKYX92GATUXN.JPG',t_mediam_url='/biocine/data/biocine_ott503/upload_thumb/380_QKYX92GATUXN.JPG',t_large_url='/biocine/data/biocine_ott503/upload_thumb/480_QKYX92GATUXN.JPG',
t_custom_url='/biocine/data/biocine_ott503/upload_thumb/720_QKYX92GATUXN.JPG',updated_at=NOW() where category_id='310'
12/04/2018 11:49:22 | SUCCESS | Updtate MetaData(0_56l1nh8v) | By-Biocine_ott503 | update entry set name='Festival Celebrations | Crackers',thumbnail='http://ott.planetcast.in/p/110/sp/11000/thumbnail/entry_id/0_56l1nh8v/version/100012',longdescription='Watch festival celebrated with crackers.',duration='18',type='1',tag='festival, cracker, celebration, celebrate',category='ORIGINALS>WEB SERIES,ORIGINALS>FOOD,ORIGINALS>MUSIC,MOVIES>CLASSIC,MOVIES>THRILLER,MOVIES>ROMANTIC,MOVIES>COMEDY,MUSIC>ORIGINAL,MUSIC>ORIGINAL>POP MUSIC,MUSIC>FILM>CLASSIC,MUSIC>FILM>HIP HOP',categoryid='295,296,299,302,303,304,306,309,314,316,318',
        contentpartnerid='',countrycode='null',startdate='',enddate='',updated_at='2018-04-12',shortdescription='',
        director='',producer='',cast='',crew='',sub_genre='',language='',pgrating='',video_status='active' where entryid='0_56l1nh8v'
12/04/2018 11:50:31 | SUCCESS | Updtate MetaData(0_jkedbxyf) | By-Biocine_ott503 | update entry set name='Cosmos Laundromat | Animated Film',thumbnail='http://ott.planetcast.in/p/110/sp/11000/thumbnail/entry_id/0_jkedbxyf/version/100012',longdescription='Watch Cosmos Laundromat animated short film. ',duration='730',type='1',tag='cosmos, laundromat, animation, animated, film',category='BAZAAR,ORIGINALS>FOOD,ORIGINALS>GOSSIPS,MOVIES>THRILLER,MOVIES>HORROR,MOVIES>ACTION,MUSIC>FILM,MUSIC>ORIGINAL>CONTEMPORY MUSIC,MUSIC>FILM>ROMANTIC,MUSIC>FILM>ROCK',categoryid='313,296,298,303,305,307,311,315,317,319',
        contentpartnerid='',countrycode='IN',startdate='',enddate='',updated_at='2018-04-12',shortdescription='Watch Cosmos Laundromat animated short film.',
        director='',producer='',cast='',crew='',sub_genre='Animation',language='',pgrating='U',video_status='active' where entryid='0_jkedbxyf'
12/04/2018 11:51:32 | SUCCESS | Updtate MetaData(0_18io2eaa) | By-Biocine_ott503 | update entry set name='Sintel Short Animated movie',thumbnail='http://ott.planetcast.in/p/110/sp/11000/thumbnail/entry_id/0_18io2eaa/version/100022',longdescription='Watch Sintel Short animated Film.',duration='888',type='1',tag='sintel, movie, film, short, animation, animated',category='KIDS,ORIGINALS>WEB SERIES,ORIGINALS>GOSSIPS,MOVIES>CLASSIC,MOVIES>ROMANTIC,MOVIES>HORROR,MOVIES>ACTION,MUSIC>FILM,MUSIC>ORIGINAL>SHOCK STUDIO,MUSIC>FILM>CLASSIC,MUSIC>FILM>HIP HOP',categoryid='312,295,298,302,304,305,307,311,310,316,318',
        contentpartnerid='',countrycode='IN',startdate='',enddate='',updated_at='2018-04-12',shortdescription='',
        director='',producer='',cast='',crew='',sub_genre='Animation',language='English',pgrating='U',video_status='active' where entryid='0_18io2eaa'
12/04/2018 11:52:42 | SUCCESS | Updtate MetaData(0_lwwze555) | By-Biocine_ott503 | update entry set name='Natural Waterfall',thumbnail='http://ott.planetcast.in/p/110/sp/11000/thumbnail/entry_id/0_lwwze555/version/100032',longdescription='Watch the most powerful  huge waterfall in Iceland i.e Dettifoss which runoff the color of water as grayish white.',duration='10',type='1',tag='natural, waterfall, dettifoss, nature',category='KIDS,ORIGINALS>WEB SERIES,ORIGINALS>SHORT FILMS,ORIGINALS>MUSIC,MOVIES>THRILLER,MOVIES>HORROR,MOVIES>COMEDY,MUSIC>ORIGINAL,MUSIC>ORIGINAL>SHOCK STUDIO,MUSIC>ORIGINAL>CONTEMPORY MUSIC,MUSIC>FILM>HIP HOP',categoryid='312,295,297,299,303,305,306,309,310,315,318',
        contentpartnerid='',countrycode='null',startdate='',enddate='',updated_at='2018-04-12',shortdescription='',
        director='',producer='',cast='',crew='',sub_genre='',language='',pgrating='',video_status='active' where entryid='0_lwwze555'
12/04/2018 11:54:12 | SUCCESS | Updtate MetaData(0_vwcyrmth) | By-Biocine_ott503 | update entry set name='Ancient Holy ancient Church',thumbnail='http://ott.planetcast.in/p/110/sp/11000/thumbnail/entry_id/0_vwcyrmth/version/100012',longdescription='Watch ancient holy ancient church.',duration='14',type='1',tag='triumphal, arch, ancient, holy, places',category='KIDS,ORIGINALS>SHORT FILMS,MOVIES>THRILLER,MOVIES>HORROR,MOVIES>ACTION,MUSIC>ORIGINAL>SHOCK STUDIO,MUSIC>ORIGINAL>POP MUSIC,MUSIC>FILM>CLASSIC,MUSIC>FILM>HIP HOP',categoryid='312,297,303,305,307,310,314,316,318',
        contentpartnerid='',countrycode='null',startdate='',enddate='',updated_at='2018-04-12',shortdescription='',
        director='',producer='',cast='',crew='',sub_genre='',language='',pgrating='',video_status='active' where entryid='0_vwcyrmth'
12/04/2018 11:55:18 | SUCCESS | Updtate MetaData(0_qg6sivel) | By-Biocine_ott503 | update entry set name='Nature site scenes - Waterfall',thumbnail='http://ott.planetcast.in/p/110/sp/11000/thumbnail/entry_id/0_qg6sivel/version/100012',longdescription='Watch nature site scenes and its beauty.',duration='28',type='1',tag='waterfall, water, nature, site, scene',category='BAZAAR,ORIGINALS>FOOD,ORIGINALS>GOSSIPS,MOVIES>CLASSIC,MOVIES>ROMANTIC,MOVIES>COMEDY,MUSIC>ORIGINAL,MUSIC>ORIGINAL>SHOCK STUDIO,MUSIC>FILM>CLASSIC,MUSIC>FILM>ROCK',categoryid='313,296,298,302,304,306,309,310,316,319',
        contentpartnerid='',countrycode='null',startdate='',enddate='',updated_at='2018-04-12',shortdescription='',
        director='',producer='',cast='',crew='',sub_genre='',language='',pgrating='',video_status='active' where entryid='0_qg6sivel'
12/04/2018 11:56:05 | SUCCESS | Updtate MetaData(0_5xn6a2wo) | By-Biocine_ott503 | update entry set name='Luxury Car | Mercedes | Rain',thumbnail='http://ott.planetcast.in/p/110/sp/11000/thumbnail/entry_id/0_5xn6a2wo/version/100022',longdescription='Watch the luxurious and expensive car Mercedes driving in rain will entertain most of the car lovers.',duration='12',type='1',tag='luxury, car, mercedes, rain, automobile, vehicle, race, speed',category='KIDS,BAZAAR,ORIGINALS>FOOD,ORIGINALS>GOSSIPS,MOVIES>CLASSIC,MOVIES>THRILLER,MOVIES>ROMANTIC,MOVIES>COMEDY,MUSIC>ORIGINAL,MUSIC>FILM,MUSIC>ORIGINAL>SHOCK STUDIO,MUSIC>ORIGINAL>CONTEMPORY MUSIC,MUSIC>FILM>ROMANTIC,MUSIC>FILM>ROCK',categoryid='312,313,296,298,302,303,304,306,309,311,310,315,317,319',
        contentpartnerid='',countrycode='IN',startdate='',enddate='',updated_at='2018-04-12',shortdescription='Watch the luxurious and expensive car Mercedes driving in rain will entertain most of the car lovers.',
        director='',producer='',cast='',crew='',sub_genre='Automobile',language='',pgrating='U',video_status='active' where entryid='0_5xn6a2wo'
12/04/2018 11:57:30 | SUCCESS | Updtate MetaData(0_gf4v15r7) | By-Biocine_ott503 | update entry set name='Smooth speed of cars - Street view',thumbnail='http://ott.planetcast.in/p/110/sp/11000/thumbnail/entry_id/0_gf4v15r7/version/100012',longdescription='Watch the street view of road where people drive under the safety measures in a smooth manner.',duration='60',type='1',tag='speed, cars, street, speedy, vehicle, automobile',category='KIDS,BAZAAR,ORIGINALS>FOOD,ORIGINALS>GOSSIPS,MOVIES>THRILLER,MOVIES>HORROR,MOVIES>ACTION,MUSIC>FILM,MUSIC>ORIGINAL>POP MUSIC,MUSIC>FILM>ROMANTIC,MUSIC>FILM>ROCK',categoryid='312,313,296,298,303,305,307,311,314,317,319',
        contentpartnerid='',countrycode='IN',startdate='',enddate='',updated_at='2018-04-12',shortdescription='Watch the street view of road where people drive under the safety measures in a smooth manner.',
        director='',producer='',cast='',crew='',sub_genre='Automobile',language='',pgrating='U',video_status='active' where entryid='0_gf4v15r7'
12/04/2018 12:00:25 | SUCCESS | Updtate MetaData(0_d4zjkcz7) | By-Biocine_ott503 | update entry set name='Loud sound of Fireworks ',thumbnail='http://ott.planetcast.in/p/110/sp/11000/thumbnail/entry_id/0_d4zjkcz7/version/100012',longdescription='Watch the festival of lights with crackers and enjoy the celebration.',duration='28',type='1',tag='loud, sound, fireworks, cracker, light, celebration, festival',category='KIDS,BAZAAR,ORIGINALS>FOOD,ORIGINALS>MUSIC,MOVIES>THRILLER,MOVIES>HORROR,MOVIES>ACTION,MUSIC>FILM,MUSIC>ORIGINAL>CONTEMPORY MUSIC,MUSIC>FILM>ROMANTIC,MUSIC>FILM>ROCK',categoryid='312,313,296,299,303,305,307,311,315,317,319',
        contentpartnerid='',countrycode='null',startdate='',enddate='',updated_at='2018-04-12',shortdescription='Watch the festival of lights with crackers and enjoy the celebration.',
        director='',producer='',cast='',crew='',sub_genre='',language='',pgrating='',video_status='active' where entryid='0_d4zjkcz7'
12/04/2018 12:06:41 | SUCCESS | Updtate MetaData(0_ux31yq4c) | By-Biocine_ott503 | update entry set name='Butterfly | Cute Animal',thumbnail='http://ott.planetcast.in/p/110/sp/11000/thumbnail/entry_id/0_ux31yq4c/version/100012',longdescription='Watch tiny creature i.e butterfly.',duration='9',type='1',tag='butterfly, cute, animal, nature',category='BAZAAR,ORIGINALS>SHORT FILMS,ORIGINALS>MUSIC,MOVIES>THRILLER,MOVIES>HORROR,MOVIES>ACTION,MUSIC>FILM,MUSIC>ORIGINAL>SHOCK STUDIO,MUSIC>FILM>CLASSIC,MUSIC>FILM>HIP HOP',categoryid='313,297,299,303,305,307,311,310,316,318',
        contentpartnerid='',countrycode='IN',startdate='',enddate='',updated_at='2018-04-12',shortdescription='Watch tiny creature i.e butterfly.',
        director='',producer='',cast='',crew='',sub_genre='Nature',language='Non-Dialogue',pgrating='U',video_status='active' where entryid='0_ux31yq4c'
12/04/2018 12:11:01 | SUCCESS | Updtate MetaData(0_ub07agth) | By-Biocine_ott503 | update entry set name='Black Bear in the forest',thumbnail='http://ott.planetcast.in/p/110/sp/11000/thumbnail/entry_id/0_ub07agth/version/100012',longdescription='Watch Black Bear roaming in the forest.',duration='28',type='1',tag='black, bear, animal, test',category='ORIGINALS>WEB SERIES,KIDS,ORIGINALS>SHORT FILMS,ORIGINALS>MUSIC,MOVIES>ROMANTIC,MOVIES>ACTION,MUSIC>ORIGINAL>SHOCK STUDIO,MUSIC>ORIGINAL>CONTEMPORY MUSIC,MUSIC>FILM>ROMANTIC,MUSIC>FILM>ROCK',categoryid='295,312,297,299,304,307,310,315,317,319',
        contentpartnerid='',countrycode='IN',startdate='',enddate='',updated_at='2018-04-12',shortdescription='Watch Black Bear roaming in the forest.',
        director='',producer='',cast='',crew='',sub_genre='Nature',language='',pgrating='U',video_status='active' where entryid='0_ub07agth'
12/04/2018 12:12:34 | SUCCESS | update Slider Detail(0_18io2eaa,'') | By-Biocine_ott503 | 
12/04/2018 12:12:47 | SUCCESS | update Slider Detail(0_jkedbxyf,'') | By-Biocine_ott503 | 
12/04/2018 12:12:55 | SUCCESS | Slider image active(SliderID:1,Status:active) | By-Biocine_ott503 | 
12/04/2018 12:13:02 | SUCCESS | Slider image active(SliderID:2,Status:active) | By-Biocine_ott503 | 
12/04/2018 09:10:10 | SUCCESS | login-(Biocine) | By-Biocine_ott503 | 
12/04/2018 14:44:36 | SUCCESS | Add New Plan (three month) | By-Biocine_ott503 | 
12/04/2018 14:45:50 | SUCCESS | Plan active(planID:p950,Status:active) | By-Biocine_ott503 | 
12/04/2018 14:45:53 | SUCCESS | Plan inactive(planID:p950,Status:inactive) | By-Biocine_ott503 | 
12/04/2018 14:46:51 | SUCCESS | Header Menu inactive(Country Currency:3,Status:0) | By-Biocine_ott503 | 
12/04/2018 14:46:53 | SUCCESS | Header Menu active(Country Currency:3,Status:1) | By-Biocine_ott503 | 
12/04/2018 14:46:54 | SUCCESS | Header Menu inactive(Country Currency:3,Status:0) | By-Biocine_ott503 | 
12/04/2018 14:46:56 | SUCCESS | Header Menu active(Country Currency:3,Status:1) | By-Biocine_ott503 | 
