03/11/2017 11:10:21 | SUCCESS | Save New video(0_z5z2bbzq) | By-Test_ott025 | 
03/11/2017 11:14:34 | SUCCESS | Add New Slider Image(C:\fakepath\VAd45674.jpg) | By-Test_ott025 | 
03/11/2017 11:20:32 | SUCCESS | update Slider Detail(0_z5z2bbzq,'0_z5z2bbzq') | By-Test_ott025 | 
03/11/2017 11:49:03 | SUCCESS | Save New video(0_2wbibp5v) | By-Test_ott025 | 
03/11/2017 12:20:16 | SUCCESS | update Slider Detail(0_eog3fxpf,'') | By-Test_ott025 | 
03/11/2017 12:22:30 | SUCCESS | Add New Slider Image(C:\fakepath\Screenshot from 2017-09-14 22-12-13.png) | By-Test_ott025 | 
03/11/2017 12:31:23 | SUCCESS | Add New Slider Image(C:\fakepath\VA15.jpg) | By-Test_ott025 | 
03/11/2017 12:34:29 | SUCCESS | update Slider Detail(0_z5z2bbzq,'0_z5z2bbzq') | By-Test_ott025 | 
03/11/2017 12:38:09 | SUCCESS | update Slider Detail(0_z5z2bbzq,'0_z5z2bbzqo') | By-Test_ott025 | 
03/11/2017 12:54:42 | SUCCESS | update Slider Detail(,'') | By-Test_ott025 | 
03/11/2017 12:54:50 | SUCCESS | update Slider Detail(,'') | By-Test_ott025 | 
03/11/2017 12:54:53 | SUCCESS | update Slider Detail(,'') | By-Test_ott025 | 
03/11/2017 12:54:56 | SUCCESS | update Slider Detail(0_eog3fxpf,'') | By-Test_ott025 | 
03/11/2017 12:55:05 | SUCCESS | update Slider Detail(0_eog3fxpf,'') | By-Test_ott025 | 
03/11/2017 12:55:10 | SUCCESS | update Slider Detail(0_eog3fxpf,'') | By-Test_ott025 | 
03/11/2017 12:55:30 | SUCCESS | update Slider Detail(0_eog3fxpf,'') | By-Test_ott025 | 
03/11/2017 12:55:43 | SUCCESS | update Slider Detail(,'0_77g3fxpf') | By-Test_ott025 | 
03/11/2017 12:56:26 | SUCCESS | update Slider Detail(,'0_77g3fxpf') | By-Test_ott025 | 
03/11/2017 12:56:56 | SUCCESS | update Slider Detail(,'') | By-Test_ott025 | 
03/11/2017 12:57:07 | SUCCESS | update Slider Detail(,'') | By-Test_ott025 | 
03/11/2017 12:57:35 | SUCCESS | update Slider Detail(0_eog3fxpf,'') | By-Test_ott025 | 
03/11/2017 12:57:44 | SUCCESS | update Slider Detail(,'') | By-Test_ott025 | 
03/11/2017 12:57:57 | SUCCESS | update Slider Detail(,'0_77g3fxpf') | By-Test_ott025 | 
03/11/2017 12:58:25 | SUCCESS | update Slider Detail(0_z5z2bbzq,'0_z5z2bbzqo') | By-Test_ott025 | 
03/11/2017 12:58:30 | SUCCESS | update Slider Detail(,'') | By-Test_ott025 | 
03/11/2017 12:58:39 | SUCCESS | update Slider Detail(0_eog3fxpf,'') | By-Test_ott025 | 
03/11/2017 12:58:45 | SUCCESS | update Slider Detail(,'                   ') | By-Test_ott025 | 
03/11/2017 12:58:56 | SUCCESS | update Slider Detail(0_z5z2bbzq,'0_z5z2bbzqo') | By-Test_ott025 | 
03/11/2017 12:59:07 | SUCCESS | update Slider Detail(,'                                                                                      ') | By-Test_ott025 | 
03/11/2017 14:22:08 | SUCCESS | update Slider Detail(0_eog3fxpf,'') | By-Test_ott025 | 
03/11/2017 14:23:23 | SUCCESS | update Slider Detail(0_z5z2bbzq,'0_z5z2bbzqo                            jjjjjjjjjjjjjjj                               jjjjjjjjjjjjjjjjjjjjjjjjjjjjjjjjjjllll                 lllll                                                       ') | By-Test_ott025 | 
03/11/2017 14:25:52 | SUCCESS | Slider priority  Set | By-Test_ott025 | 
03/11/2017 14:26:52 | SUCCESS | Add New Slider Image(C:\fakepath\VA876541.jpg) | By-Test_ott025 | 
03/11/2017 14:26:57 | SUCCESS | update Slider Detail(0_eog3fxpf,'0_eog3fxpf') | By-Test_ott025 | 
03/11/2017 14:27:03 | SUCCESS | update Slider Detail(0_eog3fxpf,'0_eog3fxpf') | By-Test_ott025 | 
03/11/2017 14:27:15 | SUCCESS | update Slider Detail(0_eog3fxpf,'0_eog3fxpf') | By-Test_ott025 | 
03/11/2017 14:27:26 | SUCCESS | update Slider Detail(0_eog3fxpf,'0_666666666666666666666666666666666') | By-Test_ott025 | 
03/11/2017 14:28:32 | SUCCESS | update Slider Detail(0_eog3fxpf,'0_6666666jjjjjjjjjjj66666666666666666666666ppppppppppppppppppppp666fgggggggggggg\'///ip97 789566943345454453454343434534453446666666666666666666666226353535353535353535353535353535353535353535') | By-Test_ott025 | 
03/11/2017 14:29:31 | SUCCESS | update Slider Detail(0_eog3fxpf,'0_66663336666666TTTTTTTTTT666666536666666666666HTH6HHHHHHHHHHHHHHH6fgggggggggggg\'///ip97 789566943345454453454343434534453446666666666666666666666226353535353535353535353535353535353535353535353535353') | By-Test_ott025 | 
03/11/2017 14:29:49 | SUCCESS | update Slider Detail(0_eog3fxpf,'0_6FGHGHGHHG6666TTTTTTTTTT666666536666666666666HTH6HHHHHHHHHHHHHHH6fgggggggggggg\'///ip97 789566943345454453454343434534453446666666666666666666666226353535353535353535353535353535353535353535353535353') | By-Test_ott025 | 
03/11/2017 14:30:34 | SUCCESS | update Slider Detail(0_eog3fxpf,'0_6FGHGHGHHG6666TTTTTTTTTT666666536666666666666HTH6HHHHHHHHHHHHHHH6fgggggggggggg\'///ip97 789566943345454453454343434534453446666666666666666666666226353535353535353535353535353535353535353535353535353') | By-Test_ott025 | 
03/11/2017 15:02:43 | SUCCESS | Save New video(0_y3jq0w5d) | By-Test_ott025 | 
03/11/2017 15:39:26 | SUCCESS | Save New video(0_ncpqghks) | By-Test_ott025 | 
03/11/2017 16:02:37 | SUCCESS | update Slider Detail(0_eog3fxpf,'123456789012345678901234567890\r\n123456789012345678901234567890\r\n123456789012345678901234567890\r\n123456789012345678901234567890\r\n123456789012345678901234567890\r\n123456789012345678901234567890\r\n12345678901234') | By-Test_ott025 | 
03/11/2017 16:12:03 | SUCCESS | update Slider Detail(0_z5z2bbzq,'0_z5z2bbzqo                            jjjjjjjjjjjjjjj                               jjjjjjjjjjjjjjjjjjjjjjjjjjjjjjjjjjllll                 lllll                                                       ') | By-Test_ott025 | 
03/11/2017 16:12:43 | SUCCESS | update Slider Detail(0_eog3fxpf,'0_6FGHGHGHHG6666TTTTTTTTTT666666536666666666666HTH6HHHHHHHHHHHHHHH6fgggggggggggg\'///ip97 789566943345454453454343434534453446666666666666666666666226353535353535353535353535353535353535353535353535353') | By-Test_ott025 | 
03/11/2017 16:14:32 | SUCCESS | update Slider Detail(0_eog3fxpf,'                   ') | By-Test_ott025 | 
03/11/2017 16:14:43 | SUCCESS | update Slider Detail(0_eog3fxpf,'0_z5z2bbzqo                            jjjjjjjjjjjjjjj                               jjjjjjjjjjjjjjjjjjjjjjjjjjjjjjjjjjllll                 lllll                                                       ') | By-Test_ott025 | 
03/11/2017 16:19:24 | SUCCESS | Slider priority  Set | By-Test_ott025 | 
03/11/2017 16:19:35 | SUCCESS | Slider priority  Set | By-Test_ott025 | 
03/11/2017 16:19:40 | SUCCESS | update Slider Detail(,'') | By-Test_ott025 | 
03/11/2017 16:19:44 | SUCCESS | update Slider Detail(,'') | By-Test_ott025 | 
03/11/2017 16:20:55 | SUCCESS | update Slider Detail(0_eog3fxpf,'v') | By-Test_ott025 | 
03/11/2017 16:20:59 | SUCCESS | update Slider Detail(0_eog3fxpf,'v') | By-Test_ott025 | 
03/11/2017 16:22:12 | SUCCESS | update Slider Detail(0_eog3fxpf,'v\'\'\'\'\'\'\'\'\'\'\'\'') | By-Test_ott025 | 
03/11/2017 16:28:13 | SUCCESS | Slider priority  Set | By-Test_ott025 | 
03/11/2017 16:47:27 | SUCCESS | update Slider Detail(0_eog3fxpf,'                   ') | By-Test_ott025 | 
03/11/2017 16:47:27 | SUCCESS | update Slider Detail(0_eog3fxpf,'                   ') | By-Test_ott025 | 
03/11/2017 16:57:30 | SUCCESS | Save New video(0_7grqhr56) | By-Test_ott025 | 
03/11/2017 16:58:22 | SUCCESS | Add New Slider Image(C:\fakepath\AST0003.jpg) | By-Test_ott025 | 
03/11/2017 16:58:43 | SUCCESS | update Slider Detail(0_eog3fxpf,'                   ') | By-Test_ott025 | 
