07/06/2018 10:03:02 | SUCCESS | Save Thumbnail(0_bvje8gfz) | By-Adosphere_ott488 | 
07/06/2018 10:04:00 | SUCCESS | Save Thumbnail(0_wh2oxixm) | By-Adosphere_ott488 | 
07/06/2018 10:04:36 | SUCCESS | Save Thumbnail(0_zbiayf2i) | By-Adosphere_ott488 | 
07/06/2018 10:05:20 | SUCCESS | Updtate MetaData(0_bvje8gfz) | By-Adosphere_ott488 | update entry set name='Jo Bhi Hota Hai Achhe Ke Liye Hota Hai',thumbnail='http://ott.planetcast.in/p/108/sp/10800/thumbnail/entry_id/0_bvje8gfz/version/100012',longdescription='Jo Bhi Hota Hai Ache Ke Liye Hota Hai where emperor Akbar gets into the trouble and was save for the reason. That\'s why it is said what happens,Happen for the best.',
        duration='360',type='1',tag='kids, mulan2017, cartoon, children, story, moral, little, learning, animation, junior, telling, class, tales, series, akbar, kahani, emperor, lesson, kahaniya, popular, navratan, birbal, gujarati, jo, bhi, hota, achhe, ke, liye, what, happens, for, best, help, danger',category='ON DEMAND>KIDS>BEDTIME STORIES',categoryid='220',
        updated_at='2018-06-07 10:08:05',shortdescription='Jo Bhi Hota Hai Ache Ke Liye Hota Hai where emperor Akbar gets into the trouble and was save for the reason.',
        director='NULL',producer='NULL',cast='NULL',crew='NULL',sub_genre='Juniors',
        language='Marathi',pgrating='G',video_status='active',puser_id='',custom_data=''
        where entryid='0_bvje8gfz'
07/06/2018 10:32:01 | SUCCESS | Save Thumbnail(0_468hp8e7) | By-Adosphere_ott488 | 
07/06/2018 10:32:49 | SUCCESS | Save Thumbnail(0_tn2kacem) | By-Adosphere_ott488 | 
07/06/2018 10:39:29 | SUCCESS | Save Thumbnail(0_t9obvb44) | By-Adosphere_ott488 | 
07/06/2018 10:41:14 | SUCCESS | Updtate MetaData(0_paccmzr9) | By-Adosphere_ott488 | update entry set name='Pied Piper Bed Time Story Telugu',thumbnail='http://ott.planetcast.in/p/108/sp/10800/thumbnail/entry_id/0_paccmzr9/version/100002',longdescription='Watch the Pied Piped bed time story in Telugu where Hamelin called himself a rat catcher who play music through the pied piper and catch rats. To know more watch the animated bedtime story.',
        duration='419',type='1',tag='kids, mulan2017, channel, cartoon, children, story, moral, series, little, kid, 4yr, 8yr, learning, animation, junior, class, album, tales, telugu, life, piper, pied, rats, bedtime, sleeping, reciters, catcher, hamelin, musical, pipe, mouse',category='ON DEMAND>KIDS>BEDTIME STORIES',categoryid='220',
        updated_at='2018-06-07 10:43:58',shortdescription='Watch the Pied Piped bed time story in Sindhi where Hamelin called himself a rat catcher who play music through the pied piper and catch rats. To know more watch the animated bedtime story.',
        director='NULL',producer='NULL',cast='NULL',crew='NULL',sub_genre='Juniors',
        language='Telugu',pgrating='G',video_status='inactive',puser_id='',custom_data=''
        where entryid='0_paccmzr9'
07/06/2018 10:44:26 | SUCCESS | Save Thumbnail(0_wlfyh226) | By-Adosphere_ott488 | 
07/06/2018 10:48:53 | SUCCESS | Updtate MetaData(0_klvnhybl) | By-Adosphere_ott488 | update entry set name='Pied Piper Bedtime Story Sindhi',thumbnail='http://ott.planetcast.in/p/108/sp/10800/thumbnail/entry_id/0_klvnhybl/version/100012',longdescription='Watch the Pied Piped bed time story in Telugu where Hamelin called himself a rat catcher who play music through the pied piper and catch rats. To know more watch the animated bedtime story.',
        duration='384',type='1',tag='kids, mulan2017, channel, cartoon, children, story, moral, series, little, kid, 4yr, 8yr, learning, animation, junior, class, album, tales, sindhi, life, piper, pied, rats, bedtime, sleeping, reciters, catcher, hamelin, musical, pipe, mouse',category='ON DEMAND>KIDS>BEDTIME STORIES',categoryid='220',
        updated_at='2018-06-07 10:51:37',shortdescription='Watch the Pied Piped bed time story in Telugu where Hamelin called himself a rat catcher who play music through the pied piper and catch rats. To know more watch the animated bedtime story.',
        director='NULL',producer='NULL',cast='NULL',crew='NULL',sub_genre='Juniors',
        language='Sindhi',pgrating='G',video_status='inactive',puser_id='',custom_data=''
        where entryid='0_klvnhybl'
07/06/2018 10:52:23 | SUCCESS | Save Thumbnail(0_w23ljyg7) | By-Adosphere_ott488 | 
07/06/2018 10:54:45 | SUCCESS | Save Thumbnail(0_bgmuwrey) | By-Adosphere_ott488 | 
07/06/2018 11:04:34 | SUCCESS | Save Content Viewer Rating(0_sftvdbkd,G) | By-Adosphere_ott488 | 
07/06/2018 05:43:43 | SUCCESS | login-(Adosphere) | By-Adosphere_ott488 | 
07/06/2018 11:14:18 | SUCCESS | Save Content Viewer Rating(0_sftvdbkd,PG13) | By-Adosphere_ott488 | 
07/06/2018 11:20:39 | SUCCESS | Save Content Viewer Rating(0_t4utxd25,G) | By-Adosphere_ott488 | 
07/06/2018 11:26:54 | SUCCESS | Save Content Viewer Rating(0_sftvdbkd,R21) | By-Adosphere_ott488 | 
07/06/2018 05:57:10 | SUCCESS | login-(Adosphere) | By-Adosphere_ott488 | 
07/06/2018 11:27:36 | SUCCESS | Save Content Viewer Rating(0_sftvdbkd,M18) | By-Adosphere_ott488 | 
07/06/2018 11:43:56 | SUCCESS | Save Thumbnail(0_jisqiyk6) | By-Adosphere_ott488 | 
07/06/2018 11:54:30 | SUCCESS | Save Thumbnail(0_vhmx6jyf) | By-Adosphere_ott488 | 
07/06/2018 06:36:23 | SUCCESS | login-(Adosphere) | By-Adosphere_ott488 | 
07/06/2018 06:38:01 | SUCCESS | login-(Adosphere) | By-Adosphere_ott488 | 
07/06/2018 12:09:15 | SUCCESS | Bulk Add Content Viewer(Array,G) | By-Adosphere_ott488 | 
07/06/2018 06:48:54 | SUCCESS | login-(Adosphere) | By-Adosphere_ott488 | 
07/06/2018 06:49:27 | SUCCESS | login-(Adosphere) | By-Adosphere_ott488 | 
07/06/2018 06:50:04 | SUCCESS | login-(Adosphere) | By-Adosphere_ott488 | 
07/06/2018 06:58:18 | SUCCESS | login-(Ados) | By-Ados_ott488 | 
07/06/2018 06:58:53 | SUCCESS | login-(Adosphere) | By-Adosphere_ott488 | 
07/06/2018 12:29:13 | SUCCESS | Save Thumbnail(0_rld4w3nd) | By-Adosphere_ott488 | 
07/06/2018 12:30:54 | SUCCESS | Updtate MetaData(0_vhmx6jyf) | By-Ados_ott488 | update entry set name='The Frog Prince Animated Story',thumbnail='http://ott.planetcast.in/p/108/sp/10800/thumbnail/entry_id/0_vhmx6jyf/version/100022',longdescription='Watch the Frog Prince a English animated bedtime story where queen meets the frog while playing with her golden ball.The ball falls into the river and frog came to help her and fulfill his demand.Watch more to know the story.',
        duration='411',type='1',tag='kids, cartoon, children, story, moral, series, little, learning, animation, junior, diary, tales, bedtime, storytelling, reciter, cat, fairy, king, young, girl, frog, prince, queen, kingdom, princess, ball, pond, golden, english, golden ball, fairy tale, handsome, beautiful',category='ON DEMAND>KIDS>BEDTIME STORIES',categoryid='220',
        updated_at='2018-06-07 12:33:39',shortdescription='Watch the Frog Prince a English animated bedtime story where queen meets the frog while playing with her golden ball.The ball falls into the river and frog came to help her and fulfill his demand.Watch more to know the story.',
        director='NULL',producer='NULL',cast='NULL',crew='NULL',sub_genre='Juniors',
        language='English',pgrating='G',video_status='active',puser_id='',custom_data=''
        where entryid='0_vhmx6jyf'
07/06/2018 12:36:24 | SUCCESS | Save Thumbnail(0_cz9fkr3b) | By-Adosphere_ott488 | 
07/06/2018 12:39:42 | SUCCESS | Updtate MetaData(0_cz9fkr3b) | By-Ados_ott488 | update entry set name='The Hare And The Tortoise  Moral story for kids',thumbnail='http://ott.planetcast.in/p/108/sp/10800/thumbnail/entry_id/0_cz9fkr3b/version/100012',longdescription='Watch animation \'The Hare and Tortoise\' which is most popular moral story for kids in Gujarati.',
        duration='248',type='1',tag='kids, channel, cartoon, children, story, moral, series, little, kid, learning, animation, junior, juniors, tales, gujarati, bed, time, storytelling, sleeping, fairy, cartoons, tortoise, rabbit, race, win, hare, challenge, run, child, animal, bedtime, jungle, forest, gujrati',category='ON DEMAND>KIDS>BEDTIME STORIES',categoryid='220',
        updated_at='2018-06-07 12:42:27',shortdescription='Watch animated \'The Hare and Tortoise story\' which is most popular moral story for kids in Gujarati.',
        director='NULL',producer='NULL',cast='NULL',crew='NULL',sub_genre='Juniors',
        language='Gujarati',pgrating='G',video_status='active',puser_id='',custom_data=''
        where entryid='0_cz9fkr3b'
07/06/2018 12:42:32 | SUCCESS | Updtate MetaData(0_p9e08m0m) | By-Ados_ott488 | update entry set name='The Hare And The Tortoise  Moral story for kids',thumbnail='http://ott.planetcast.in/p/108/sp/10800/thumbnail/entry_id/0_p9e08m0m/version/100012',longdescription='Watch animated \'The Hare and Tortoise story\' which is most popular moral story for kids in Bengali.',
        duration='222',type='1',tag='kids, cartoon, children, story, moral, series, little, kid, learning, animation, junior, juniors, tales, english, bed, time, storytelling, sleeping, reciter, fairy, cartoons, tortoise, rabbit, race, win, hare, challenge',category='ON DEMAND>KIDS>BEDTIME STORIES',categoryid='220',
        updated_at='2018-06-07 12:45:16',shortdescription='Watch animated \'The Hare and Tortoise story\' which is most popular moral story for kids in Bengali.',
        director='NULL',producer='NULL',cast='NULL',crew='NULL',sub_genre='Juniors',
        language='Bengali',pgrating='G',video_status='active',puser_id='',custom_data=''
        where entryid='0_p9e08m0m'
07/06/2018 12:46:57 | SUCCESS | Save Thumbnail(0_926kkvgy) | By-Adosphere_ott488 | 
07/06/2018 12:47:35 | SUCCESS | Save Thumbnail(0_x954nyhz) | By-Adosphere_ott488 | 
07/06/2018 12:54:04 | SUCCESS | Save Thumbnail(0_m0c7jiyk) | By-Adosphere_ott488 | 
07/06/2018 12:54:52 | SUCCESS | Save Thumbnail(0_mjjkm158) | By-Adosphere_ott488 | 
07/06/2018 12:56:06 | SUCCESS | Save Thumbnail(0_6s7izr9p) | By-Adosphere_ott488 | 
07/06/2018 12:58:35 | SUCCESS | Save Thumbnail(0_ewuh871z) | By-Adosphere_ott488 | 
07/06/2018 12:59:13 | SUCCESS | Save Thumbnail(0_fyuyb18k) | By-Adosphere_ott488 | 
07/06/2018 13:00:31 | SUCCESS | Save Thumbnail(0_790f8o67) | By-Adosphere_ott488 | 
07/06/2018 13:01:07 | SUCCESS | Save Thumbnail(0_6pb7jvdf) | By-Adosphere_ott488 | 
07/06/2018 13:01:20 | SUCCESS | Save Content Viewer Rating(0_w7llitvj,G) | By-Adosphere_ott488 | 
07/06/2018 13:02:00 | SUCCESS | Updtate MetaData(0_w7llitvj) | By-Adosphere_ott488 | update entry set name='EdebitsE18.mp4',thumbnail='http://ott.planetcast.in/p/108/sp/10800/thumbnail/entry_id/0_w7llitvj/version/100002',longdescription='Mr. Jack, a successful businessman, arrives at the base to show Julia and Nil his project Antarctic on the Rocks to make ice cubes for drinks out of the ice of Antarctica.He reassures the scientific team that this will not cause any damage to the natural environment,not knowing about Lou and Morgans evil plans',
        duration='777',type='1',tag='kids, cartoon, edebit, episode, 18, ep, series, learning, little, kid, yr, 22, children, story, animation, zone, junior, telling, listen, stories, bet, arts, gov, net, org, com, luo, morgan, antartc, antartica, environment',category='ON DEMAND>KIDS>ANIMATION',categoryid='219',
        updated_at='2018-06-07 13:04:45',shortdescription='Mr. Jack, a successful businessman, arrives at the base to show Julia and Nil his project Antarctic on the Rocks to make ice cubes for drinks out of t',
        director='',producer='',cast='',crew='',sub_genre='Juniors',
        language='English',pgrating='G',video_status='inactive',puser_id='97',custom_data=''
        where entryid='0_w7llitvj'
07/06/2018 13:02:30 | SUCCESS | Save Thumbnail(0_w7llitvj) | By-Adosphere_ott488 | 
07/06/2018 13:03:16 | SUCCESS | Bulk Add Content Viewer(Array,G) | By-Adosphere_ott488 | 
07/06/2018 13:04:21 | SUCCESS | Updtate MetaData(0_t9obvb44) | By-Ados_ott488 | update entry set name='Pied Piper Bed Time Story',thumbnail='http://ott.planetcast.in/p/108/sp/10800/thumbnail/entry_id/0_t9obvb44/version/100012',longdescription='Watch the Pied Piped bed time story in Gujarati where Hamelin called himself a rat catcher who play music through the pied piper and catch rats. To know more watch the animated bedtime story.',
        duration='298',type='1',tag='kids, channel, cartoon, children, story, moral, series, little, kid, 8yr, learning, animation, junior, class, album, tales, gujarati, life, piper, pied, rats, bedtime, sleeping, reciters, catcher, hamelin, musical, pipe, mouse',category='ON DEMAND>KIDS>BEDTIME STORIES',categoryid='220',
        updated_at='2018-06-07 13:07:06',shortdescription='Watch the Pied Piped bed time story in Gujarati where Hamelin called himself a rat catcher who play music through the pied piper and catch rats. ',
        director='NULL',producer='NULL',cast='NULL',crew='NULL',sub_genre='Juniors',
        language='Gujurati',pgrating='G',video_status='active',puser_id='',custom_data=''
        where entryid='0_t9obvb44'
07/06/2018 13:09:44 | SUCCESS | Bulk Add Content Viewer(Array,PG13) | By-Adosphere_ott488 | 
07/06/2018 13:32:55 | SUCCESS | Updtate MetaData(0_jisqiyk6) | By-Ados_ott488 | update entry set name='Teen Machhlian Animated Story',thumbnail='http://ott.planetcast.in/p/108/sp/10800/thumbnail/entry_id/0_jisqiyk6/version/100022',longdescription='The story in Sindhi is about three fishes who lived in a same lake. One morning they heard about the terror of two fisherman who was talking about to catch all the fishes in the lake and plan to sell them away. By hearing, one fish decides to move away from the lake and other two decided to stay back.One fine morning fisherman came and catch all the fishes. watch more to know about two fishes. Moral - Fate always favor\'s the clever.',
        duration='383',type='1',tag='kids, channel, cartoon, children, story, moral, little, kid, learning, animation, junior, tales, sindhi, bedtime, storytelling, sleeping, reciters, fisherman, fairy, cartoons, fish, punchtantra, teen, machali, serendipity, friend, fishes, catcher',category='ON DEMAND>KIDS>BEDTIME STORIES',categoryid='220',
        updated_at='2018-06-07 13:35:39',shortdescription='The story in Sindhi is about three fishes who lived in a same lake.',
        director='NULL',producer='NULL',cast='NULL',crew='NULL',sub_genre='Punchtantra',
        language='Sindhi',pgrating='G',video_status='active',puser_id='',custom_data=''
        where entryid='0_jisqiyk6'
07/06/2018 13:33:44 | SUCCESS | Updtate MetaData(0_zbiayf2i) | By-Ados_ott488 | update entry set name='Jo Bhi Hota Hai Achhe Ke Liye Hota Hai',thumbnail='http://ott.planetcast.in/p/108/sp/10800/thumbnail/entry_id/0_zbiayf2i/version/100012',longdescription='Watch Jo Bhi Hota Hai Ache Ke Liye Hota Hai in Marathi language. Where Emperor Akbar gets into the trouble and was save for the reason. That\'s why it is said what happens,Happen for the best.',
        duration='384',type='1',tag='kids, cartoon, children, story, moral, little, learning, animation, junior, telling, class, tales, series, akbar, kahani, emperor, lesson, kahaniya, popular, navratan, birbal, marathi, hota, achhe, liye, what, happens, for, best, help, danger',category='ON DEMAND>KIDS>BEDTIME STORIES',categoryid='220',
        updated_at='2018-06-07 13:36:28',shortdescription='Watch Jo Bhi Hota Hai Ache Ke Liye Hota Hai in Marathi language.',
        director='NULL',producer='NULL',cast='NULL',crew='NULL',sub_genre='Juniors',
        language='Marathi',pgrating='G',video_status='active',puser_id='',custom_data=''
        where entryid='0_zbiayf2i'
07/06/2018 08:27:41 | SUCCESS | login-(Adosphere) | By-Adosphere_ott488 | 
07/06/2018 14:19:09 | SUCCESS | Sync Category | By-Adosphere_ott488 | 
07/06/2018 14:27:05 | SUCCESS | Save Thumbnail(0_if8zam66) | By-Adosphere_ott488 | 
07/06/2018 14:27:56 | SUCCESS | Save Thumbnail(0_uywuin4x) | By-Adosphere_ott488 | 
07/06/2018 14:30:56 | SUCCESS | Save Thumbnail(0_rs0htpk4) | By-Adosphere_ott488 | 
07/06/2018 14:33:30 | SUCCESS | Save Thumbnail(0_v70mwp57) | By-Adosphere_ott488 | 
07/06/2018 14:36:17 | SUCCESS | Save Thumbnail(0_2cz0rg3d) | By-Adosphere_ott488 | 
07/06/2018 14:37:08 | SUCCESS | Save Thumbnail(0_nl2hem5c) | By-Adosphere_ott488 | 
07/06/2018 14:42:19 | SUCCESS | Save Thumbnail(0_gt6nu7s1) | By-Adosphere_ott488 | 
07/06/2018 14:52:58 | SUCCESS | Updtate MetaData(0_bvje8gfz) | By-Ados_ott488 | update entry set name='Jo Bhi Hota Hai Achhe Ke Liye Hota Hai',thumbnail='http://ott.planetcast.in/p/108/sp/10800/thumbnail/entry_id/0_bvje8gfz/version/100022',longdescription='Jo Bhi Hota Hai Ache Ke Liye Hota Hai, in this story emperor Akbar gets into the trouble and in the turn of events that situation was in favor of the king for good reasons. That\'s why it is said what happens,happen for good.',
        duration='360',type='1',tag='kids, cartoon, children, story, moral, little, learning, animation, junior, telling, class, tales, series, akbar, kahani, emperor, lesson, kahaniya, popular, navratan, birbal, gujarati, hota, achhe, what, happens, best, help, danger, good, king',category='ON DEMAND>KIDS>BEDTIME STORIES',categoryid='220',
        updated_at='2018-06-07 14:55:42',shortdescription='Jo Bhi Hota Hai Ache Ke Liye Hota Hai where emperor Akbar gets into the trouble and was save for the reason.',
        director='NULL',producer='NULL',cast='NULL',crew='NULL',sub_genre='Juniors',
        language='Gujarati',pgrating='G',video_status='active',puser_id='',custom_data=''
        where entryid='0_bvje8gfz'
07/06/2018 14:54:04 | SUCCESS | Updtate MetaData(0_w7llitvj) | By-Adosphere_ott488 | update entry set name='Edebits Ep 18 - Antartic on Rocks',thumbnail='http://ott.planetcast.in/p/108/sp/10800/thumbnail/entry_id/0_w7llitvj/version/100012',longdescription='Mr. Jack, a successful businessman, arrives at the base to show Julia and Nil his project Antarctic on the Rocks to make ice cubes for drinks out of the ice of Antarctica.He reassures the scientific team that this will not cause any damage to the natural environment,not knowing about Lou and Morgans evil plans',
        duration='777',type='1',tag='kids, cartoon, edebit, episode, 18, ep, series, learning, little, kid, yr, children, story, animation, zone, junior, telling, listen, stories, bet, arts, gov, net, org, com, luo, morgan, antartc, antartica, environment, antartic',category='ON DEMAND>KIDS>ANIMATION',categoryid='219',
        updated_at='2018-06-07 14:56:49',shortdescription='Mr. Jack, a successful businessman, arrives at the base to show Julia and Nil his project Antarctic on the Rocks to make ice cubes for drinks out of t',
        director='',producer='',cast='',crew='',sub_genre='Juniors',
        language='English',pgrating='G',video_status='inactive',puser_id='97',custom_data=''
        where entryid='0_w7llitvj'
07/06/2018 15:04:40 | SUCCESS | Updtate MetaData(0_jisqiyk6) | By-Ados_ott488 | update entry set name='Teen Machhliyan Animated Story',thumbnail='http://ott.planetcast.in/p/108/sp/10800/thumbnail/entry_id/0_jisqiyk6/version/100022',longdescription='The story in Sindhi is about three fishes who lived in a same lake. One morning they heard about the terror of two fisherman who was talking about to catch all the fishes in the lake and plan to sell them away. By hearing, one fish decides to move away from the lake and other two decided to stay back.One fine morning fisherman came and catch all the fishes. watch more to know about two fishes. Moral - Fate always favor\'s the clever.',
        duration='383',type='1',tag='kids, channel, cartoon, children, story, moral, little, kid, learning, animation, junior, tales, sindhi, bedtime, storytelling, sleeping, reciters, fisherman, fairy, cartoons, fish, punchtantra, teen, machali, serendipity, friend, fishes, catcher',category='ON DEMAND>KIDS>BEDTIME STORIES',categoryid='220',
        updated_at='2018-06-07 15:07:25',shortdescription='The story in Sindhi is about three fishes who lived in a same lake.',
        director='NULL',producer='NULL',cast='NULL',crew='NULL',sub_genre='Punchtantra',
        language='Sindhi',pgrating='G',video_status='active',puser_id='',custom_data=''
        where entryid='0_jisqiyk6'
07/06/2018 15:05:39 | SUCCESS | Updtate MetaData(0_jisqiyk6) | By-Ados_ott488 | update entry set name='Teen Machhliyan Animated Story',thumbnail='http://ott.planetcast.in/p/108/sp/10800/thumbnail/entry_id/0_jisqiyk6/version/100022',longdescription='The story in Sindhi is about three fishes who lived in a same lake. One morning they heard about the terror of two fisherman who was talking about to catch all the fishes in the lake and plan to sell them away. By hearing, one fish decides to move away from the lake and other two decided to stay back.One fine morning fisherman came and catch all the fishes. watch more to know about two fishes. Moral - Fate always favor\'s the clever.',
        duration='383',type='1',tag='kids, channel, cartoon, children, story, moral, little, kid, learning, animation, junior, tales, sindhi, bedtime, storytelling, sleeping, reciters, fisherman, fairy, cartoons, fish, punchtantra, teen, serendipity, friend, fishes, catcher, machhli, machhliyan',category='ON DEMAND>KIDS>BEDTIME STORIES',categoryid='220',
        updated_at='2018-06-07 15:08:23',shortdescription='The story in Sindhi is about three fishes who lived in a same lake.',
        director='NULL',producer='NULL',cast='NULL',crew='NULL',sub_genre='Punchtantra',
        language='Sindhi',pgrating='G',video_status='active',puser_id='',custom_data=''
        where entryid='0_jisqiyk6'
07/06/2018 15:05:45 | SUCCESS | Save Thumbnail(0_35d81xiv) | By-Adosphere_ott488 | 
07/06/2018 15:07:22 | SUCCESS | Save Thumbnail(0_vpzddihy) | By-Adosphere_ott488 | 
07/06/2018 15:08:04 | SUCCESS | Save Thumbnail(0_z9c73ug9) | By-Adosphere_ott488 | 
07/06/2018 15:08:52 | SUCCESS | Updtate MetaData(0_6hul3dyb) | By-Ados_ott488 | update entry set name='Teen Machhliyan Animated Story',thumbnail='http://ott.planetcast.in/p/108/sp/10800/thumbnail/entry_id/0_6hul3dyb/version/100002',longdescription='Watch Teen Machhliyan moral Story in Bengali language. This is the story of three fishes who lived in a lake. To know more watch the video.',
        duration='215',type='1',tag='kids, cartoon, children, story, moral, little, kid, learning, animation, junior, tales, bengali, bedtime, storytelling, sleeping, reciters, fisherman, fairy, cartoons, fish, punchtantra, teen, serendipity, friend, fishes, catcher, machhli, machhliyan',category='ON DEMAND>KIDS>BEDTIME STORIES',categoryid='220',
        updated_at='2018-06-07 15:11:37',shortdescription='Watch Teen Machhlia moral Story in bengali language.',
        director='NULL',producer='NULL',cast='NULL',crew='NULL',sub_genre='Panchatantra',
        language='Bengali',pgrating='G',video_status='active',puser_id='',custom_data=''
        where entryid='0_6hul3dyb'
07/06/2018 15:13:35 | SUCCESS | Save Thumbnail(0_19gb6x5y) | By-Adosphere_ott488 | 
07/06/2018 15:14:08 | SUCCESS | Save Thumbnail(0_2d4meawn) | By-Adosphere_ott488 | 
07/06/2018 15:16:00 | SUCCESS | Save Thumbnail(0_azoape6w) | By-Adosphere_ott488 | 
07/06/2018 15:17:38 | SUCCESS | Save Thumbnail(0_nyqefqa6) | By-Adosphere_ott488 | 
07/06/2018 15:24:18 | SUCCESS | Updtate MetaData(0_c0mxyrp7) | By-Adosphere_ott488 | update entry set name='How to make Mango Kheer',thumbnail='http://ott.planetcast.in/p/108/sp/10800/thumbnail/entry_id/0_c0mxyrp7/version/100002',longdescription='Mango Kheer | Mango Vermicelli Kheer | Easy simple kheer recipe by chef Shaheen',
        duration='311',type='1',tag='shaheen, shaheen khan, shaheen recipes, chef shaheen khan, chef shaheen, cooking episodes by shaheen khan, cooking recipes, indian cooking recipes, home made recipes, shaheen kitchen, chef shaheen khan kitchen, best kheer recipe, easy kheer recipe, indian kheer recipe, kheer recipe, kheer recipe in hindi, kheer recipes, mango kheer, mango kheer recipe, payasam recipe, payasam recipes, dessert, phirni, recipe for kheer, recipe kheer, recipe of kheer, recipes for kheer, recipes of kheer, semiya payasam recipe, simple kheer recipe, how to make kheer, indian kheer recipes, vermiceeli, thandi kheer, chilled kheer',category='ON DEMAND>COOKING>CULINARY',categoryid='287',
        updated_at='2018-06-07 15:27:03',shortdescription='Mango Kheer | Mango Vermicelli Kheer | Easy simple kheer recipe by chef Shaheen',
        director='NULL',producer='NULL',cast='NULL',crew='NULL',sub_genre='Dessert',
        language='English',pgrating='U',video_status='active',puser_id='',custom_data=''
        where entryid='0_c0mxyrp7'
07/06/2018 15:29:08 | SUCCESS | Updtate MetaData(0_rxnrdv11) | By-Adosphere_ott488 | update entry set name='Exercise - Jason Beach pull up',thumbnail='http://ott.planetcast.in/p/108/sp/10800/thumbnail/entry_id/0_rxnrdv11/version/100002',longdescription='Jason Jhonson tutorial for basic exercise of beach pull up for arms abs and legs.',
        duration='57',type='1',tag='jason, jhonson, byond, fitness, expert, tips, exercises, basic, mount, climbers, 30, seconds, in, out, after, running, finomnal, body, arms, back, abs, workout, tutorial, muscle, footwork, foot, skips, side, suffels, karaoke, shuttle, run, race',category='ON DEMAND>LIFESTYLE>HEALTH',categoryid='389',
        updated_at='2018-06-07 15:31:53',shortdescription='Jason Jhonson tutorial for basic exercise of beach pull up for arms abs and legs.',
        director='NULL',producer='NULL',cast='NULL',crew='NULL',sub_genre='Fitness',
        language='English',pgrating='U',video_status='active',puser_id='',custom_data=''
        where entryid='0_rxnrdv11'
07/06/2018 15:29:42 | SUCCESS | Updtate MetaData(0_x5ie4b2m) | By-Adosphere_ott488 | update entry set name='Akbar Chaar Prashna to Birbal Telugu',thumbnail='http://ott.planetcast.in/p/108/sp/10800/thumbnail/entry_id/0_x5ie4b2m/version/100022',longdescription='Watch best humorous stories of Akbar and Birbal\'s in Telugu.',
        duration='301',type='1',tag='kids, mulan2017, cartoon, children, story, moral, little, learning, animation, junior, telling, listen, class, tales, series, navratan, birbal, akbar, kahani, stew, emperor, lesson, kahaniya, popular, chaar, prashan, heat, questions, prashna, telugu',category='ON DEMAND>KIDS>BEDTIME STORIES',categoryid='220',
        updated_at='2018-06-07 15:32:26',shortdescription='Watch best humorous stories of Akbar and Birbal\'s in Telugu.',
        director='NULL',producer='NULL',cast='NULL',crew='NULL',sub_genre='Juniors',
        language='Telugu',pgrating='G',video_status='active',puser_id='',custom_data=''
        where entryid='0_x5ie4b2m'
07/06/2018 15:29:58 | SUCCESS | Updtate MetaData(0_ytjt2hx0) | By-Adosphere_ott488 | update entry set name='Andy And His Accordion',thumbnail='http://ott.planetcast.in/p/108/sp/10800/thumbnail/entry_id/0_ytjt2hx0/version/100012',longdescription='Watch most popular fairy tale Andy and His Accordion in English language and enjoy singing with the video.',
        duration='255',type='1',tag='kids, cartoon, children, stories, story, moral, series, little, kid, learning, video, animation, animated, telling, listen, class, classes, album, zone, junior, diary, tales, tale, juniors, english, andy, accord, music, instrument, accordion',category='ON DEMAND>KIDS>BEDTIME STORIES',categoryid='220',
        updated_at='2018-06-07 15:32:42',shortdescription='Watch most popular fairy tale Andy and His Accordion in English language.',
        director='NULL',producer='NULL',cast='NULL',crew='NULL',sub_genre='Juniors',
        language='English',pgrating='G',video_status='active',puser_id='',custom_data=''
        where entryid='0_ytjt2hx0'
07/06/2018 15:30:56 | SUCCESS | Updtate MetaData(0_6n15siqe) | By-Adosphere_ott488 | update entry set name='Indoor Fury Cute Kitten ',thumbnail='http://ott.planetcast.in/p/108/sp/10800/thumbnail/entry_id/0_6n15siqe/version/100012',longdescription='Watch the video of cute indoor fury pet kitten playing with the toy.',
        duration='13',type='1',tag='cat, kitten, mammal, cute, pet, dogs, cute pet, indoor pets, animals, fury, fury animal, fury pets, playing, cute moment, aw2018',category='ON DEMAND>EXTREME SPORTS>BEYOND,ON DEMAND>EXTREME SPORTS>CONTEMPORARY',categoryid='209,212',
        updated_at='2018-06-07 15:33:41',shortdescription='Watch the video of cute indoor fury pet kitten playing with the toy.',
        director='',producer='',cast='',crew='',sub_genre='Pets',
        language='',pgrating='U',video_status='active',puser_id='Adosphere',custom_data=''
        where entryid='0_6n15siqe'
07/06/2018 15:32:38 | SUCCESS | Updtate MetaData(0_azoape6w) | By-Adosphere_ott488 | update entry set name='Row Row Row Your Boat  Nursery Rhyme',thumbnail='http://ott.planetcast.in/p/108/sp/10800/thumbnail/entry_id/0_azoape6w/version/100012',longdescription='Watch Row Row Row Your Boat a nursery rhyme and enjoy with your kid.',
        duration='122',type='1',tag='kids, cartoon, children, rhyming, series, little, yr, learning, video, animation, animated, telling, listen, class, classes, album, zone, kid, junior, diary, tales, tale, juniors, row, sea, water, poems, boat, nursery, rhyme, purple, turtle, tr2018',category='ON DEMAND>KIDS>NURSERY RHYMES',categoryid='221',
        updated_at='2018-06-07 15:35:23',shortdescription='Watch Row Row Row Your Boat a nursery rhyme and enjoy with your kid.',
        director='NULL',producer='NULL',cast='NULL',crew='NULL',sub_genre='Juniors',
        language='English',pgrating='G',video_status='active',puser_id='',custom_data=''
        where entryid='0_azoape6w'
07/06/2018 15:33:29 | SUCCESS | Updtate MetaData(0_lzi3u5ou) | By-Adosphere_ott488 | update entry set name='Teddy Bear Nursery Rhyme',thumbnail='http://ott.planetcast.in/p/108/sp/10800/thumbnail/entry_id/0_lzi3u5ou/version/100012',longdescription='Watch the video and make kid sing - dance along with the Nursery Rhyme of Teddy Bear.',
        duration='57',type='1',tag='kids, cartoon, children, rhyming, series, little, kid, yr, learning, video, animation, animated, telling, listen, class, classes, album, zone, junior, diary, tales, tale, juniors, teddy, bear, english, nursery, rhymerhyming, poem, poems, soft, toy, purple, turtle, tr2018',category='ON DEMAND>KIDS>NURSERY RHYMES',categoryid='221',
        updated_at='2018-06-07 15:36:14',shortdescription='Watch the video and make kid sing - dance along with the Nursery Rhyme of Teddy Bear.',
        director='NULL',producer='NULL',cast='NULL',crew='NULL',sub_genre='Juniors',
        language='English',pgrating='G',video_status='active',puser_id='',custom_data=''
        where entryid='0_lzi3u5ou'
07/06/2018 15:34:52 | SUCCESS | Updtate MetaData(0_kjpcsq2t) | By-Adosphere_ott488 | update entry set name='Cute animal and cute pets - Cat',thumbnail='http://ott.planetcast.in/p/108/sp/10800/thumbnail/entry_id/0_kjpcsq2t/version/100012',longdescription='Watch the video of fury carnivorous mammal indoor pets Cat.',
        duration='11',type='1',tag='cat, kitten, mammal, cute, pet, dogs, cute pet, indoor pets, animals, fury, fury animal, fury pets, playing, cute moment, aw2018',category='ON DEMAND>ANIMALS>INDOOR PET',categoryid='198',
        updated_at='2018-06-07 15:37:37',shortdescription='Watch the video of fury carnivorous mammal indoor pets Cat.',
        director='',producer='',cast='',crew='',sub_genre='Pets',
        language='',pgrating='U',video_status='active',puser_id='Adosphere',custom_data=''
        where entryid='0_kjpcsq2t'
07/06/2018 16:05:43 | SUCCESS | Updtate MetaData(0_q6wq6u4f) | By-Ados_ott488 | update entry set name='King Midas',thumbnail='http://ott.planetcast.in/p/108/sp/10800/thumbnail/entry_id/0_q6wq6u4f/version/100012',longdescription='Watch King Midas a bedtime story in English language.Where A king finds himself bitterly regretting the consequences of his wish that everything he touches would turn to gold.',
        duration='343',type='1',tag='kids, cartoon, children, story, moral, series, little, kid, learning, video, animation, junior, listen, class, album, zone, diary, tales, english, life, child, king, midas, touch, bed, food, furniture, turns, into, gold, world, power, fairy, wish',category='ON DEMAND>KIDS>BEDTIME STORIES',categoryid='220',
        updated_at='2018-06-07 16:08:28',shortdescription='Watch King Midas a bedtime story in English language.',
        director='NULL',producer='NULL',cast='NULL',crew='NULL',sub_genre='Juniors',
        language='English',pgrating='G',video_status='active',puser_id='',custom_data=''
        where entryid='0_q6wq6u4f'
07/06/2018 16:06:33 | SUCCESS | Updtate MetaData(0_kvhd21v2) | By-Ados_ott488 | update entry set name='King Midas',thumbnail='http://ott.planetcast.in/p/108/sp/10800/thumbnail/entry_id/0_kvhd21v2/version/100012',longdescription='Watch King Midas a bedtime story in Marathi language.Where A king finds himself bitterly regretting the consequences of his wish that everything he touches would turn to gold.',
        duration='385',type='1',tag='kids, cartoon, children, story, moral, series, little, kid, learning, video, animation, junior, listen, class, album, zone, diary, tales, marathi, life, child, king, midas, touch, bed, food, furniture, turns, gold, world, power, fairy, wish',category='ON DEMAND>KIDS>BEDTIME STORIES',categoryid='220',
        updated_at='2018-06-07 16:09:18',shortdescription='Watch King Midas a bedtime story in Marathi language.',
        director='NULL',producer='NULL',cast='NULL',crew='NULL',sub_genre='Juniors',
        language='Marathi',pgrating='G',video_status='active',puser_id='',custom_data=''
        where entryid='0_kvhd21v2'
07/06/2018 16:07:06 | SUCCESS | Updtate MetaData(0_468hp8e7) | By-Ados_ott488 | update entry set name='King Midas',thumbnail='http://ott.planetcast.in/p/108/sp/10800/thumbnail/entry_id/0_468hp8e7/version/100012',longdescription='Watch King Midas a bedtime story in Gujarati language.Where A king finds himself bitterly regretting the consequences of his wish that everything he touches would turn to gold.',
        duration='379',type='1',tag='kids, cartoon, children, story, moral, series, little, kid, learning, video, animation, junior, listen, class, album, zone, diary, tales, life, child, king, midas, touch, bed, food, furniture, turns, gold, world, power, fairy, wish, gujarati',category='ON DEMAND>KIDS>BEDTIME STORIES',categoryid='220',
        updated_at='2018-06-07 16:09:51',shortdescription='Watch King Midas a bedtime story in Gujarati language.',
        director='NULL',producer='NULL',cast='NULL',crew='NULL',sub_genre='Juniors',
        language='Gujarati',pgrating='G',video_status='active',puser_id='',custom_data=''
        where entryid='0_468hp8e7'
07/06/2018 16:14:22 | SUCCESS | Updtate MetaData(0_mjjkm158) | By-Ados_ott488 | update entry set name='The Valiant Little Tailor',thumbnail='http://ott.planetcast.in/p/108/sp/10800/thumbnail/entry_id/0_mjjkm158/version/100012',longdescription='Watch \'The Valiant Little Tailor\' moral story in Sindhi language. This is the story of a Little Tailor who killed 7 flies in one blow and admired by his own bravery, decides to go on an adventure. To know more watch the story.\r\n',
        duration='405',type='1',tag='kids, cartoon, children, story, moral, series, little, kid, learning, animation, junior, tales, sindhi, bedtime, sleeping, valiant, tailor, reciter, fairy, cartoons, stitch, brave, flies, seven, marathi, kingdom, giant, bees, kills, king',category='ON DEMAND>KIDS>BEDTIME STORIES',categoryid='220',
        updated_at='2018-06-07 16:17:07',shortdescription='Watch \'The Valiant Little Tailor\' moral story in Sindhi language.',
        director='NULL',producer='NULL',cast='NULL',crew='NULL',sub_genre='Juniors',
        language='Sindhi',pgrating='G',video_status='active',puser_id='',custom_data=''
        where entryid='0_mjjkm158'
07/06/2018 16:28:34 | SUCCESS | Updtate MetaData(0_rld4w3nd) | By-Ados_ott488 | update entry set name='The Frog Prince Animated Story Sindhi',thumbnail='http://ott.planetcast.in/p/108/sp/10800/thumbnail/entry_id/0_rld4w3nd/version/100012',longdescription='Watch the Frog Prince a Sindhi animated bedtime story where queen meets the frog while playing with her golden ball.The ball falls into the river and frog came to help her and fulfill his demand.Watch more to know the story.',
        duration='563',type='1',tag='kids, mulan2017, cartoon, children, story, moral, series, little, learning, animation, junior, zone, diary, tales, bedtime, storytelling, reciter, cat, fairy, king, young, girl, frog, prince, queen, kingdom, princess, ball, demand, pond, golden, sindhi',category='ON DEMAND>KIDS>BEDTIME STORIES',categoryid='220',
        updated_at='2018-06-07 16:31:19',shortdescription='Watch the Frog Prince a Sindhi animated bedtime story where queen meets the frog while playing with her golden ball.The ball falls into the river and frog came to help her and fulfill his demand.Watch more to know the story.',
        director='NULL',producer='NULL',cast='NULL',crew='NULL',sub_genre='Juniors',
        language='Sindhi',pgrating='G',video_status='active',puser_id='',custom_data=''
        where entryid='0_rld4w3nd'
07/06/2018 16:31:35 | SUCCESS | Updtate MetaData(0_lcnvpkbz) | By-Ados_ott488 | update entry set name='Do Chor Tenali Raman',thumbnail='http://ott.planetcast.in/p/108/sp/10800/thumbnail/entry_id/0_lcnvpkbz/version/100022',longdescription='Watch Do Chor Tenali Raman in Telugu language. It is a moral story about Tenali Raman\'s sharp mind and intelligence.',
        duration='434',type='1',tag='kids, cartoon, children, story, moral, series, little, learning, animation, junior, telling, zone, diary, tales, bedtime, sleeping, chor, thief, tenali, ram, telugu, ramansharp, brain',category='ON DEMAND>KIDS>BEDTIME STORIES',categoryid='220',
        updated_at='2018-06-07 16:34:20',shortdescription='Watch Do Chor Tenali Raman in Telugu language.',
        director='NULL',producer='NULL',cast='NULL',crew='NULL',sub_genre='Juniors',
        language='Telugu',pgrating='G',video_status='active',puser_id='',custom_data=''
        where entryid='0_lcnvpkbz'
07/06/2018 11:11:07 | SUCCESS | login-(Adosphere) | By-Adosphere_ott488 | 
07/06/2018 16:54:17 | SUCCESS | Updtate MetaData(0_m1kbulrc) | By-Adosphere_ott488 | insert into entry(entryid,name,thumbnail,longdescription,duration
        ,type,tag,category,categoryid,status,created_at,shortdescription,director,producer,cast,crew,sub_genre,language,
        pgrating,video_status,puser_id,custom_data)
        values('0_m1kbulrc','One,Two Buckle My Shoe','http://ott.planetcast.in/p/108/sp/10800/thumbnail/entry_id/0_m1kbulrc/version/100002','One Two buckle my shoe\r\nLyrics -\r\nOne,two Buckle my shoe;\r\nThree,four Shut at the door;\r\nFive,six Pick up sticks;\r\nSeven,eight Lay them straight:\r\nNine,ten A big fat hen;\r\nEleven,twelve Dig and delve;\r\nThirteen,fourteen Maids a-courting;\r\nFifteen,sixteen Maids in the kitchen;\r\nSeventeen,eighteen Maids a-waiting,\r\nNineteen,twenty My plate\'s empty','69','1',
        'kids, cartoon, children, rhyming, series, little, kid, 4yr, 8yr, learning, video, animation, animated, telling, listen, class, classes, album, zone, junior, diary, tales, tale, juniors, one, two, buckle, shoe, rhyme, poems, purple, turtle, english','ON DEMAND>KIDS>NURSERY RHYMES','221','2','2018-06-07 16:39:50','Watch kids learning video - One Two buckle my shoe.','','',
         '','','Juniors','English','G','inactive','','')
07/06/2018 17:01:12 | SUCCESS | Slider image inactive(SliderID:87,Status:inactive) | By-Adosphere_ott488 | 
07/06/2018 17:01:14 | SUCCESS | Slider image inactive(SliderID:84,Status:inactive) | By-Adosphere_ott488 | 
07/06/2018 17:01:17 | SUCCESS | Slider image inactive(SliderID:86,Status:inactive) | By-Adosphere_ott488 | 
07/06/2018 17:01:19 | SUCCESS | Slider image inactive(SliderID:85,Status:inactive) | By-Adosphere_ott488 | 
07/06/2018 17:01:24 | SUCCESS | Slider image inactive(SliderID:83,Status:inactive) | By-Adosphere_ott488 | 
07/06/2018 11:34:01 | SUCCESS | login-(Adosphere) | By-Adosphere_ott488 | 
07/06/2018 17:04:14 | SUCCESS | Save Thumbnail(0_m1kbulrc) | By-Adosphere_ott488 | 
07/06/2018 11:34:55 | SUCCESS | login-(Adosphere) | By-Adosphere_ott488 | 
07/06/2018 17:05:36 | SUCCESS | Updtate MetaData(0_3data994) | By-Adosphere_ott488 | insert into entry(entryid,name,thumbnail,longdescription,duration
        ,type,tag,category,categoryid,status,created_at,shortdescription,director,producer,cast,crew,sub_genre,language,
        pgrating,video_status,puser_id,custom_data)
        values('0_3data994','Old Mac Donald Had a Farm - English Nursery Rhyme','http://ott.planetcast.in/p/108/sp/10800/thumbnail/entry_id/0_3data994/version/100002','Old MacDonald Had A Farm Nursery Rhyme \r\nLyrics-\r\nOld MacDonald had a farm,E I E I O,\r\nAnd on his farm he had some chicks,E I E I O.\r\nWith a chick chick here and a chick chick there,\r\nHere a chick, there a chick, everywhere a chick chick.\r\nOld MacDonald had a farm,E I E I O.','129','1',
        'kids, cartoon, children, rhyming, series, little, kid, 4yr, 8yr, learning, video, animation, animated, telling, listen, class, classes, album, zone, junior, diary, tales, tale, juniors, old, mac, donald, farm, english, nursery, rhyme, poems, garden, purple, turtle','ON DEMAND>KIDS>NURSERY RHYMES','221','2','2018-06-07 16:39:50','Watch the video of Old MacDonald had a farm nursery rhyme ','','',
         '','','Juniors','English','G','inactive','','')
07/06/2018 17:06:22 | SUCCESS | Save Thumbnail(0_3data994) | By-Adosphere_ott488 | 
07/06/2018 17:08:21 | SUCCESS | Updtate MetaData(0_s9xqbcee) | By-Adosphere_ott488 | insert into entry(entryid,name,thumbnail,longdescription,duration
        ,type,tag,category,categoryid,status,created_at,shortdescription,director,producer,cast,crew,sub_genre,language,
        pgrating,video_status,puser_id,custom_data)
        values('0_s9xqbcee','Incy Wincy Spider | Nursery Rhyme','http://ott.planetcast.in/p/108/sp/10800/thumbnail/entry_id/0_s9xqbcee/version/100002','Incy Wincy Spider\r\nLyrics -\r\nIncy wincy spider,\r\nwent up the waterspout,\r\nDown came the rain,\r\nand washed the spider out,\r\nOut came the sun,\r\nand dried up all the rain,\r\nSo incy wincy spider,\r\nwent up the spout again.','77','1',
        'kids, cartoon, children, rhyming, series, little, kid, 4yr, 8yr, learning, video, animation, animated, telling, listen, class, classes, album, zone, junior, diary, tales, tale, juniors, incy, wincy, spider, nursery, rhyme, poems, purple, turtle, english','ON DEMAND>KIDS>NURSERY RHYMES','221','2','2018-06-07 16:39:51','Watch nursery rhyme Incy Wincy Spider and sing along with the video.','','',
         '','','Juniors','English','G','inactive','','')
07/06/2018 17:08:53 | SUCCESS | Save Thumbnail(0_s9xqbcee) | By-Adosphere_ott488 | 
07/06/2018 17:10:18 | SUCCESS | Updtate MetaData(0_8pe7c039) | By-Adosphere_ott488 | insert into entry(entryid,name,thumbnail,longdescription,duration
        ,type,tag,category,categoryid,status,created_at,shortdescription,director,producer,cast,crew,sub_genre,language,
        pgrating,video_status,puser_id,custom_data)
        values('0_8pe7c039','Pat a Cake Baker Man | Nursery Rhyme','http://ott.planetcast.in/p/108/sp/10800/thumbnail/entry_id/0_8pe7c039/version/100002','Watch Pat a Cake Baker\'s Man nursery rhyme for kids and sing along with the video.','69','1',
        'kids, 10, cartoon, children, rhyming, series, little, kid, yr, learning, video, animation, animated, telling, listen, class, classes, album, zone, junior, diary, tales, tale, juniors, ten, bed, nursery, rhyme, lyrics, poems, purple, turtle, english','ON DEMAND>KIDS>NURSERY RHYMES','221','2','2018-06-07 16:39:52','Watch Pat a Cake Baker\'s Man nursery rhyme for kids and sing along with the video.','','',
         '','','Juniors','English','G','inactive','','')
07/06/2018 17:10:41 | SUCCESS | Save Thumbnail(0_8pe7c039) | By-Adosphere_ott488 | 
07/06/2018 17:20:20 | SUCCESS | Updtate MetaData(0_ea4xut27) | By-Ados_ott488 | update entry set name='Chaar Mitra',thumbnail='http://ott.planetcast.in/p/108/sp/10800/thumbnail/entry_id/0_ea4xut27/version/100022',longdescription='Watch Chaar Mitra animated moral story in Telugu language. This story is based on Friendship and bond.\r\n',
        duration='356',type='1',tag='kids, cartoon, children, story, moral, little, learning, animation, junior, telling, listen, class, tales, series, tale, bedtime, storytelling, reciter, fairy, cartoons, videos, animated, chaar, mitra, friendship, save, stand, each, other, bond, animal, friend, telugu',category='ON DEMAND>KIDS>BEDTIME STORIES',categoryid='220',
        updated_at='2018-06-07 17:23:05',shortdescription='Watch Chaar Mitra animated moral story in Telugu language.',
        director='NULL',producer='NULL',cast='NULL',crew='NULL',sub_genre='Panchatantra',
        language='Telugu',pgrating='G',video_status='active',puser_id='',custom_data=''
        where entryid='0_ea4xut27'
07/06/2018 17:22:28 | SUCCESS | Updtate MetaData(0_xrrw3eed) | By-Ados_ott488 | update entry set name='Chaar Mitra',thumbnail='http://ott.planetcast.in/p/108/sp/10800/thumbnail/entry_id/0_xrrw3eed/version/100022',longdescription='Watch Chaar Mitra animated moral story in Gujarati language. This story is based on Friendship and bond.',
        duration='297',type='1',tag='kids, cartoon, children, story, moral, little, learning, animation, junior, telling, listen, class, tales, series, tale, bedtime, storytelling, reciter, fairy, cartoons, videos, animated, chaar, mitra, friendship, save, stand, each, other, bond, animal, friend, gujarati',category='ON DEMAND>KIDS>BEDTIME STORIES',categoryid='220',
        updated_at='2018-06-07 17:25:13',shortdescription='Watch Chaar Mitra animated moral story in Gujarati language.',
        director='NULL',producer='NULL',cast='NULL',crew='NULL',sub_genre='Panchatantra',
        language='Gujarati',pgrating='G',video_status='active',puser_id='',custom_data=''
        where entryid='0_xrrw3eed'
07/06/2018 17:23:04 | SUCCESS | Updtate MetaData(0_qj4lv3eu) | By-Ados_ott488 | update entry set name='Chaar Mitra',thumbnail='http://ott.planetcast.in/p/108/sp/10800/thumbnail/entry_id/0_qj4lv3eu/version/100022',longdescription='Watch Chaar Mitra animated moral story in Marathi language. This story is based on Friendship and bond.\r\n',
        duration='319',type='1',tag='kids, cartoon, children, story, moral, little, learning, animation, junior, telling, listen, class, tales, series, tale, bedtime, storytelling, reciter, fairy, cartoons, videos, animated, chaar, mitra, friendship, save, stand, each, other, bond, animal, friend, marathi',category='ON DEMAND>KIDS>BEDTIME STORIES',categoryid='220',
        updated_at='2018-06-07 17:25:49',shortdescription='Watch Chaar Mitra animated moral story in Marathi language.',
        director='NULL',producer='NULL',cast='NULL',crew='NULL',sub_genre='Panchatantra',
        language='Marathi',pgrating='G',video_status='active',puser_id='',custom_data=''
        where entryid='0_qj4lv3eu'
07/06/2018 17:27:49 | SUCCESS | Updtate MetaData(0_dyc27jv1) | By-Ados_ott488 | update entry set name='Chaar Mitra',thumbnail='http://ott.planetcast.in/p/108/sp/10800/thumbnail/entry_id/0_dyc27jv1/version/100022',longdescription='Watch Chaar Mitra animated moral story in Sindhi language. This story is based on Friendship and bond.',
        duration='383',type='1',tag='kids, cartoon, children, story, moral, little, learning, animation, junior, telling, listen, class, tales, series, tale, bedtime, storytelling, reciter, fairy, cartoons, videos, animated, chaar, mitra, friendship, save, stand, each, other, bond, animal, friend, sindhi, sindh',category='ON DEMAND>KIDS>BEDTIME STORIES',categoryid='220',
        updated_at='2018-06-07 17:30:34',shortdescription='Watch Chaar Mitra animated moral story in Sindhi language.',
        director='NULL',producer='NULL',cast='NULL',crew='NULL',sub_genre='Panchatantra',
        language='Sindhi',pgrating='G',video_status='active',puser_id='',custom_data=''
        where entryid='0_dyc27jv1'
07/06/2018 17:29:11 | SUCCESS | Updtate MetaData(0_qwy9sctn) | By-Ados_ott488 | update entry set name='Birbal Ki Khhichdi',thumbnail='http://ott.planetcast.in/p/108/sp/10800/thumbnail/entry_id/0_qwy9sctn/version/100032',longdescription='Watch One more famous Story of Akbar and Birbal- \'Birbal Ki Khichdi\' in Sindhi language. This story is one more example of Birbal\'s intelligence.',
        duration='269',type='1',tag='kids, cartoon, children, story, moral, little, learning, animation, junior, telling, listen, class, tales, series, bedtime, recite, fairy, navratna, birbal, khichdi, akbar, kahani, stew, emperor, freezing, stand, night, cold, water, pond, lesson, popular, sindhi',category='ON DEMAND>KIDS>BEDTIME STORIES',categoryid='220',
        updated_at='2018-06-07 17:31:56',shortdescription='Watch One more famous Story of Akbar and Birbal- \'Birbal Ki Khichdi\' in Sindhi language.',
        director='NULL',producer='NULL',cast='NULL',crew='NULL',sub_genre='Juniors',
        language='Sindhi',pgrating='G',video_status='active',puser_id='',custom_data=''
        where entryid='0_qwy9sctn'
07/06/2018 17:38:21 | SUCCESS | Updtate MetaData(0_fhncense) | By-Adosphere_ott488 | insert into entry(entryid,name,thumbnail,longdescription,duration
        ,type,tag,category,categoryid,status,created_at,shortdescription,director,producer,cast,crew,sub_genre,language,
        pgrating,video_status,puser_id,custom_data)
        values('0_fhncense','12345 Count | Caught a Fish Alive | Number Song','http://ott.planetcast.in/p/108/sp/10800/thumbnail/entry_id/0_fhncense/version/100002','The number song 1,2,3,4,5 caught a fish alive\r\nLYRICS-\r\nOne,two,three,four,five, \r\nOnce I caught a fish alive, \r\nSix,seven,eight,nine,ten,\r\nThen I let it go again.\r\nWhy did you let it go?\r\nBecause it bit my finger so.\r\nWhich finger did it bite?\r\nThis little finger on the right.','78','1',
        'kids, kahaniya, cartoon, children, rhyming, series, little, kid, 4yr, 8yr, learning, video, animation, animated, telling, listen, class, classes, album, zone, junior, diary, tales, tale, juniors, count, fish, alive, number, song, poems, purple, turtle, english','ON DEMAND>KIDS>LEARNING','222','2','2018-06-07 16:39:54','Watch the number song 1,2,3,4,5 Caught a fish alive nusrery rhyme.','','',
         '','','Juniors','English','G','inactive','','')
07/06/2018 17:40:42 | SUCCESS | Updtate MetaData(0_4ggnsm3a) | By-Adosphere_ott488 | insert into entry(entryid,name,thumbnail,longdescription,duration
        ,type,tag,category,categoryid,status,created_at,shortdescription,director,producer,cast,crew,sub_genre,language,
        pgrating,video_status,puser_id,custom_data)
        values('0_4ggnsm3a','Chubby Cheeks| Kids Learning','http://ott.planetcast.in/p/108/sp/10800/thumbnail/entry_id/0_4ggnsm3a/version/100002','Make your kids learn about the facial features by watching Chubby Cheeks nursery rhyme.','75','1',
        'kids, cartoon, children, rhyming, series, little, kid, 4yr, 8yr, learning, video, animation, animated, telling, listen, class, classes, album, zone, junior, diary, tales, tale, juniors, chubby, cheeks, dimple, chin, rhyme, poems, purple, turtle, english','ON DEMAND>KIDS>NURSERY RHYMES','221','2','2018-06-07 16:39:55','Make your kids learn about the facial features by watching Chubby Cheeks nursery rhyme.','','',
         '','','Juniors','English','G','inactive','','')
07/06/2018 17:44:06 | SUCCESS | Updtate MetaData(0_qv9vji9d) | By-Ados_ott488 | update entry set name='Wise Old Owl in English',thumbnail='http://ott.planetcast.in/p/108/sp/10800/thumbnail/entry_id/0_qv9vji9d/version/100042',longdescription='Watch the nursery rhyme of Wise Old Owl and sing along with the video.',
        duration='70',type='1',tag='cartoon, children, rhyming, series, little, kid, learning, animation, animated, telling, listen, class, classes, album, zone, junior, diary, tales, tale, juniors, wise, old, owl, englishrhyme, poems, purple, turtle, kids',category='ON DEMAND>KIDS>NURSERY RHYMES',categoryid='221',
        updated_at='2018-06-07 17:46:51',shortdescription='Watch the nursery rhyme of Wise Old Owl and sing along with the video.',
        director='',producer='',cast='',crew='',sub_genre='Juniors',
        language='English',pgrating='G',video_status='active',puser_id='Adosphere',custom_data=''
        where entryid='0_qv9vji9d'
07/06/2018 17:45:30 | SUCCESS | Updtate MetaData(0_q3dajyad) | By-Adosphere_ott488 | update entry set name='Ding Dong Bell | Nursery Rhyme | Lyrics',thumbnail='http://ott.planetcast.in/p/108/sp/10800/thumbnail/entry_id/0_q3dajyad/version/100012',longdescription='Watch new nursery rhyme \' Ding Dong Bell \' of little kitty and make your kid sing along with the video.',
        duration='62',type='1',tag='kids, cartoon, children, rhyming, series, little, kid, learning, video, animation, animated, telling, listen, class, classes, album, zone, junior, diary, tales, tale, juniors, ding, dong, bell, nursery, lyrics, poems, purple, turtle, english',category='ON DEMAND>KIDS>NURSERY RHYMES',categoryid='221',
        updated_at='2018-06-07 17:48:14',shortdescription='Watch new nursery rhyme \' Ding Dong Bell \' of little kitty and make your kid sing along with the video.',
        director='',producer='',cast='',crew='',sub_genre='Juniors',
        language='English',pgrating='G',video_status='inactive',puser_id='',custom_data=''
        where entryid='0_q3dajyad'
07/06/2018 17:45:48 | SUCCESS | Updtate MetaData(0_4ggnsm3a) | By-Adosphere_ott488 | update entry set name='Chubby Cheeks| Kids Learning',thumbnail='http://ott.planetcast.in/p/108/sp/10800/thumbnail/entry_id/0_4ggnsm3a/version/100012',longdescription='Make your kids learn about the facial features by watching Chubby Cheeks nursery rhyme.',
        duration='75',type='1',tag='kids, cartoon, children, rhyming, series, little, kid, learning, video, animation, animated, telling, listen, class, classes, album, zone, junior, diary, tales, tale, juniors, chubby, cheeks, dimple, chin, rhyme, poems, purple, turtle, english',category='ON DEMAND>KIDS>NURSERY RHYMES',categoryid='221',
        updated_at='2018-06-07 17:48:33',shortdescription='Make your kids learn about the facial features by watching Chubby Cheeks nursery rhyme.',
        director='',producer='',cast='',crew='',sub_genre='Juniors',
        language='English',pgrating='G',video_status='inactive',puser_id='',custom_data=''
        where entryid='0_4ggnsm3a'
07/06/2018 17:46:10 | SUCCESS | Updtate MetaData(0_fhncense) | By-Adosphere_ott488 | update entry set name='12345 Count | Caught a Fish Alive | Number Song',thumbnail='http://ott.planetcast.in/p/108/sp/10800/thumbnail/entry_id/0_fhncense/version/100012',longdescription='The number song 1,2,3,4,5 caught a fish alive\r\nLYRICS-\r\nOne,two,three,four,five, \r\nOnce I caught a fish alive, \r\nSix,seven,eight,nine,ten,\r\nThen I let it go again.\r\nWhy did you let it go?\r\nBecause it bit my finger so.\r\nWhich finger did it bite?\r\nThis little finger on the right.',
        duration='78',type='1',tag='kids, kahaniya, cartoon, children, rhyming, series, little, kid, learning, animation, animated, telling, listen, class, classes, album, zone, junior, diary, tales, tale, juniors, count, fish, alive, number, song, poems, purple, turtle, english',category='ON DEMAND>KIDS>LEARNING',categoryid='222',
        updated_at='2018-06-07 17:48:55',shortdescription='Watch the number song 1,2,3,4,5 Caught a fish alive nusrery rhyme.',
        director='',producer='',cast='',crew='',sub_genre='Juniors',
        language='English',pgrating='G',video_status='inactive',puser_id='',custom_data=''
        where entryid='0_fhncense'
07/06/2018 17:46:32 | SUCCESS | Updtate MetaData(0_ymuh13so) | By-Adosphere_ott488 | update entry set name='BINGO | Learning Alphabets',thumbnail='http://ott.planetcast.in/p/108/sp/10800/thumbnail/entry_id/0_ymuh13so/version/100012',longdescription='Bingo is a spelling song for kids. In this rhyme, Bingo is the name of a dog and the same verse goes around the spelling B-I-N-G-O.',
        duration='123',type='1',tag='kids, cartoon, children, rhyming, series, little, kid, learning, animation, animated, telling, listen, class, classes, album, zone, junior, diary, tales, tale, juniors, bingo, alphabets, poems, rhyme, purple, turtle, english',category='ON DEMAND>KIDS>LEARNING',categoryid='222',
        updated_at='2018-06-07 17:49:16',shortdescription='Bingo is a spelling song for kids. In this rhyme, Bingo is the name of a dog and the same verse goes around the spelling B-I-N-G-O.',
        director='',producer='',cast='',crew='',sub_genre='Juniors',
        language='English',pgrating='G',video_status='inactive',puser_id='',custom_data=''
        where entryid='0_ymuh13so'
07/06/2018 17:46:56 | SUCCESS | Updtate MetaData(0_78l09dp7) | By-Adosphere_ott488 | update entry set name='RAIN RAIN GO AWAY | NURSERY RHYME | LYRICS',thumbnail='http://ott.planetcast.in/p/108/sp/10800/thumbnail/entry_id/0_78l09dp7/version/100012',longdescription='The Kids popular and entertaining rhyme \'RAIN RAIN GO AWAY\' let Jhony play with lyrics.',
        duration='70',type='1',tag='kids, cartoon, children, rhyming, series, little, kid, learning, animation, animated, telling, listen, class, classes, album, zone, junior, diary, tales, tale, juniors, rain, nursery, rhyme, lyrics, poems, purple, turtle, english',category='ON DEMAND>KIDS>NURSERY RHYMES',categoryid='221',
        updated_at='2018-06-07 17:49:41',shortdescription='The Kids popular and entertaining rhyme \'RAIN RAIN GO AWAY\' let Jhony play with lyrics.',
        director='',producer='',cast='',crew='',sub_genre='Juniors',
        language='English',pgrating='G',video_status='inactive',puser_id='',custom_data=''
        where entryid='0_78l09dp7'
07/06/2018 17:47:25 | SUCCESS | Updtate MetaData(0_1g75p5fv) | By-Adosphere_ott488 | update entry set name='Ten in the bed | Nursery Rhyme | Lyrics',thumbnail='http://ott.planetcast.in/p/108/sp/10800/thumbnail/entry_id/0_1g75p5fv/version/100012',longdescription='Watch and count the turtle and his friends as we sing along \'Ten in bed \'.',
        duration='147',type='1',tag='kids, kahaniya, cartoon, children, rhyming, series, little, kid, learning, animation, animated, telling, listen, classes, album, junior, diary, tales, tale, juniors, count, fish, alive, number, song, poems, purple, turtle, english',category='ON DEMAND>KIDS>NURSERY RHYMES',categoryid='221',
        updated_at='2018-06-07 17:50:10',shortdescription='Watch and count the turtle and his friends as we sing along \'Ten in bed \'.',
        director='',producer='',cast='',crew='',sub_genre='Juniors',
        language='English',pgrating='G',video_status='inactive',puser_id='',custom_data=''
        where entryid='0_1g75p5fv'
07/06/2018 17:47:39 | SUCCESS | Updtate MetaData(0_5rqaff61) | By-Adosphere_ott488 | update entry set name='TURTLE FINGER FAMILY | Popular Nursery Rhyme',thumbnail='http://ott.planetcast.in/p/108/sp/10800/thumbnail/entry_id/0_5rqaff61/version/100002',longdescription='Watch the most popular nursery rhyme - Finger Family  in turtle version.',
        duration='111',type='1',tag='kids, cartoon, children, rhyming, series, little, kid, learning, animation, animated, telling, listen, class, classes, album, junior, diary, tales, tale, juniors, turtle, finger, family, popular, nursery, rhyme, poems, purple, english',category='ON DEMAND>KIDS>NURSERY RHYMES',categoryid='221',
        updated_at='2018-06-07 17:50:24',shortdescription='Watch the most popular nursery rhyme - Finger Family  in turtle version.',
        director='',producer='',cast='',crew='',sub_genre='Juniors',
        language='English',pgrating='G',video_status='inactive',puser_id='',custom_data=''
        where entryid='0_5rqaff61'
07/06/2018 17:47:54 | SUCCESS | Updtate MetaData(0_q3dajyad) | By-Adosphere_ott488 | update entry set name='Ding Dong Bell | Nursery Rhyme | Lyrics',thumbnail='http://ott.planetcast.in/p/108/sp/10800/thumbnail/entry_id/0_q3dajyad/version/100012',longdescription='Watch new nursery rhyme \' Ding Dong Bell \' of little kitty and make your kid sing along with the video.',
        duration='62',type='1',tag='kids, cartoon, children, rhyming, series, little, kid, learning, animation, animated, telling, listen, class, classes, album, junior, diary, tales, tale, juniors, ding, dong, bell, nursery, lyrics, poems, purple, turtle, english',category='ON DEMAND>KIDS>NURSERY RHYMES',categoryid='221',
        updated_at='2018-06-07 17:50:39',shortdescription='Watch new nursery rhyme \' Ding Dong Bell \' of little kitty and make your kid sing along with the video.',
        director='',producer='',cast='',crew='',sub_genre='Juniors',
        language='English',pgrating='G',video_status='inactive',puser_id='',custom_data=''
        where entryid='0_q3dajyad'
07/06/2018 17:48:18 | SUCCESS | Updtate MetaData(0_ymuh13so) | By-Adosphere_ott488 | update entry set name='BINGO | Learning Alphabets',thumbnail='http://ott.planetcast.in/p/108/sp/10800/thumbnail/entry_id/0_ymuh13so/version/100012',longdescription='Bingo is a spelling song for kids. In this rhyme, Bingo is the name of a dog and the same verse goes around the spelling B-I-N-G-O.',
        duration='123',type='1',tag='kids, cartoon, children, rhyming, series, little, kid, learning, animation, animated, telling, listen, class, classes, album, junior, diary, tales, tale, juniors, bingo, alphabets, poems, rhyme, purple, turtle, english',category='ON DEMAND>KIDS>LEARNING',categoryid='222',
        updated_at='2018-06-07 17:51:03',shortdescription='Bingo is a spelling song for kids. In this rhyme, Bingo is the name of a dog and the same verse goes around the spelling B-I-N-G-O.',
        director='',producer='',cast='',crew='',sub_genre='Juniors',
        language='English',pgrating='G',video_status='inactive',puser_id='',custom_data=''
        where entryid='0_ymuh13so'
07/06/2018 17:48:50 | SUCCESS | Updtate MetaData(0_8pe7c039) | By-Adosphere_ott488 | update entry set name='Pat a Cake Baker Man | Nursery Rhyme',thumbnail='http://ott.planetcast.in/p/108/sp/10800/thumbnail/entry_id/0_8pe7c039/version/100012',longdescription='Watch Pat a Cake Baker\'s Man nursery rhyme for kids and sing along with the video.',
        duration='69',type='1',tag='kids, 10, cartoon, children, rhyming, series, little, kid, learning, animation, animated, telling, listen, class, classes, album, zone, junior, diary, tales, tale, juniors, ten, bed, nursery, rhyme, lyrics, poems, purple, turtle, english',category='ON DEMAND>KIDS>NURSERY RHYMES',categoryid='221',
        updated_at='2018-06-07 17:51:35',shortdescription='Watch Pat a Cake Baker\'s Man nursery rhyme for kids and sing along with the video.',
        director='',producer='',cast='',crew='',sub_genre='Juniors',
        language='English',pgrating='G',video_status='inactive',puser_id='',custom_data=''
        where entryid='0_8pe7c039'
07/06/2018 17:49:13 | SUCCESS | Updtate MetaData(0_s9xqbcee) | By-Adosphere_ott488 | update entry set name='Incy Wincy Spider | Nursery Rhyme',thumbnail='http://ott.planetcast.in/p/108/sp/10800/thumbnail/entry_id/0_s9xqbcee/version/100012',longdescription='Incy Wincy Spider\r\nLyrics -\r\nIncy wincy spider,\r\nwent up the waterspout,\r\nDown came the rain,\r\nand washed the spider out,\r\nOut came the sun,\r\nand dried up all the rain,\r\nSo incy wincy spider,\r\nwent up the spout again.',
        duration='77',type='1',tag='kids, cartoon, children, rhyming, series, little, kid, learning, animation, animated, telling, listen, class, classes, album, junior, diary, tales, tale, juniors, incy, wincy, spider, nursery, rhyme, poems, purple, turtle, english',category='ON DEMAND>KIDS>NURSERY RHYMES',categoryid='221',
        updated_at='2018-06-07 17:51:57',shortdescription='Watch nursery rhyme Incy Wincy Spider and sing along with the video.',
        director='',producer='',cast='',crew='',sub_genre='Juniors',
        language='English',pgrating='G',video_status='inactive',puser_id='',custom_data=''
        where entryid='0_s9xqbcee'
07/06/2018 17:52:02 | SUCCESS | Updtate MetaData(0_wja5ttqy) | By-Adosphere_ott488 | insert into entry(entryid,name,thumbnail,longdescription,duration
        ,type,tag,category,categoryid,status,created_at,shortdescription,director,producer,cast,crew,sub_genre,language,
        pgrating,video_status,puser_id,custom_data)
        values('0_wja5ttqy','The Grand Old Duke of York - Nursery Rhyme','http://ott.planetcast.in/p/108/sp/10800/thumbnail/entry_id/0_wja5ttqy/version/100002','Watch new nursery rhyme \'Grand Old Duke of York\' with lyrics. Watch and sing along with the video.','56','1',
        'kids, cartoon, children, rhyming, series, little, kid, learning, animation, animated, telling, listen, class, classes, album, junior, diary, tales, tale, juniors, grand, old, duke, york, nursery, rhyme, poems, purple, turtle, english','ON DEMAND>KIDS>NURSERY RHYMES','221','2','2018-06-07 16:39:58','Watch new nursery rhyme \'Grand Old Duke of York\' with lyrics. Watch and sing along with the video.','','',
         '','','Juniors','English','G','inactive','','')
07/06/2018 17:54:19 | SUCCESS | Updtate MetaData(0_rdte3bik) | By-Adosphere_ott488 | insert into entry(entryid,name,thumbnail,longdescription,duration
        ,type,tag,category,categoryid,status,created_at,shortdescription,director,producer,cast,crew,sub_genre,language,
        pgrating,video_status,puser_id,custom_data)
        values('0_rdte3bik','Twinkle Twinkle Little Star | Nursery Rhyme','http://ott.planetcast.in/p/108/sp/10800/thumbnail/entry_id/0_rdte3bik/version/100002','Twinkle,twinkle,little star. How I wonder what you are. Up above the world so high,Like a diamond in the sky. Twinkle,twinkle,little star. How I wonder what you are. Twinkle,twinkle,little star. How I wonder what you are. Up above the world so high,Like a diamond in the sky. Twinkle,twinkle,little star. How I wonder what you are.','72','1',
        'kids, cartoon, children, rhyming, series, little, kid, learning, animation, animated, telling, listen, class, classes, album, junior, diary, tales, tale, juniors, head, shoulder, neck, knee, toes, nursery, rhyme, poems, learn, purple, turtle, english','ON DEMAND>KIDS>NURSERY RHYMES','221','2','2018-06-07 16:39:59','Twinkle,twinkle,little star. How I wonder what you are. Up above the world so high,Like a diamond in the sky. Twinkle,twinkle,little star.','','',
         '','','Juniors','English','G','inactive','','')
07/06/2018 17:54:27 | SUCCESS | Updtate MetaData(0_7pg90s78) | By-Ados_ott488 | update entry set name='Takat the Dog Episode 51 - The Hummer',thumbnail='http://ott.planetcast.in/p/108/sp/10800/thumbnail/entry_id/0_7pg90s78/version/100002',longdescription='The Kids Animation Takat the dog episode 51 - While walking in park Takat saw a remote hummer car.The boy teases him and plays with his car. Takat also teach him a lesson with his own hummer. Watch the video to see the fun moment of Takat.',
        duration='160',type='1',tag='kids, cartoon, takat, dog, episode, series, little, children, story, learning, animation, stories, telling, tales, juniors, season, barcelona, digital, stray, non, dialogue, comedy, full, 51, peekaboo, hummer',category='ON DEMAND>KIDS>ANIMATION',categoryid='219',
        updated_at='2018-06-07 17:57:12',shortdescription='The Kids Animation Takat the dog episode 51 - While walking in park Takat saw a remote hummer car.The boy teases him and plays with his car. Takat also teach him a lesson with his own hummer. Watch the video to see the fun moment of Takat.',
        director='Juan Linares',producer='NULL',cast='NULL',crew='NULL',sub_genre='Juniors',
        language='English',pgrating='G',video_status='active',puser_id='',custom_data=''
        where entryid='0_7pg90s78'
07/06/2018 18:04:31 | SUCCESS | Updtate MetaData(0_vwy9dn1j) | By-Adosphere_ott488 | insert into entry(entryid,name,thumbnail,longdescription,duration
        ,type,tag,category,categoryid,status,created_at,shortdescription,director,producer,cast,crew,sub_genre,language,
        pgrating,video_status,puser_id,custom_data)
        values('0_vwy9dn1j','Head Shoulder Neck Knee and Toes | Learning Nursery Rhyme','http://ott.planetcast.in/p/108/sp/10800/thumbnail/entry_id/0_vwy9dn1j/version/100002','Watch one of the best nursery rhyme \' Head, Shoulder, Neck, Knee and Toes \' . Learn and sing this fun song with kids.','28','1',
        'kids, cartoon, children, rhyming, series, little, learning, animation, animated, telling, listen, class, classes, album, kid, junior, diary, tales, tale, juniors, poems, rhyme, head, shoulder, neck, eyes, nose, lips, hips, purple, turtle, english','ON DEMAND>KIDS>NURSERY RHYMES','221','2','2018-06-07 16:39:59','Watch one of the best nursery rhyme \' Head, Shoulder, Neck, Knee and Toes \' . Learn and sing this fun song with kids.','','',
         '','','Juniors','English','G','inactive','','')
07/06/2018 18:05:17 | SUCCESS | Save Thumbnail(0_vwy9dn1j) | By-Adosphere_ott488 | 
07/06/2018 18:06:23 | SUCCESS | Updtate MetaData(0_qmmfhf7y) | By-Adosphere_ott488 | insert into entry(entryid,name,thumbnail,longdescription,duration
        ,type,tag,category,categoryid,status,created_at,shortdescription,director,producer,cast,crew,sub_genre,language,
        pgrating,video_status,puser_id,custom_data)
        values('0_qmmfhf7y','Mary Had a Little Lamb | Popular Nursery Rhyme','http://ott.planetcast.in/p/108/sp/10800/thumbnail/entry_id/0_qmmfhf7y/version/100002','Watch and sing along with the popular nursery rhyme - Mary had a little lamb.','120','1',
        'kids, cartoon, children, rhyming, series, little, kid, learning, animation, animated, telling, listen, class, classes, album, junior, diary, tales, tale, juniors, mary, lamb, popular, nursery, rhyme, poems, purple, turtle, english','ON DEMAND>KIDS>NURSERY RHYMES','221','2','2018-06-07 16:40:00','Watch and sing along with the popular nursery rhyme - Mary had a little lamb.','','',
         '','','Juniors','English','G','inactive','','')
07/06/2018 18:08:38 | SUCCESS | Bulk Add Content Viewer(Array,G) | By-Adosphere_ott488 | 
