24/08/2018 04:52:12 | SUCCESS | login-(Ravindra) | By-Ravindra_ott488 | 
24/08/2018 10:26:10 | SUCCESS | Updtate MetaData(0_ioqk6q51) | By-Ravindra_ott488 | update entry set name='The Porsche 919 Hybrid in Shanghai',thumbnail='http://ott.planetcast.in/p/108/sp/10800/thumbnail/entry_id/0_ioqk6q51/version/100002',longdescription='The Porsche 919 Hybrid that scored three 24 Hours of Le Mans wins between 2015 and 2017 may have been retired, but it is currently enjoying a worldwide tribute tour which, after Spa-Fraoncorchamps and Nürburgring, now takes it to Shanghai.',
        duration='78',type='1',tag='porsche, porsche 919, 919 hybrid, hybrid, porsche 919 hybrid, shanghai, automototv',category='ON DEMAND>AUTOMOBILE>RACING',categoryid='197',
        updated_at='2018-08-24 10:30:00',shortdescription='The Porsche 919 Hybrid that scored three 24 Hours of Le Mans wins between 2015 and 2017 may have been retired',
        director='',producer='',cast='',crew='',sub_genre='Car Racing',
        language='',pgrating='',video_status='inactive',custom_data=''
        where entryid='0_ioqk6q51'
24/08/2018 04:58:03 | SUCCESS | login-(Adosphere) | By-Adosphere_ott488 | 
24/08/2018 10:37:04 | SUCCESS | Updtate MetaData(0_lxjt36fn) | By-Ravindra_ott488 | update entry set name='Porsche 919 Hybrid Evo Lap record at the Nürburgring Highlights',thumbnail='http://ott.planetcast.in/p/108/sp/10800/thumbnail/entry_id/0_lxjt36fn/version/100002',longdescription='The Porsche 919 Hybrid Evo smashed Stefan Bellof\'s lap record for the Nurburgring-Nordschleife. Two-time Le Mans winner Timo Bernhard was behind the wheel and did it in 5m19.546s, knocking nearly a whole minute off the 1983 record time.',
        duration='343',type='1',tag='porsche, porsche 919, porsche 919 hybrid evo, hybrid, lap record, nürburgring, highlights, automototv',category='ON DEMAND>AUTOMOBILE>FURY ROAD',categoryid='196',
        updated_at='2018-08-24 10:40:54',shortdescription='The Porsche 919 Hybrid Evo smashed Stefan Bellof\'s lap record for the Nurburgring-Nordschleife.',
        director='',producer='',cast='',crew='',sub_genre='Car highlights',
        language='',pgrating='',video_status='inactive',custom_data=''
        where entryid='0_lxjt36fn'
24/08/2018 10:45:11 | SUCCESS | Updtate MetaData(0_7dpra8ly) | By-Ravindra_ott488 | update entry set name='Porsche 919 Hybrid Evo Lap record at the Nürburgring Onboard',thumbnail='http://ott.planetcast.in/p/108/sp/10800/thumbnail/entry_id/0_7dpra8ly/version/100002',longdescription='The Porsche 919 Hybrid Evo smashed Stefan Bellof\'s lap record for the Nurburgring-Nordschleife. Two-time Le Mans winner Timo Bernhard was behind the wheel and did it in 5m19.546s, knocking nearly a whole minute off the 1983 record time.',
        duration='161',type='1',tag='porsche, porsche 919, porsche 919 hybrid evo, hybrid, lap record, nürburgring, onboard, automototv',category='ON DEMAND>AUTOMOBILE>RACING',categoryid='197',
        updated_at='2018-08-24 10:49:01',shortdescription='The Porsche 919 Hybrid Evo smashed Stefan Bellof\'s lap record for the Nurburgring-Nordschleife.',
        director='',producer='',cast='',crew='',sub_genre='Car Racing',
        language='',pgrating='',video_status='inactive',custom_data=''
        where entryid='0_7dpra8ly'
24/08/2018 10:54:44 | SUCCESS | Updtate MetaData(0_3dp7xpj0) | By-Ravindra_ott488 | update entry set name='2018 Honda CR-V VTEC TURBO Petrol Drone Driving Video',thumbnail='http://ott.planetcast.in/p/108/sp/10800/thumbnail/entry_id/0_3dp7xpj0/version/100002',longdescription='The new CR-V makes use of Honda’s 1.5-litre VTEC TURBO petrol engine that was first seen in the latest Honda Civic, and has been adapted to include an exclusively-designed turbocharger for CR-V. It offers a remarkable and class-leading combination of power and efficiency, and features numerous technologies to achieve optimum driveability and performance.\r\n\r\nPower output for the VTEC TURBO is 173 PS (127kW) at 5,600 rpm when equipped with the six-speed manual gearbox (6MT), and 193 PS (142 kW) at 5,600 rpm for CVT models. Maximum torque is 220 Nm between 1,900 and 5,000 rpm for 6MT and 243 Nm between 2,000 and 5,000 rpm for CVT.\r\n\r\nThe new VTEC TURBO engine delivers environmental performance that is among the class leaders. Official CO2 emissions are 143 g/km for the 6MT front-wheel-drive model and 162 g/km for CVT-equipped cars – which are fitted with all-wheel drive as standard. Fuel economy on the NEDC combined cycle is 6.3l/100 km (44.8 mpg) for the 6MT FWD model and 7.1l/100 km (39.8 mpg) for the CVT AWD car.',
        duration='194',type='1',tag='honda, honda cr-v, honda cr-v vtec turbo petrol, 2018, cr-v, vtec turbo petrol engine, 2018 honda cr-v vtec turbo petrol, drone, driving, automototv',category='ON DEMAND>AUTOMOBILE>FURY ROAD',categoryid='196',
        updated_at='2018-08-24 10:58:34',shortdescription='The new CR-V makes use of Honda’s 1.5-litre VTEC TURBO petrol engine that was first seen in the latest Honda Civic',
        director='',producer='',cast='',crew='',sub_genre='Car tour',
        language='',pgrating='',video_status='inactive',custom_data=''
        where entryid='0_3dp7xpj0'
24/08/2018 11:32:41 | SUCCESS | Updtate MetaData(0_yn19qxak) | By-Ravindra_ott488 | update entry set name='The all new Volkswagen T-Cross - Covered Drive in Makena Turquoise',thumbnail='http://ott.planetcast.in/p/108/sp/10800/thumbnail/entry_id/0_yn19qxak/version/100002',longdescription='Such a camouflage has never existed at Volkswagen on a purchase. So far prototypes were discreetly masked in black and white during the last test and test drives, so that nobody recognizes the details. A so-called \"covered drive\". The T-Cross will be different. The small SUV is intended to appeal to young customers and win for the brand - and this is already evident in the test drives. \"Black Uni\", \"Energetic Orange\" and \"Makena Turquoise\" are the names of the vehicle colors. The matching colored camouflage make the Covered Drive a Colored Drive. The T-Cross is meant to attract attention “It was very important to us to create a car that stands out in traffic,” says Klaus Bischoff, chief designer of the Volkswagen brand. “When you design an SUV, you have to make it look as if it could conquer any road on the planet. Independent, masculine, powerful. And these are all attributes the T-Cross has.” Outside of Munich, the T-Cross demonstrates its ability to conquer any road, when it reveals itself to a small group of people for the first time. Through gravel pits and the foothills of the Alps, along gravel roads and across fields toward Lake Starnberg. The T-Cross lets off steam, and that’s exactly what the smallest member of Volkswagen’s SUV family is for: small and big adventures in the cities and their outskirts.',
        duration='78',type='1',tag='vw, volkswagen, vw t-cross, volkswagen t-cross, new volkswagen t-cross, small suv, covered drive, makena turquoise, driving, automototv',category='ON DEMAND>AUTOMOBILE>FURY ROAD',categoryid='196',
        updated_at='2018-08-24 11:36:32',shortdescription='Such a camouflage has never existed at Volkswagen on a purchase.',
        director='',producer='',cast='',crew='',sub_genre='Car driving',
        language='',pgrating='',video_status='inactive',custom_data=''
        where entryid='0_yn19qxak'
24/08/2018 11:35:03 | SUCCESS | Updtate MetaData(0_5gau06pn) | By-Ravindra_ott488 | update entry set name='The all new Volkswagen T-Cross - Covered Drive in Energetic orange',thumbnail='http://ott.planetcast.in/p/108/sp/10800/thumbnail/entry_id/0_5gau06pn/version/100002',longdescription='Such a camouflage has never existed at Volkswagen on a purchase. So far prototypes were discreetly masked in black and white during the last test and test drives, so that nobody recognizes the details. A so-called \"covered drive\". The T-Cross will be different. The small SUV is intended to appeal to young customers and win for the brand - and this is already evident in the test drives. \"Black Uni\", \"Energetic Orange\" and \"Makena Turquoise\" are the names of the vehicle colors. The matching colored camouflage make the Covered Drive a Colored Drive. The T-Cross is meant to attract attention “It was very important to us to create a car that stands out in traffic,” says Klaus Bischoff, chief designer of the Volkswagen brand. “When you design an SUV, you have to make it look as if it could conquer any road on the planet. Independent, masculine, powerful. And these are all attributes the T-Cross has.” Outside of Munich, the T-Cross demonstrates its ability to conquer any road, when it reveals itself to a small group of people for the first time. Through gravel pits and the foothills of the Alps, along gravel roads and across fields toward Lake Starnberg. The T-Cross lets off steam, and that’s exactly what the smallest member of Volkswagen’s SUV family is for: small and big adventures in the cities and their outskirts.',
        duration='153',type='1',tag='vw, volkswagen, vw t-cross, volkswagen t-cross, new volkswagen t-cross, small suv, covered drive, energetic orange, driving, orange, automototv',category='ON DEMAND>AUTOMOBILE>FURY ROAD',categoryid='196',
        updated_at='2018-08-24 11:38:53',shortdescription='Such a camouflage has never existed at Volkswagen on a purchase. ',
        director='',producer='',cast='',crew='',sub_genre='Car driving',
        language='',pgrating='',video_status='inactive',custom_data=''
        where entryid='0_5gau06pn'
24/08/2018 12:00:45 | SUCCESS | Save Thumbnail(0_j01jlsmp) | By-Ravindra_ott488 | 
24/08/2018 12:01:25 | SUCCESS | Updtate MetaData(0_j01jlsmp) | By-Ravindra_ott488 | update entry set name='70 Years of Land Rover material innovation at the London Design Museum',thumbnail='http://ott.planetcast.in/p/108/sp/10800/thumbnail/entry_id/0_j01jlsmp/version/100012',longdescription='Land Rover and the Design Museum are inviting visitors to take a seat to commemorate 70 years of the Land Rover brand. The atrium seating at the London museum has been re-upholstered with 18 original materials used in Land Rovers from 1948 to 2018 for the Material Innovation installation. They include the original fabric from the first Land Rover (1948), the cloth designed with Sir Paul Smith for his special edition Land Rover Defender (2015) and an innovative, sustainable textile developed by Kvadrat for the Range Rover Velar (2017) as a premium alternative to leather. Visitors are invited to discover and experience the different qualities of these authentic fabrics – a change from the usual ‘don’t touch’ rule at museums.',
        duration='60',type='1',tag='land rover, 70 years, material innovation, london design museum, london, design museum, automototv',category='ON DEMAND>AUTOMOBILE>FURY ROAD',categoryid='196',
        updated_at='2018-08-24 12:05:15',shortdescription='Land Rover and the Design Museum are inviting visitors to take a seat to commemorate 70 years of the Land Rover brand.',
        director='',producer='',cast='',crew='',sub_genre='Car design',
        language='',pgrating='',video_status='active',custom_data=''
        where entryid='0_j01jlsmp'
24/08/2018 12:09:56 | SUCCESS | Updtate MetaData(0_j01jlsmp) | By-Ravindra_ott488 | update entry set name='70th Land Rover material innovation',thumbnail='http://ott.planetcast.in/p/108/sp/10800/thumbnail/entry_id/0_j01jlsmp/version/100022',longdescription='Land Rover and the Design Museum are inviting visitors to take a seat to commemorate 70 years of the Land Rover brand. The atrium seating at the London museum has been re-upholstered with 18 original materials used in Land Rovers from 1948 to 2018 for the Material Innovation installation. They include the original fabric from the first Land Rover (1948), the cloth designed with Sir Paul Smith for his special edition Land Rover Defender (2015) and an innovative, sustainable textile developed by Kvadrat for the Range Rover Velar (2017) as a premium alternative to leather. Visitors are invited to discover and experience the different qualities of these authentic fabrics – a change from the usual ‘don’t touch’ rule at museums.',
        duration='60',type='1',tag='land rover, 70 years, material innovation, london design museum, london, design museum, automototv',category='ON DEMAND>AUTOMOBILE>FURY ROAD',categoryid='196',
        updated_at='2018-08-24 12:13:46',shortdescription='Land Rover and the Design Museum are inviting visitors to take a seat to commemorate 70 years of the Land Rover brand.',
        director='',producer='',cast='',crew='',sub_genre='Car design',
        language='',pgrating='',video_status='active',custom_data=''
        where entryid='0_j01jlsmp'
24/08/2018 12:11:10 | SUCCESS | Save Thumbnail(0_jqw4l3s6) | By-Ravindra_ott488 | 
24/08/2018 12:11:51 | SUCCESS | Updtate MetaData(0_jqw4l3s6) | By-Ravindra_ott488 | update entry set name='Goodwood Festival of Speed 2018 in sign of Alfa Romeo',thumbnail='http://ott.planetcast.in/p/108/sp/10800/thumbnail/entry_id/0_jqw4l3s6/version/100012',longdescription='The 2018 Goodwood Festival of Speed is officially under way. Coined the world\'s largest automotive garden party, the event celebrates cars and bikes in all their diverse forms. Alfa Romeo will arrive in West Sussex with its new, limited-edition NRING models, based on the Giulia and Stelvio Quadrifoglio, which celebrate the duo’s lap times at the Nordschleife. Elsewhere on Alfa’s stand you’ll find the Alfa Romeo Sauber F1 car, as well as the Alfa Romeo GTAm and 1900 Sport Spider; both have been flown in from the Alfa Romeo Museum. ',
        duration='755',type='1',tag='goodwood, festival of speed, 2018, alfa romeo, goodwood festival of speed, nring models, nring, automototv',category='ON DEMAND>AUTOMOBILE>FURY ROAD',categoryid='196',
        updated_at='2018-08-24 12:15:41',shortdescription='The 2018 Goodwood Festival of Speed is officially under way. Coined the world\'s largest automotive garden party, the event celebrates cars and bikes i',
        director='',producer='',cast='',crew='',sub_genre='Car model',
        language='',pgrating='Car racing',video_status='active',custom_data=''
        where entryid='0_jqw4l3s6'
24/08/2018 12:12:55 | SUCCESS | Updtate MetaData(0_jqw4l3s6) | By-Ravindra_ott488 | update entry set name='Goodwood Festival of Speed 2018',thumbnail='http://ott.planetcast.in/p/108/sp/10800/thumbnail/entry_id/0_jqw4l3s6/version/100012',longdescription='The 2018 Goodwood Festival of Speed is officially under way. Coined the world\'s largest automotive garden party, the event celebrates cars and bikes in all their diverse forms. Alfa Romeo will arrive in West Sussex with its new, limited-edition NRING models, based on the Giulia and Stelvio Quadrifoglio, which celebrate the duo’s lap times at the Nordschleife. Elsewhere on Alfa’s stand you’ll find the Alfa Romeo Sauber F1 car, as well as the Alfa Romeo GTAm and 1900 Sport Spider; both have been flown in from the Alfa Romeo Museum. ',
        duration='755',type='1',tag='goodwood, festival of speed, 2018, alfa romeo, goodwood festival of speed, nring models, nring, automototv',category='ON DEMAND>AUTOMOBILE>FURY ROAD',categoryid='196',
        updated_at='2018-08-24 12:16:46',shortdescription='The 2018 Goodwood Festival of Speed is officially under way. Coined the world\'s largest automotive garden party, the event celebrates cars and bikes i',
        director='',producer='',cast='',crew='',sub_genre='Car model',
        language='',pgrating='Car racing',video_status='active',custom_data=''
        where entryid='0_jqw4l3s6'
24/08/2018 12:16:30 | SUCCESS | Updtate MetaData(0_jqw4l3s6) | By-Ravindra_ott488 | update entry set name='Alfa Romeo Goodwood Festival 2018',thumbnail='http://ott.planetcast.in/p/108/sp/10800/thumbnail/entry_id/0_jqw4l3s6/version/100012',longdescription='The 2018 Goodwood Festival of Speed is officially under way. Coined the world\'s largest automotive garden party, the event celebrates cars and bikes in all their diverse forms. Alfa Romeo will arrive in West Sussex with its new, limited-edition NRING models, based on the Giulia and Stelvio Quadrifoglio, which celebrate the duo’s lap times at the Nordschleife. Elsewhere on Alfa’s stand you’ll find the Alfa Romeo Sauber F1 car, as well as the Alfa Romeo GTAm and 1900 Sport Spider; both have been flown in from the Alfa Romeo Museum. ',
        duration='755',type='1',tag='goodwood, festival of speed, 2018, alfa romeo, goodwood festival of speed, nring models, nring, automototv',category='ON DEMAND>AUTOMOBILE>FURY ROAD',categoryid='196',
        updated_at='2018-08-24 12:20:21',shortdescription='The 2018 Goodwood Festival of Speed is officially under way. Coined the world\'s largest automotive garden party, the event celebrates cars and bikes i',
        director='',producer='',cast='',crew='',sub_genre='Car racing',
        language='',pgrating='',video_status='active',custom_data=''
        where entryid='0_jqw4l3s6'
24/08/2018 12:28:43 | SUCCESS | Updtate MetaData(0_lphiinsm) | By-Ravindra_ott488 | update entry set name='Kia Sportage Overview Video',thumbnail='http://ott.planetcast.in/p/108/sp/10800/thumbnail/entry_id/0_lphiinsm/version/100002',longdescription='When Kia Motors Australia launched the fourth generation of the Sportage Compact SUV it was a case of major strides and giant leaps forward.\r\n\r\nFor the product enhancement model just hitting showrooms it is much more a case of refining and polishing what has proven to be a worthy member of the Kia garage.\r\n\r\nFor the Australian market the new Sportage will be available in four trim levels _ Si, Si Premium, SLi and GT-Line _ with a choice of three engines, a 2.0-litre MPI (114kW and 192 Nm) for Si, Si Premium and SLi, a 2.4-litre GDI (135kW and 237Nm) in GT-Line only and a 2.0-litre diesel (136kW and 400Nm) in all grades.\r\n\r\nAll petrol models will feature a six-speed automatic gearbox driving the front wheels only in the 2.0-litre petrol Si, Si Premium and SLi models and linked to Kia’s proven on-demand AWD system in the 2.4-litre GDI petrol in the GT-Line.\r\n\r\nAll diesel models also feature the AWD system but now benefit from Kia’s in-house 8-speed automatic gearbox.',
        duration='192',type='1',tag='kia, kia sportage, sportage, overview, automototv',category='ON DEMAND>AUTOMOBILE>FURY ROAD',categoryid='196',
        updated_at='2018-08-24 12:32:33',shortdescription='Kia Motors Australia launched the fourth generation of the Sportage Compact SUV.',
        director='',producer='',cast='',crew='',sub_genre='Car Overview',
        language='',pgrating='',video_status='inactive',custom_data=''
        where entryid='0_lphiinsm'
24/08/2018 12:29:11 | SUCCESS | Save Thumbnail(0_lphiinsm) | By-Ravindra_ott488 | 
24/08/2018 07:27:53 | SUCCESS | login-(Adosphere) | By-Adosphere_ott488 | 
24/08/2018 11:09:30 | SUCCESS | login-(Adosphere) | By-Adosphere_ott488 | 
