01/12/2018 05:05:46 | SUCCESS | login-(Geetanjali) | By-Geetanjali_ott488 | 
01/12/2018 06:34:16 | SUCCESS | login-(Ados) | By-Ados_ott488 | 
01/12/2018 12:25:50 | SUCCESS | Updtate MetaData(0_bwl9kncq) | By-Geetanjali_ott488 | update entry set name='Porsche - Every race every podium',thumbnail='http://ott.planetcast.in/p/108/sp/10800/thumbnail/entry_id/0_bwl9kncq/version/100002',longdescription='Both Porsche 911 RSR fielded by the Porsche GT Team finished on the podium at the FIA World Sports Car Championship WEC in Shanghai. Porsche also had reason to celebrate in the GTE-Am class. The three Porsche 911 RSR campaigned by the customer team Dempsey Proton Racing and Project 1 concluded the race on positions one to three.',
        duration='114',type='1',tag='porsche, porsche gt team, porsche 911 rsr, every race every podium, world sports car championship, fia, wec, automototv, drift, interviews, know, more, fast, speed, wheels, drive, driver, challange, automobile, road, roads, motor',category='ON DEMAND>AUTOMOBILE>DRIFT',categoryid='195',
        updated_at='2018-12-01 12:31:04',shortdescription='Both Porsche 911 RSR fielded by the Porsche GT Team finished on the podium at the FIA World Sports Car Championship WEC in Shanghai.',
        director='',producer='',cast='',crew='',sub_genre='Racing Event',
        language='English',pgrating='',video_status='inactive',custom_data=''
        where entryid='0_bwl9kncq'
01/12/2018 12:30:21 | SUCCESS | Updtate MetaData(0_lllm6mlj) | By-Geetanjali_ott488 | update entry set name='Volvo - This is not a car',thumbnail='http://ott.planetcast.in/p/108/sp/10800/thumbnail/entry_id/0_lllm6mlj/version/100002',longdescription='Volvo Cars comes to Automobility LA this year with a world-first: not a single car on the stand. Instead the company will demonstrate its vision, redefining what a car can be. \r\nSince motor shows were introduced, the car has always been a centrepiece, on a rotating stage or covered under a silk sheet. Yet cars are changing, the industry is changing and so are the expectations of people who use cars. Volvo at Automobility LA reflects these changes.\r\nHow consumers experience a car brand is today more important than chrome, leather or horsepower. So on the Volvo stand, visitors will look to the central space where they would expect to find a car, and instead see a simple yet surprising statement: ‘This Is Not A Car’.',
        duration='172',type='1',tag='volvo, volvo cars, this is not a car, automototv, drift, interviews, know, more, fast, speed, wheels, drive, driver, challange, automobile, road, roads, motor',category='ON DEMAND>AUTOMOBILE>DRIFT',categoryid='195',
        updated_at='2018-12-01 12:35:35',shortdescription='Volvo Cars comes to Automobility LA this year with a world-first: not a single car on the stand. Instead the company will demonstrate its vision, redefining what a car can be. ',
        director='',producer='',cast='',crew='',sub_genre='Interview',
        language='English',pgrating='',video_status='inactive',custom_data=''
        where entryid='0_lllm6mlj'
01/12/2018 13:42:19 | SUCCESS | Updtate MetaData(0_eril178w) | By-Geetanjali_ott488 | update entry set name='Volvo - This is not a car - Animation',thumbnail='http://ott.planetcast.in/p/108/sp/10800/thumbnail/entry_id/0_eril178w/version/100002',longdescription='Volvo Cars comes to Automobility LA this year with a world-first: not a single car on the stand. Instead the company will demonstrate its vision, redefining what a car can be. \r\nSince motor shows were introduced, the car has always been a centrepiece, on a rotating stage or covered under a silk sheet. Yet cars are changing, the industry is changing and so are the expectations of people who use cars. Volvo at Automobility LA reflects these changes.\r\nHow consumers experience a car brand is today more important than chrome, leather or horsepower. So on the Volvo stand, visitors will look to the central space where they would expect to find a car, and instead see a simple yet surprising statement: ‘This Is Not A Car’.',
        duration='56',type='1',tag='volvo, volvo cars, this is not a car, animation, automototv, drift, interviews, know, more, fast, speed, wheels, drive, driver, challange, automobile, road, roads, motor',category='ON DEMAND>AUTOMOBILE>DRIFT',categoryid='195',
        updated_at='2018-12-01 13:47:33',shortdescription='Volvo Cars comes to Automobility LA this year with a world-first: not a single car on the stand. Instead the company will demonstrate its vision, redefining what a car can be. ',
        director='',producer='',cast='',crew='',sub_genre='Event',
        language='English',pgrating='',video_status='inactive',custom_data=''
        where entryid='0_eril178w'
01/12/2018 13:43:14 | SUCCESS | Delete Video entry(0_8seika9o) | By-Geetanjali_ott488 | 
