21/06/2018 04:32:10 | SUCCESS | login-(Geetanjali) | By-Geetanjali_ott488 | 
21/06/2018 10:54:53 | SUCCESS | Save Content Partner(0_xd250hlo,) | By-Adosphere_ott488 | 
21/06/2018 11:01:15 | SUCCESS | Save Content Partner(0_ba7j97ol,) | By-Adosphere_ott488 | 
21/06/2018 11:03:30 | SUCCESS | Save Content Partner(0_sxpbmsyp,) | By-Adosphere_ott488 | 
21/06/2018 05:33:52 | SUCCESS | login-(Adosphere) | By-Adosphere_ott488 | 
21/06/2018 11:04:22 | SUCCESS | Save Content Viewer Rating(0_xbtnvr6x,PG) | By-Geetanjali_ott488 | 
21/06/2018 11:04:41 | SUCCESS | Save Content Viewer Rating(0_qeex7dlv,G) | By-Geetanjali_ott488 | 
21/06/2018 11:05:01 | SUCCESS | Save Content Viewer Rating(0_v4o4yike,PG) | By-Geetanjali_ott488 | 
21/06/2018 11:05:05 | SUCCESS | Updtate MetaData(0_76zi2rjb) | By-Adosphere_ott488 | update entry set name='Andy and his accordion',thumbnail='http://ott.planetcast.in/p/108/sp/10800/thumbnail/entry_id/0_76zi2rjb/version/100022',longdescription='Watch most popular fairy tale Andy and his accordion in Bengali language and enjoy singing with the video.',
        duration='309',type='1',tag='kids, cartoon, children, stories, story, moral, series, little, kid, learning, video, animation, animated, telling, listen, class, classes, album, zone, junior, diary, tales, tale, juniors, bengali, andy, music, accord, instrument, accordion',category='ON DEMAND>KIDS>BEDTIME STORIES',categoryid='220',
        updated_at='2018-06-21 11:08:01',shortdescription='Watch most popular fairy tale Andy and his accordion in Bengali language.',
        director='NULL',producer='NULL',cast='NULL',crew='NULL',sub_genre='Juniors',
        language='Bengali',pgrating='G',video_status='active',puser_id='',custom_data=''
        where entryid='0_76zi2rjb'
21/06/2018 11:05:42 | SUCCESS | Save Content Viewer Rating(0_uemmz493,G) | By-Geetanjali_ott488 | 
21/06/2018 11:07:44 | SUCCESS | Save Content Viewer Rating(0_q2axxgjg,G) | By-Geetanjali_ott488 | 
21/06/2018 11:08:06 | SUCCESS | Save Content Viewer Rating(0_ocu51bec,G) | By-Geetanjali_ott488 | 
21/06/2018 11:08:09 | SUCCESS | Save Content Partner(0_uh0od7f2,) | By-Adosphere_ott488 | 
21/06/2018 11:08:30 | SUCCESS | Save Content Viewer Rating(0_qbm9j07x,G) | By-Geetanjali_ott488 | 
21/06/2018 05:38:38 | SUCCESS | login-(Adosphere) | By-Adosphere_ott488 | 
21/06/2018 11:08:53 | SUCCESS | Save Content Viewer Rating(0_0kbtq54h,PG) | By-Geetanjali_ott488 | 
21/06/2018 11:09:23 | SUCCESS | Save Content Viewer Rating(0_rurtt5fw,G) | By-Geetanjali_ott488 | 
21/06/2018 11:09:45 | SUCCESS | Save Content Viewer Rating(0_apwk10hv,G) | By-Geetanjali_ott488 | 
21/06/2018 11:10:06 | SUCCESS | Save Content Viewer Rating(0_s1rlqogr,G) | By-Geetanjali_ott488 | 
21/06/2018 11:10:37 | SUCCESS | Save Content Viewer Rating(0_hwwfpfcu,PG) | By-Geetanjali_ott488 | 
21/06/2018 11:11:01 | SUCCESS | Save Content Viewer Rating(0_yyar11en,G) | By-Geetanjali_ott488 | 
21/06/2018 11:11:30 | SUCCESS | Save Content Viewer Rating(0_kiy1ju7y,PG) | By-Geetanjali_ott488 | 
21/06/2018 11:11:31 | SUCCESS | Save Content Partner(0_76zi2rjb,) | By-Adosphere_ott488 | 
21/06/2018 11:12:36 | SUCCESS | Save Content Partner(0_m1lrn73y,) | By-Adosphere_ott488 | 
21/06/2018 11:18:04 | SUCCESS | Save Content Partner(0_jqgvvrf4,) | By-Adosphere_ott488 | 
21/06/2018 11:20:18 | SUCCESS | Save Content Partner(0_k1gy61bw,) | By-Adosphere_ott488 | 
21/06/2018 11:21:00 | SUCCESS | Save Content Partner(0_mbg5glqq,) | By-Adosphere_ott488 | 
21/06/2018 11:22:11 | SUCCESS | Save Content Partner(0_bpgmvzal,) | By-Adosphere_ott488 | 
21/06/2018 11:23:00 | SUCCESS | Save Content Partner(0_gjc62rcs,) | By-Adosphere_ott488 | 
21/06/2018 11:23:55 | SUCCESS | Save Content Partner(0_ytjt2hx0,) | By-Adosphere_ott488 | 
21/06/2018 11:25:16 | SUCCESS | Save Content Partner(0_1ax9337o,) | By-Adosphere_ott488 | 
21/06/2018 11:26:12 | SUCCESS | Save Content Partner(0_q5r3m7ia,) | By-Adosphere_ott488 | 
21/06/2018 11:26:54 | SUCCESS | Save Content Partner(0_63e3f6hr,) | By-Adosphere_ott488 | 
21/06/2018 11:28:09 | SUCCESS | Save Content Partner(0_qwy9sctn,) | By-Adosphere_ott488 | 
21/06/2018 11:29:23 | SUCCESS | Save Content Partner(0_2j220gkm,) | By-Adosphere_ott488 | 
21/06/2018 11:31:21 | SUCCESS | Save Content Partner(0_imbllxnd,) | By-Adosphere_ott488 | 
21/06/2018 11:31:59 | SUCCESS | Save Content Partner(0_igs7t37y,) | By-Adosphere_ott488 | 
21/06/2018 11:33:55 | SUCCESS | Save Content Partner(0_xrrw3eed,) | By-Adosphere_ott488 | 
21/06/2018 11:36:34 | SUCCESS | Save Content Partner(0_ehh5zil1,) | By-Adosphere_ott488 | 
21/06/2018 11:42:41 | SUCCESS | Save Content Partner(0_3skrfy85,) | By-Adosphere_ott488 | 
21/06/2018 11:43:48 | SUCCESS | Save Content Partner(0_lcnvpkbz,) | By-Adosphere_ott488 | 
21/06/2018 11:45:01 | SUCCESS | Save Content Partner(0_u4ix1o7q,) | By-Adosphere_ott488 | 
21/06/2018 11:45:54 | SUCCESS | Save Content Partner(0_j8a4jses,) | By-Adosphere_ott488 | 
21/06/2018 11:46:45 | SUCCESS | Save Content Partner(0_rld4w3nd,) | By-Adosphere_ott488 | 
21/06/2018 11:47:34 | SUCCESS | Save Content Partner(0_7q628msw,) | By-Adosphere_ott488 | 
21/06/2018 11:48:15 | SUCCESS | Updtate MetaData(0_7q628msw) | By-Adosphere_ott488 | update entry set name='The Frog Prince',thumbnail='http://ott.planetcast.in/p/108/sp/10800/thumbnail/entry_id/0_7q628msw/version/100002',longdescription='Watch the Frog Prince a Punjabi animated bedtime story where queen meets the frog while playing with her golden ball.The ball falls into the river and frog came to help her and fulfill his demand.Watch more to know the story.',
        duration='459',type='1',tag='kids, cartoon, children, story, moral, series, little, learning, animation, junior, zone, diary, tales, bedtime, storytelling, reciter, cat, fairy, king, young, girl, frog, prince, queen, kingdom, princess, ball, demand, pond, golden, punjabi',category='ON DEMAND>KIDS>BEDTIME STORIES',categoryid='220',
        updated_at='2018-06-21 11:51:11',shortdescription='Watch the Frog Prince a Punjabi animated bedtime story where queen meets the frog while playing with her golden ball.The ball falls into the river and frog came to help her and fulfill his demand.Watch more to know the story.',
        director='NULL',producer='NULL',cast='NULL',crew='NULL',sub_genre='Juniors',
        language='Punjabi',pgrating='G',video_status='active',puser_id='',custom_data=''
        where entryid='0_7q628msw'
21/06/2018 11:53:44 | SUCCESS | Updtate MetaData(0_q6wq6u4f) | By-Adosphere_ott488 | update entry set name='King Midas',thumbnail='http://ott.planetcast.in/p/108/sp/10800/thumbnail/entry_id/0_q6wq6u4f/version/100012',longdescription='Watch King Midas a bedtime story in English language.Where a king finds himself bitterly regretting the consequences of his wish that everything he touches would turn to gold.',
        duration='343',type='1',tag='kids, cartoon, children, story, moral, series, little, kid, learning, video, animation, junior, listen, class, album, zone, diary, tales, english, life, child, king, midas, touch, bed, food, furniture, turns, into, gold, world, power, fairy, wish',category='ON DEMAND>KIDS>BEDTIME STORIES',categoryid='220',
        updated_at='2018-06-21 11:56:41',shortdescription='Watch King Midas a bedtime story in English language.',
        director='NULL',producer='NULL',cast='NULL',crew='NULL',sub_genre='Juniors',
        language='English',pgrating='G',video_status='active',puser_id='',custom_data=''
        where entryid='0_q6wq6u4f'
21/06/2018 06:48:26 | SUCCESS | login-(Adosphere) | By-Adosphere_ott488 | 
21/06/2018 12:52:44 | SUCCESS | Updtate MetaData(0_sgk86e30) | By-Adosphere_ott488 | update entry set name='The wicked little witch',thumbnail='http://ott.planetcast.in/p/108/sp/10800/thumbnail/entry_id/0_sgk86e30/version/100012',longdescription='Watch \'The wicked little witch\' in Gujarati language where Hazel wants to be a witch. She read the books related to the magic But at the end she realize that bad things or hurt someone is always a bad choice.',
        duration='287',type='1',tag='kids, cartoon, children, story, moral, little, learning, animation, junior, pot, magic, tales, kid, life, storytelling, bed, sleeping, reciter, types, fairy, cartoons, lesson, wicked, witch, magical, hazel, bedtime, devil, evil, gujarati, gujarat',category='ON DEMAND>KIDS>BEDTIME STORIES',categoryid='220',
        updated_at='2018-06-21 12:55:41',shortdescription='Watch \'The wicked little witch\' in Gujarati language.',
        director='NULL',producer='NULL',cast='NULL',crew='NULL',sub_genre='Juniors',
        language='Gujarati',pgrating='G',video_status='active',puser_id='',custom_data=''
        where entryid='0_sgk86e30'
21/06/2018 12:54:02 | SUCCESS | Updtate MetaData(0_6hul3dyb) | By-Adosphere_ott488 | update entry set name='Teen Machhliyan',thumbnail='http://ott.planetcast.in/p/108/sp/10800/thumbnail/entry_id/0_6hul3dyb/version/100002',longdescription='Watch Teen Machhliyan moral Story in Bengali language. This is the story of three fishes who lived in a lake. To know more watch the video.',
        duration='215',type='1',tag='kids, cartoon, children, story, moral, little, kid, learning, animation, junior, tales, bengali, bedtime, storytelling, sleeping, reciters, fisherman, fairy, cartoons, fish, punchtantra, teen, serendipity, friend, fishes, catcher, machhli, machhliyan, bt2018',category='ON DEMAND>KIDS>BEDTIME STORIES',categoryid='220',
        updated_at='2018-06-21 12:56:59',shortdescription='Watch Teen Machhlia moral Story in bengali language.',
        director='NULL',producer='NULL',cast='NULL',crew='NULL',sub_genre='Panchatantra',
        language='Bengali',pgrating='G',video_status='active',puser_id='',custom_data=''
        where entryid='0_6hul3dyb'
21/06/2018 12:57:15 | SUCCESS | Updtate MetaData(0_0a6p1aem) | By-Adosphere_ott488 | update entry set name='Teen Machhliyan',thumbnail='http://ott.planetcast.in/p/108/sp/10800/thumbnail/entry_id/0_0a6p1aem/version/100002',longdescription='The story in French is about three fishes who lived in a same lake. One morning they heard about the terror of two fisherman who was talking about to catch all the fishes in the lake and plan to sell them away. By hearing, one fish decides to move away from the lake and other two decided to stay back.One fine morning fisherman came and catch all the fishes. watch more to know about two fishes. Moral - Fate always favor\'s the clever.',
        duration='277',type='1',tag='kids, channel, cartoon, children, story, moral, little, kid, learning, animation, junior, tales, french, bedtime, storytelling, sleeping, reciters, fisherman, fairy, cartoons, fish, teen, serendipity, friend, fishes, catcher, panchatantra, machhli, machhliyan',category='ON DEMAND>KIDS>BEDTIME STORIES',categoryid='220',
        updated_at='2018-06-21 13:00:11',shortdescription='The story in French is about three fishes who lived in a same lake.',
        director='NULL',producer='NULL',cast='NULL',crew='NULL',sub_genre='Panchatantra',
        language='French',pgrating='G',video_status='active',puser_id='',custom_data=''
        where entryid='0_0a6p1aem'
21/06/2018 12:58:24 | SUCCESS | Updtate MetaData(0_ntglx8kn) | By-Adosphere_ott488 | update entry set name='Teen Machhliyan',thumbnail='http://ott.planetcast.in/p/108/sp/10800/thumbnail/entry_id/0_ntglx8kn/version/100012',longdescription='Watch Teen Machhliyan moral Story in Hindi language. This is the story of three fishes who lived in a lake. To know more watch the video.',
        duration='354',type='1',tag='kids, kahaniya, cartoon, children, stories, story, moral, series, little, kid, learning, video, animation, animated, telling, listen, class, classes, album, zone, junior, diary, tales, tale, juniors, teen, machhlia, hindi, fishes, fisherman, fish, catcher, machhliyan',category='ON DEMAND>KIDS>BEDTIME STORIES',categoryid='220',
        updated_at='2018-06-21 13:01:21',shortdescription='Watch Teen Machhliyan moral Story in Hindi language.',
        director='',producer='',cast='',crew='',sub_genre='Juniors',
        language='Hindi',pgrating='G',video_status='active',puser_id='Adosphere',custom_data=''
        where entryid='0_ntglx8kn'
21/06/2018 12:59:10 | SUCCESS | Updtate MetaData(0_jisqiyk6) | By-Adosphere_ott488 | update entry set name='Teen Machhliyan',thumbnail='http://ott.planetcast.in/p/108/sp/10800/thumbnail/entry_id/0_jisqiyk6/version/100022',longdescription='Watch Teen Machhlia moral Story in Sindhi language. This is the story of three fishes who lived in a lake. To know more watch the video.',
        duration='383',type='1',tag='kids, cartoon, children, story, moral, little, kid, learning, animation, junior, tales, sindhi, bedtime, storytelling, sleeping, reciters, fisherman, fairy, cartoons, fish, punchtantra, teen, serendipity, friend, fishes, catcher, machhli, machhliyan',category='ON DEMAND>KIDS>BEDTIME STORIES',categoryid='220',
        updated_at='2018-06-21 13:02:07',shortdescription='Watch Teen Machhlia moral Story in Sindhi language.',
        director='NULL',producer='NULL',cast='NULL',crew='NULL',sub_genre='Panchtantra',
        language='Sindhi',pgrating='G',video_status='active',puser_id='',custom_data=''
        where entryid='0_jisqiyk6'
21/06/2018 13:11:38 | SUCCESS | Updtate MetaData(0_p9e08m0m) | By-Adosphere_ott488 | update entry set name='The hare and the tortoise',thumbnail='http://ott.planetcast.in/p/108/sp/10800/thumbnail/entry_id/0_p9e08m0m/version/100012',longdescription='Watch \'The Hare and Tortoise\' animation story in Bengali language. This is the most popular moral story for kids.',
        duration='222',type='1',tag='kids, cartoon, children, story, moral, series, little, kid, learning, animation, junior, juniors, tales, english, bed, time, storytelling, sleeping, reciter, fairy, cartoons, tortoise, rabbit, race, win, hare, challenge',category='ON DEMAND>KIDS>BEDTIME STORIES',categoryid='220',
        updated_at='2018-06-21 13:14:35',shortdescription='Watch \'The Hare and Tortoise\' animation story in Bengali language.',
        director='NULL',producer='NULL',cast='NULL',crew='NULL',sub_genre='Juniors',
        language='Bengali',pgrating='G',video_status='active',puser_id='',custom_data=''
        where entryid='0_p9e08m0m'
21/06/2018 09:48:34 | SUCCESS | login-(Adosphere) | By-Adosphere_ott488 | 
