12/06/2018 10:20:28 | SUCCESS | Updtate MetaData(0_2ccmrb9f) | By-Adosphere_ott488 | update entry set name='Egg and Boneless Chicken Twist',thumbnail='http://ott.planetcast.in/p/108/sp/10800/thumbnail/entry_id/0_2ccmrb9f/version/100002',longdescription='Watch this video to know about idea of making egg murgi by Rashmi Raisighani',
        duration='217',type='1',tag='egg, murgi, chilli, spicy, mirchi, beautv, make, famous, kichen, most, popular, indian, food, hindi, cooking, recipes, cook, non veg, egg recipe, dishes',category='ON DEMAND>COOKING>KITCHEN MASALA',categoryid='286',
        updated_at='2018-06-12 10:23:17',shortdescription='Watch this video to know about idea of making egg murgi by Rashmi Raisighani',
        director='',producer='',cast='',crew='',sub_genre='Non-Veg',
        language='English',pgrating='G',video_status='active',puser_id='',custom_data=''
        where entryid='0_2ccmrb9f'
12/06/2018 10:20:56 | SUCCESS | Updtate MetaData(0_016rsoh3) | By-Adosphere_ott488 | update entry set name='How to Cut a Short Heavy Bangs',thumbnail='http://ott.planetcast.in/p/108/sp/10800/thumbnail/entry_id/0_016rsoh3/version/100002',longdescription='Watch tutorial for how to cut a short heavy bang and make it stylish.',
        duration='57',type='1',tag='hair, cut, heavy, short, stylish, look, bang, tutorial, trendy, scissors, tips, right, way, straight, smooth, volume, different, easy, shoterside, longerside, tricks, cheek, bone, 339, comb, 337, finger, angle, thick, sections, ironhair, razer, twisted, overdirect, tees, cutting, technique, matt, beck',category='ON DEMAND>LIFESTYLE>HAIRSTYLES',categoryid='388',
        updated_at='2018-06-12 10:23:45',shortdescription='Watch tutorial for how to cut a short heavy bang and make it stylish.',
        director='NULL',producer='NULL',cast='NULL',crew='NULL',sub_genre='Hairstyles',
        language='English',pgrating='G',video_status='active',puser_id='',custom_data=''
        where entryid='0_016rsoh3'
12/06/2018 10:23:30 | SUCCESS | Updtate MetaData(0_016rsoh3) | By-Adosphere_ott488 | update entry set name='How to Cut a Short Heavy Bangs',thumbnail='http://ott.planetcast.in/p/108/sp/10800/thumbnail/entry_id/0_016rsoh3/version/100002',longdescription='Watch tutorial for how to cut a short heavy bang and make it stylish.',
        duration='57',type='1',tag='hair, cut, heavy, short, stylish, look, bang, tutorial, trendy, scissors, tips, right, way, straight, smooth, volume, different, easy, shoterside, longerside, tricks, cheek, bone, 339, comb, 337, finger, angle, thick, sections, ironhair, razer, twisted, overdirect, tees, cutting, technique, matt, beck',category='ON DEMAND>LIFESTYLE>HAIRSTYLES',categoryid='388',
        updated_at='2018-06-12 10:26:19',shortdescription='Watch tutorial for how to cut a short heavy bang and make it stylish.',
        director='NULL',producer='NULL',cast='NULL',crew='NULL',sub_genre='Hairstyles',
        language='English',pgrating='PG 13',video_status='active',puser_id='',custom_data=''
        where entryid='0_016rsoh3'
12/06/2018 10:24:09 | SUCCESS | Updtate MetaData(0_v48fifxr) | By-Adosphere_ott488 | update entry set name='How to Cut a Short Textured Bang',thumbnail='http://ott.planetcast.in/p/108/sp/10800/thumbnail/entry_id/0_v48fifxr/version/100002',longdescription='Watch tutorial for how to cut a Short Textured Bang with scissors and provide voluminous hairs.',
        duration='54',type='1',tag='hair, cut, heavy, short, stylish, look, bang, tutorial, trendy, scissors, tips, right, way, straight, smooth, volume, different, easy, shoterside, longerside, tricks, cheek, bone, 339, comb, 337, finger, angle, thick, sections, ironhair, razer, twisted, overdirect, tees, cutting, technique, matt, beck, teens, teen',category='ON DEMAND>LIFESTYLE>HAIRSTYLES',categoryid='388',
        updated_at='2018-06-12 10:26:58',shortdescription='Watch tutorial for how to cut a Short Textured Bang with scissors and provide voluminous hairs.',
        director='NULL',producer='NULL',cast='NULL',crew='NULL',sub_genre='Hairstyles',
        language='English',pgrating='PG 13',video_status='active',puser_id='',custom_data=''
        where entryid='0_v48fifxr'
12/06/2018 10:25:18 | SUCCESS | Updtate MetaData(0_jkf3vhqg) | By-Adosphere_ott488 | update entry set name='How to Cut a Stacked Bob Haircut',thumbnail='http://ott.planetcast.in/p/108/sp/10800/thumbnail/entry_id/0_jkf3vhqg/version/100002',longdescription='Watch the easiest method to cut a very trendy and stylish stacked bob hair with razor.',
        duration='598',type='1',tag='hair, cut, heavy, short, stylish, look, bang, tutorial, trendy, scissors, tips, right, way, straight, smooth, volume, different, easy, shoterside, longerside, tricks, cheek, bone, finger, angle, thick, sections, ironhair, razer, twisted, overdirect, tees, cutting, technique, stacked, bob, matt, beck, hs2018',category='ON DEMAND>LIFESTYLE>HAIRSTYLES',categoryid='388',
        updated_at='2018-06-12 10:28:07',shortdescription='Watch the easiest method to cut a very trendy and stylish stacked bob hair with razor.',
        director='NULL',producer='NULL',cast='NULL',crew='NULL',sub_genre='Hairstyles',
        language='English',pgrating='PG 13',video_status='active',puser_id='',custom_data=''
        where entryid='0_jkf3vhqg'
12/06/2018 10:26:10 | SUCCESS | Updtate MetaData(0_dpnj0s1e) | By-Adosphere_ott488 | update entry set name='The School of  Life Hairstyle Tutorial',thumbnail='http://ott.planetcast.in/p/108/sp/10800/thumbnail/entry_id/0_dpnj0s1e/version/100002',longdescription='After making mistakes, learn the easiest way and tutorials of school hairstyles.',
        duration='53',type='1',tag='hair, cut, heavy, short, long, stylish, look, bang, tutorial, trendy, scissors, tips, right, way, straight, smooth, volume, curly, different, easy, shoterside, longerside, tricks, thick, sections, ironhair, razer, twisted, overdirect, tees, cutting, technique, mistakes, make, perfect, matt, beck',category='ON DEMAND>LIFESTYLE>HAIRSTYLES',categoryid='388',
        updated_at='2018-06-12 10:28:59',shortdescription='After making mistakes, learn the easiest way and tutorials of school hairstyles.',
        director='NULL',producer='NULL',cast='NULL',crew='NULL',sub_genre='Hairstyles',
        language='English',pgrating='PG 13',video_status='active',puser_id='',custom_data=''
        where entryid='0_dpnj0s1e'
12/06/2018 10:30:01 | SUCCESS | Updtate MetaData(0_o4xppxht) | By-Adosphere_ott488 | update entry set name='Concave,Convex, and Choosing the right guide',thumbnail='http://ott.planetcast.in/p/108/sp/10800/thumbnail/entry_id/0_o4xppxht/version/100002',longdescription='Watch this video to know more about free salon education and how to choos a right guider and much more',
        duration='633',type='1',tag='concave, convex, choosing, right, guide, matt, beck, vlog, salon, education, hair, color, style, tutorial, haircut, technic, headshape, stylists, fse, social',category='ON DEMAND>LIFESTYLE>HAIRSTYLES',categoryid='388',
        updated_at='2018-06-12 10:32:50',shortdescription='Watch this video to know more about free salon education and how to choos a right guider and much more',
        director='NULL',producer='NULL',cast='NULL',crew='NULL',sub_genre='Hairstyles',
        language='English',pgrating='PG 13',video_status='active',puser_id='',custom_data=''
        where entryid='0_o4xppxht'
12/06/2018 10:30:30 | SUCCESS | Updtate MetaData(0_hkipo5d7) | By-Adosphere_ott488 | update entry set name='Extra Curly Textured Hair tutorial',thumbnail='http://ott.planetcast.in/p/108/sp/10800/thumbnail/entry_id/0_hkipo5d7/version/100002',longdescription='Watch this video to know about hairstyles education and much more girls haircut tutorial',
        duration='888',type='1',tag='extra, curly, textured, hair, tutorial, matt, beck, vlog, salon, education, haircut, style, looks, different, cut, special',category='ON DEMAND>LIFESTYLE>HAIRSTYLES',categoryid='388',
        updated_at='2018-06-12 10:33:19',shortdescription='Watch this video to know about hairstyles education and much more girls haircut tutorial',
        director='NULL',producer='NULL',cast='NULL',crew='NULL',sub_genre='Hairstyles',
        language='English',pgrating='PG 13',video_status='active',puser_id='',custom_data=''
        where entryid='0_hkipo5d7'
12/06/2018 10:31:20 | SUCCESS | Updtate MetaData(0_h97oytdm) | By-Adosphere_ott488 | update entry set name='Short Hair Cut - Detail Work on a Pixie Cut',thumbnail='http://ott.planetcast.in/p/108/sp/10800/thumbnail/entry_id/0_h97oytdm/version/100002',longdescription='Watch the video to get the tips about Pixie short haircut.',
        duration='58',type='1',tag='detail, work, pixie, cut, style, good, looking, hair, expert, salon, education, perfect, tips, hs2018',category='ON DEMAND>LIFESTYLE>HAIRSTYLES',categoryid='388',
        updated_at='2018-06-12 10:34:09',shortdescription='Watch the video to get the tips about Pixie short haircut.',
        director='NULL',producer='NULL',cast='NULL',crew='NULL',sub_genre='Hairstyles',
        language='English',pgrating='PG 13',video_status='active',puser_id='',custom_data=''
        where entryid='0_h97oytdm'
12/06/2018 10:32:58 | SUCCESS | Updtate MetaData(0_lzcd46wi) | By-Adosphere_ott488 | update entry set name='Tutorial - Balayage Highlights with Block Hair Color',thumbnail='http://ott.planetcast.in/p/108/sp/10800/thumbnail/entry_id/0_lzcd46wi/version/100002',longdescription='Watch this video to know about hair colour panting technich which do you like most and more hair education',
        duration='614',type='1',tag='layered, long, hair, industry, reverse, cutting, modern, highlights, bleach, free, new, color, trend, variety, brush, round, square, curled, design, wavy, matt, beck, vlog, salon, education, technic, daily, use, naureal, different, sunsign',category='ON DEMAND>LIFESTYLE>HAIRSTYLES',categoryid='388',
        updated_at='2018-06-12 10:35:47',shortdescription='Watch this video to know about hair colour panting technich which do you like most and more hair education',
        director='NULL',producer='NULL',cast='NULL',crew='NULL',sub_genre='Hairstyles',
        language='English',pgrating='PG 13',video_status='active',puser_id='',custom_data=''
        where entryid='0_lzcd46wi'
12/06/2018 10:33:32 | SUCCESS | Updtate MetaData(0_fu13so2i) | By-Adosphere_ott488 | update entry set name='Make-up tips for Bridals',thumbnail='http://ott.planetcast.in/p/108/sp/10800/thumbnail/entry_id/0_fu13so2i/version/100002',longdescription='Watch this video to know about all in one styles,tips,idea,sample and much more things of bridal dresses and makeup',
        duration='443',type='1',tag='nisha, desai, beautv, bridal, dresses, styles, tips, collection, sample, beauty, wedding, designer, idea, advice, dull, screen, foundation, dot, dark, area, powder, south, buaty, pencil, eyebrows, brown, kajal, lash, line, mascara, eyelashes',category='ON DEMAND>LIFESTYLE>HAIRSTYLES',categoryid='388',
        updated_at='2018-06-12 10:36:21',shortdescription='Watch this video to know about all in one styles,tips,idea,sample and much more things of bridal dresses and makeup',
        director='',producer='',cast='',crew='',sub_genre='Beauty',
        language='English',pgrating='PG 13',video_status='active',puser_id='',custom_data=''
        where entryid='0_fu13so2i'
12/06/2018 10:33:57 | SUCCESS | Updtate MetaData(0_77nnmiec) | By-Adosphere_ott488 | update entry set name='Bob Haircut With A Razor',thumbnail='http://ott.planetcast.in/p/108/sp/10800/thumbnail/entry_id/0_77nnmiec/version/100012',longdescription='Watch this video to know about Bob latest and popular,right hair style with a razor, salon education and much more..',
        duration='59',type='1',tag='bob, haircut, with, razor, salon, education, curly, perfect, latest, popular, hairstyles, really, stylish, ideas, guy, headshape',category='ON DEMAND>LIFESTYLE>HAIRSTYLES',categoryid='388',
        updated_at='2018-06-12 10:36:45',shortdescription='Watch this video to know about Bob latest and popular,right hair style with a razor, salon education and much more..',
        director='',producer='',cast='',crew='',sub_genre='Hairstyles',
        language='English',pgrating='PG 13',video_status='active',puser_id='',custom_data=''
        where entryid='0_77nnmiec'
12/06/2018 10:34:21 | SUCCESS | Updtate MetaData(0_wg1fjd8z) | By-Adosphere_ott488 | update entry set name='Balayage |Block Hair Color',thumbnail='http://ott.planetcast.in/p/108/sp/10800/thumbnail/entry_id/0_wg1fjd8z/version/100002',longdescription='Tutorial for long heavy natural hair color.',
        duration='258',type='1',tag='hair, color, dark, natural, look, entire, heavy, application, liner, ponitale, top, section, soft, smooth, volumed, blond, different, out, hairline, exposed, face, coloring, outer, portion, matt, beck, twisted, long, stylish, trendy',category='ON DEMAND>LIFESTYLE>HAIRSTYLES',categoryid='388',
        updated_at='2018-06-12 10:37:10',shortdescription='Tutorial for long heavy natural hair color.',
        director='NULL',producer='NULL',cast='NULL',crew='NULL',sub_genre='Hairstyles',
        language='English',pgrating='PG 13',video_status='active',puser_id='',custom_data=''
        where entryid='0_wg1fjd8z'
12/06/2018 10:34:40 | SUCCESS | Updtate MetaData(0_eos3oqbh) | By-Adosphere_ott488 | update entry set name='Textured Long Layered Haircut With Face Frame',thumbnail='http://ott.planetcast.in/p/108/sp/10800/thumbnail/entry_id/0_eos3oqbh/version/100002',longdescription='Watch some intresting and new tricks for long haircut according to your face frame.',
        duration='723',type='1',tag='hair, cut, heavy, long, stylish, look, bang, tutorial, trendy, scissors, tips, right, way, straight, smooth, volume, different, easy, shoterside, longerside, tricks, cheek, bone, finger, angle, thick, sections, ironhair, razer, twisted, overdirect, tees, cutting, technique, stacked, bob, matt, beck',category='ON DEMAND>LIFESTYLE>HAIRSTYLES',categoryid='388',
        updated_at='2018-06-12 10:37:29',shortdescription='Watch some intresting and new tricks for long haircut according to your face frame.',
        director='NULL',producer='NULL',cast='NULL',crew='NULL',sub_genre='Hairstyles',
        language='English',pgrating='PG 13',video_status='active',puser_id='',custom_data=''
        where entryid='0_eos3oqbh'
12/06/2018 10:35:07 | SUCCESS | Updtate MetaData(0_h2x7p8om) | By-Adosphere_ott488 | update entry set name='Why The Dog Ear Effect Happens When Cutting A Bob Haircut',thumbnail='http://ott.planetcast.in/p/108/sp/10800/thumbnail/entry_id/0_h2x7p8om/version/100002',longdescription='Watch tutorial for why the dog ear effect happens while cutting a bob haircut.',
        duration='604',type='1',tag='hair, cut, heavy, short, stylish, look, bang, tutorial, trendy, scissors, tips, right, way, straight, smooth, volume, different, easy, shoterside, longerside, tricks, cheek, bone, 339, comb, 337, finger, angle, thick, sections, ironhair, razer, twisted, overdirect, tees, cutting, technique, line, bob, matt, beck',category='ON DEMAND>LIFESTYLE>HAIRSTYLES',categoryid='388',
        updated_at='2018-06-12 10:37:55',shortdescription='Watch tutorial for why the dog ear effect happens while cutting a bob haircut.',
        director='NULL',producer='NULL',cast='NULL',crew='NULL',sub_genre='Hairstyles',
        language='English',pgrating='PG 13',video_status='active',puser_id='',custom_data=''
        where entryid='0_h2x7p8om'
12/06/2018 10:36:32 | SUCCESS | Updtate MetaData(0_nlx5lp27) | By-Adosphere_ott488 | update entry set name='Womens Faux Hawk on Curly Hair',thumbnail='http://ott.planetcast.in/p/108/sp/10800/thumbnail/entry_id/0_nlx5lp27/version/100002',longdescription='Watch the real class of how to cut curly hair and make it short and stylish.',
        duration='891',type='1',tag='matt, beck, hair, cut, heavy, short, long, stylish, look, bang, tutorial, trendy, scissors, tips, right, way, curley, smooth, volume, different, easy, shoterside, longerside, tricks, thick, sections, ironhair, razer, twisted, overdirect, cutting, technique, vibra, straight, iron, blow, dryer, womens, hawk',category='ON DEMAND>LIFESTYLE>HAIRSTYLES',categoryid='388',
        updated_at='2018-06-12 10:39:21',shortdescription='Watch the real class of how to cut curly hair and make it short and stylish.',
        director='NULL',producer='NULL',cast='NULL',crew='NULL',sub_genre='Hairstyles',
        language='English',pgrating='PG 13',video_status='active',puser_id='',custom_data=''
        where entryid='0_nlx5lp27'
12/06/2018 10:36:52 | SUCCESS | Updtate MetaData(0_im8gn09u) | By-Adosphere_ott488 | update entry set name='DIY | Gelnails | Shiny Glitter',thumbnail='http://ott.planetcast.in/p/108/sp/10800/thumbnail/entry_id/0_im8gn09u/version/100002',longdescription='Watch this video to know about hard and soft gel nails top tips to look good and much more',
        duration='217',type='1',tag='gel, nails, idea, soft, hard, nail, polish, shades, miss, designs, sparkle, art, colors, beautiful, acrylic, beautv, indian, shringar, dollie, solanki, glamm',category='ON DEMAND>LIFESTYLE>HAIRSTYLES',categoryid='388',
        updated_at='2018-06-12 10:39:41',shortdescription='Watch this video to know about hard and soft gel nails top tips to look good and much more',
        director='NULL',producer='NULL',cast='NULL',crew='NULL',sub_genre='Beauty',
        language='English',pgrating='PG 13',video_status='active',puser_id='',custom_data=''
        where entryid='0_im8gn09u'
12/06/2018 10:37:14 | SUCCESS | Updtate MetaData(0_mcxyvc7q) | By-Adosphere_ott488 | update entry set name='Exercise - Jason Jhonson - Mountain Climbers',thumbnail='http://ott.planetcast.in/p/108/sp/10800/thumbnail/entry_id/0_mcxyvc7q/version/100002',longdescription='Jason Jhonson tutorial for basic exercise of mount climbers after running for 30 seconds.',
        duration='50',type='1',tag='jason, jhonson, byond, fitness, expert, tips, exercises, basic, mount, climbers, 30, seconds, in, out, after, running, finomnal, body, arms, back, abs, workout, tutorial, muscle, footwork, foot, skips, side, suffels, karaoke, shuttle, run, warm, upmountain, rock',category='ON DEMAND>LIFESTYLE>HEALTH',categoryid='389',
        updated_at='2018-06-12 10:40:03',shortdescription='Jason Jhonson tutorial for basic exercise of mount climbers after running for 30 seconds.',
        director='NULL',producer='NULL',cast='NULL',crew='NULL',sub_genre='Fitness',
        language='English',pgrating='PG 13',video_status='active',puser_id='',custom_data=''
        where entryid='0_mcxyvc7q'
12/06/2018 10:38:27 | SUCCESS | Updtate MetaData(0_zhso4or2) | By-Adosphere_ott488 | update entry set name='Exercise - Shuttle Run',thumbnail='http://ott.planetcast.in/p/108/sp/10800/thumbnail/entry_id/0_zhso4or2/version/100002',longdescription='Jason Jhonson tutorial for basic exercise on shuttle run.',
        duration='90',type='1',tag='jason, jhonson, byond, fitness, expert, tips, exercises, basic, mount, climbers, 30, seconds, in, out, after, running, finomnal, body, arms, back, abs, workout, tutorial, muscle, footwork, foot, skips, side, suffels, karaoke, shuttle, run',category='ON DEMAND>LIFESTYLE>HEALTH',categoryid='389',
        updated_at='2018-06-12 10:41:15',shortdescription='Jason Jhonson tutorial for basic exercise on shuttle run.',
        director='NULL',producer='NULL',cast='NULL',crew='NULL',sub_genre='Fitness',
        language='English',pgrating='PG 13',video_status='active',puser_id='',custom_data=''
        where entryid='0_zhso4or2'
12/06/2018 10:38:54 | SUCCESS | Updtate MetaData(0_7wrgrs87) | By-Adosphere_ott488 | update entry set name='Exercise - Basic workout for beginners',thumbnail='http://ott.planetcast.in/p/108/sp/10800/thumbnail/entry_id/0_7wrgrs87/version/100002',longdescription='Watch this video to know about basic routines of fitness and basic workout program for beginners',
        duration='425',type='1',tag='basic, workout, beginners, grip, squats, pulldown, butterfly, triceps, pushdown, rope, attachment, machine, bicep, curl, shoulder, military, leg, extension, calf, press, supported, dumbbell, row, incline, fitness, overhead, pulley, push, down',category='ON DEMAND>LIFESTYLE>HEALTH',categoryid='389',
        updated_at='2018-06-12 10:41:43',shortdescription='Watch this video to know about basic routines of fitness and basic workout program for beginners',
        director='NULL',producer='NULL',cast='NULL',crew='NULL',sub_genre='Fitness',
        language='English',pgrating='PG 13',video_status='active',puser_id='',custom_data=''
        where entryid='0_7wrgrs87'
12/06/2018 10:39:17 | SUCCESS | Updtate MetaData(0_cprmnvwa) | By-Adosphere_ott488 | update entry set name='Warm-Ups | Excercise | Stretching',thumbnail='http://ott.planetcast.in/p/108/sp/10800/thumbnail/entry_id/0_cprmnvwa/version/100002',longdescription='Learn the basic stretching with the help of trainer.',
        duration='131',type='1',tag='fitness, guide, basic, exercise, hardwork, healthy, trainer, stretches, hold, every, stretch, 25, 30, seconds, leg, hamstring, touch, feet, biceps, triceps, pull, elbow, gym, bodyfit, crunches, pushups, running, arms, abs, muscle, training, bodyweight, workout, squat, superset, arushi',category='ON DEMAND>LIFESTYLE>HEALTH',categoryid='389',
        updated_at='2018-06-12 10:42:06',shortdescription='Learn the basic stretching with the help of trainer.',
        director='NULL',producer='NULL',cast='NULL',crew='NULL',sub_genre='Fitness',
        language='Hindi',pgrating='PG 13',video_status='active',puser_id='',custom_data=''
        where entryid='0_cprmnvwa'
12/06/2018 10:39:35 | SUCCESS | Updtate MetaData(0_5avkrpxz) | By-Adosphere_ott488 | update entry set name='Zumba Dance | Lifestyle | Tutorial',thumbnail='http://ott.planetcast.in/p/108/sp/10800/thumbnail/entry_id/0_5avkrpxz/version/100002',longdescription='Watch to know someting new about zumba bollywood flavor, zumba fitness dance steps.',
        duration='234',type='1',tag='zumba, dance, training, master, trainer, amarica, germany, indian, flavor, bollywood, salsa, fitness, learning, course, music, energitic, burn, calorries, high, intensity, low, suchita, pal, belly, dancing, different, steps, cardio, plus, toning, arushi',category='ON DEMAND>LIFESTYLE>HEALTH',categoryid='389',
        updated_at='2018-06-12 10:42:23',shortdescription='Watch to know someting new about zumba bollywood flavor, zumba fitness dance steps.',
        director='NULL',producer='NULL',cast='NULL',crew='NULL',sub_genre='Fitness',
        language='English',pgrating='PG 13',video_status='active',puser_id='',custom_data=''
        where entryid='0_5avkrpxz'
12/06/2018 10:40:01 | SUCCESS | Updtate MetaData(0_blji39rj) | By-Adosphere_ott488 | update entry set name='Beyond Fitness Sizzle healthy lifestyle',thumbnail='http://ott.planetcast.in/p/108/sp/10800/thumbnail/entry_id/0_blji39rj/version/100002',longdescription='Watch this video to know about how to live a healthy lifestyle,self protection,adventure and much more..',
        duration='82',type='1',tag='beyond, fitness, sizzle, healthy, lifestyle, living, protection, self, adventure, santa, monica',category='ON DEMAND>LIFESTYLE>HEALTH',categoryid='389',
        updated_at='2018-06-12 10:42:50',shortdescription='Watch this video to know about how to live a healthy lifestyle,self protection,adventure and much more..',
        director='NULL',producer='NULL',cast='NULL',crew='NULL',sub_genre='Fitness',
        language='English',pgrating='PG 13',video_status='active',puser_id='',custom_data=''
        where entryid='0_blji39rj'
12/06/2018 10:40:21 | SUCCESS | Updtate MetaData(0_6jo9h6r8) | By-Adosphere_ott488 | update entry set name='Automobile | Troy | Harley Davidson',thumbnail='http://ott.planetcast.in/p/108/sp/10800/thumbnail/entry_id/0_6jo9h6r8/version/100002',longdescription='Watch modified creation of Harley Davidson with founder of transfigure custom house Adil Dumasia.',
        duration='285',type='1',tag='adil, dumasia, transfigure, custom, house, founder, assembling, presenting, harley, davidson, bike, 1200, cc, engine, hand, built, wiring, workshop, part, bikes, passion, tyre, breaks, motercycle, heavy, weight, iconic, brand, cruiser',category='ON DEMAND>LIFESTYLE>HEALTH',categoryid='389',
        updated_at='2018-06-12 10:43:10',shortdescription='Watch modified creation of Harley Davidson with founder of transfigure custom house Adil Dumasia.',
        director='NULL',producer='NULL',cast='NULL',crew='NULL',sub_genre='Fitness',
        language='English',pgrating='PG 13',video_status='active',puser_id='',custom_data=''
        where entryid='0_6jo9h6r8'
12/06/2018 12:27:38 | SUCCESS | login-(Adosphere) | By-Adosphere_ott488 | 
