28/12/2018 04:11:42 | SUCCESS | login-(Geetanjali) | By-Geetanjali_ott488 | 
28/12/2018 04:15:37 | SUCCESS | login-(Ravindra) | By-Ravindra_ott488 | 
28/12/2018 10:56:00 | SUCCESS | Save Thumbnail(0_9aombt6y) | By-Geetanjali_ott488 | 
28/12/2018 10:56:41 | SUCCESS | Save Thumbnail(0_6gi0xleg) | By-Geetanjali_ott488 | 
28/12/2018 10:57:15 | SUCCESS | Save Thumbnail(0_mjqdkozm) | By-Geetanjali_ott488 | 
28/12/2018 10:59:14 | SUCCESS | Save Thumbnail(0_g72avmys) | By-Geetanjali_ott488 | 
28/12/2018 10:59:43 | SUCCESS | Save Thumbnail(0_myyt79wm) | By-Geetanjali_ott488 | 
28/12/2018 11:01:21 | SUCCESS | Save Thumbnail(0_nabyqqpm) | By-Geetanjali_ott488 | 
28/12/2018 11:05:50 | SUCCESS | Save Thumbnail(0_qq3nmdkg) | By-Geetanjali_ott488 | 
28/12/2018 11:06:58 | SUCCESS | Save Thumbnail(0_sb8r3bls) | By-Geetanjali_ott488 | 
28/12/2018 11:07:36 | SUCCESS | Delete Video entry(0_9o28l992) | By-Ravindra_ott488 | 
28/12/2018 11:10:45 | SUCCESS | Delete Video entry(0_h3advnwd) | By-Ravindra_ott488 | 
28/12/2018 11:13:53 | SUCCESS | Save Thumbnail(0_nmt1rosa) | By-Geetanjali_ott488 | 
28/12/2018 11:14:57 | SUCCESS | Save Thumbnail(0_rqa81xpx) | By-Geetanjali_ott488 | 
28/12/2018 11:17:59 | SUCCESS | Save Thumbnail(0_5ta8t9f6) | By-Geetanjali_ott488 | 
28/12/2018 11:18:48 | SUCCESS | Save Thumbnail(0_g6lz6ihw) | By-Geetanjali_ott488 | 
28/12/2018 11:23:08 | SUCCESS | Delete Video entry(0_a1hru6fw) | By-Geetanjali_ott488 | 
28/12/2018 11:23:52 | SUCCESS | Save Thumbnail(0_70lazmdc) | By-Geetanjali_ott488 | 
28/12/2018 11:27:30 | SUCCESS | Save Thumbnail(0_al3o86x7) | By-Geetanjali_ott488 | 
28/12/2018 11:40:30 | SUCCESS | Save Thumbnail(0_g76czmk8) | By-Geetanjali_ott488 | 
28/12/2018 11:41:46 | SUCCESS | Save Thumbnail(0_g92mdpbx) | By-Geetanjali_ott488 | 
28/12/2018 11:42:15 | SUCCESS | Save Thumbnail(0_a6w7lm1v) | By-Geetanjali_ott488 | 
28/12/2018 11:44:36 | SUCCESS | Save Thumbnail(0_a6w7lm1v) | By-Geetanjali_ott488 | 
28/12/2018 11:44:59 | SUCCESS | Save Thumbnail(0_a6w7lm1v) | By-Geetanjali_ott488 | 
28/12/2018 11:46:11 | SUCCESS | Save Thumbnail(0_7ilix9k2) | By-Geetanjali_ott488 | 
28/12/2018 11:46:49 | SUCCESS | Save Thumbnail(0_hxlpp8cr) | By-Geetanjali_ott488 | 
28/12/2018 11:47:15 | SUCCESS | Save Thumbnail(0_gknzzpkp) | By-Geetanjali_ott488 | 
28/12/2018 11:53:08 | SUCCESS | Save Thumbnail(0_xsfdel5u) | By-Geetanjali_ott488 | 
28/12/2018 06:49:46 | SUCCESS | login-(Adosphere) | By-Adosphere_ott488 | 
28/12/2018 12:22:49 | SUCCESS | Save Thumbnail(0_23h0q9ut) | By-Geetanjali_ott488 | 
28/12/2018 06:53:06 | SUCCESS | login-(Adosphere) | By-Adosphere_ott488 | 
28/12/2018 12:23:20 | SUCCESS | Save Thumbnail(0_truf7lpn) | By-Geetanjali_ott488 | 
28/12/2018 12:26:19 | SUCCESS | Delete Video entry(0_qugf2dyc) | By-Geetanjali_ott488 | 
28/12/2018 12:26:49 | SUCCESS | Save Thumbnail(0_gmoavj9m) | By-Geetanjali_ott488 | 
28/12/2018 12:34:36 | SUCCESS | Save Thumbnail(0_8ykzkshq) | By-Adosphere_ott488 | 
28/12/2018 12:35:10 | SUCCESS | Delete Video entry(0_qgh4ct5y) | By-Geetanjali_ott488 | 
28/12/2018 12:41:13 | SUCCESS | Save Thumbnail(0_8ykzkshq) | By-Adosphere_ott488 | 
28/12/2018 07:20:58 | SUCCESS | login-(Adosphere) | By-Adosphere_ott488 | 
28/12/2018 14:09:35 | SUCCESS | Save Thumbnail(0_v47v8539) | By-Geetanjali_ott488 | 
28/12/2018 14:10:19 | SUCCESS | Save Thumbnail(0_t7xba2rj) | By-Geetanjali_ott488 | 
28/12/2018 14:21:00 | SUCCESS | Save Thumbnail(0_td45e8bc) | By-Geetanjali_ott488 | 
28/12/2018 08:52:33 | SUCCESS | login-(Adosphere) | By-Adosphere_ott488 | 
28/12/2018 14:32:18 | SUCCESS | Save Thumbnail(0_65pq45jf) | By-Geetanjali_ott488 | 
28/12/2018 14:34:16 | SUCCESS | Save Thumbnail(0_gfboqhmz) | By-Geetanjali_ott488 | 
28/12/2018 14:37:58 | SUCCESS | Save Thumbnail(0_9r6q4u7v) | By-Geetanjali_ott488 | 
28/12/2018 14:40:04 | SUCCESS | Save Thumbnail(0_t95o54ij) | By-Geetanjali_ott488 | 
28/12/2018 14:45:23 | SUCCESS | Save Thumbnail(0_dgugirbm) | By-Geetanjali_ott488 | 
28/12/2018 14:46:32 | SUCCESS | Save Thumbnail(0_bps57y6p) | By-Geetanjali_ott488 | 
28/12/2018 14:47:30 | SUCCESS | Save Thumbnail(0_gufl93ht) | By-Geetanjali_ott488 | 
28/12/2018 14:48:51 | SUCCESS | Save Thumbnail(0_g4nl16k7) | By-Geetanjali_ott488 | 
28/12/2018 14:49:37 | SUCCESS | Save Thumbnail(0_ry8c3ui6) | By-Geetanjali_ott488 | 
28/12/2018 14:50:24 | SUCCESS | Save Thumbnail(0_78huich8) | By-Geetanjali_ott488 | 
28/12/2018 14:51:17 | SUCCESS | Save Thumbnail(0_atbf3c1w) | By-Geetanjali_ott488 | 
28/12/2018 14:52:13 | SUCCESS | Save Thumbnail(0_dozv3hcd) | By-Geetanjali_ott488 | 
28/12/2018 14:53:47 | SUCCESS | Save Thumbnail(0_boz1aq4c) | By-Geetanjali_ott488 | 
28/12/2018 15:27:02 | SUCCESS | Save Thumbnail(0_uyaj6dfj) | By-Geetanjali_ott488 | 
28/12/2018 15:29:14 | SUCCESS | Save Thumbnail(0_0xf8ssub) | By-Geetanjali_ott488 | 
28/12/2018 15:33:16 | SUCCESS | Save Thumbnail(0_9noi9692) | By-Geetanjali_ott488 | 
28/12/2018 15:34:11 | SUCCESS | Save Thumbnail(0_127ffmv2) | By-Geetanjali_ott488 | 
28/12/2018 15:34:21 | SUCCESS | Save Thumbnail(0_127ffmv2) | By-Geetanjali_ott488 | 
28/12/2018 15:34:55 | SUCCESS | Save Thumbnail(0_vi66xfwt) | By-Geetanjali_ott488 | 
28/12/2018 15:35:20 | SUCCESS | Save Thumbnail(0_79sx4ppf) | By-Geetanjali_ott488 | 
28/12/2018 15:35:46 | SUCCESS | Save Thumbnail(0_l2dimebh) | By-Geetanjali_ott488 | 
28/12/2018 15:36:43 | SUCCESS | Save Thumbnail(0_uq82an8h) | By-Geetanjali_ott488 | 
28/12/2018 15:39:12 | SUCCESS | Delete Video entry(0_9hossw2s) | By-Ravindra_ott488 | 
28/12/2018 15:39:13 | SUCCESS | Delete Video entry(0_5ecyjuho) | By-Ravindra_ott488 | 
28/12/2018 11:03:44 | SUCCESS | login-(Adosphere) | By-Adosphere_ott488 | 
