04/07/2018 04:23:06 | SUCCESS | login-(Geetanjali) | By-Geetanjali_ott488 | 
04/07/2018 06:45:10 | SUCCESS | login-(Ados) | By-Ados_ott488 | 
04/07/2018 12:37:28 | SUCCESS | Add New Slider Image(C:\fakepath\assassins creed.jpg) | By-Geetanjali_ott488 | 
04/07/2018 12:38:52 | SUCCESS | Add New Slider Image(C:\fakepath\justice league.jpg) | By-Geetanjali_ott488 | 
04/07/2018 12:39:42 | SUCCESS | Add New Slider Image(C:\fakepath\moana.jpg) | By-Geetanjali_ott488 | 
04/07/2018 12:41:04 | SUCCESS | Add New Slider Image(C:\fakepath\TAKAT_30 2.jpg) | By-Geetanjali_ott488 | 
04/07/2018 12:41:54 | SUCCESS | Slider priority Set | By-Geetanjali_ott488 | 
04/07/2018 12:44:08 | SUCCESS | Slider image active(SliderID:107,Status:active) | By-Geetanjali_ott488 | 
04/07/2018 12:44:11 | SUCCESS | Slider image active(SliderID:109,Status:active) | By-Geetanjali_ott488 | 
04/07/2018 12:44:13 | SUCCESS | Slider image active(SliderID:108,Status:active) | By-Geetanjali_ott488 | 
04/07/2018 12:44:15 | SUCCESS | Slider image active(SliderID:110,Status:active) | By-Geetanjali_ott488 | 
04/07/2018 12:44:27 | SUCCESS | Slider image inactive(SliderID:91,Status:inactive) | By-Geetanjali_ott488 | 
04/07/2018 12:44:29 | SUCCESS | Slider image inactive(SliderID:105,Status:inactive) | By-Geetanjali_ott488 | 
04/07/2018 12:44:31 | SUCCESS | Slider image inactive(SliderID:102,Status:inactive) | By-Geetanjali_ott488 | 
04/07/2018 12:44:33 | SUCCESS | Slider image inactive(SliderID:103,Status:inactive) | By-Geetanjali_ott488 | 
04/07/2018 12:44:40 | SUCCESS | Slider image inactive(SliderID:89,Status:inactive) | By-Geetanjali_ott488 | 
04/07/2018 12:44:42 | SUCCESS | Slider image inactive(SliderID:104,Status:inactive) | By-Geetanjali_ott488 | 
04/07/2018 13:01:14 | SUCCESS | Add New Slider Image(C:\fakepath\atomic.jpg) | By-Geetanjali_ott488 | 
04/07/2018 13:02:04 | SUCCESS | Add New Slider Image(C:\fakepath\wonder women.jpg) | By-Geetanjali_ott488 | 
04/07/2018 13:02:32 | SUCCESS | Slider priority Set | By-Geetanjali_ott488 | 
04/07/2018 13:02:37 | SUCCESS | Slider image active(SliderID:111,Status:active) | By-Geetanjali_ott488 | 
04/07/2018 13:02:39 | SUCCESS | Slider image active(SliderID:112,Status:active) | By-Geetanjali_ott488 | 
04/07/2018 10:14:50 | SUCCESS | login-(Ados) | By-Ados_ott488 | 
