18/06/2018 06:14:37 | SUCCESS | login-(Adosphere) | By-Adosphere_ott488 | 
18/06/2018 06:19:04 | SUCCESS | login-(Adosphere) | By-Adosphere_ott488 | 
18/06/2018 06:25:16 | SUCCESS | login-(Geetanjali) | By-Geetanjali_ott488 | 
18/06/2018 12:17:46 | SUCCESS | Updtate MetaData(0_3iq0a7yg) | By-Adosphere_ott488 | update entry set name='Watch most powerful huge waterfall',thumbnail='http://ott.planetcast.in/p/108/sp/10800/thumbnail/entry_id/0_3iq0a7yg/version/100012',longdescription='Watch the most powerful  huge waterfall in Iceland i.e Dettifoss which runoff the color of water as greyish white.',
        duration='21',type='1',tag='underwater, waterfall, hugefall, natural reefs, nature life, water living, silent evolition, milky fall, nature, detti, foss, dettifoss, grey water, nature scene, site, calm view, world, beautiful fall, test',category='ON DEMAND>CELEB INTERVIEWS>HOLLY NEWS,ON DEMAND>CELEB GOSSIP>BEHIND THE SCENE',categoryid='236,239',
        updated_at='2018-06-18 12:20:40',shortdescription='Watch the most powerful  huge waterfall in Iceland i.e Dettifoss which runoff the color of water as greyish white.',
        director='',producer='',cast='',crew='',sub_genre='Nature',
        language='',pgrating='U',video_status='active',puser_id='Adosphere',custom_data=''
        where entryid='0_3iq0a7yg'
18/06/2018 12:19:04 | SUCCESS | Updtate MetaData(0_dxh5pm1d) | By-Adosphere_ott488 | update entry set name='Beautiful and Colorful Butterfly',thumbnail='http://ott.planetcast.in/p/108/sp/10800/thumbnail/entry_id/0_dxh5pm1d/version/100012',longdescription='Watch the beautiful sensitive insect with brightly colorful wings of butterfly.',
        duration='41',type='1',tag='butterfly, beautiful, colors, colorful, insects, butter, fly, amazing, amazing world, nature, natural, nature view, color, senstive, senstive insects, wings, colorfull wings, arthopoda, catterpiller, polymorpic, lay eggs, moth, moth butterflies, flying, flies, test',category='ON DEMAND>ANIMALS>TINY FLY',categoryid='199',
        updated_at='2018-06-18 12:21:58',shortdescription='Watch the beautiful sensitive insect with brightly colorful wings of butterfly.',
        director='',producer='',cast='',crew='',sub_genre='Insects',
        language='',pgrating='U',video_status='active',puser_id='Adosphere',custom_data=''
        where entryid='0_dxh5pm1d'
18/06/2018 12:19:10 | SUCCESS | Updtate MetaData(0_nl2hem5c) | By-Geetanjali_ott488 | update entry set name='Takat the Dog Episode 30 - Starving',thumbnail='http://ott.planetcast.in/p/108/sp/10800/thumbnail/entry_id/0_nl2hem5c/version/100012',longdescription='The Kids Animation Takat the dog episode 30 - Takat dog saw a food van and his mouth filled with water so he used a mischievous trick to get the food.',
        duration='160',type='1',tag='kids, cartoon, takat, dog, episode, series, little, 4yr, 8yr, children, story, learning, animation, stories, telling, zone, tales, juniors, season, barcelona, tv3, digital, stray, non, dialogue, comedy, full, 30, peekaboo, starving',category='ON DEMAND>KIDS>ANIMATION',categoryid='219',
        updated_at='2018-06-18 12:22:04',shortdescription='The Kids Animation Takat the dog episode 30 - Takat dog ruins up the picnic of a family by his mischievous trick to get the food.',
        director='Juan Linares',producer='NULL',cast='NULL',crew='NULL',sub_genre='Juniors',
        language='English',pgrating='G',video_status='active',puser_id='',custom_data=''
        where entryid='0_nl2hem5c'
18/06/2018 08:01:06 | SUCCESS | login-(Adosphere) | By-Adosphere_ott488 | 
18/06/2018 08:01:07 | SUCCESS | login-(Adosphere) | By-Adosphere_ott488 | 
18/06/2018 14:16:40 | SUCCESS | Save New video(0_0zhr4tkx) | By-Adosphere_ott488 | 
18/06/2018 14:16:43 | SUCCESS | Updtate MetaData(0_nkjtzljz) | By-Adosphere_ott488 | update entry set name='Turai Chana Dal ki sabzi',thumbnail='http://ott.planetcast.in/p/108/sp/10800/thumbnail/entry_id/0_nkjtzljz/version/100002',longdescription='Turai (Gilki) Chana Dal Ki Sabzi Hindi recipe video by chef Shaheen.The video will make you learn the easy way to prepare Turai Dal Ki Sabzi.',
        duration='296',type='1',tag='shaheen khan, shaheen recipes, chef shaheen khan, chef shaheen, cooking episodes by shaheen khan, cooking recipes, indian cooking recipes, home made recipes, shaheen kitchen, chef shaheen khan kitchen, indian turai ki sabzi, recipe for turai ki sabzi, torai, torai ki sabzi, torai ki sabzi in hindi, tori ki sabzi, tori ki sabzi recipe in hindi, tori recipe, tori sabzi, tori sabzi recipe, turai, turai gilki chana dal sabzi, turai ki sabzi, turai ki sabzi in hindi, turai ki sabzi pakistani recipes, turai ki sabzi recipe, turai ki sabzi recipe in hindi, turai recipe, turai recipe in hindi, turai sabzi, turai sabzi recipe, turai (gilki) chana dal ki sabzi hindi recipe video by chef shaheen, ridge gourd, gourd, green vegetable, dal, pulses, yellow dal',category='ON DEMAND>COOKING>KITCHEN STORIES',categoryid='289',
        updated_at='2018-06-18 14:19:37',shortdescription='Turai (Gilki) Chana Dal Ki Sabzi Hindi recipe video by chef Shaheen.The video will make you learn the easy way to prepare Turai Dal Ki Sabzi.',
        director='NULL',producer='NULL',cast='NULL',crew='NULL',sub_genre='Main Course',
        language='Hindi',pgrating='PG13',video_status='active',puser_id='',custom_data=''
        where entryid='0_nkjtzljz'
18/06/2018 14:20:45 | SUCCESS | Updtate MetaData(0_0zhr4tkx) | By-Adosphere_ott488 | update entry set name='Eleves And The Shoemaker',thumbnail='http://ott.planetcast.in/p/108/sp/10800/thumbnail/entry_id/0_0zhr4tkx/version/100002',longdescription='Watch the old traditional fairy tale Eleves and the Shoemaker in English. The cobbler make good tidy shoes and when he sleep the pair gets double. One day cobbler saw two tiny people who make shoes and keep on the counter. And to know more about the tale watch the video.',
        duration='282',type='1',tag='kids, cartoon, children, story, moral, series, little, learning, animation, junior, zone, diary, tales, bedtime, storytelling, eleves, shoemaker, old, traditional, good, tidy, sleep, pair, double, two, tiny, people, shoes, cobbler, english',category='ON DEMAND>KIDS>BEDTIME STORIES',categoryid='220',
        updated_at='2018-06-18 14:23:39',shortdescription='Watch the old traditional fairy tale Eleves and the Shoemaker in English. The cobbler make good tidy shoes and when he sleep the pair gets double. One',
        director='',producer='',cast='',crew='',sub_genre='Juniors',
        language='English',pgrating='G',video_status='inactive',puser_id='97',custom_data=''
        where entryid='0_0zhr4tkx'
18/06/2018 14:21:57 | SUCCESS | Updtate MetaData(0_l9sp3w7r) | By-Adosphere_ott488 | update entry set name='Homemade Tamatar Gosht',thumbnail='http://ott.planetcast.in/p/108/sp/10800/thumbnail/entry_id/0_l9sp3w7r/version/100002',longdescription='Tamatar Gosht Recipe | How to make tomato mutton recipe By Chef Shaheen',
        duration='292',type='1',tag='shaheen khan, shaheen recipes, chef shaheen khan, chef shaheen, cooking episodes by shaheen khan, cooking recipes, indian cooking recipes, home made recipes, shaheen kitchen, chef shaheen khan kitchen, shaheen chicken recipes, non-veg food, non veg recipes, non vegetarian food, non vegetarian recipes, recipes for dinner, dinner time menu, food for dinner, basic ingredients of tamatar gosht, how to make tamatar gosht at home, at home tamatar gosht, simple steps to make tamatar gosht, gosht itmes, tamatar gosht, gosht, different ways of tamatar gosht, different ways to make tamatar gosht, how to make tomato mutton recipe by chef shaheen, tomato mutton recipe, muttun recipe, mutton recipe, how to cook mutton',category='ON DEMAND>COOKING>SPICE IT UP',categoryid='288',
        updated_at='2018-06-18 14:24:51',shortdescription='Tamatar Gosht Recipe | How to make tomato muttun recipe By Chef Shaheen',
        director='NULL',producer='NULL',cast='NULL',crew='NULL',sub_genre='Non-Veg',
        language='English',pgrating='PG13',video_status='active',puser_id='',custom_data=''
        where entryid='0_l9sp3w7r'
18/06/2018 14:29:30 | SUCCESS | Save New video(0_01aqyrt1) | By-Adosphere_ott488 | 
18/06/2018 14:30:50 | SUCCESS | Updtate MetaData(0_nxpi128i) | By-Adosphere_ott488 | update entry set name='How to make sprouts at home',thumbnail='http://ott.planetcast.in/p/108/sp/10800/thumbnail/entry_id/0_nxpi128i/version/100002',longdescription='How to make Sprouts at Home by chef Shaheen. Ankuriit Dal is very healthy to eat as a breakfast .',
        duration='174',type='1',tag='shaheen khan, shaheen recipes, chef shaheen khan, cooking episodes by shaheen khan, cooking recipes, indian cooking recipes, home made recipes, shaheen kitchen, chef shaheen khan kitchen, bean sprouts in hindi, green gram sprouts, how to cook sprouts, how to make sprouts, how to make sprouts at home, how to make sprouts in sprout maker, how to prepare sprouts, how to sprout moong, how to use sprout maker, moong dal sprouts, moong sprouts, mung bean sprouts, mung beans, sprouted beans, sprouted green gram, sprouted moong, sprouting, sprouts, sprouts recipe in hindi, types of sprouts, healthy food, diet food',category='ON DEMAND>COOKING>KITCHEN STORIES',categoryid='289',
        updated_at='2018-06-18 14:33:44',shortdescription='How to make Sprouts at Home by chef Shaheen. Ankuriit Dal is very healthy to eat as a breakfast .',
        director='NULL',producer='NULL',cast='NULL',crew='NULL',sub_genre='Snacks',
        language='English',pgrating='PG13',video_status='active',puser_id='',custom_data=''
        where entryid='0_nxpi128i'
18/06/2018 14:32:06 | SUCCESS | Updtate MetaData(0_j36sodfn) | By-Adosphere_ott488 | update entry set name='How to make Sooji Halwa',thumbnail='http://ott.planetcast.in/p/108/sp/10800/thumbnail/entry_id/0_j36sodfn/version/100002',longdescription='Sooji ka Halwa | Semolina Halwa | Suji (rava) Halwa | Easy Halwa Recipe By Chef Shaheen',
        duration='340',type='1',tag='shaheen khan, shaheen recipes, cookery show, halwa, sooji, sooji halwa, dry fruit dish, desi ghee dish, chef shaheen khan, chef shaheen, cooking episodes by shaheen khan, dadi ka halwa, nani ka halwa, grandmother recipes, home made halwa, cooking recipes, indian cooking recipes, indian home made recipes, indian sweet dishes of halwa, indian sweet dishes, recipes of shaheen khan, recipes  by chef shaheen, recipes  for sweet dish, dinner time menu, sweet dish for dinner, shaheenskit, basic ingredients of rava halwa, basic ingredients of sooji halwa, ingredients of sooji halwa, how to make rava halwa at home, at home halwa, simple steps to make sooji ka halwa, home made recipes.shaheen kitchen, chef shaheen khan kitchen',category='ON DEMAND>COOKING>CULINARY',categoryid='287',
        updated_at='2018-06-18 14:35:00',shortdescription='Sooji ka Halwa | Semolina Halwa | Suji (rava) Halwa | Easy Halwa Recipe By Chef Shaheen',
        director='NULL',producer='NULL',cast='NULL',crew='NULL',sub_genre='Dessert',
        language='English',pgrating='PG13',video_status='active',puser_id='',custom_data=''
        where entryid='0_j36sodfn'
18/06/2018 14:37:14 | SUCCESS | Save New video(0_wqpqo8gy) | By-Adosphere_ott488 | 
18/06/2018 14:38:03 | SUCCESS | Updtate MetaData(0_vbihfx6t) | By-Adosphere_ott488 | update entry set name='Chinese | Schezwan Rice',thumbnail='http://ott.planetcast.in/p/108/sp/10800/thumbnail/entry_id/0_vbihfx6t/version/100002',longdescription='Learn How to make Schezwan rice with different Chinese taste and spices .',
        duration='351',type='1',tag='shaheen khan, shaheen recipes, chef shaheen khan, cooking episodes by shaheen khan, cooking recipes, indian cooking recipes, indian coooking recipes, home made recipes, chef shaheen khan kitchen, chinese fried rice recipe in hindi, chinese rice dishes, chinese scheawan rice recipe, chinese veg fried rice recipe, chinese vegetable fried rice, fried rice recipe chinese, fried rice recipe in hindi, fried rice recipe indian, fry rice recipe in hindi, indian fried rice recipe, recipe for veg fried rice, schezwan, schezwan fried rice, schezwan fried rice recipe in hindi, schezwan rice, schezwan rice recipe in hindi, veg fried rice, basmati rice, long basmati recipe, chinese schezwan rice, hindi video by chef shaheen, chinese recipes, chinese food, cinese minute made food, chilly sauce, ingredients of schezwan fried rice, cinese noodle, chinese rice, fried rice',category='ON DEMAND>COOKING>KITCHEN MASALA',categoryid='286',
        updated_at='2018-06-18 14:40:57',shortdescription='Learn How to make Schezwan rice with different Chinese taste and spices .',
        director='NULL',producer='NULL',cast='NULL',crew='NULL',sub_genre='Main Course',
        language='Hindi',pgrating='PG13',video_status='active',puser_id='',custom_data=''
        where entryid='0_vbihfx6t'
18/06/2018 14:39:11 | SUCCESS | Updtate MetaData(0_01aqyrt1) | By-Adosphere_ott488 | update entry set name='The Frog Prince',thumbnail='http://ott.planetcast.in/p/108/sp/10800/thumbnail/entry_id/0_01aqyrt1/version/100002',longdescription='Watch the Frog Prince a Telugu animated bedtime story where queen meets the frog while playing with her golden ball.The ball falls into the river and frog came to help her and fulfill his demand.Watch more to know the story.',
        duration='861',type='1',tag='kids, cartoon, children, story, moral, series, little, learning, animation, junior, diary, tales, bedtime, storytelling, reciter, cat, fairy, king, young, girl, frog, prince, queen, kingdom, princess, ball, demand, pond, golden, telugu',category='ON DEMAND>KIDS>BEDTIME STORIES',categoryid='220',
        updated_at='2018-06-18 14:42:05',shortdescription='Watch the Frog Prince a Telugu animated bedtime story where queen meets the frog while playing with her golden ball.The ball falls into the river and ',
        director='',producer='',cast='',crew='',sub_genre='Juniors',
        language='Telugu',pgrating='G',video_status='inactive',puser_id='97',custom_data=''
        where entryid='0_01aqyrt1'
18/06/2018 14:42:26 | SUCCESS | Updtate MetaData(0_281s5oyd) | By-Adosphere_ott488 | update entry set name='Mango Chuski | Ice Cream',thumbnail='http://ott.planetcast.in/p/108/sp/10800/thumbnail/entry_id/0_281s5oyd/version/100002',longdescription='Mango Chuski, Hindi recipe by chef Shaheen. Mango is a seasonal fruit with sweet sour flavor as a ice candy i.e Mango Chuski.',
        duration='279',type='1',tag='shaheen khan, shaheen  recipes, chef shaheen khan, chef shaheen, cooking episodes by shaheen khan, cooking recipes, indian cooking recipes, indian coooking recipes, home made recipes, shaheen kitchen, chef shaheen khan kitchen, aam ki chuski, mango chuski, easy kulfi recipe, homemade kulfi, indian ice cream recipe, kulfi, kulfi ice cream, kulfi ice cream recipe, kulfi recipe, kulfi recipe at home, kulfi recipe in hindi, kulfi recipes, mango kulfi, mango kulfi recipe, mango kulfi recipe in hindi, pistachio kulfi recipe, recipe for kulfi, recipe for mango kulfi, simple kulfi recipe, indian icecream, ice lolli, ice, mango, aam, khatta meetha, khatti mithi chuski, ice bar, coloured ice, coloured ice lolli, ice cream home recipes, ice cream easy home recipes, homemade',category='ON DEMAND>COOKING>CULINARY',categoryid='287',
        updated_at='2018-06-18 14:45:20',shortdescription='Mango Chuski, Hindi recipe by chef Shaheen. Mango is a seasonal fruit with sweet sour flavor as a ice candy i.e Mango Chuski.',
        director='NULL',producer='NULL',cast='NULL',crew='NULL',sub_genre='Dessert',
        language='Hindi',pgrating='PG13',video_status='active',puser_id='',custom_data=''
        where entryid='0_281s5oyd'
18/06/2018 14:43:00 | SUCCESS | Save Content Partner(0_01aqyrt1,) | By-Adosphere_ott488 | 
18/06/2018 14:43:08 | SUCCESS | Save Content Viewer Rating(0_01aqyrt1,G) | By-Adosphere_ott488 | 
18/06/2018 14:50:31 | SUCCESS | Updtate MetaData(0_ogimb6bc) | By-Adosphere_ott488 | update entry set name='Easy formation of coconut chocolate bar',thumbnail='http://ott.planetcast.in/p/108/sp/10800/thumbnail/entry_id/0_ogimb6bc/version/100002',longdescription='Learn how to make white coconut chocolate bar at home.',
        duration='322',type='1',tag='shaheen khan, shaheen  recipes, chef shaheen khan, chef shaheen, cooking episodes by shaheen khan, cooking recipes, indian cooking recipes, indian coooking recipes, home made recipe, shaheen kitchen, chef shaheen khan kitchen, coconut chocolate bar, chocolate at home, chocolate bar recipes, chocolate milk bar, chocolate recipes, coconut chocolate, dairy milk caramel, dairy milk chocolate, dark chocolate, homemade chocolate, homemade chocolates, how to make chocolate, how to make chocolates, how to make homemade chocolates, how to prepare chocolate, make chocolate at home, milky bar chocolate, recipe to make chocolate, who to make chocolate, chococlate, coco choco, coco chocolate, cb2018, cooking',category='ON DEMAND>COOKING>CULINARY',categoryid='287',
        updated_at='2018-06-18 14:53:25',shortdescription='Learn how to make white coconut chocolate bar at home.',
        director='NULL',producer='NULL',cast='NULL',crew='NULL',sub_genre='Dessert',
        language='English',pgrating='PG',video_status='active',puser_id='',custom_data=''
        where entryid='0_ogimb6bc'
18/06/2018 14:53:23 | SUCCESS | Updtate MetaData(0_acjm3u9o) | By-Adosphere_ott488 | update entry set name='Chinese Vegetable Soup',thumbnail='http://ott.planetcast.in/p/108/sp/10800/thumbnail/entry_id/0_acjm3u9o/version/100002',longdescription='Vegetable hot & sour is a chinese soup,people love to have this spicy,tangy soup.It has all the seasonal veggie like,cauliflowers,cabbage,capsicum,spring onion,ginger & garlic. Chinese sauce add to its great taste.Prepare it at home.You’ll be surprised to see how easy to make it home.',
        duration='335',type='1',tag='shaheen kitchen, chef shaheen khan kitchen, shaheen khan, cookery show, chef shaheen khan, chef shaheen, cooking episodes by shaheen khan, chinese soup recipes, home made chinese hot and sour soup, cooking recipes, indian veg soup recipes, indian cooking recipes, indian home made soup recipes, recipes of shaheen khan, recipes  by chef shaheen, veg food, veg soup recipes, vegetarian food, recipes for dinner, snacks time menu, food for snacks, shaheenskit, basic ingredients of chinese soup, ingredients of chinese hot and sour soup, ingredients of soup recipes, how to make chinese soup at home, at home chinese soup, simple steps to make chinese soup, home made recipes, chinese recipe, chinese food recipes, chinese famous food list, list of veg food, shaheen chinese recipes, easy recipes for bachelors, easy recipes for newly weds, easy recipes for beginners, indian cooking.5min food recipes, simple food recipes, vegetable soup, vegetable chinese soup, chinese vegetable soup, appetizer',category='ON DEMAND>COOKING>CULINARY',categoryid='287',
        updated_at='2018-06-18 14:56:17',shortdescription='Veg hot & sour is a chinese soup,people love to have this spicy,tangy soup.It has all the seasonal veggie like,cauliflowers,cabbage,capsicum and so.',
        director='NULL',producer='NULL',cast='NULL',crew='NULL',sub_genre='Appetizer',
        language='Hindi',pgrating='PG13',video_status='active',puser_id='',custom_data=''
        where entryid='0_acjm3u9o'
18/06/2018 14:59:12 | SUCCESS | Updtate MetaData(0_wbjvt5se) | By-Adosphere_ott488 | update entry set name='The Frog Prince',thumbnail='http://ott.planetcast.in/p/108/sp/10800/thumbnail/entry_id/0_wbjvt5se/version/100002',longdescription='Watch the Frog Prince a Urdu animated bedtime story where queen meets the frog while playing with her golden ball.The ball falls into the river and frog came to help her and fulfill his demand.Watch more to know the story.',
        duration='471',type='1',tag='kids, channel, cartoon, children, story, moral, series, little, kid, learning, animation, junior, juniors, tales, urdu, bed, time, storytelling, sleeping, reciter, fairy, cartoons, tortoise, rabbit, race, win, hare, challenge, run, child, animal',category='ON DEMAND>KIDS>BEDTIME STORIES',categoryid='220',
        updated_at='2018-06-18 15:02:06',shortdescription='Watch the Frog Prince a Urdu animated bedtime story where queen meets the frog while playing with her golden ball.',
        director='',producer='',cast='',crew='',sub_genre='Juniors',
        language='Urdu',pgrating='G',video_status='inactive',puser_id='97',custom_data=''
        where entryid='0_wbjvt5se'
18/06/2018 15:05:47 | SUCCESS | Save Content Viewer Rating(0_1zf2f2af,G) | By-Adosphere_ott488 | 
18/06/2018 15:06:14 | SUCCESS | Updtate MetaData(0_1zf2f2af) | By-Adosphere_ott488 | update entry set name='The Hare and the tortoise',thumbnail='http://ott.planetcast.in/p/108/sp/10800/thumbnail/entry_id/0_1zf2f2af/version/100012',longdescription='Watch animated \'The Hare and Tortoise story\' which is most popular moral story for kids in Telugu',
        duration='300',type='1',tag='kids, channel, cartoon, children, story, moral, series, little, kid, learning, animation, junior, juniors, tales, telugu, bed, time, storytelling, sleeping, reciter, fairy, cartoons, tortoise, rabbit, race, win, hare, challenge, run, child, animal',category='ON DEMAND>KIDS>BEDTIME STORIES',categoryid='220',
        updated_at='2018-06-18 15:09:08',shortdescription='Watch animated \'The Hare and Tortoise story\' which is most popular moral story for kids in Telugu',
        director='',producer='',cast='',crew='',sub_genre='Juniors',
        language='Telugu',pgrating='G',video_status='inactive',puser_id='97',custom_data=''
        where entryid='0_1zf2f2af'
18/06/2018 15:06:41 | SUCCESS | Updtate MetaData(0_0zhr4tkx) | By-Adosphere_ott488 | update entry set name='Eleves and the shoemaker',thumbnail='http://ott.planetcast.in/p/108/sp/10800/thumbnail/entry_id/0_0zhr4tkx/version/100012',longdescription='Watch the old traditional fairy tale Eleves and the Shoemaker in English. The cobbler make good tidy shoes and when he sleep the pair gets double. One day cobbler saw two tiny people who make shoes and keep on the counter. And to know more about the tale watch the video.',
        duration='282',type='1',tag='kids, cartoon, children, story, moral, series, little, learning, animation, junior, zone, diary, tales, bedtime, storytelling, eleves, shoemaker, old, traditional, good, tidy, sleep, pair, double, two, tiny, people, shoes, cobbler, english',category='ON DEMAND>KIDS>BEDTIME STORIES',categoryid='220',
        updated_at='2018-06-18 15:09:35',shortdescription='Watch the old traditional fairy tale Eleves and the Shoemaker in English.',
        director='',producer='',cast='',crew='',sub_genre='Juniors',
        language='English',pgrating='G',video_status='inactive',puser_id='97',custom_data=''
        where entryid='0_0zhr4tkx'
18/06/2018 15:15:25 | SUCCESS | Save New video(0_vln593zr) | By-Adosphere_ott488 | 
18/06/2018 15:26:21 | SUCCESS | Updtate MetaData(0_h9uxuvd3) | By-Adosphere_ott488 | update entry set name='The wicked little witch',thumbnail='http://ott.planetcast.in/p/108/sp/10800/thumbnail/entry_id/0_h9uxuvd3/version/100002',longdescription='Watch \'The wicked little Witch\' in Sindhi where Hazel wants to be a witch who can spins the magical wound.She read all the books related to magical witch.But at the end she realizes that bad things and to hurt someone is always a bad choice.',
        duration='373',type='1',tag='kids, channel, cartoon, children, story, moral, little, learning, animation, junior, pot, magic, tales, kid, life, storytelling, bed, sleeping, reciter, types, fairy, cartoons, lesson, wicked, witch, magical, hazel, bedtime, devil, evil',category='ON DEMAND>KIDS>BEDTIME STORIES',categoryid='220',
        updated_at='2018-06-18 15:29:14',shortdescription='Watch \'The wicked little Witch\' in Sindhi where Hazel wants to be a witch who can spins the magical wound.',
        director='',producer='',cast='',crew='',sub_genre='Juniors',
        language='Sindhi',pgrating='G',video_status='inactive',puser_id='97',custom_data=''
        where entryid='0_h9uxuvd3'
18/06/2018 15:28:58 | SUCCESS | Updtate MetaData(0_vln593zr) | By-Adosphere_ott488 | update entry set name='The Wicked Little Witch',thumbnail='http://ott.planetcast.in/p/108/sp/10800/thumbnail/entry_id/0_vln593zr/version/100002',longdescription='Watch \'The Wicked Little Witch\' in Tamil language. Hazel wants to be a witch. She read the books related to the magic But at the end she realize  that bad things or hurt someone is always a bad choice.',
        duration='278',type='1',tag='kids, channel, cartoon, children, story, moral, little, 4yr, 8yr, learning, animation, junior, pot, magic, tales, kid, life, storytelling, bed, sleeping, reciter, types, fairy, cartoons, lesson, wicked, witch, magical, hazel, bedtime, devil, evil, tamil',category='ON DEMAND>KIDS>BEDTIME STORIES',categoryid='220',
        updated_at='2018-06-18 15:31:51',shortdescription='Watch \'The Wicked Little Witch\' in Tamil language.',
        director='',producer='',cast='',crew='',sub_genre='Juniors',
        language='Tamil',pgrating='G',video_status='inactive',puser_id='97',custom_data=''
        where entryid='0_vln593zr'
18/06/2018 15:29:21 | SUCCESS | Updtate MetaData(0_vln593zr) | By-Adosphere_ott488 | update entry set name='The Wicked Little Witch',thumbnail='http://ott.planetcast.in/p/108/sp/10800/thumbnail/entry_id/0_vln593zr/version/100002',longdescription='Watch \'The Wicked Little Witch\' in Tamil language. Hazel wants to be a witch. She read the books related to the magic But at the end she realize  that bad things or hurt someone is always a bad choice.',
        duration='278',type='1',tag='kids, channel, cartoon, children, story, moral, little, learning, animation, junior, pot, magic, tales, kid, life, storytelling, bed, sleeping, reciter, types, fairy, cartoons, lesson, wicked, witch, magical, hazel, bedtime, devil, evil, tamil',category='ON DEMAND>KIDS>BEDTIME STORIES',categoryid='220',
        updated_at='2018-06-18 15:32:15',shortdescription='Watch \'The Wicked Little Witch\' in Tamil language.',
        director='',producer='',cast='',crew='',sub_genre='Juniors',
        language='Tamil',pgrating='G',video_status='inactive',puser_id='97',custom_data=''
        where entryid='0_vln593zr'
18/06/2018 15:39:05 | SUCCESS | Save New video(0_l8ia7o74) | By-Adosphere_ott488 | 
18/06/2018 15:41:52 | SUCCESS | Updtate MetaData(0_l8ia7o74) | By-Adosphere_ott488 | update entry set name='The Wicked Little Witch',thumbnail='http://ott.planetcast.in/p/108/sp/10800/thumbnail/entry_id/0_l8ia7o74/version/100002',longdescription='Watch \'The wicked little Witch\' in Urdu language where Hazel wants to be a witch. She read the books related to the magic But at the end she realize  that bad things or hurt someone is always a bad choice.',
        duration='312',type='1',tag='kids, channel, cartoon, children, story, moral, little, learning, animation, junior, pot, magic, tales, kid, life, storytelling, bed, sleeping, reciter, types, fairy, cartoons, lesson, wicked, witch, magical, hazel, bedtime, devil, evil, urdu',category='ON DEMAND>KIDS>BEDTIME STORIES',categoryid='220',
        updated_at='2018-06-18 15:44:47',shortdescription='Watch \'The wicked little Witch\' in Urdu language where Hazel wants to be a witch. ',
        director='',producer='',cast='',crew='',sub_genre='Juniors',
        language='Urdu',pgrating='G',video_status='inactive',puser_id='97',custom_data=''
        where entryid='0_l8ia7o74'
18/06/2018 15:48:09 | SUCCESS | Save Content Partner(0_l8ia7o74,) | By-Adosphere_ott488 | 
18/06/2018 15:48:13 | SUCCESS | Save Content Viewer Rating(0_l8ia7o74,G) | By-Adosphere_ott488 | 
18/06/2018 10:26:26 | SUCCESS | login-(Adosphere) | By-Adosphere_ott488 | 
18/06/2018 16:09:40 | SUCCESS | Save New video(0_f2ia3wnm) | By-Adosphere_ott488 | 
18/06/2018 16:29:31 | SUCCESS | Delete Video entry(0_3gze140z) | By-Adosphere_ott488 | 
18/06/2018 16:30:14 | SUCCESS | Delete Video entry(0_kmcwl6j0) | By-Adosphere_ott488 | 
18/06/2018 16:34:28 | SUCCESS | Save New video(0_bes6jvek) | By-Adosphere_ott488 | 
18/06/2018 16:39:30 | SUCCESS | Save New video(0_557ortp0) | By-Adosphere_ott488 | 
18/06/2018 16:39:51 | SUCCESS | Delete Video entry(0_6wd3oq30) | By-Adosphere_ott488 | 
18/06/2018 16:49:03 | SUCCESS | Save New video(0_x96o9isg) | By-Adosphere_ott488 | 
18/06/2018 16:50:07 | SUCCESS | Delete Video entry(0_b3u4er3q) | By-Adosphere_ott488 | 
18/06/2018 16:53:59 | SUCCESS | Bulk Add Content Viewer(Array,G) | By-Adosphere_ott488 | 
18/06/2018 16:54:14 | SUCCESS | Bulk Add Category(0_b3aj8sch,0_x96o9isg,0_unuxaohp,0_557ortp0,0_bes6jvek,219) | By-Adosphere_ott488 | update entry set category='ON DEMAND>KIDS>ANIMATION', categoryid='219' where entryid='0_bes6jvek' 
18/06/2018 16:54:31 | SUCCESS | Save Content Viewer Rating(0_bes6jvek,G) | By-Adosphere_ott488 | 
18/06/2018 16:54:32 | SUCCESS | Updtate MetaData(0_y13fudve) | By-Geetanjali_ott488 | update entry set name='The Valiant Little Tailor French',thumbnail='http://ott.planetcast.in/p/108/sp/10800/thumbnail/entry_id/0_y13fudve/version/100002',longdescription='Watch moral story for kids in French \'The Valiant Little Tailor\' where tailor was very determined about his work and skills. Tailor used to stitch huge amount of clothes. One day he was talking to himself about his brave work then after hearing this news by village people and King called him into his Kingdom.He saved the kingdom from giant devil and king got happy with his work.',
        duration='216',type='1',tag='kids, channel, cartoon, children, story, moral, series, little, kid, learning, animation, junior, tales, french, bedtime, sleeping, valiant, tailor, reciter, fairy, cartoons, stitch, brave, flies, seven, determined, skills, kingdom, giant, bees, kills, king',category='ON DEMAND>KIDS>BEDTIME STORIES',categoryid='220',
        updated_at='2018-06-18 16:57:26',shortdescription='Watch moral story for kids in French \'The Valiant Little Tailor\' where tailor was very determined about his work and skills. Tailor used to stitch huge amount of clothes. One day he was talking to himself about his brave work then after hearing this news by village people and King called him into his Kingdom.He saved the kingdom from giant devil and king got happy with his work.',
        director='NULL',producer='NULL',cast='NULL',crew='NULL',sub_genre='Juniors',
        language='French',pgrating='G',video_status='active',puser_id='',custom_data=''
        where entryid='0_y13fudve'
18/06/2018 16:55:07 | SUCCESS | Updtate MetaData(0_b3aj8sch) | By-Adosphere_ott488 | update entry set name='Takat the Dog Episode 26 - The Doll',thumbnail='http://ott.planetcast.in/p/108/sp/10800/thumbnail/entry_id/0_b3aj8sch/version/100002',longdescription='',
        duration='161',type='1',tag='kids, cartoon, takat, dog, episode, series, little, children, story, learning, animation, stories, telling, zone, tales, juniors, season, barcelona, tv3, digital, stray, non, dialogue, comedy, full, 26, peekaboo, doll',category='ON DEMAND>KIDS>ANIMATION',categoryid='219',
        updated_at='2018-06-18 16:58:00',shortdescription='',
        director='',producer='',cast='',crew='',sub_genre='Juniors',
        language='English',pgrating='G',video_status='inactive',puser_id='97',custom_data=''
        where entryid='0_b3aj8sch'
18/06/2018 16:55:21 | SUCCESS | Updtate MetaData(0_u85arnaz) | By-Geetanjali_ott488 | update entry set name='The Valiant Little Tailor English',thumbnail='http://ott.planetcast.in/p/108/sp/10800/thumbnail/entry_id/0_u85arnaz/version/100002',longdescription='Watch moral story for kids in English \'The Valiant Little Tailor\' where tailor was very determined about his work and skills. Tailor used to stitch huge amount of clothes. One day he was talking to himself about his brave work then after hearing this news by village people and King called him into his Kingdom.He saved the kingdom from giant devil and king got happy with his work.',
        duration='235',type='1',tag='kids, channel, cartoon, children, story, moral, series, little, kid, learning, animation, junior, tales, english, bedtime, sleeping, valiant, tailor, reciter, fairy, cartoons, stitch, brave, flies, seven, determined, skills, kingdom, giant, bees, kills, king',category='ON DEMAND>KIDS>BEDTIME STORIES',categoryid='220',
        updated_at='2018-06-18 16:58:15',shortdescription='Watch moral story for kids in English \'The Valiant Little Tailor\' where tailor was very determined about his work and skills. Tailor used to stitch huge amount of clothes. One day he was talking to himself about his brave work then after hearing this news by village people and King called him into his Kingdom.He saved the kingdom from giant devil and king got happy with his work.',
        director='NULL',producer='NULL',cast='NULL',crew='NULL',sub_genre='Juniors',
        language='English',pgrating='G',video_status='active',puser_id='',custom_data=''
        where entryid='0_u85arnaz'
18/06/2018 16:57:17 | SUCCESS | Save Content Partner(0_b3aj8sch,) | By-Adosphere_ott488 | 
18/06/2018 16:57:24 | SUCCESS | Save Content Viewer Rating(0_b3aj8sch,G) | By-Adosphere_ott488 | 
18/06/2018 16:58:06 | SUCCESS | Updtate MetaData(0_zibcfhx7) | By-Geetanjali_ott488 | update entry set name='The Hare And The Tortoise  Moral story for kids Urdu',thumbnail='http://ott.planetcast.in/p/108/sp/10800/thumbnail/entry_id/0_zibcfhx7/version/100002',longdescription='Watch animated \'The Hare and Tortoise story\' which is most popular moral story for kids in Urdu.',
        duration='252',type='1',tag='kids, channel, cartoon, children, story, moral, series, little, kid, learning, animation, junior, juniors, tales, urdu, bed, time, storytelling, sleeping, reciter, fairy, cartoons, tortoise, rabbit, race, win, hare, challenge, run, child, animal',category='ON DEMAND>KIDS>BEDTIME STORIES',categoryid='220',
        updated_at='2018-06-18 17:01:01',shortdescription='Watch animated \'The Hare and Tortoise story\' which is most popular moral story for kids in Urdu.',
        director='NULL',producer='NULL',cast='NULL',crew='NULL',sub_genre='Juniors',
        language='Urdu',pgrating='G',video_status='inactive',puser_id='',custom_data=''
        where entryid='0_zibcfhx7'
18/06/2018 17:02:23 | SUCCESS | Updtate MetaData(0_sftvdbkd) | By-Adosphere_ott488 | update entry set name='Takat the Dog Episode 09 - The Kitty',thumbnail='http://ott.planetcast.in/p/108/sp/10800/thumbnail/entry_id/0_sftvdbkd/version/100002',longdescription='It\'s world known that cats and dogs don\'t get along. One day a little kitty appears on the box where Takat sleeps and he doesn\'t like it. The little kitty gets mellow with Takat who keeps avoiding it but at the end the kitten steals his heart. What will Takat do with the kitten?',
        duration='163',type='1',tag='kids, cartoon, cartoons, takat, tkt, dog, episode, ep, 09, series, little, 4yr, 8yr, children, story, learning, animation, animated, stories, telling, zone, tales, tale, juniors, season, barcelona, tv3, digital, stray, non, dialogue, comedy, full, peekaboo, kitty, kittens',category='ON DEMAND>KIDS>ANIMATION',categoryid='219',
        updated_at='2018-06-18 17:05:17',shortdescription='The Kids Animation Takat the dog episode 09 - Takat dog place cute little kitty withh the fellow kittens and also enjoy the comdy of Takat in the kitty episode .',
        director='Juan Linares',producer='NULL',cast='NULL',crew='NULL',sub_genre='Juniors',
        language='English',pgrating='G',video_status='active',puser_id='',custom_data=''
        where entryid='0_sftvdbkd'
18/06/2018 17:03:41 | SUCCESS | Updtate MetaData(0_pvfbc6mb) | By-Geetanjali_ott488 | update entry set name='The Hare And The Tortoise  Moral story for kids French',thumbnail='http://ott.planetcast.in/p/108/sp/10800/thumbnail/entry_id/0_pvfbc6mb/version/100002',longdescription='Watch animated \'The Hare and Tortoise story\' which is most popular moral story for kids in French.',
        duration='208',type='1',tag='kids, channel, cartoon, children, story, moral, series, little, kid, learning, animation, junior, juniors, tales, french, bed, time, storytelling, sleeping, reciter, fairy, cartoons, tortoise, rabbit, race, win, hare, challenge, run, child, animal',category='ON DEMAND>KIDS>BEDTIME STORIES',categoryid='220',
        updated_at='2018-06-18 17:06:35',shortdescription='Watch animated \'The Hare and Tortoise story\' which is most popular moral story for kids in French.',
        director='NULL',producer='NULL',cast='NULL',crew='NULL',sub_genre='Juniors',
        language='French',pgrating='G',video_status='inactive',puser_id='',custom_data=''
        where entryid='0_pvfbc6mb'
18/06/2018 17:06:40 | SUCCESS | Updtate MetaData(0_7q628msw) | By-Geetanjali_ott488 | update entry set name='The Frog Prince Animated Story punjabi',thumbnail='http://ott.planetcast.in/p/108/sp/10800/thumbnail/entry_id/0_7q628msw/version/100002',longdescription='Watch the Frog Prince a Punjabi animated bedtime story where queen meets the frog while playing with her golden ball.The ball falls into the river and frog came to help her and fulfill his demand.Watch more to know the story.',
        duration='459',type='1',tag='kids, cartoon, children, story, moral, series, little, learning, animation, junior, zone, diary, tales, bedtime, storytelling, reciter, cat, fairy, king, young, girl, frog, prince, queen, kingdom, princess, ball, demand, pond, golden, punjabi',category='ON DEMAND>KIDS>BEDTIME STORIES',categoryid='220',
        updated_at='2018-06-18 17:09:34',shortdescription='Watch the Frog Prince a Punjabi animated bedtime story where queen meets the frog while playing with her golden ball.The ball falls into the river and frog came to help her and fulfill his demand.Watch more to know the story.',
        director='NULL',producer='NULL',cast='NULL',crew='NULL',sub_genre='Juniors',
        language='Punjabi',pgrating='G',video_status='active',puser_id='',custom_data=''
        where entryid='0_7q628msw'
18/06/2018 17:10:00 | SUCCESS | Updtate MetaData(0_rld4w3nd) | By-Geetanjali_ott488 | update entry set name='The Frog Prince',thumbnail='http://ott.planetcast.in/p/108/sp/10800/thumbnail/entry_id/0_rld4w3nd/version/100012',longdescription='Watch the Frog Prince a Sindhi animated bedtime story. where queen meets the frog while playing with her golden ball.The ball falls into the river and frog came to help her and fulfill his demand.Watch more to know the story.',
        duration='563',type='1',tag='kids, cartoon, children, story, moral, series, little, learning, animation, junior, zone, diary, tales, bedtime, storytelling, reciter, fairy, king, young, girl, frog, prince, queen, kingdom, princess, ball, demand, pond, golden, sindhi',category='ON DEMAND>KIDS>BEDTIME STORIES',categoryid='220',
        updated_at='2018-06-18 17:12:54',shortdescription='Watch the Frog Prince a Sindhi animated bedtime story. ',
        director='NULL',producer='NULL',cast='NULL',crew='NULL',sub_genre='Juniors',
        language='Sindhi',pgrating='G',video_status='active',puser_id='',custom_data=''
        where entryid='0_rld4w3nd'
18/06/2018 17:10:49 | SUCCESS | Updtate MetaData(0_rld4w3nd) | By-Geetanjali_ott488 | update entry set name='The Frog Prince',thumbnail='http://ott.planetcast.in/p/108/sp/10800/thumbnail/entry_id/0_rld4w3nd/version/100012',longdescription='Watch the Frog Prince a Sindhi animated bedtime story. where queen meets the frog while playing with her golden ball.The ball falls into the river and frog came to help her and fulfill his demand.Watch more to know the story.',
        duration='563',type='1',tag='kids, cartoon, children, story, moral, series, little, learning, animation, junior, zone, diary, tales, bedtime, storytelling, reciter, fairy, king, young, girl, frog, prince, queen, kingdom, princess, ball, demand, pond, golden, sindhi',category='ON DEMAND>KIDS>BEDTIME STORIES',categoryid='220',
        updated_at='2018-06-18 17:13:43',shortdescription='Watch the Frog Prince a Sindhi animated bedtime story. ',
        director='NULL',producer='NULL',cast='NULL',crew='NULL',sub_genre='Juniors',
        language='Sindhi',pgrating='G',video_status='active',puser_id='',custom_data=''
        where entryid='0_rld4w3nd'
18/06/2018 17:13:25 | SUCCESS | Delete Video entry(0_t0n48pos) | By-Adosphere_ott488 | 
18/06/2018 17:13:37 | SUCCESS | Delete Video entry(0_rieq2dz6) | By-Adosphere_ott488 | 
18/06/2018 17:18:44 | SUCCESS | Updtate MetaData(0_rpvvpmfv) | By-Adosphere_ott488 | update entry set name='Takat the Dog Episode 13 - The Frisbee',thumbnail='http://ott.planetcast.in/p/108/sp/10800/thumbnail/entry_id/0_rpvvpmfv/version/100002',longdescription='Takat is wondering around the beach where people are walking, sunbathing, and playing games. While two kids are playing with a Frisbee, Takat ́s attention is caught by the round object which makes him jump to try to catch it and find out what\'s the flying object.',
        duration='160',type='1',tag='kids, cartoon, takat, dog, episode, series, little, 4yr, 8yr, children, story, learning, animation, stories, telling, zone, tales, juniors, season, barcelona, tv3, digital, stray, non, dialogue, comedy, full, 13, frisbee, peekaboo',category='ON DEMAND>KIDS>ANIMATION',categoryid='219',
        updated_at='2018-06-18 17:21:38',shortdescription='The Kids Animation Takat the dog episode 13 - Takat dog walks around the beach and found one frisbee. He wants to play with the frisbee but comedy of animation cartoon starts from here and to know more watch the video.',
        director='Juan Linares',producer='NULL',cast='NULL',crew='NULL',sub_genre='Juniors',
        language='English',pgrating='G',video_status='active',puser_id='',custom_data=''
        where entryid='0_rpvvpmfv'
18/06/2018 17:27:11 | SUCCESS | Updtate MetaData(0_tr2uhcy7) | By-Geetanjali_ott488 | update entry set name='Teen Machhlia Animated Story Gujarati',thumbnail='http://ott.planetcast.in/p/108/sp/10800/thumbnail/entry_id/0_tr2uhcy7/version/100002',longdescription='The story in Gujarati is about three fishes who lived in a same lake. One morning they heard about the terror of two fisherman who was talking about to catch all the fishes in the lake and plan to sell them away. By hearing, one fish decides to move away from the lake and other two decided to stay back.One fine morning fisherman came and catch all the fishes. watch more to know about two fishes. Moral - Fate always favor\'s the clever.',
        duration='353',type='1',tag='kids, channel, cartoon, children, story, moral, little, kid, learning, animation, junior, tales, gujarati, bedtime, storytelling, sleeping, reciters, fisherman, fairy, cartoons, fish, punchtantra, teen, machali, serendipity, friend, fishes, catcher',category='ON DEMAND>KIDS>BEDTIME STORIES',categoryid='220',
        updated_at='2018-06-18 17:30:05',shortdescription='The story in Gujarati is about three fishes who lived in a same lake. One morning they heard about the terror of two fisherman who was talking about to catch all the fishes in the lake and plan to sell them away. By hearing, one fish decides to move away from the lake and other two decided to stay back.One fine morning fisherman came and catch all the fishes. watch more to know about two fishes. Moral - Fate always favor\'s the clever.',
        director='NULL',producer='NULL',cast='NULL',crew='NULL',sub_genre='Punchtantra',
        language='Gujarati',pgrating='G',video_status='inactive',puser_id='',custom_data=''
        where entryid='0_tr2uhcy7'
18/06/2018 17:42:37 | SUCCESS | Updtate MetaData(0_klvnhybl) | By-Geetanjali_ott488 | update entry set name='Pied Piper Bedtime Story Sindhi',thumbnail='http://ott.planetcast.in/p/108/sp/10800/thumbnail/entry_id/0_klvnhybl/version/100012',longdescription='Watch the Pied Piped bed time story in Telugu where Hamelin called himself a rat catcher who play music through the pied piper and catch rats. To know more watch the animated bedtime story.',
        duration='384',type='1',tag='kids, channel, cartoon, children, story, moral, series, little, kid, learning, animation, junior, class, album, tales, sindhi, life, piper, pied, rats, bedtime, sleeping, reciters, catcher, hamelin, musical, pipe, mouse',category='ON DEMAND>KIDS>BEDTIME STORIES',categoryid='220',
        updated_at='2018-06-18 17:45:31',shortdescription='Watch the Pied Piped bed time story in Telugu where Hamelin called himself a rat catcher who play music through the pied piper and catch rats. To know more watch the animated bedtime story.',
        director='NULL',producer='NULL',cast='NULL',crew='NULL',sub_genre='Juniors',
        language='Sindhi',pgrating='G',video_status='inactive',puser_id='',custom_data=''
        where entryid='0_klvnhybl'
18/06/2018 17:49:57 | SUCCESS | Updtate MetaData(0_unuxaohp) | By-Adosphere_ott488 | update entry set name='Edebits Episode 3 - Differents',thumbnail='http://ott.planetcast.in/p/108/sp/10800/thumbnail/entry_id/0_unuxaohp/version/100002',longdescription='The Kids Animation Edebits episode 3 - We have Roberto Simone arrives to Antarctica to help save seals from hunters.',
        duration='780',type='1',tag='kids, cartoon, edebit, episode, ep, series, learning, little, kid, children, story, animation, zone, junior, telling, listen, stories, bet, arts, gov, net, org, com, different, robert, simone, hunter',category='ON DEMAND>KIDS>ANIMATION',categoryid='219',
        updated_at='2018-06-18 17:52:50',shortdescription='The Kids Animation Edebits episode 3 - We have Roberto Simone arrives to Antarctica to help save seals from hunters.',
        director='',producer='',cast='',crew='',sub_genre='Juniors',
        language='English',pgrating='G',video_status='inactive',puser_id='97',custom_data=''
        where entryid='0_unuxaohp'
18/06/2018 17:53:11 | SUCCESS | Updtate MetaData(0_557ortp0) | By-Adosphere_ott488 | update entry set name='Takat the Dog Ep 05 - The Park',thumbnail='http://ott.planetcast.in/p/108/sp/10800/thumbnail/entry_id/0_557ortp0/version/100002',longdescription='',
        duration='160',type='1',tag='kids, cartoon, cartoons, takat, tkt, dog, episode, ep, 05, series, little, children, story, learning, animation, animated, stories, telling, zone, tales, tale, juniors, season, tv3, digital, stray, non, dialogue, comedy, full, peekaboo, park, liking, hustler',category='ON DEMAND>KIDS>ANIMATION',categoryid='219',
        updated_at='2018-06-18 17:56:04',shortdescription='',
        director='',producer='',cast='',crew='',sub_genre='Juniors',
        language='English',pgrating='G',video_status='inactive',puser_id='97',custom_data=''
        where entryid='0_557ortp0'
18/06/2018 17:55:00 | SUCCESS | Updtate MetaData(0_bes6jvek) | By-Adosphere_ott488 | update entry set name='Takat the Dog Ep 01 - Movie Theatre',thumbnail='http://ott.planetcast.in/p/108/sp/10800/thumbnail/entry_id/0_bes6jvek/version/100002',longdescription='Takat notices a popcorn trail on the floor and he follows it until he bumps into a popcorn machine at a bar. Special treat! He eats them all.',
        duration='160',type='1',tag='kids, cartoon, cartoons, takat, tkt, dog, episode, ep, 01, series, little, children, story, learning, animation, animated, stories, telling, zone, tales, tale, juniors, season, tv3, digital, stray, non, dialogue, comedy, full, peekaboo, theatre, popcorns, hungry, street',category='ON DEMAND>KIDS>ANIMATION',categoryid='219',
        updated_at='2018-06-18 17:57:54',shortdescription='Takat notices there\'s a popcorn trail on the floor and he follows it until he bumps into a popcorn machine at a bar',
        director='Juan Linares',producer='',cast='',crew='',sub_genre='Juniors',
        language='English',pgrating='G',video_status='inactive',puser_id='97',custom_data=''
        where entryid='0_bes6jvek'
