21/11/2018 04:21:33 | SUCCESS | login-(Geetanjali) | By-Geetanjali_ott488 | 
21/11/2018 04:40:04 | SUCCESS | login-(Ravindra) | By-Ravindra_ott488 | 
21/11/2018 10:47:00 | SUCCESS | Updtate MetaData(0_wppsevw6) | By-Geetanjali_ott488 | update entry set name='Kia Ceed presented at the 2018 Geneva Motor Show',thumbnail='http://ott.planetcast.in/p/108/sp/10800/thumbnail/entry_id/0_wppsevw6/version/100002',longdescription='KIA showed its 3rd generation Ceed compact. The car has been redesigned with an upgraded design, new technology and improved driving condition. Kia has removed the apostrophe in the car’s name changing it from Cee’d to Ceed. At the centre of the dashboard is an infotainment system, available as either a 5.0 or 7.0-inch touchscreen audio, or 8.0-inch touchscreen navigation system. Petrol options include an updated version of 1.0-litre T-GDi (Turbocharged Gasoline Direct injection) engine, producing 120hp, as well as a new 1.4-litre T-GDi power unit (140hp). A 100hp 1.4-litre MPi (Multi-Point injection) engine will also be available. Every engine will be paired with a 6-speed manual transmission and a 7-speed double-clutch transmission. The new Cee’d will go on sale in Europe during the second quarter of 2018.',
        duration='58',type='1',tag='kia, kia ceed, geneva motor show, 2018, geneva, motor show, geneva motor show 2018, auto show, geneva international motor show, automototv, drift, interviews, know, more, fast, speed, wheels, drive, driver, challange, automobile, road, roads, motor',category='ON DEMAND>AUTOMOBILE>DRIFT',categoryid='195',
        updated_at='2018-11-21 10:52:06',shortdescription='KIA showed its 3rd generation Ceed compact. The car has been redesigned with an upgraded design, new technology and improved driving condition. ',
        director='',producer='',cast='',crew='',sub_genre='Motor Show',
        language='',pgrating='',video_status='inactive',custom_data=''
        where entryid='0_wppsevw6'
21/11/2018 10:48:23 | SUCCESS | Updtate MetaData(0_sw2py8nb) | By-Geetanjali_ott488 | update entry set name='Jaguar I-Pace presented at the 2018 Geneva Motor Show',thumbnail='http://ott.planetcast.in/p/108/sp/10800/thumbnail/entry_id/0_sw2py8nb/version/100002',longdescription='The Jaguar I-PACE is the electric vehicle drivers have been waiting for. Clean, smart and safe, the I-PACE delivers sustainable sports car performance, next-generation artificial intelligence (AI) technology and five-seat SUV practicality to place Jaguar at the forefront of the EV revolution. With a state-of-the-art 90kWh Lithium-ion battery using 432 pouch cells, the I-PACE delivers a range of 480km (WLTP cycle). Owners will be able to achieve a 0-80 per cent battery charge in just 40 minutes using DC rapid charging (100kW). Home charging with an AC wall box (7kW) will achieve the same state of charge in just over ten hours – ideal for overnight charging. A suite of smart range-optimising technologies includes a battery pre-conditioning system: when plugged in the I-PACE will automatically raise (or lower) the temperature of its battery to maximise range ahead of driving away.',
        duration='70',type='1',tag='jaguar, jaguar i-pace, i-pace, geneva motor show, 2018, geneva, motor show, geneva motor show 2018, auto show, geneva international motor show, automototv, drift, interviews, know, more, fast, speed, wheels, drive, driver, challange, automobile, road, roads, motor',category='ON DEMAND>AUTOMOBILE>DRIFT',categoryid='195',
        updated_at='2018-11-21 10:53:29',shortdescription='The Jaguar I-PACE is the electric vehicle drivers have been waiting for. Clean, smart and safe, the I-PACE delivers sustainable sports car performance, next-generation artificial intelligence (AI) technology and five-seat SUV practicality to place Jaguar at the forefront of the EV revolution. ',
        director='',producer='',cast='',crew='',sub_genre='Motor Show',
        language='',pgrating='',video_status='inactive',custom_data=''
        where entryid='0_sw2py8nb'
21/11/2018 10:50:17 | SUCCESS | Updtate MetaData(0_c9m61qfk) | By-Geetanjali_ott488 | update entry set name='Geneva 2018 Car Premieres - Volkswagen I.D. Vizzion Concept',thumbnail='http://ott.planetcast.in/p/108/sp/10800/thumbnail/entry_id/0_c9m61qfk/version/100002',longdescription='The new I.D. Vizzion concept car is the 4th member of the Volkswagen I.D Family, and its first autonomous one. With its innovative technology, fully self-driving and elegant, the electric luxury sedan is showing the direction Volkswagen want to go in terms of technology and design. Its interior is not featuring steering wheel, pedals or visible controls. Passengers will be able to interact with the car’s virtual host with voice and gesture control, personalised to each guests. I.D. Vizzion is powered bydual electric motors of 302hp. Its top speed is 180 km/h. The 111 kWh battery enable the car to drive 665km on a simple charge. The line-up could be revealed closer 2025.',
        duration='65',type='1',tag='vw, volkswagen, vw i.d., vw i.d. vizzion, volkswagen i.d. vizzion concept, concept car, geneva motor show, 2018, geneva, motor show, geneva motor show 2018, auto show, geneva international motor show, automototv, car premieres, drift, interviews, know, more, fast, speed, wheels, drive, driver, challange, automobile, road, roads, motor',category='ON DEMAND>AUTOMOBILE>DRIFT',categoryid='195',
        updated_at='2018-11-21 10:55:23',shortdescription='The new I.D. Vizzion concept car is the 4th member of the Volkswagen I.D Family, and its first autonomous one. ',
        director='',producer='',cast='',crew='',sub_genre='Car Premier',
        language='',pgrating='',video_status='inactive',custom_data=''
        where entryid='0_c9m61qfk'
21/11/2018 10:51:28 | SUCCESS | Updtate MetaData(0_h753rr0x) | By-Geetanjali_ott488 | update entry set name='Geneva 2018 Car Premieres - Honda CR-V',thumbnail='http://ott.planetcast.in/p/108/sp/10800/thumbnail/entry_id/0_h753rr0x/version/100002',longdescription='Honda revealed the European production version of the all-new CR-V. The new generation of the SUV raises the bar in terms of interior quality, refinement and spaciousness – including, for the first time, the option of seven seats. For the first time ever, Honda hybrid technology will be offered in an SUV for Europe. The all-new CR-V will be available with Honda’s Intelligent Multi Mode Drive (i-MMD) hybrid system, comprising a 2.0 litre i-VTEC Atkinson cycle petrol engine and two electric motors, to deliver real-world efficiency and effortless driveability. A 1.5-litre VTEC TURBO petrol engine, which provides strong performance and class-leading fuel economy, is also available. First deliveries of Honda CR-V fitted with the 1.5-litre VTEC TURBO petrol engine are expected in Autumn 2018 with hybrid models following early in 2019.',
        duration='44',type='1',tag='honda, honda cr-v, geneva motor show, 2018, geneva, motor show, geneva motor show 2018, auto show, geneva international motor show, automototv, car premieres, drift, interviews, know, more, fast, speed, wheels, drive, driver, challange, automobile, road, roads, motor',category='ON DEMAND>AUTOMOBILE>DRIFT',categoryid='195',
        updated_at='2018-11-21 10:56:34',shortdescription='Honda revealed the European production version of the all-new CR-V. The new generation of the SUV raises the bar in terms of interior quality, refinement and spaciousness – including, for the first time, the option of seven seats. ',
        director='',producer='',cast='',crew='',sub_genre='Car Premier',
        language='',pgrating='',video_status='inactive',custom_data=''
        where entryid='0_h753rr0x'
21/11/2018 11:19:05 | SUCCESS | Updtate MetaData(0_i8u7hh1p) | By-Geetanjali_ott488 | update entry set name='Geneva 2018 Car Premieres - FIA Formula E Gen 2',thumbnail='http://ott.planetcast.in/p/108/sp/10800/thumbnail/entry_id/0_i8u7hh1p/version/100002',longdescription='FIA approved ABB Formula E championship has for the very first time physically revealed the next generation of its race cars. Designed to be used for the next three seasons, the car will make its competitive debut in the 2018/19 season of the series. With almost double the energy storage capacity and double the range of the current car, the Gen2 will enable the teams and drivers to complete a full race at higher speeds, without making a mid-race car swap. The Gen2 Formula E car is the first vehicle to have been designed by the FIA - the governing body of motorsport.',
        duration='73',type='1',tag='fia, formula e, fia formula e, gen 2, geneva motor show, 2018, geneva, motor show, geneva motor show 2018, auto show, geneva international motor show, automototv, car premieres, drift, interviews, know, more, fast, speed, wheels, drive, driver, challange, automobile, road, roads, motor',category='ON DEMAND>AUTOMOBILE>DRIFT',categoryid='195',
        updated_at='2018-11-21 11:24:11',shortdescription='FIA approved ABB Formula E championship has for the very first time physically revealed the next generation of its race cars. Designed to be used for the next three seasons, the car will make its competitive debut in the 2018/19 season of the series. ',
        director='',producer='',cast='',crew='',sub_genre='Car Premier',
        language='',pgrating='',video_status='inactive',custom_data=''
        where entryid='0_i8u7hh1p'
21/11/2018 11:25:00 | SUCCESS | Updtate MetaData(0_0lqan9tp) | By-Geetanjali_ott488 | update entry set name='Geneva 2018 Car Premieres - Zenvo TSR-S',thumbnail='http://ott.planetcast.in/p/108/sp/10800/thumbnail/entry_id/0_0lqan9tp/version/100002',longdescription='Zenvo, the Danish hand-built hypercar, has unveiled its new model: the TSR-S, which will be the third model in its range in addition of TS1 GT and TSR models. Featuring a striking new active centripetal rear wing and an in-house developed Twin Supercharged V8 engine, production of the TSR-S is now underway within Zenvo’s strict allocation of one car per nationality per year. It is built with carbon fiber and comes in a shade of red.',
        duration='138',type='1',tag='zenvo, zenvo tsr-s, hypercar, geneva motor show, 2018, geneva, motor show, geneva motor show 2018, auto show, geneva international motor show, automototv, car premieres, drift, interviews, know, more, fast, speed, wheels, drive, driver, challange, automobile, road, roads, motor',category='ON DEMAND>AUTOMOBILE>DRIFT',categoryid='195',
        updated_at='2018-11-21 11:30:05',shortdescription='Zenvo, the Danish hand-built hypercar, has unveiled its new model: the TSR-S, which will be the third model in its range in addition of TS1 GT and TSR models. ',
        director='',producer='',cast='',crew='',sub_genre='Car Premier',
        language='English',pgrating='',video_status='inactive',custom_data=''
        where entryid='0_0lqan9tp'
21/11/2018 12:06:42 | SUCCESS | Updtate MetaData(0_lrb5ebtc) | By-Geetanjali_ott488 | update entry set name='Geneva 2018 Car Premieres - Touring Superleggera Sciadipersia',thumbnail='http://ott.planetcast.in/p/108/sp/10800/thumbnail/entry_id/0_lrb5ebtc/version/100002',longdescription='Italian coachbuilder Touring Superleggera have uncovered the Sciadipersia, which is based on Maserati Gran Turismo. Only 10 examples will be produced after a loyal customer commissioned the project. The four-door coupe is based on a Maserati Gran Turismo chassis but cloaked in a distinctive body. It’s powered by the Maserati’s 4.7-litre naturally aspirated V8 engine, which develops 455bhp and 520Nm of torque. Power is sent to the rear wheels via a six-speed sequential gearbox or conventional six-speed auto and it can cover 0- 100km/h in 4.6 seconds.',
        duration='49',type='1',tag='touring superleggera sciadipersia, geneva motor show, 2018, geneva, motor show, geneva motor show 2018, auto show, geneva international motor show, automototv, car premieres, drift, interviews, know, more, fast, speed, wheels, drive, driver, challange, automobile, road, roads, motor',category='ON DEMAND>AUTOMOBILE>DRIFT',categoryid='195',
        updated_at='2018-11-21 12:11:48',shortdescription='Italian coachbuilder Touring Superleggera have uncovered the Sciadipersia, which is based on Maserati Gran Turismo. Only 10 examples will be produced after a loyal customer commissioned the project.',
        director='',producer='',cast='',crew='',sub_genre='Car Premier',
        language='',pgrating='',video_status='inactive',custom_data=''
        where entryid='0_lrb5ebtc'
21/11/2018 12:16:39 | SUCCESS | Updtate MetaData(0_icv4ows2) | By-Geetanjali_ott488 | update entry set name='Geneva 2018 Car Premieres - Subaru Viziv Concept',thumbnail='http://ott.planetcast.in/p/108/sp/10800/thumbnail/entry_id/0_icv4ows2/version/100002',longdescription='The Japanese carmaker has unveiled a new Viziv Tourer Concept (Vision for Innovation) a replacement for the courent WRX wagon. Viziv Tourer is built around the Subaru’s philosophy “Dynamic x Solid”, offering Symmetrical All Wheel Drive technology with an undoubtedly strong driving experience. The new, 4.77m long concept previews a sleek estate version of the same car, with the same striking front-end design but a unique rear with swollen wheel-arches and C-shaped LED taillamps.',
        duration='48',type='1',tag='subaru, subaru viziv, subaru viziv concept, concept car, geneva motor show, 2018, geneva, motor show, geneva motor show 2018, auto show, geneva international motor show, automototv, car premieres, drift, interviews, know, more, fast, speed, wheels, drive, driver, challange, automobile, road, roads, motor',category='ON DEMAND>AUTOMOBILE>DRIFT',categoryid='195',
        updated_at='2018-11-21 12:21:45',shortdescription='The Japanese carmaker has unveiled a new Viziv Tourer Concept (Vision for Innovation) a replacement for the courent WRX wagon. ',
        director='',producer='',cast='',crew='',sub_genre='Car Premier',
        language='',pgrating='',video_status='inactive',custom_data=''
        where entryid='0_icv4ows2'
21/11/2018 12:18:40 | SUCCESS | Updtate MetaData(0_h3advnwd) | By-Geetanjali_ott488 | update entry set name='Geneva 2018 Car Premieres - Peugeot 508',thumbnail='http://ott.planetcast.in/p/108/sp/10800/thumbnail/entry_id/0_h3advnwd/version/100002',longdescription='The Peugeot’s 508 had its official public unveiling. The 2nd-generation 508 has a coupé line with sharp side window design and frameless doors. The dimensions of the new 508 have been rethought: the length has been reduced to ease the manoeuvrability, the wheelbase shortened. Peugeot says that the new 508 will be available with a range of 6 efficient petrol and diesel engine transmission combinations, covering 130 to 225hp. Peugeot updated its 508 in every aspect of the safety front, Night Vision system, Visiopark 2 (360° vision), Full Park Assist, Lane Positioning Assist, Active Safety Brake or Extended Traffic Sign recognition. Inside, the Peugeot i-Cockpit is at its latest and highest technology, which gives a feeling of sportiness',
        duration='25',type='1',tag='peugeot, peugeot 508, geneva motor show, 2018, geneva, motor show, geneva motor show 2018, auto show, geneva international motor show, automototv, car premieres, drift, interviews, know, more, fast, speed, wheels, drive, driver, challange, automobile, road, roads, motor',category='ON DEMAND>AUTOMOBILE>DRIFT',categoryid='195',
        updated_at='2018-11-21 12:23:46',shortdescription='The Peugeot’s 508 had its official public unveiling. The 2nd-generation 508 has a coupé line with sharp side window design and frameless doors. ',
        director='',producer='',cast='',crew='',sub_genre='Car Premier',
        language='',pgrating='',video_status='inactive',custom_data=''
        where entryid='0_h3advnwd'
21/11/2018 12:41:00 | SUCCESS | Updtate MetaData(0_4qmfy34z) | By-Geetanjali_ott488 | update entry set name='Geneva 2018 Car Premieres - Pal-V Liberty',thumbnail='http://ott.planetcast.in/p/108/sp/10800/thumbnail/entry_id/0_4qmfy34z/version/100002',longdescription='The world’s first commercial flying car was presented in Geneva this year. The flying car is called the Liberty and PAL-V, a UK-founded Dutch firm, says the car-planehelicopter-thing is a historic breakthrough in the evolution of flying cars. It\'s not exactly a jet fuel powered car but a three-wheeled flying contraption and the rotors do not go up automatically, rather, there\'s some manual labour involved. However, the transformation is a quick one and in just 5 to 10 minutes you\'re all set to take to the sky. The Liberty gets its flying power from a pair of Rotax aircraft engines and has been designed to comply with both road and air regulations in Europe and the U.S. On the road, the PAL-V liberty makes just 100 hp and can travel up to 161 km/h. in flight mode, it can hit a max speed of 180 km/h and has 200 hp. It can transport up to 2 people.',
        duration='104',type='1',tag='pal-v liberty, geneva motor show, 2018, geneva, motor show, geneva motor show 2018, auto show, geneva international motor show, automototv, car premieres, drift, interviews, know, more, fast, speed, wheels, drive, driver, challange, automobile, road, roads, motor',category='ON DEMAND>AUTOMOBILE>DRIFT',categoryid='195',
        updated_at='2018-11-21 12:46:06',shortdescription='The world’s first commercial flying car was presented in Geneva this year. The flying car is called the Liberty and PAL-V, a UK-founded Dutch firm, says the car-planehelicopter-thing is a historic breakthrough in the evolution of flying cars.',
        director='',producer='',cast='',crew='',sub_genre='Car Premier',
        language='',pgrating='',video_status='inactive',custom_data=''
        where entryid='0_4qmfy34z'
21/11/2018 12:43:35 | SUCCESS | Updtate MetaData(0_lqzuespf) | By-Geetanjali_ott488 | update entry set name='Geneva 2018 Car Premieres - Morgan Plus 8',thumbnail='http://ott.planetcast.in/p/108/sp/10800/thumbnail/entry_id/0_lqzuespf/version/100002',longdescription='England-based car company Morgan celebrated the iconic Plus 8\'s 50th birthday in Geneva, which first debuted in 1968 at the Earls Court Motor Show in London, with limited edition anniversary model. Just 50 examples will be produced in celebration of one of the company\'s most iconic models.',
        duration='70',type='1',tag='morgan plus 8, geneva motor show, 2018, geneva, motor show, geneva motor show 2018, auto show, geneva international motor show, automototv, car premieres, drift, interviews, know, more, fast, speed, wheels, drive, driver, challange, automobile, road, roads, motor',category='ON DEMAND>AUTOMOBILE>DRIFT',categoryid='195',
        updated_at='2018-11-21 12:48:41',shortdescription='England-based car company Morgan celebrated the iconic Plus 8\'s 50th birthday in Geneva, which first debuted in 1968 at the Earls Court Motor Show in London, with limited edition anniversary model. ',
        director='',producer='',cast='',crew='',sub_genre='Car Premier',
        language='',pgrating='',video_status='inactive',custom_data=''
        where entryid='0_lqzuespf'
21/11/2018 12:44:58 | SUCCESS | Updtate MetaData(0_m1e6vvtv) | By-Geetanjali_ott488 | update entry set name='Geneva 2018 Car Premieres - Mercedes-Benz Classe A',thumbnail='http://ott.planetcast.in/p/108/sp/10800/thumbnail/entry_id/0_m1e6vvtv/version/100002',longdescription='The all-new Mercedes A-class hatchback has been revealed and everything has changed; it has a new front design, a new interior and engines. Mercedes’ new entrylevel A-class hatchback is based on an updated MFA (modular front architecture) platform, get a hybrid option and come with autonomous technology. A-class comes with 3 new engines: 1.4-litre turbo petrol (161hp), a revised 1.5-litre diesel (114hp) and a 2.0-litre turbo petrol (221hp). The 7-speed dual-clutch or a 6-speed manual, which arrives later in the year, is capable of 8sec in 0-100km/h. It will be 10mm longer than its predecessor and adopt a new body structure, which significantly improves rigidity and driving experience. The infotainment screen is a user-friendly interface, swiping and scrolling are very easy. The instrument cluster will show Assistance, Journey or Navigation information. The new A-class is also feature a more intelligent voice control system.',
        duration='85',type='1',tag='mercedes-benz, mercedes-benz a-class, a-class, mercedes-benz classe a, geneva motor show, 2018, geneva, motor show, geneva motor show 2018, auto show, geneva international motor show, automototv, car premieres, drift, interviews, know, more, fast, speed, wheels, drive, driver, challange, automobile, road, roads, motor',category='ON DEMAND>AUTOMOBILE>DRIFT',categoryid='195',
        updated_at='2018-11-21 12:50:04',shortdescription='The all-new Mercedes A-class hatchback has been revealed and everything has changed; it has a new front design, a new interior and engines. ',
        director='',producer='',cast='',crew='',sub_genre='Car Premier',
        language='English',pgrating='',video_status='inactive',custom_data=''
        where entryid='0_m1e6vvtv'
21/11/2018 12:46:44 | SUCCESS | Updtate MetaData(0_chvse9sh) | By-Geetanjali_ott488 | update entry set name='Geneva 2018 Car Premieres - Koenigsegg Regera',thumbnail='http://ott.planetcast.in/p/108/sp/10800/thumbnail/entry_id/0_chvse9sh/version/100002',longdescription='The Swedish automaker Koenigsegg did the double-showcase at this years Geneva Motor Show with a pair of other-worldly Regera hypercars. The two Regeras at the show are both customer cars, one in Crystal White and the other in Swedish Blue. The former has more aero parts on it, as it has been specified with the \"Ghost\" package, which increases downforce by 20 percent. Both have the hybrid twin-turbo powertrain capable of 1,500 horsepower; the V8 itself accounts for 1,100 of those.',
        duration='72',type='1',tag='koenigsegg, koenigsegg regera, geneva motor show, 2018, geneva, motor show, geneva motor show 2018, auto show, geneva international motor show, automototv, car premieres, drift, interviews, know, more, fast, speed, wheels, drive, driver, challange, automobile, road, roads, motor',category='ON DEMAND>AUTOMOBILE>DRIFT',categoryid='195',
        updated_at='2018-11-21 12:51:50',shortdescription='The Swedish automaker Koenigsegg did the double-showcase at this years Geneva Motor Show with a pair of other-worldly Regera hypercars.',
        director='',producer='',cast='',crew='',sub_genre='Car Premier',
        language='',pgrating='',video_status='inactive',custom_data=''
        where entryid='0_chvse9sh'
21/11/2018 12:47:28 | SUCCESS | Updtate MetaData(0_chvse9sh) | By-Geetanjali_ott488 | update entry set name='Geneva 2018 Car Premieres - Koenigsegg Regera',thumbnail='http://ott.planetcast.in/p/108/sp/10800/thumbnail/entry_id/0_chvse9sh/version/100002',longdescription='The Swedish automaker Koenigsegg did the double-showcase at this years Geneva Motor Show with a pair of other-worldly Regera hypercars. The two Regeras at the show are both customer cars, one in Crystal White and the other in Swedish Blue. The former has more aero parts on it, as it has been specified with the \"Ghost\" package, which increases downforce by 20 percent. Both have the hybrid twin-turbo powertrain capable of 1,500 horsepower; the V8 itself accounts for 1,100 of those.',
        duration='72',type='1',tag='koenigsegg, koenigsegg regera, geneva motor show, 2018, geneva, motor show, geneva motor show 2018, auto show, geneva international motor show, automototv, car premieres, drift, interviews, know, more, fast, speed, wheels, drive, driver, challange, automobile, road, roads, motor',category='ON DEMAND>AUTOMOBILE>DRIFT',categoryid='195',
        updated_at='2018-11-21 12:52:33',shortdescription='The Swedish automaker Koenigsegg did the double-showcase at this years Geneva Motor Show with a pair of other-worldly Regera hypercars.',
        director='',producer='',cast='',crew='',sub_genre='Car Premier',
        language='',pgrating='',video_status='inactive',custom_data=''
        where entryid='0_chvse9sh'
21/11/2018 12:53:55 | SUCCESS | Updtate MetaData(0_sgzrwmea) | By-Geetanjali_ott488 | update entry set name='Geneva 2018 Car Premieres - David Brown Automotive Speedback',thumbnail='http://ott.planetcast.in/p/108/sp/10800/thumbnail/entry_id/0_sgzrwmea/version/100002',longdescription='The new car from David Brown Automotive, is the Speedback Silverstone Edition, a 600bhp ‘hardcore’ version of the Speedback GT. David Brown are calling the Silverstone Edition a high performance Grand Tourer. The 600 horsepower come from a tuned version of the 5.0-liter supercharged V-8 in the Speedback GT. The styling is inspired by 1950s and 1960s racing GT cars, and will be limited to just 10 cars.',
        duration='60',type='1',tag='david brown automotive speedback, david brown automotive, speedback, geneva motor show, 2018, geneva, motor show, geneva motor show 2018, auto show, geneva international motor show, automototv, car premieres, drift, interviews, know, more, fast, speed, wheels, drive, driver, challange, automobile, road, roads, motor',category='ON DEMAND>AUTOMOBILE>DRIFT',categoryid='195',
        updated_at='2018-11-21 12:59:01',shortdescription='The new car from David Brown Automotive, is the Speedback Silverstone Edition, a 600bhp ‘hardcore’ version of the Speedback GT. David Brown are calling the Silverstone Edition a high performance Grand Tourer. ',
        director='',producer='',cast='',crew='',sub_genre='Car Premier',
        language='',pgrating='',video_status='inactive',custom_data=''
        where entryid='0_sgzrwmea'
21/11/2018 12:56:05 | SUCCESS | Updtate MetaData(0_qh13g10g) | By-Geetanjali_ott488 | update entry set name='Geneva 2018 Car Premieres - Corbellati Missile',thumbnail='http://ott.planetcast.in/p/108/sp/10800/thumbnail/entry_id/0_qh13g10g/version/100002',longdescription='Corbellati showcased the Missile hypercar, which it says will be the world’s fastest car of its kind. Corbellati, a family that has been sculpting jewellery and fine art for the past 70 years, said the engine is a 9.0L twin-turbo V8, which produces 1,800 horsepower allowing the vehicle to reach top speeds of 498km/h — a speed that would officially place it on top of the hypercar speed rankings.',
        duration='55',type='1',tag='corbellati, corbellati missile, geneva motor show, 2018, geneva, motor show, geneva motor show 2018, auto show, geneva international motor show, automototv, car premieres, drift, interviews, know, more, fast, speed, wheels, drive, driver, challange, automobile, road, roads, motor',category='ON DEMAND>AUTOMOBILE>DRIFT',categoryid='195',
        updated_at='2018-11-21 13:01:11',shortdescription='Corbellati showcased the Missile hypercar, which it says will be the world’s fastest car of its kind.',
        director='',producer='',cast='',crew='',sub_genre='Car Premier',
        language='',pgrating='',video_status='inactive',custom_data=''
        where entryid='0_qh13g10g'
21/11/2018 12:59:15 | SUCCESS | Updtate MetaData(0_sgysuf4b) | By-Geetanjali_ott488 | update entry set name='Geneva 2018 Car Premieres - Citroën Berlingo',thumbnail='http://ott.planetcast.in/p/108/sp/10800/thumbnail/entry_id/0_sgysuf4b/version/100002',longdescription='Citroen presented the third-generation of Berlingo. The load-lugger has been launched with air bumps, contrasting colour inserts and a raised ride – all features traditionally associated with youth-centric small soft-roaders. The new Berlingo utilises PSA’s EMP2 platform, also used by the Peugeot 308. In addition to a stronger chassis, it comes with many assistance technologies such as lane-departure warnings, adaptive cruise control, auto-emergency braking between 5 and 85km/h, a trailer stability control system and intelligent high-beam headlights. Engine choice is split between the PureTech 1.2-litre petrol engine (110hp and 130hp), and the 1.5- litre turbo-diesel (75, 100 and 130hp), both either paired to a 6-speed manual or 8- speed automatic. The dashboard is an 8.0-inch touchscreen with Apple CarPlay and Android Auto, and wireless smartphone charging. The market launch is scheduled for the second half of 2018.',
        duration='52',type='1',tag='citroen, citroën berlingo, berlingo, geneva motor show, 2018, geneva, motor show, geneva motor show 2018, auto show, geneva international motor show, automototv, car premieres, drift, interviews, know, more, fast, speed, wheels, drive, driver, challange, automobile, road, roads, motor',category='ON DEMAND>AUTOMOBILE>DRIFT',categoryid='195',
        updated_at='2018-11-21 13:04:21',shortdescription='Citroen presented the third-generation of Berlingo. The load-lugger has been launched with air bumps, contrasting colour inserts and a raised ride – all features traditionally associated with youth-centric small soft-roaders. ',
        director='',producer='',cast='',crew='',sub_genre='Car Premier',
        language='',pgrating='',video_status='inactive',custom_data=''
        where entryid='0_sgysuf4b'
21/11/2018 14:37:46 | SUCCESS | Updtate MetaData(0_jf47iqve) | By-Geetanjali_ott488 | update entry set name='Geneva 2018 Car Premieres - BMW X4',thumbnail='http://ott.planetcast.in/p/108/sp/10800/thumbnail/entry_id/0_jf47iqve/version/100002',longdescription='BMW revealed the new model generation of X4. The new model generation has a charisma all of its own, a unique design with its signature coupe lining making it look much bolder and aggressive, inspired by the new X3. Premium interiors and modern driver assistance systems come along with sport suspension and variable sport steering and powered brakes. It is powered with a 2.0-litre diesel engine (190hp or 231hp) and 2.0-litre petrol engine (184hp or 252hp). The M variant comes with a 3.0- litre petrol (360hp) and diesel engines (326hp). All engines can get a 8-speed automatic transmission. It gets leather upholstery with newly designed seats and a new steering wheel, a 12-inch all digital instrument cluster and 6.5-inch infotainment display.',
        duration='63',type='1',tag='bmw, bmw x4, geneva motor show, 2018, geneva, motor show, geneva motor show 2018, auto show, geneva international motor show, automototv, car premieres, drift, interviews, know, more, fast, speed, wheels, drive, driver, challange, automobile, road, roads, motor',category='ON DEMAND>AUTOMOBILE>DRIFT',categoryid='195',
        updated_at='2018-11-21 14:42:52',shortdescription='BMW revealed the new model generation of X4. The new model generation has a charisma all of its own, a unique design with its signature coupe lining making it look much bolder and aggressive, inspired by the new X3.',
        director='',producer='',cast='',crew='',sub_genre='Car Premier',
        language='',pgrating='',video_status='inactive',custom_data=''
        where entryid='0_jf47iqve'
21/11/2018 14:39:41 | SUCCESS | Updtate MetaData(0_mz3zp0bc) | By-Geetanjali_ott488 | update entry set name='Geneva 2018 Social Media Capsule - Volkswagen I.D. Concept Car',thumbnail='http://ott.planetcast.in/p/108/sp/10800/thumbnail/entry_id/0_mz3zp0bc/version/100002',longdescription='The new I.D. Vizzion concept car is the 4th member of the Volkswagen I.D Family, and its first autonomous one. With its innovative technology, fully self-driving and elegant, the electric luxury sedan is showing the direction Volkswagen want to go in terms of technology and design. Its interior is not featuring steering wheel, pedals or visible controls. Passengers will be able to interact with the car’s virtual host with voice and gesture control, personalised to each guests. I.D. Vizzion is powered bydual electric motors of 302hp. Its top speed is 180 km/h. The 111 kWh battery enable the car to drive 665km on a simple charge. The line-up could be revealed closer 2025.',
        duration='43',type='1',tag='vw, volkswage, vw i.d., vw i.d. concept, volkswagen i.d., concept car, geneva motor show, 2018, geneva, motor show, geneva motor show 2018, auto show, geneva international motor show, automototv, social media capsule, drift, interviews, know, more, fast, speed, wheels, drive, driver, challange, automobile, road, roads, motor',category='ON DEMAND>AUTOMOBILE>DRIFT',categoryid='195',
        updated_at='2018-11-21 14:44:47',shortdescription='The new I.D. Vizzion concept car is the 4th member of the Volkswagen I.D Family, and its first autonomous one. With its innovative technology, fully self-driving and elegant, the electric luxury sedan is showing the direction Volkswagen want to go in terms of technology and design.',
        director='',producer='',cast='',crew='',sub_genre='Event',
        language='English',pgrating='',video_status='inactive',custom_data=''
        where entryid='0_mz3zp0bc'
21/11/2018 14:54:56 | SUCCESS | Updtate MetaData(0_snpijomq) | By-Geetanjali_ott488 | update entry set name='Geneva 2018 Social Media Capsule - Press Day',thumbnail='http://ott.planetcast.in/p/108/sp/10800/thumbnail/entry_id/0_snpijomq/version/100002',longdescription='The 88th running of the Geneva International Motor Show gets underway on March 6 and organizers have confirmed a total 110 world or European premieres. More than 180 exhibitors will be present at the show, including all your favorite performance and luxury marques plus a number of newcomers. Approximately 700,000 visitors are expected to cross the floors of the various halls that make up Geneva’s Palexpo convention center. ',
        duration='23',type='1',tag='geneva motor show, 2018, geneva, motor show, geneva motor show 2018, auto show, geneva international motor show, automototv, social media capsule, press day, drift, interviews, know, more, fast, speed, wheels, drive, driver, challange, automobile, road, roads, motor',category='ON DEMAND>AUTOMOBILE>DRIFT',categoryid='195',
        updated_at='2018-11-21 15:00:02',shortdescription='The 88th running of the Geneva International Motor Show gets underway on March 6 and organizers have confirmed a total 110 world or European premieres. ',
        director='',producer='',cast='',crew='',sub_genre='Event',
        language='',pgrating='',video_status='inactive',custom_data=''
        where entryid='0_snpijomq'
21/11/2018 14:56:45 | SUCCESS | Updtate MetaData(0_g56ayq21) | By-Geetanjali_ott488 | update entry set name='Geneva 2018 Social Media Capsule - Porsche 911 GT3 Premiere',thumbnail='http://ott.planetcast.in/p/108/sp/10800/thumbnail/entry_id/0_g56ayq21/version/100002',longdescription='Porsche stole the show with the 911 GT3 RS in Geneva on Tuesday. This latest treat from the German carmaker comes with a motorsport chassis and 383kW (520hp), four-litre, high-speed naturally aspirated engine. The new high-performance sports car is based on the 911 GT3, which has been refined still further to combine the performance-enhanced engine with a running-gear setup that features recalibrated rear axle steering designed for maximum dynamics and precision. The 911 GT3 RS can accelerate from zero to 100km/h in just 3.2 seconds and can reach top speed of 312km/h.',
        duration='47',type='1',tag='porsche 911 gt3, porsche, porsche 911, premiere, geneva motor show, 2018, geneva, motor show, geneva motor show 2018, auto show, geneva international motor show, automototv, social media capsule, drift, interviews, know, more, fast, speed, wheels, drive, driver, challange, automobile, road, roads, motor',category='ON DEMAND>AUTOMOBILE>DRIFT',categoryid='195',
        updated_at='2018-11-21 15:01:51',shortdescription='Porsche stole the show with the 911 GT3 RS in Geneva on Tuesday. This latest treat from the German carmaker comes with a motorsport chassis and 383kW (520hp), four-litre, high-speed naturally aspirated engine.',
        director='',producer='',cast='',crew='',sub_genre='Event',
        language='',pgrating='',video_status='inactive',custom_data=''
        where entryid='0_g56ayq21'
21/11/2018 14:57:55 | SUCCESS | Updtate MetaData(0_27nrby3w) | By-Geetanjali_ott488 | update entry set name='Geneva 2018 Social Media Capsule - Opening Day Ceremony',thumbnail='http://ott.planetcast.in/p/108/sp/10800/thumbnail/entry_id/0_27nrby3w/version/100002',longdescription='The 88th running of the Geneva International Motor Show gets underway on March 6 and organizers have confirmed a total 110 world or European premieres. More than 180 exhibitors will be present at the show, including all your favorite performance and luxury marques plus a number of newcomers. Approximately 700,000 visitors are expected to cross the floors of the various halls that make up Geneva’s Palexpo convention center. ',
        duration='27',type='1',tag='geneva motor show, 2018, geneva, motor show, geneva motor show 2018, auto show, geneva international motor show, automototv, social media capsule, opening day, ceremony, drift, interviews, know, more, fast, speed, wheels, drive, driver, challange, automobile, road, roads, motor',category='ON DEMAND>AUTOMOBILE>DRIFT',categoryid='195',
        updated_at='2018-11-21 15:03:01',shortdescription='The 88th running of the Geneva International Motor Show gets underway on March 6 and organizers have confirmed a total 110 world or European premieres. ',
        director='',producer='',cast='',crew='',sub_genre='Event',
        language='',pgrating='',video_status='inactive',custom_data=''
        where entryid='0_27nrby3w'
21/11/2018 15:00:20 | SUCCESS | Updtate MetaData(0_y3ler5pz) | By-Geetanjali_ott488 | update entry set name='Geneva 2018 Social Media Capsule - Last preparations',thumbnail='http://ott.planetcast.in/p/108/sp/10800/thumbnail/entry_id/0_y3ler5pz/version/100002',longdescription='The 88th running of the Geneva International Motor Show gets underway on March 6 and organizers have confirmed a total 110 world or European premieres. More than 180 exhibitors will be present at the show, including all your favorite performance and luxury marques plus a number of newcomers. Approximately 700,000 visitors are expected to cross the floors of the various halls that make up Geneva’s Palexpo convention center. ',
        duration='55',type='1',tag='geneva motor show, 2018, geneva, motor show, geneva motor show 2018, auto show, geneva international motor show, automototv, social media capsule, last preparations, drift, interviews, know, more, fast, speed, wheels, drive, driver, challange, automobile, road, roads, motor',category='ON DEMAND>AUTOMOBILE>DRIFT',categoryid='195',
        updated_at='2018-11-21 15:05:26',shortdescription='The 88th running of the Geneva International Motor Show gets underway on March 6 and organizers have confirmed a total 110 world or European premieres.',
        director='',producer='',cast='',crew='',sub_genre='Event',
        language='',pgrating='',video_status='inactive',custom_data=''
        where entryid='0_y3ler5pz'
21/11/2018 15:01:53 | SUCCESS | Updtate MetaData(0_xaq114gt) | By-Geetanjali_ott488 | update entry set name='Geneva 2018 Social Media Capsule - Jaguar Premiere',thumbnail='http://ott.planetcast.in/p/108/sp/10800/thumbnail/entry_id/0_xaq114gt/version/100002',longdescription='The Jaguar I-PACE is the electric vehicle drivers have been waiting for. Clean, smart and safe, the I-PACE delivers sustainable sports car performance, next-generation artificial intelligence (AI) technology and five-seat SUV practicality to place Jaguar at the forefront of the EV revolution. With a state-of-the-art 90kWh Lithium-ion battery using 432 pouch cells, the I-PACE delivers a range of 480km (WLTP cycle). Owners will be able to achieve a 0-80 per cent battery charge in just 40 minutes using DC rapid charging (100kW). Home charging with an AC wall box (7kW) will achieve the same state of charge in just over ten hours – ideal for overnight charging. A suite of smart range-optimising technologies includes a battery pre-conditioning system: when plugged in the I-PACE will automatically raise (or lower) the temperature of its battery to maximise range ahead of driving away.',
        duration='39',type='1',tag='jaguar, premiere, geneva motor show, 2018, geneva, motor show, geneva motor show 2018, auto show, geneva international motor show, automototv, social media capsule, drift, interviews, know, more, fast, speed, wheels, drive, driver, challange, automobile, road, roads, motor',category='ON DEMAND>AUTOMOBILE>DRIFT',categoryid='195',
        updated_at='2018-11-21 15:06:59',shortdescription='The Jaguar I-PACE is the electric vehicle drivers have been waiting for. Clean, smart and safe, the I-PACE delivers sustainable sports car performance, next-generation artificial intelligence (AI) technology and five-seat SUV practicality to place Jaguar at the forefront of the EV revolution. ',
        director='',producer='',cast='',crew='',sub_genre='Event',
        language='',pgrating='',video_status='inactive',custom_data=''
        where entryid='0_xaq114gt'
21/11/2018 15:03:17 | SUCCESS | Updtate MetaData(0_trpwsbvu) | By-Geetanjali_ott488 | update entry set name='Geneva 2018 Social Media Capsule - Formula E',thumbnail='http://ott.planetcast.in/p/108/sp/10800/thumbnail/entry_id/0_trpwsbvu/version/100002',longdescription='FIA approved ABB Formula E championship has for the very first time physically revealed the next generation of its race cars. Designed to be used for the next three seasons, the car will make its competitive debut in the 2018/19 season of the series. With almost double the energy storage capacity and double the range of the current car, the Gen2 will enable the teams and drivers to complete a full race at higher speeds, without making a mid-race car swap. The Gen2 Formula E car is the first vehicle to have been designed by the FIA - the governing body of motorsport.',
        duration='49',type='1',tag='formula e, formula e championship, geneva motor show, 2018, geneva, motor show, geneva motor show 2018, auto show, geneva international motor show, automototv, social media capsule, drift, interviews, know, more, fast, speed, wheels, drive, driver, challange, automobile, road, roads, motor',category='ON DEMAND>AUTOMOBILE>DRIFT',categoryid='195',
        updated_at='2018-11-21 15:08:23',shortdescription='FIA approved ABB Formula E championship has for the very first time physically revealed the next generation of its race cars. Designed to be used for the next three seasons, the car will make its competitive debut in the 2018/19 season of the series. ',
        director='',producer='',cast='',crew='',sub_genre='Event',
        language='',pgrating='',video_status='inactive',custom_data=''
        where entryid='0_trpwsbvu'
21/11/2018 15:05:44 | SUCCESS | Updtate MetaData(0_xrc5r89b) | By-Geetanjali_ott488 | update entry set name='Geneva 2018 Social Media Capsule - Bentley Bentayga Hybrid',thumbnail='http://ott.planetcast.in/p/108/sp/10800/thumbnail/entry_id/0_xrc5r89b/version/100002',longdescription='The Bentley Bentayga Hybrid represents Bentley\'s first step towards full electrification, combining the serenity of silent motoring with exquisite comfort and effortless performance. Offering the best of both worlds, the new plug-in hybrid model combines an advanced electric motor with a powerful and efficient new-generation V6 petrol engine. The hybrid version of the world\'s most luxurious SUV will be the company\'s most efficient model ever with CO2 emissions of 75 g/km (NEDC). The Bentley Bentayga Hybrid feels and rides like a true Bentley, providing the refinement, effortless performance and exquisitely tranquil cabin environment for which the luxury British brand is famed. It represents the future of luxury mobility; an oasis of calm and tranquillity in the city and beyond.',
        duration='38',type='1',tag='bentley, bentley bentayga, bentayga, hybrid, bentley bentayga hybrid, geneva motor show, 2018, geneva, motor show, geneva motor show 2018, auto show, geneva international motor show, automototv, social media capsule, drift, interviews, know, more, fast, speed, wheels, drive, driver, challange, automobile, road, roads, motor',category='ON DEMAND>AUTOMOBILE>DRIFT',categoryid='195',
        updated_at='2018-11-21 15:10:50',shortdescription='The Bentley Bentayga Hybrid represents Bentley\'s first step towards full electrification, combining the serenity of silent motoring with exquisite comfort and effortless performance. ',
        director='',producer='',cast='',crew='',sub_genre='Event',
        language='',pgrating='',video_status='inactive',custom_data=''
        where entryid='0_xrc5r89b'
21/11/2018 15:07:22 | SUCCESS | Updtate MetaData(0_kg53f73q) | By-Geetanjali_ott488 | update entry set name='Geneva 2018 Car Premieres - Rimac Automobili C_Two',thumbnail='http://ott.planetcast.in/p/108/sp/10800/thumbnail/entry_id/0_kg53f73q/version/100002',longdescription='Rimac revealed its new supercar, called Concept Two. A two-seat, four-wheel drive, pure electric GT with abilities that seem like science fiction. This is the evolution of a revolution. Rimac’s second concept features a high level of autonomy and a 120kWh battery. The car will be able to drive itself, as long as there is somebody sitting in the driver’s seat. With 1,914 horsepower and 1,696lb-ft (2,300Nm) of torque, the vehicle is able to sprint from 0- 100km/h in as low as 1.85 seconds and achieve 300km/h in 11.8 seconds. According to Rimac, the Concept Two can achieve a top speed of a whopping 412km/h.',
        duration='59',type='1',tag='rimac, rimac automobili c_two, concept two, geneva motor show, 2018, geneva, motor show, geneva motor show 2018, auto show, geneva international motor show, automototv, car premieres, drift, interviews, know, more, fast, speed, wheels, drive, driver, challange, automobile, road, roads, motor',category='ON DEMAND>AUTOMOBILE>DRIFT',categoryid='195',
        updated_at='2018-11-21 15:12:28',shortdescription='Rimac revealed its new supercar, called Concept Two. A two-seat, four-wheel drive, pure electric GT with abilities that seem like science fiction. This is the evolution of a revolution. Rimac’s second concept features a high level of autonomy and a 120kWh battery. ',
        director='',producer='',cast='',crew='',sub_genre='Event',
        language='',pgrating='',video_status='inactive',custom_data=''
        where entryid='0_kg53f73q'
21/11/2018 15:08:50 | SUCCESS | Updtate MetaData(0_tpkkwsa6) | By-Geetanjali_ott488 | update entry set name='Geneva 2018 Car Premieres - Polestar 1 Coupe',thumbnail='http://ott.planetcast.in/p/108/sp/10800/thumbnail/entry_id/0_tpkkwsa6/version/100002',longdescription='Volvo’s new electric performance line, Polestar, showed up, Polestar 1, is a 2-door coupe that looks like a Volvo S90. It is made from carbon fibre, and based on Volvo\'s SPA platform. The Polestar 1, while not a pure electric vehicle, is an electric performance hybrid GT capable of producing 600 horsepower. Capable of running 150 kilometres in electric mode, and has the longest electric-only driving range of any hybrid car in the world.',
        duration='57',type='1',tag='polestar, polestar 1 coupe, polestar 1, coupe, geneva motor show, 2018, geneva, motor show, geneva motor show 2018, auto show, geneva international motor show, automototv, car premieres, drift, interviews, know, more, fast, speed, wheels, drive, driver, challange, automobile, road, roads, motor',category='ON DEMAND>AUTOMOBILE>DRIFT',categoryid='195',
        updated_at='2018-11-21 15:13:56',shortdescription='Volvo’s new electric performance line, Polestar, showed up, Polestar 1, is a 2-door coupe that looks like a Volvo S90. It is made from carbon fibre, and based on Volvo\'s SPA platform. ',
        director='',producer='',cast='',crew='',sub_genre='Event',
        language='',pgrating='',video_status='inactive',custom_data=''
        where entryid='0_tpkkwsa6'
21/11/2018 15:18:08 | SUCCESS | Updtate MetaData(0_asr8w5a0) | By-Geetanjali_ott488 | update entry set name='Geneva 2018 Car Premieres - Pininfarina HK GT Concept',thumbnail='http://ott.planetcast.in/p/108/sp/10800/thumbnail/entry_id/0_asr8w5a0/version/100002',longdescription='The Italian design house Pininfarina unveiled the HK GT concept, drawn up on behalf of Chinese startup Hybrid Kinetic Group. The concept is a 792bhp 2+2 coupé with gullwing doors. Like the previous concepts, badged K550 and K750 for the two SUVs and H600 for the saloon, the HK GT has a microturbine generator acting as a range extender. The previous concepts’ ranges were quoted at around 1000km. The car’s top speed is claimed to be 250 km/h, and it reaches 100km/h from standstill in 2.9sec - the same as the Porsche 911 Turbo S and Lamborghini Aventador.',
        duration='54',type='1',tag='pininfarina hk gt, pininfarina, concept, concept car, geneva motor show, 2018, geneva, motor show, geneva motor show 2018, auto show, geneva international motor show, automototv, car premieres, drift, interviews, know, more, fast, speed, wheels, drive, driver, challange, automobile, road, roads, motor',category='ON DEMAND>AUTOMOBILE>DRIFT',categoryid='195',
        updated_at='2018-11-21 15:23:14',shortdescription='The Italian design house Pininfarina unveiled the HK GT concept, drawn up on behalf of Chinese startup Hybrid Kinetic Group. The concept is a 792bhp 2+2 coupé with gullwing doors.',
        director='',producer='',cast='',crew='',sub_genre='Event',
        language='',pgrating='',video_status='inactive',custom_data=''
        where entryid='0_asr8w5a0'
21/11/2018 15:20:16 | SUCCESS | Updtate MetaData(0_63j560ot) | By-Geetanjali_ott488 | update entry set name='The All-New Hyundai NEXO - Interior Design',thumbnail='http://ott.planetcast.in/p/108/sp/10800/thumbnail/entry_id/0_63j560ot/version/100002',longdescription='Unveiled at CES 2018 as the technological flagship of Hyundai’s growing eco-vehicle portfolio, the NEXO SUV model is set to spearhead Hyundai Motor’s plans to accelerate development of low emission vehicles. This is in line with Hyundai Motor Group’s renewed goal of introducing 38 eco-friendly models to global markets by 2025. The all-new Hyundai NEXO combines the practicality of an SUV with clean advanced fuel cell technology. The NEXO is capable of travelling 609 kilometres (*on Korean certificate basis) on a single charge, the best among fuel cell-powered vehicles in the world. This next generation vehicle offers the most advanced technology on the market with various advanced driver assistance systems and the strongest powertrains in the segment.',
        duration='111',type='1',tag='all-new, hyundai nexo, hyundai, nexo, interior design, interior, design, drift, interviews, know, more, fast, speed, wheels, drive, driver, challange, automobile, road, roads, motor',category='ON DEMAND>AUTOMOBILE>DRIFT',categoryid='195',
        updated_at='2018-11-21 15:25:22',shortdescription='Unveiled at CES 2018 as the technological flagship of Hyundai’s growing eco-vehicle portfolio, the NEXO SUV model is set to spearhead Hyundai Motor’s plans to accelerate development of low emission vehicles.',
        director='',producer='',cast='',crew='',sub_genre='Event',
        language='',pgrating='',video_status='inactive',custom_data=''
        where entryid='0_63j560ot'
