17/12/2018 04:00:53 | SUCCESS | login-(Ravindra) | By-Ravindra_ott488 | 
17/12/2018 09:45:55 | SUCCESS | Updtate MetaData(0_a9s0mmac) | By-Ravindra_ott488 | update entry set name='FIAT Introduces New 2019 500X for the North American Market',thumbnail='http://ott.planetcast.in/p/108/sp/10800/thumbnail/entry_id/0_a9s0mmac/version/100002',longdescription='Pieter Hogeveen, Director of Passenger Car Operations - FCA US LLC, discusses the new 2019 500X and the entire FIAT lineup. The 2019 500X, with an array of new features, was shown for the first time at the Los Angeles Auto Show.',
        duration='151',type='1',tag='fiat, fiat 500x, 2019 fiat 500x, 2019, 500x, north american market, automototv, motor, vehicle, automobile, road, track, trend, technology, travel, engine, system, modern, model, auto, moto, tv',category='ON DEMAND>AUTOMOBILE>DRIFT',categoryid='195',
        updated_at='2018-12-17 09:51:21',shortdescription='Pieter Hogeveen, Director of Passenger Car Operations - FCA US LLC, discusses the new 2019 500X and the entire FIAT lineup. The 2019 500X, with an array of new features, was shown for the first time at the Los Angeles Auto Show.',
        director='',producer='',cast='',crew='',sub_genre='Star Interview',
        language='',pgrating='G',video_status='inactive',custom_data=''
        where entryid='0_a9s0mmac'
17/12/2018 09:50:41 | SUCCESS | Updtate MetaData(0_bb5zwq8g) | By-Ravindra_ott488 | update entry set name='BMW Vision iNEXT - Interview Jose Casas Penas, Exterior Designer BMW i',thumbnail='http://ott.planetcast.in/p/108/sp/10800/thumbnail/entry_id/0_bb5zwq8g/version/100002',longdescription='The BMW Vision iNEXT provides an insight into the future of personal mobility. The latest Vision Vehicle from the BMW Group symbolises the dawn of a new era in driving pleasure – and is celebrating its world premiere at the Los Angeles Auto Show.\r\n\r\nFar more than a vehicle alone, the BMW Vision iNEXT represents a building block for the future of the BMW Group, encompassing technology, design and new ways of thinking that are set to filter through across the company and its brands. This is the first time all of the BMW Group’s strategic innovation fields – Autonomous driving, Connectivity, Electrification and Services (ACES) – have been incorporated into a single vehicle, while its design lends them visual expression (D+ACES) and offers a look ahead to the future face of driving pleasure.',
        duration='220',type='1',tag='bmw, bmw vision inext, vision inext, bmw inext, inext, interview, jose casas penas, exterior design, bmw i, automototv, motor, vehicle, automobile, road, track, trend, technology, travel, engine, system, modern, model, auto, moto, tv',category='ON DEMAND>AUTOMOBILE>DRIFT',categoryid='195',
        updated_at='2018-12-17 09:56:07',shortdescription='The BMW Vision iNEXT provides an insight into the future of personal mobility. The latest Vision Vehicle from the BMW Group symbolises the dawn of a new era in driving pleasure – and is celebrating its world premiere at the Los Angeles Auto Show.',
        director='',producer='',cast='',crew='',sub_genre='Star Interview',
        language='English',pgrating='G',video_status='inactive',custom_data=''
        where entryid='0_bb5zwq8g'
17/12/2018 09:53:14 | SUCCESS | Updtate MetaData(0_aq5n3b83) | By-Ravindra_ott488 | update entry set name='BMW Vision iNEXT - Interview Erik Melldahl, Interior Designer BMW i',thumbnail='http://ott.planetcast.in/p/108/sp/10800/thumbnail/entry_id/0_aq5n3b83/version/100002',longdescription='The BMW Vision iNEXT provides an insight into the future of personal mobility. The latest Vision Vehicle from the BMW Group symbolises the dawn of a new era in driving pleasure – and is celebrating its world premiere at the Los Angeles Auto Show.\r\n\r\nFar more than a vehicle alone, the BMW Vision iNEXT represents a building block for the future of the BMW Group, encompassing technology, design and new ways of thinking that are set to filter through across the company and its brands. This is the first time all of the BMW Group’s strategic innovation fields – Autonomous driving, Connectivity, Electrification and Services (ACES) – have been incorporated into a single vehicle, while its design lends them visual expression (D+ACES) and offers a look ahead to the future face of driving pleasure.',
        duration='80',type='1',tag='bmw, bmw vision inext, vision inext, bmw inext, inext, interview, erik melldahl, interior design, bmw i, automototv, motor, vehicle, automobile, road, track, trend, technology, travel, engine, system, modern, model, auto, moto, tv',category='ON DEMAND>AUTOMOBILE>DRIFT',categoryid='195',
        updated_at='2018-12-17 09:58:40',shortdescription='The BMW Vision iNEXT provides an insight into the future of personal mobility. The latest Vision Vehicle from the BMW Group symbolises the dawn of a new era in driving pleasure – and is celebrating its world premiere at the Los Angeles Auto Show.',
        director='',producer='',cast='',crew='',sub_genre='Star Interview',
        language='',pgrating='',video_status='inactive',custom_data=''
        where entryid='0_aq5n3b83'
17/12/2018 09:54:00 | SUCCESS | Updtate MetaData(0_aq5n3b83) | By-Ravindra_ott488 | update entry set name='BMW Vision iNEXT - Interview Erik Melldahl, Interior Designer BMW i',thumbnail='http://ott.planetcast.in/p/108/sp/10800/thumbnail/entry_id/0_aq5n3b83/version/100002',longdescription='The BMW Vision iNEXT provides an insight into the future of personal mobility. The latest Vision Vehicle from the BMW Group symbolises the dawn of a new era in driving pleasure – and is celebrating its world premiere at the Los Angeles Auto Show.\r\n\r\nFar more than a vehicle alone, the BMW Vision iNEXT represents a building block for the future of the BMW Group, encompassing technology, design and new ways of thinking that are set to filter through across the company and its brands. This is the first time all of the BMW Group’s strategic innovation fields – Autonomous driving, Connectivity, Electrification and Services (ACES) – have been incorporated into a single vehicle, while its design lends them visual expression (D+ACES) and offers a look ahead to the future face of driving pleasure.',
        duration='80',type='1',tag='bmw, bmw vision inext, vision inext, bmw inext, inext, interview, erik melldahl, interior design, bmw i, automototv, motor, vehicle, automobile, road, track, trend, technology, travel, engine, system, modern, model, auto, moto, tv',category='ON DEMAND>AUTOMOBILE>DRIFT',categoryid='195',
        updated_at='2018-12-17 09:59:26',shortdescription='The BMW Vision iNEXT provides an insight into the future of personal mobility. The latest Vision Vehicle from the BMW Group symbolises the dawn of a new era in driving pleasure – and is celebrating its world premiere at the Los Angeles Auto Show.',
        director='',producer='',cast='',crew='',sub_genre='Star Interview',
        language='English',pgrating='G',video_status='inactive',custom_data=''
        where entryid='0_aq5n3b83'
17/12/2018 09:55:47 | SUCCESS | Updtate MetaData(0_2hvjwk0a) | By-Ravindra_ott488 | update entry set name='BMW Vision iNEXT - Interview Charlotte Kanters, Colour and Trim Designer BMW i',thumbnail='http://ott.planetcast.in/p/108/sp/10800/thumbnail/entry_id/0_2hvjwk0a/version/100002',longdescription='The BMW Vision iNEXT provides an insight into the future of personal mobility. The latest Vision Vehicle from the BMW Group symbolises the dawn of a new era in driving pleasure – and is celebrating its world premiere at the Los Angeles Auto Show.\r\n\r\nFar more than a vehicle alone, the BMW Vision iNEXT represents a building block for the future of the BMW Group, encompassing technology, design and new ways of thinking that are set to filter through across the company and its brands. This is the first time all of the BMW Group’s strategic innovation fields – Autonomous driving, Connectivity, Electrification and Services (ACES) – have been incorporated into a single vehicle, while its design lends them visual expression (D+ACES) and offers a look ahead to the future face of driving pleasure.',
        duration='228',type='1',tag='bmw, bmw vision inext, vision inext, bmw inext, inext, interview, charlotte kanters, colour and trim, designer, bmw i, automototv, motor, vehicle, automobile, trend, technology, travel, engine, system, modern, model, auto, moto, tv, english',category='ON DEMAND>AUTOMOBILE>DRIFT',categoryid='195',
        updated_at='2018-12-17 10:01:13',shortdescription='The BMW Vision iNEXT provides an insight into the future of personal mobility. The latest Vision Vehicle from the BMW Group symbolises the dawn of a new era in driving pleasure – and is celebrating its world premiere at the Los Angeles Auto Show.',
        director='',producer='',cast='',crew='',sub_genre='Star Interview',
        language='English',pgrating='G',video_status='inactive',custom_data=''
        where entryid='0_2hvjwk0a'
17/12/2018 09:56:35 | SUCCESS | Updtate MetaData(0_2hvjwk0a) | By-Ravindra_ott488 | update entry set name='BMW Vision iNEXT - Interview Charlotte Kanters, Colour and Trim Designer BMW i',thumbnail='http://ott.planetcast.in/p/108/sp/10800/thumbnail/entry_id/0_2hvjwk0a/version/100002',longdescription='The BMW Vision iNEXT provides an insight into the future of personal mobility. The latest Vision Vehicle from the BMW Group symbolises the dawn of a new era in driving pleasure – and is celebrating its world premiere at the Los Angeles Auto Show.\r\n\r\nFar more than a vehicle alone, the BMW Vision iNEXT represents a building block for the future of the BMW Group, encompassing technology, design and new ways of thinking that are set to filter through across the company and its brands. This is the first time all of the BMW Group’s strategic innovation fields – Autonomous driving, Connectivity, Electrification and Services (ACES) – have been incorporated into a single vehicle, while its design lends them visual expression (D+ACES) and offers a look ahead to the future face of driving pleasure.',
        duration='228',type='1',tag='bmw, bmw vision inext, vision inext, bmw inext, inext, interview, charlotte kanters, colour and trim, designer, bmw i, automototv, motor, vehicle, automobile, trend, technology, travel, engine, system, modern, model, auto, moto, tv, english',category='ON DEMAND>AUTOMOBILE>DRIFT',categoryid='195',
        updated_at='2018-12-17 10:02:01',shortdescription='The BMW Vision iNEXT provides an insight into the future of personal mobility. The latest Vision Vehicle from the BMW Group symbolises the dawn of a new era in driving pleasure – and is celebrating its world premiere at the Los Angeles Auto Show.',
        director='',producer='',cast='',crew='',sub_genre='Star Interview',
        language='English',pgrating='G',video_status='inactive',custom_data=''
        where entryid='0_2hvjwk0a'
17/12/2018 10:00:17 | SUCCESS | Updtate MetaData(0_9n71zdl5) | By-Ravindra_ott488 | update entry set name='Volkswagen at the 2018 LA Auto Show Post Reveal',thumbnail='http://ott.planetcast.in/p/108/sp/10800/thumbnail/entry_id/0_9n71zdl5/version/100002',longdescription='Volkswagen will introduce an electric car in the U.S. in 2020, the brand\'s new U.S. CEO told reporters Wednesday at the Los Angeles Auto Show.\r\n\r\nThe electric car will be priced in the range of $30,000 to $40,000, VW\'s Scott Keogh said in a group interview. \r\n\r\nAt that price range, the vehicle will compete with the similarly priced Tesla Model 3 and the Chevrolet Bolt, which are already available for sale. The Bolt starts at about $37,000, and Tesla CEO Elon Musk has said the company will begin selling $35,000 Model 3 base models in 2019.\r\n\r\nVW has revealed several concept electric vehicles under a new nameplate, I.D., over the last two years or so. Those models provided a preview of what could be next for the company.',
        duration='142',type='1',tag='volkswagen, vw, post reveal, los angeles auto show, la auto show, motor show, auto show, los angeles, 2018, 2018 la auto show, 2018 los angeles auto show, automototv, motor, vehicle, automobile, trend, technology, travel, system, modern, model, auto, moto, tv, show',category='ON DEMAND>AUTOMOBILE>FURY ROAD',categoryid='196',
        updated_at='2018-12-17 10:05:43',shortdescription='Volkswagen will introduce an electric car in the U.S. in 2020, the brand\'s new U.S. CEO told reporters Wednesday at the Los Angeles Auto Show. The electric car will be priced in the range of $30,000 to $40,000, VW\'s Scott Keogh said in a group interview. ',
        director='',producer='',cast='',crew='',sub_genre='Motor Show',
        language='',pgrating='G',video_status='inactive',custom_data=''
        where entryid='0_9n71zdl5'
17/12/2018 10:01:21 | SUCCESS | Updtate MetaData(0_9n71zdl5) | By-Ravindra_ott488 | update entry set name='Volkswagen at the 2018 LA Auto Show Post Reveal',thumbnail='http://ott.planetcast.in/p/108/sp/10800/thumbnail/entry_id/0_9n71zdl5/version/100002',longdescription='Volkswagen will introduce an electric car in the U.S. in 2020, the brand\'s new U.S. CEO told reporters Wednesday at the Los Angeles Auto Show.\r\n\r\nThe electric car will be priced in the range of $30,000 to $40,000, VW\'s Scott Keogh said in a group interview. \r\n\r\nAt that price range, the vehicle will compete with the similarly priced Tesla Model 3 and the Chevrolet Bolt, which are already available for sale. The Bolt starts at about $37,000, and Tesla CEO Elon Musk has said the company will begin selling $35,000 Model 3 base models in 2019.\r\n\r\nVW has revealed several concept electric vehicles under a new nameplate, I.D., over the last two years or so. Those models provided a preview of what could be next for the company.',
        duration='142',type='1',tag='volkswagen, vw, post reveal, los angeles auto show, la auto show, motor show, auto show, los angeles, 2018, 2018 la auto show, 2018 los angeles auto show, automototv, motor, vehicle, automobile, trend, technology, travel, system, modern, model, auto, moto, tv, show',category='ON DEMAND>AUTOMOBILE>FURY ROAD',categoryid='196',
        updated_at='2018-12-17 10:06:47',shortdescription='Volkswagen will introduce an electric car in the U.S. in 2020, the brand\'s new U.S. CEO told reporters Wednesday at the Los Angeles Auto Show. The electric car will be priced in the range of $30,000 to $40,000, VW\'s Scott Keogh said in a group interview. ',
        director='',producer='',cast='',crew='',sub_genre='Motor Show',
        language='',pgrating='G',video_status='inactive',custom_data=''
        where entryid='0_9n71zdl5'
17/12/2018 10:07:45 | SUCCESS | Updtate MetaData(0_8y9xj5zu) | By-Ravindra_ott488 | update entry set name='Nissan - In-cabin Filter Replacement',thumbnail='http://ott.planetcast.in/p/108/sp/10800/thumbnail/entry_id/0_8y9xj5zu/version/100002',longdescription='Nissan is offering free vehicle in-cabin microfilter replacements for vehicle owners affected by the recent wildfires in Northern California and Northern Los Angeles. The complimentary service is available through Jan. 31, 2019 and applies to any Nissan vehicle with an in-cabin microfilter. ',
        duration='111',type='1',tag='nissan, in-cabin filter replacement, in-cabin filter, automototv, motor, vehicle, automobile, track, trend, technology, travel, engine, system, modern, model, auto, moto, tv',category='ON DEMAND>AUTOMOBILE>MECHANICAL BOOSTER',categoryid='515',
        updated_at='2018-12-17 10:13:11',shortdescription='Nissan is offering free vehicle in-cabin microfilter replacements for vehicle owners affected by the recent wildfires in Northern California and Northern Los Angeles. The complimentary service is available through Jan. 31, 2019 and applies to any Nissan vehicle with an in-cabin microfilter. ',
        director='',producer='',cast='',crew='',sub_genre='Vehicle Repairs & Services',
        language='',pgrating='G',video_status='inactive',custom_data=''
        where entryid='0_8y9xj5zu'
17/12/2018 10:08:11 | SUCCESS | Updtate MetaData(0_8y9xj5zu) | By-Ravindra_ott488 | update entry set name='Nissan - In-cabin Filter Replacement',thumbnail='http://ott.planetcast.in/p/108/sp/10800/thumbnail/entry_id/0_8y9xj5zu/version/100002',longdescription='Nissan is offering free vehicle in-cabin microfilter replacements for vehicle owners affected by the recent wildfires in Northern California and Northern Los Angeles. The complimentary service is available through Jan. 31, 2019 and applies to any Nissan vehicle with an in-cabin microfilter. ',
        duration='111',type='1',tag='nissan, in-cabin filter replacement, in-cabin filter, automototv, motor, vehicle, automobile, track, trend, technology, travel, engine, system, modern, model, auto, moto, tv',category='ON DEMAND>AUTOMOBILE>MECHANICAL BOOSTER',categoryid='515',
        updated_at='2018-12-17 10:13:37',shortdescription='Nissan is offering free vehicle in-cabin microfilter replacements for vehicle owners affected by the recent wildfires in Northern California and Northern Los Angeles. The complimentary service is available through Jan. 31, 2019 and applies to any Nissan vehicle with an in-cabin microfilter. ',
        director='',producer='',cast='',crew='',sub_genre='Vehicle Repairs & Services',
        language='',pgrating='G',video_status='inactive',custom_data=''
        where entryid='0_8y9xj5zu'
17/12/2018 10:17:55 | SUCCESS | Updtate MetaData(0_gj2x3h0t) | By-Ravindra_ott488 | update entry set name='BMW Vision iNEXT. Model Making',thumbnail='http://ott.planetcast.in/p/108/sp/10800/thumbnail/entry_id/0_gj2x3h0t/version/100002',longdescription='The BMW Vision iNEXT provides an insight into the future of personal mobility. The latest Vision Vehicle from the BMW Group symbolises the dawn of a new era in driving pleasure – and is celebrating its world premiere at the Los Angeles Auto Show.\r\n\r\nFar more than a vehicle alone, the BMW Vision iNEXT represents a building block for the future of the BMW Group, encompassing technology, design and new ways of thinking that are set to filter through across the company and its brands. This is the first time all of the BMW Group’s strategic innovation fields – Autonomous driving, Connectivity, Electrification and Services (ACES) – have been incorporated into a single vehicle, while its design lends them visual expression (D+ACES) and offers a look ahead to the future face of driving pleasure.',
        duration='156',type='1',tag='bmw, bmw vision inext, vision inext, bmw inext, inext, model making, automototv, motor, vehicle, automobile, track, trend, technology, travel, engine, system, modern, model, auto, moto, tv, making of automobile covers, car accessories, seat covers',category='ON DEMAND>AUTOMOBILE>MECHANICAL BOOSTER',categoryid='515',
        updated_at='2018-12-17 10:23:21',shortdescription='The BMW Vision iNEXT provides an insight into the future of personal mobility. The latest Vision Vehicle from the BMW Group symbolises the dawn of a new era in driving pleasure – and is celebrating its world premiere at the Los Angeles Auto Show.',
        director='',producer='',cast='',crew='',sub_genre='Car Accessories',
        language='',pgrating='G',video_status='inactive',custom_data=''
        where entryid='0_gj2x3h0t'
17/12/2018 10:22:11 | SUCCESS | Updtate MetaData(0_y7dz8p00) | By-Ravindra_ott488 | update entry set name='BMW Vision iNEXT. Intelligent Material',thumbnail='http://ott.planetcast.in/p/108/sp/10800/thumbnail/entry_id/0_y7dz8p00/version/100002',longdescription='The BMW Vision iNEXT provides an insight into the future of personal mobility. The latest Vision Vehicle from the BMW Group symbolises the dawn of a new era in driving pleasure – and is celebrating its world premiere at the Los Angeles Auto Show.\r\n\r\nFar more than a vehicle alone, the BMW Vision iNEXT represents a building block for the future of the BMW Group, encompassing technology, design and new ways of thinking that are set to filter through across the company and its brands. This is the first time all of the BMW Group’s strategic innovation fields – Autonomous driving, Connectivity, Electrification and Services (ACES) – have been incorporated into a single vehicle, while its design lends them visual expression (D+ACES) and offers a look ahead to the future face of driving pleasure.',
        duration='137',type='1',tag='bmw, bmw vision inext, vision inext, bmw inext, inext, intelligent material, automototv, car accessories, car covers, making of car covers, cover design, motor, vehicle, automobile, track, trend, technology, travel, engine, system, modern, model, auto, moto, tv',category='ON DEMAND>AUTOMOBILE>MECHANICAL BOOSTER',categoryid='515',
        updated_at='2018-12-17 10:27:37',shortdescription='The BMW Vision iNEXT provides an insight into the future of personal mobility. The latest Vision Vehicle from the BMW Group symbolises the dawn of a new era in driving pleasure – and is celebrating its world premiere at the Los Angeles Auto Show.',
        director='',producer='',cast='',crew='',sub_genre='Car Accessories',
        language='',pgrating='G',video_status='inactive',custom_data=''
        where entryid='0_y7dz8p00'
17/12/2018 10:24:57 | SUCCESS | Updtate MetaData(0_p8y536k8) | By-Ravindra_ott488 | update entry set name='BMW Vision iNEXT. Ease and Boost Mode',thumbnail='http://ott.planetcast.in/p/108/sp/10800/thumbnail/entry_id/0_p8y536k8/version/100002',longdescription='The BMW Vision iNEXT provides an insight into the future of personal mobility. The latest Vision Vehicle from the BMW Group symbolises the dawn of a new era in driving pleasure – and is celebrating its world premiere at the Los Angeles Auto Show.\r\n\r\nFar more than a vehicle alone, the BMW Vision iNEXT represents a building block for the future of the BMW Group, encompassing technology, design and new ways of thinking that are set to filter through across the company and its brands. This is the first time all of the BMW Group’s strategic innovation fields – Autonomous driving, Connectivity, Electrification and Services (ACES) – have been incorporated into a single vehicle, while its design lends them visual expression (D+ACES) and offers a look ahead to the future face of driving pleasure.',
        duration='46',type='1',tag='bmw, bmw vision inext, vision inext, bmw inext, inext, ease and boost mode, automototv, motor, vehicle, automobile, track, trend, technology, travel, engine, system, modern, model, auto, moto, tv',category='ON DEMAND>AUTOMOBILE>LUXURY CARS',categoryid='206',
        updated_at='2018-12-17 10:30:23',shortdescription='The BMW Vision iNEXT provides an insight into the future of personal mobility. The latest Vision Vehicle from the BMW Group symbolises the dawn of a new era in driving pleasure – and is celebrating its world premiere at the Los Angeles Auto Show.',
        director='',producer='',cast='',crew='',sub_genre='Car Design',
        language='',pgrating='G',video_status='inactive',custom_data=''
        where entryid='0_p8y536k8'
17/12/2018 10:30:40 | SUCCESS | Updtate MetaData(0_j592wmw9) | By-Ravindra_ott488 | update entry set name='BMW Vision iNEXT. Design Sketches Interior Design',thumbnail='http://ott.planetcast.in/p/108/sp/10800/thumbnail/entry_id/0_j592wmw9/version/100002',longdescription='The BMW Vision iNEXT provides an insight into the future of personal mobility. The latest Vision Vehicle from the BMW Group symbolises the dawn of a new era in driving pleasure – and is celebrating its world premiere at the Los Angeles Auto Show.\r\n\r\nFar more than a vehicle alone, the BMW Vision iNEXT represents a building block for the future of the BMW Group, encompassing technology, design and new ways of thinking that are set to filter through across the company and its brands. This is the first time all of the BMW Group’s strategic innovation fields – Autonomous driving, Connectivity, Electrification and Services (ACES) – have been incorporated into a single vehicle, while its design lends them visual expression (D+ACES) and offers a look ahead to the future face of driving pleasure.',
        duration='90',type='1',tag='bmw, bmw vision inext, vision inext, bmw inext, inext, design sketches, interior, design, automototv, motor, vehicle, automobile, track, trend, technology, travel, engine, system, modern, model, auto, moto, tv, sketche, sketche drawing',category='ON DEMAND>AUTOMOBILE>LUXURY CARS',categoryid='206',
        updated_at='2018-12-17 10:36:06',shortdescription='The BMW Vision iNEXT provides an insight into the future of personal mobility. The latest Vision Vehicle from the BMW Group symbolises the dawn of a new era in driving pleasure – and is celebrating its world premiere at the Los Angeles Auto Show.',
        director='',producer='',cast='',crew='',sub_genre='Sketche Drawing',
        language='',pgrating='G',video_status='inactive',custom_data=''
        where entryid='0_j592wmw9'
17/12/2018 16:31:23 | SUCCESS | Updtate MetaData(0_c9vhx3np) | By-Ravindra_ott488 | update entry set name='BMW Vision iNEXT. Design Sketches Exterior Design',thumbnail='http://ott.planetcast.in/p/108/sp/10800/thumbnail/entry_id/0_c9vhx3np/version/100002',longdescription='The BMW Vision iNEXT provides an insight into the future of personal mobility. The latest Vision Vehicle from the BMW Group symbolises the dawn of a new era in driving pleasure – and is celebrating its world premiere at the Los Angeles Auto Show.\r\n\r\nFar more than a vehicle alone, the BMW Vision iNEXT represents a building block for the future of the BMW Group, encompassing technology, design and new ways of thinking that are set to filter through across the company and its brands. This is the first time all of the BMW Group’s strategic innovation fields – Autonomous driving, Connectivity, Electrification and Services (ACES) – have been incorporated into a single vehicle, while its design lends them visual expression (D+ACES) and offers a look ahead to the future face of driving pleasure.',
        duration='157',type='1',tag='bmw, bmw vision inext, vision inext, bmw inext, inext, design sketches, exterior, design, automototv, motor, vehicle, automobile, track, trend, technology, travel, engine, system, modern, model, auto, moto, tv',category='ON DEMAND>AUTOMOBILE>LUXURY CARS',categoryid='206',
        updated_at='2018-12-17 16:36:49',shortdescription='The BMW Vision iNEXT provides an insight into the future of personal mobility. The latest Vision Vehicle from the BMW Group symbolises the dawn of a new era in driving pleasure – and is celebrating its world premiere at the Los Angeles Auto Show.',
        director='',producer='',cast='',crew='',sub_genre='Sketche Drawing',
        language='',pgrating='G',video_status='inactive',custom_data=''
        where entryid='0_c9vhx3np'
