17/08/2018 06:04:31 | SUCCESS | login-(Adosphere) | By-Adosphere_ott488 | 
17/08/2018 11:34:57 | SUCCESS | Save Thumbnail(0_f994ydos) | By-Adosphere_ott488 | 
17/08/2018 11:35:17 | SUCCESS | Save Thumbnail(0_00bfk77n) | By-Adosphere_ott488 | 
17/08/2018 11:35:37 | SUCCESS | Save Thumbnail(0_w8px7swp) | By-Adosphere_ott488 | 
17/08/2018 11:38:06 | SUCCESS | Updtate MetaData(0_f994ydos) | By-Adosphere_ott488 | update entry set name='Mercedes-Benz EQC',thumbnail='http://ott.planetcast.in/p/108/sp/10800/thumbnail/entry_id/0_f994ydos/version/100022',longdescription='The EQC is being intensively tested and undergoes a demanding programme with around 500 individual tests. Prototypes and pre-production vehicles cover several million kilometres on four continents until their market launch. There are also special tests for the electric drive, the battery and the interaction of all drive components. In addition, the first Mercedes-Benz member of the technology and product brand EQ is checked on numerous test rigs. In doing so, the Mercedes-Benz engineers can build on the comprehensive knowledge gained from digital testing.',
        duration='24',type='1',tag='mercedes-benz, mercedes-benz eqc, eqc, test, safety, teaser, automototv, comfertable, speed, elegant, interior, exterior, class, wheels, features, automobile',category='ON DEMAND>AUTOMOBILE>LUXURY CARS',categoryid='206',
        updated_at='2018-08-17 11:41:51',shortdescription='The EQC is being intensively tested and undergoes a demanding programme with around 500 individual tests.',
        director='',producer='',cast='',crew='',sub_genre='Automobile',
        language='English',pgrating='',video_status='active',custom_data=''
        where entryid='0_f994ydos'
17/08/2018 11:44:39 | SUCCESS | Save Thumbnail(0_w8px7swp) | By-Adosphere_ott488 | 
17/08/2018 11:45:00 | SUCCESS | Save Thumbnail(0_f994ydos) | By-Adosphere_ott488 | 
17/08/2018 11:45:21 | SUCCESS | Save Thumbnail(0_00bfk77n) | By-Adosphere_ott488 | 
17/08/2018 11:59:18 | SUCCESS | Save Thumbnail(0_w8px7swp) | By-Adosphere_ott488 | 
17/08/2018 12:14:53 | SUCCESS | Add New Slider Image(C:\fakepath\3.jpeg) | By-Adosphere_ott488 | 
17/08/2018 12:15:02 | SUCCESS | Slider image active(SliderID:130,Status:active) | By-Adosphere_ott488 | 
17/08/2018 12:15:21 | SUCCESS | Slider priority Set | By-Adosphere_ott488 | 
17/08/2018 14:39:53 | SUCCESS | Save Thumbnail(0_cr7mx7w9) | By-Adosphere_ott488 | 
17/08/2018 09:36:50 | SUCCESS | login-(Adosphere) | By-Adosphere_ott488 | 
17/08/2018 16:43:00 | SUCCESS | Save Thumbnail(0_1fddvxxt) | By-Adosphere_ott488 | 
17/08/2018 11:20:34 | SUCCESS | login-(Adosphere) | By-Adosphere_ott488 | 
17/08/2018 16:55:35 | SUCCESS | Save New video(0_i5rwvl98) | By-Adosphere_ott488 | 
17/08/2018 17:12:46 | SUCCESS | Save New video(0_rv3rvfq2) | By-Adosphere_ott488 | 
17/08/2018 17:31:51 | SUCCESS | Delete Video entry(0_ymjffz7t) | By-Adosphere_ott488 | 
17/08/2018 17:31:52 | SUCCESS | Delete Video entry(0_qvh7sok2) | By-Adosphere_ott488 | 
17/08/2018 18:08:37 | SUCCESS | Save Thumbnail(0_j4qkuyb7) | By-Adosphere_ott488 | 
17/08/2018 18:09:34 | SUCCESS | Save Thumbnail(0_41cne7py) | By-Adosphere_ott488 | 
17/08/2018 18:11:06 | SUCCESS | Save Thumbnail(0_yiq6pz02) | By-Adosphere_ott488 | 
17/08/2018 18:12:17 | SUCCESS | Save Thumbnail(0_8gqyz8ca) | By-Adosphere_ott488 | 
17/08/2018 18:12:45 | SUCCESS | Save Thumbnail(0_510w7fwd) | By-Adosphere_ott488 | 
17/08/2018 18:13:41 | SUCCESS | Save Thumbnail(0_hvf7kcby) | By-Adosphere_ott488 | 
17/08/2018 18:19:28 | SUCCESS | Save New video(0_tx8mhf4g) | By-Adosphere_ott488 | 
