20/12/2018 04:19:38 | SUCCESS | login-(Geetanjali) | By-Geetanjali_ott488 | 
20/12/2018 04:22:27 | SUCCESS | login-(Ravindra) | By-Ravindra_ott488 | 
20/12/2018 12:04:08 | SUCCESS | Bulk Add Content Viewer(Array,PG13) | By-Geetanjali_ott488 | 
20/12/2018 12:04:22 | SUCCESS | Bulk Add Content Viewer(Array,PG13) | By-Geetanjali_ott488 | 
20/12/2018 12:04:38 | SUCCESS | Bulk Add Content Viewer(Array,PG13) | By-Geetanjali_ott488 | 
20/12/2018 12:04:50 | SUCCESS | Bulk Add Content Viewer(Array,PG13) | By-Geetanjali_ott488 | 
20/12/2018 12:05:03 | SUCCESS | Bulk Add Content Viewer(Array,PG) | By-Geetanjali_ott488 | 
20/12/2018 12:05:15 | SUCCESS | Bulk Add Content Viewer(Array,PG13) | By-Geetanjali_ott488 | 
20/12/2018 12:07:07 | SUCCESS | Save Content Viewer Rating(0_cfxau51q,PG13) | By-Geetanjali_ott488 | 
20/12/2018 12:10:30 | SUCCESS | Save Content Viewer Rating(0_bta48jq0,PG13) | By-Geetanjali_ott488 | 
20/12/2018 12:10:47 | SUCCESS | Save Content Viewer Rating(0_skyuilal,PG13) | By-Geetanjali_ott488 | 
20/12/2018 12:10:58 | SUCCESS | Save Content Viewer Rating(0_p2xwet27,PG13) | By-Geetanjali_ott488 | 
20/12/2018 12:11:44 | SUCCESS | Save Content Viewer Rating(0_x0dls1u0,PG13) | By-Geetanjali_ott488 | 
20/12/2018 12:15:27 | SUCCESS | Save Content Viewer Rating(0_giackxxy,PG13) | By-Geetanjali_ott488 | 
20/12/2018 12:15:53 | SUCCESS | Save Content Viewer Rating(0_5eeoluyu,PG13) | By-Geetanjali_ott488 | 
20/12/2018 12:16:26 | SUCCESS | Save Content Viewer Rating(0_def927ye,PG13) | By-Geetanjali_ott488 | 
20/12/2018 12:16:47 | SUCCESS | Save Content Viewer Rating(0_fw23vwne,PG13) | By-Geetanjali_ott488 | 
20/12/2018 12:17:00 | SUCCESS | Save Content Viewer Rating(0_rjzhnxis,PG13) | By-Geetanjali_ott488 | 
20/12/2018 12:17:12 | SUCCESS | Save Content Viewer Rating(0_meen09vh,PG13) | By-Geetanjali_ott488 | 
20/12/2018 12:17:38 | SUCCESS | Save Content Viewer Rating(0_4v8tlu04,PG13) | By-Geetanjali_ott488 | 
20/12/2018 12:17:49 | SUCCESS | Save Content Viewer Rating(0_zj86cqey,PG13) | By-Geetanjali_ott488 | 
20/12/2018 12:20:33 | SUCCESS | Save Content Viewer Rating(0_0vnbrs7m,PG13) | By-Geetanjali_ott488 | 
20/12/2018 12:20:47 | SUCCESS | Save Content Viewer Rating(0_cucxc7ax,PG13) | By-Geetanjali_ott488 | 
20/12/2018 12:21:15 | SUCCESS | Save Content Viewer Rating(0_v2kvluvg,PG13) | By-Geetanjali_ott488 | 
20/12/2018 12:21:33 | SUCCESS | Save Content Viewer Rating(0_vgaajqwy,PG13) | By-Geetanjali_ott488 | 
20/12/2018 12:21:45 | SUCCESS | Save Content Viewer Rating(0_w55d8g3r,PG13) | By-Geetanjali_ott488 | 
20/12/2018 12:21:55 | SUCCESS | Save Content Viewer Rating(0_alillfsh,PG13) | By-Geetanjali_ott488 | 
20/12/2018 12:22:06 | SUCCESS | Save Content Viewer Rating(0_kms8hj72,PG13) | By-Geetanjali_ott488 | 
20/12/2018 12:22:34 | SUCCESS | Save Content Viewer Rating(0_x0in9hya,PG13) | By-Geetanjali_ott488 | 
20/12/2018 12:24:09 | SUCCESS | Save Content Viewer Rating(0_ylkxly6c,PG13) | By-Geetanjali_ott488 | 
20/12/2018 12:24:37 | SUCCESS | Save Content Viewer Rating(0_8fmzu9zc,PG13) | By-Geetanjali_ott488 | 
20/12/2018 12:24:49 | SUCCESS | Save Content Viewer Rating(0_59auqb3x,PG13) | By-Geetanjali_ott488 | 
20/12/2018 12:25:01 | SUCCESS | Save Content Viewer Rating(0_0gx9756h,PG13) | By-Geetanjali_ott488 | 
20/12/2018 12:25:18 | SUCCESS | Save Content Viewer Rating(0_9e1aeu99,PG13) | By-Geetanjali_ott488 | 
20/12/2018 12:25:29 | SUCCESS | Save Content Viewer Rating(0_93f4zz9p,PG13) | By-Geetanjali_ott488 | 
20/12/2018 09:10:39 | SUCCESS | login-(Adosphere) | By-Adosphere_ott488 | 
