15/06/2018 04:13:19 | SUCCESS | login-(Adosphere) | By-Adosphere_ott488 | 
15/06/2018 09:55:36 | SUCCESS | Save Content Partner(0_cprmnvwa,) | By-Adosphere_ott488 | 
15/06/2018 05:35:08 | SUCCESS | login-(Adosphere) | By-Adosphere_ott488 | 
15/06/2018 11:31:52 | SUCCESS | Delete Video entry(0_22bb5k29) | By-Adosphere_ott488 | 
15/06/2018 12:05:37 | SUCCESS | Save Content Partner(0_l60nn6qv,) | By-Adosphere_ott488 | 
15/06/2018 12:06:09 | SUCCESS | Save Content Partner(0_mcxyvc7q,) | By-Adosphere_ott488 | 
15/06/2018 12:06:58 | SUCCESS | Save Content Partner(0_im8gn09u,) | By-Adosphere_ott488 | 
15/06/2018 12:10:55 | SUCCESS | Save Content Partner(0_8hqyp1mi,) | By-Adosphere_ott488 | 
15/06/2018 12:11:57 | SUCCESS | Save Content Partner(0_h2x7p8om,) | By-Adosphere_ott488 | 
15/06/2018 12:12:49 | SUCCESS | Updtate MetaData(0_h2x7p8om) | By-Adosphere_ott488 | update entry set name='Why The Dog Ear Effect Happens When Cutting Bob Haircut',thumbnail='http://ott.planetcast.in/p/108/sp/10800/thumbnail/entry_id/0_h2x7p8om/version/100002',longdescription='Watch tutorial for why the dog ear effect happens while cutting a bob haircut.',
        duration='604',type='1',tag='hair, cut, heavy, short, stylish, look, bang, tutorial, trendy, scissors, tips, right, way, straight, smooth, volume, different, easy, shoterside, longerside, tricks, cheek, bone, 339, comb, 337, finger, angle, thick, sections, ironhair, razer, twisted, overdirect, tees, cutting, technique, line, bob, matt, beck',category='ON DEMAND>LIFESTYLE>HAIRSTYLES',categoryid='388',
        updated_at='2018-06-15 12:15:41',shortdescription='Watch tutorial for why the dog ear effect happens while cutting a bob haircut.',
        director='NULL',producer='NULL',cast='NULL',crew='NULL',sub_genre='Hairstyles',
        language='English',pgrating='PG 13',video_status='active',puser_id='',custom_data=''
        where entryid='0_h2x7p8om'
15/06/2018 06:46:52 | SUCCESS | login-(Adosphere) | By-Adosphere_ott488 | 
15/06/2018 12:18:50 | SUCCESS | Delete Video entry(0_mef03y8g) | By-Adosphere_ott488 | 
15/06/2018 12:19:28 | SUCCESS | Save Content Partner(0_eos3oqbh,) | By-Adosphere_ott488 | 
15/06/2018 12:20:07 | SUCCESS | Save Content Partner(0_wg1fjd8z,) | By-Adosphere_ott488 | 
15/06/2018 12:25:24 | SUCCESS | Save Content Partner(0_fu13so2i,) | By-Adosphere_ott488 | 
15/06/2018 12:25:49 | SUCCESS | Save Content Partner(0_lzcd46wi,) | By-Adosphere_ott488 | 
15/06/2018 12:28:15 | SUCCESS | Save Content Partner(0_o4xppxht,) | By-Adosphere_ott488 | 
15/06/2018 12:28:33 | SUCCESS | Save Content Partner(0_nckd7fme,) | By-Adosphere_ott488 | 
15/06/2018 12:30:26 | SUCCESS | Save Content Partner(0_sl63h4gd,) | By-Adosphere_ott488 | 
15/06/2018 12:31:08 | SUCCESS | Save Content Partner(0_xzsnnvds,) | By-Adosphere_ott488 | 
15/06/2018 12:31:34 | SUCCESS | Save Content Partner(0_bnzd6loj,) | By-Adosphere_ott488 | 
15/06/2018 12:32:05 | SUCCESS | Save Content Partner(0_dpnj0s1e,) | By-Adosphere_ott488 | 
15/06/2018 12:32:33 | SUCCESS | Save Content Partner(0_jkf3vhqg,) | By-Adosphere_ott488 | 
15/06/2018 12:33:06 | SUCCESS | Save Content Partner(0_v48fifxr,) | By-Adosphere_ott488 | 
15/06/2018 12:34:07 | SUCCESS | Save Content Partner(0_016rsoh3,) | By-Adosphere_ott488 | 
15/06/2018 12:39:48 | SUCCESS | Save Content Partner(0_uy7hszoq,) | By-Adosphere_ott488 | 
15/06/2018 12:40:57 | SUCCESS | Updtate MetaData(0_o4xppxht) | By-Adosphere_ott488 | update entry set name='Concave,Convex and Choosing the right guide',thumbnail='http://ott.planetcast.in/p/108/sp/10800/thumbnail/entry_id/0_o4xppxht/version/100002',longdescription='Watch this video to know more about free salon education and how to choos a right guider and much more',
        duration='633',type='1',tag='concave, convex, choosing, right, guide, matt, beck, vlog, salon, education, hair, color, style, tutorial, haircut, technic, headshape, stylists, fse, social',category='ON DEMAND>LIFESTYLE>HAIRSTYLES',categoryid='388',
        updated_at='2018-06-15 12:43:48',shortdescription='Watch this video to know more about free salon education and how to choos a right guider and much more',
        director='NULL',producer='NULL',cast='NULL',crew='NULL',sub_genre='Hairstyles',
        language='English',pgrating='PG 13',video_status='active',puser_id='',custom_data=''
        where entryid='0_o4xppxht'
15/06/2018 15:15:52 | SUCCESS | Save Content Partner(0_ppw7lhvz,) | By-Adosphere_ott488 | 
15/06/2018 15:17:59 | SUCCESS | Save Content Partner(0_izi1rnwv,) | By-Adosphere_ott488 | 
15/06/2018 15:23:49 | SUCCESS | Save Content Partner(0_a4af73in,) | By-Adosphere_ott488 | 
15/06/2018 15:24:21 | SUCCESS | Save Content Partner(0_y3vctaws,) | By-Adosphere_ott488 | 
15/06/2018 15:27:17 | SUCCESS | Save Content Partner(0_il54q3zq,) | By-Adosphere_ott488 | 
15/06/2018 15:27:55 | SUCCESS | Save Content Partner(0_qa42gzvv,) | By-Adosphere_ott488 | 
15/06/2018 15:30:42 | SUCCESS | Save Content Partner(0_77wzp65r,) | By-Adosphere_ott488 | 
15/06/2018 15:31:14 | SUCCESS | Save Content Partner(0_7ovs3h6f,) | By-Adosphere_ott488 | 
15/06/2018 15:34:19 | SUCCESS | Save Content Partner(0_p0gjiiit,) | By-Adosphere_ott488 | 
15/06/2018 15:34:50 | SUCCESS | Save Content Partner(0_gwtmq3kz,) | By-Adosphere_ott488 | 
15/06/2018 15:35:18 | SUCCESS | Save Content Partner(0_vdnnbax6,) | By-Adosphere_ott488 | 
15/06/2018 15:36:42 | SUCCESS | Save Content Partner(0_00f20kb5,) | By-Adosphere_ott488 | 
15/06/2018 15:37:08 | SUCCESS | Save Content Partner(0_5h1opom2,) | By-Adosphere_ott488 | 
15/06/2018 15:43:05 | SUCCESS | Save Content Partner(0_loyhjz3k,) | By-Adosphere_ott488 | 
15/06/2018 15:43:51 | SUCCESS | Save Content Partner(0_yri2xop7,) | By-Adosphere_ott488 | 
15/06/2018 15:47:24 | SUCCESS | Save Content Partner(0_hlsvfu95,) | By-Adosphere_ott488 | 
15/06/2018 15:47:59 | SUCCESS | Save Content Partner(0_0gnnfamw,) | By-Adosphere_ott488 | 
15/06/2018 15:48:40 | SUCCESS | Save Content Partner(0_rpvvpmfv,) | By-Adosphere_ott488 | 
15/06/2018 15:49:16 | SUCCESS | Save Content Partner(0_flhmnang,) | By-Adosphere_ott488 | 
15/06/2018 15:56:11 | SUCCESS | Save Content Partner(0_5h61qfiw,) | By-Adosphere_ott488 | 
15/06/2018 15:56:39 | SUCCESS | Save Content Partner(0_hdqaecnj,) | By-Adosphere_ott488 | 
15/06/2018 16:04:56 | SUCCESS | Save Content Partner(0_xw11mmyq,) | By-Adosphere_ott488 | 
15/06/2018 16:17:45 | SUCCESS | Save Content Partner(0_5h1opom2,) | By-Adosphere_ott488 | 
15/06/2018 16:20:23 | SUCCESS | Save Content Partner(0_nl2hem5c,) | By-Adosphere_ott488 | 
15/06/2018 16:20:57 | SUCCESS | Save Content Partner(0_u26rpkv8,) | By-Adosphere_ott488 | 
15/06/2018 16:25:54 | SUCCESS | Save Content Partner(0_dkocdfwh,) | By-Adosphere_ott488 | 
15/06/2018 16:26:25 | SUCCESS | Save Content Partner(0_ji1pup2e,) | By-Adosphere_ott488 | 
15/06/2018 16:26:56 | SUCCESS | Save Content Partner(0_fjws4mwe,) | By-Adosphere_ott488 | 
15/06/2018 16:27:31 | SUCCESS | Save Content Partner(0_w7g5jhl1,) | By-Adosphere_ott488 | 
15/06/2018 16:28:23 | SUCCESS | Save Content Partner(0_lxysg8gq,) | By-Adosphere_ott488 | 
15/06/2018 16:29:06 | SUCCESS | Save Content Partner(0_h2mprzug,) | By-Adosphere_ott488 | 
15/06/2018 16:29:53 | SUCCESS | Save Content Partner(0_w5i8lt8s,) | By-Adosphere_ott488 | 
15/06/2018 16:30:28 | SUCCESS | Save Content Partner(0_wa8a2oys,) | By-Adosphere_ott488 | 
15/06/2018 16:31:26 | SUCCESS | Save Content Partner(0_glzbl1rq,) | By-Adosphere_ott488 | 
15/06/2018 11:08:59 | SUCCESS | login-(Adosphere) | By-Adosphere_ott488 | 
15/06/2018 16:44:40 | SUCCESS | Save Content Viewer Rating(0_w7llitvj,G) | By-Adosphere_ott488 | 
15/06/2018 16:45:17 | SUCCESS | Save Content Partner(0_w7llitvj,) | By-Adosphere_ott488 | 
