24/07/2018 04:17:54 | SUCCESS | login-(Adosphere) | By-Adosphere_ott488 | 
24/07/2018 04:36:30 | SUCCESS | login-(Adosphere) | By-Adosphere_ott488 | 
24/07/2018 04:42:44 | SUCCESS | login-(Geetanjali) | By-Geetanjali_ott488 | 
24/07/2018 10:14:45 | SUCCESS | Updtate MetaData(0_a5a4gg4c) | By-Geetanjali_ott488 | update entry set name='Tamatar ki chutney',thumbnail='http://ott.planetcast.in/p/108/sp/10800/thumbnail/entry_id/0_a5a4gg4c/version/100002',longdescription='Check out the new tangy flavor of Tamatar ki chutney.',
        duration='294',type='1',tag='shaheen kitchen, chef shaheen khan kitchen, shaheen khan, cookery show, chef shaheen khan, chef shaheen, cooking episodes by shaheen khan, chinese soup recipes, home made reciepe, chatni recipe, chatni recipe in hindi, chutney recipes, easy chutney recipes, easy tomato chutney, indian chutney recipes, recipe for chutney, recipe for tomato chutney, recipe for tomato relish, recipe tomato chutney, red tomato chutney, red tomato chutney recipe, tamatar chutney, tamatar ki chatni, tamatar ki chutney, tomato chutney, tomato chutney recipe, tomato pachadi, tomato relish, tomato relish recipe',category='ON DEMAND>COOKING>KITCHEN MASALA',categoryid='286',
        updated_at='2018-07-24 10:18:10',shortdescription='Check out the new tangy flavor of Tamatar ki chutney.',
        director='NULL',producer='NULL',cast='NULL',crew='NULL',sub_genre='Sauce',
        language='Hindi',pgrating='PG13',video_status='active',custom_data=''
        where entryid='0_a5a4gg4c'
24/07/2018 10:15:35 | SUCCESS | Updtate MetaData(0_c0mxyrp7) | By-Geetanjali_ott488 | update entry set name='Mango Kheer',thumbnail='http://ott.planetcast.in/p/108/sp/10800/thumbnail/entry_id/0_c0mxyrp7/version/100002',longdescription='Mango Kheer | Mango Vermicelli Kheer | Easy simple kheer recipe by chef Shaheen',
        duration='311',type='1',tag='shaheen, shaheen khan, shaheen recipes, chef shaheen khan, chef shaheen, cooking episodes by shaheen khan, cooking recipes, indian cooking recipes, home made recipes, shaheen kitchen, chef shaheen khan kitchen, best kheer recipe, easy kheer recipe, indian kheer recipe, kheer recipe, kheer recipe in hindi, kheer recipes, mango kheer, mango kheer recipe, payasam recipe, payasam recipes, dessert, phirni, recipe for kheer, recipe kheer, recipe of kheer, recipes for kheer, recipes of kheer, semiya payasam recipe, simple kheer recipe, how to make kheer, indian kheer recipes, vermiceeli, thandi kheer, chilled kheer',category='ON DEMAND>COOKING>CULINARY',categoryid='287',
        updated_at='2018-07-24 10:19:00',shortdescription='Mango Kheer | Mango Vermicelli Kheer | Easy simple kheer recipe by chef Shaheen',
        director='NULL',producer='NULL',cast='NULL',crew='NULL',sub_genre='Dessert',
        language='English',pgrating='PG13',video_status='active',custom_data=''
        where entryid='0_c0mxyrp7'
24/07/2018 10:16:32 | SUCCESS | Updtate MetaData(0_fkpdul0u) | By-Geetanjali_ott488 | update entry set name='Besan Ki Bharwan Mirch',thumbnail='http://ott.planetcast.in/p/108/sp/10800/thumbnail/entry_id/0_fkpdul0u/version/100002',longdescription='How to make Besan ki bharwan mirch by Chef Shaheen',
        duration='259',type='1',tag='shaheen khan, shaheen  recipes, chef shaheen khan, chef shaheen, cooking episodes by shaheen khan, cooking recipes, indian cooking recipes, indian coooking recipes, home made recipes, shaheen kitchen, chef shaheen khan kitchen, besan ki bharwan mirch, besan mirch recipe, besan mirchi, dried green chilies, green mirchi, mirchi curry, recipe for stuffed chillies, shimla mirch besan recipe, stuffed mirch, recipe of bharwan mirch, stuffed chillies, stuffed green chillies, bharli mirchi, bharwan mirchi, stuffed chillies recipe, bharwan mirch, how to make besan ki bharwan mirch by chef shaheen',category='ON DEMAND>COOKING>SPICE IT UP',categoryid='288',
        updated_at='2018-07-24 10:19:56',shortdescription='How to make Besan ki bharwan mirch by Chef Shaheen',
        director='NULL',producer='NULL',cast='NULL',crew='NULL',sub_genre='Pickle',
        language='English',pgrating='U',video_status='active',custom_data=''
        where entryid='0_fkpdul0u'
24/07/2018 10:17:19 | SUCCESS | Updtate MetaData(0_hhywycpx) | By-Geetanjali_ott488 | update entry set name='Cold Coffee',thumbnail='http://ott.planetcast.in/p/108/sp/10800/thumbnail/entry_id/0_hhywycpx/version/100002',longdescription='Here is the delicious taste of cold coffee at home. Cold coffee making process is there in video.',
        duration='141',type='1',tag='shaheen kitchen, chef shaheen khan kitchen, shaheen khan, cookery show, chef shaheen khan, chef shaheen, cooking episodes by shaheen khan, drink recipes, home made cold coffee, recipes of shaheen khan, recipes  by chef shaheen, drink for snacks time, shaheenskit, basic ingredients of cold coffee, how to make cold coffee easy at home, at home cold coffee, simple steps to make cold coffee, home made recipes, list of veg food, shaheen  recipes, drink made easy, easy drinks to make at home, easy recipes for bachelors, easy recipes for newly weds, easy recipes for beginners, indian cooking.5min different drinks recipe, simple food recipes, coffee, cold coffee, ice coffee, chilled coffee, coffee at home, blended coffee, light sugar coffee, ways to make cold drinks, simple way for cold coffee',category='ON DEMAND>COOKING>KITCHEN STORIES',categoryid='289',
        updated_at='2018-07-24 10:20:44',shortdescription='Here is the delicious taste of cold coffee at home. Cold coffee making process is there in video.',
        director='NULL',producer='NULL',cast='NULL',crew='NULL',sub_genre='Appetizer',
        language='Hindi',pgrating='U',video_status='active',custom_data=''
        where entryid='0_hhywycpx'
24/07/2018 10:18:07 | SUCCESS | Updtate MetaData(0_i5cir540) | By-Geetanjali_ott488 | update entry set name='Crispy corn',thumbnail='http://ott.planetcast.in/p/108/sp/10800/thumbnail/entry_id/0_i5cir540/version/100002',longdescription='Watch the video and know how to make evening snack. \r\nLearn the twist of crispy corn recipe.',
        duration='313',type='1',tag='crispy corn recipe, shaheen kitchen, chef shaheen khan kitchen, shaheen khan, cookery show, chef shaheen khan, chef shaheen, cooking episodes by shaheen khan, chinese soup recipes, home made reciepe, cooking, at home recipe, cookery, angoori bondi, dessert, boondi sweet, corn kernel recipes, corn recipes, crispy baby corn, crispy baby corn recipe, crispy chilli baby corn, crispy chilli baby corn recipe, crispy chilli baby corn recipe in hindi, crispy corn, crispy corn fritters, crispy corn fry recipe, crispy corn kernels recipe, crunchy corn kernels, recipe for corn fritters, recipe for crispy corn, corn, corn flour, chat masala, red chilli, red chilli powder, evening snack, snack, garlic, home recipes, homemade recipes',category='ON DEMAND>COOKING>SPICE IT UP',categoryid='288',
        updated_at='2018-07-24 10:21:32',shortdescription='Watch the video and know how to make evening snack.  Learn the twist of crispy corn recipe.ck - Crispy Corn recipe.',
        director='NULL',producer='NULL',cast='NULL',crew='NULL',sub_genre='Snacks',
        language='English',pgrating='PG13',video_status='active',custom_data=''
        where entryid='0_i5cir540'
24/07/2018 10:20:00 | SUCCESS | Updtate MetaData(0_l9sp3w7r) | By-Geetanjali_ott488 | update entry set name='Tamatar Gosht',thumbnail='http://ott.planetcast.in/p/108/sp/10800/thumbnail/entry_id/0_l9sp3w7r/version/100002',longdescription='Tamatar Gosht Recipe | How to make tomato mutton recipe By Chef Shaheen',
        duration='292',type='1',tag='shaheen khan, shaheen recipes, chef shaheen khan, chef shaheen, cooking episodes by shaheen khan, cooking recipes, indian cooking recipes, home made recipes, shaheen kitchen, chef shaheen khan kitchen, shaheen chicken recipes, non-veg food, non veg recipes, non vegetarian food, non vegetarian recipes, recipes for dinner, dinner time menu, food for dinner, basic ingredients of tamatar gosht, how to make tamatar gosht at home, at home tamatar gosht, simple steps to make tamatar gosht, gosht itmes, tamatar gosht, gosht, different ways of tamatar gosht, different ways to make tamatar gosht, how to make tomato mutton recipe by chef shaheen, tomato mutton recipe, muttun recipe, mutton recipe, how to cook mutton',category='ON DEMAND>COOKING>SPICE IT UP',categoryid='288',
        updated_at='2018-07-24 10:23:24',shortdescription='Tamatar Gosht Recipe | How to make tomato muttun recipe By Chef Shaheen',
        director='NULL',producer='NULL',cast='NULL',crew='NULL',sub_genre='Non-Veg',
        language='English',pgrating='PG13',video_status='active',custom_data=''
        where entryid='0_l9sp3w7r'
24/07/2018 10:39:29 | SUCCESS | Updtate MetaData(0_p13c1ffd) | By-Geetanjali_ott488 | update entry set name='Mango Ki Navratan Chutney',thumbnail='http://ott.planetcast.in/p/108/sp/10800/thumbnail/entry_id/0_p13c1ffd/version/100002',longdescription='Watch and learn how to make Aam (Mango) Ki Navratan - Chutney.',
        duration='383',type='1',tag='shaheen khan, shaheen  recipes, chef shaheen khan, chef shaheen, cooking episodes by shaheen khan, cooking recipes, indian cooking recipes, indian coooking recipes, home made recipes, shaheen kitchen, chef shaheen khan kitchen, aam ki chatni, aam ki chatni in hindi, aam ki chatni recipe, aam ki chatni recipe in hindi, aam ki chutney, aam ki chutney recipe, aam ki chutney recipe in hindi, aam ki meethi chutney, aam ki meethi chutney recipe in hindi, indian mango chutney recipe, kacche aam ki chatni, kacche aam ki chutney, kacche aam ki recipe in hindi, kache aam ki chatni, kache aam ki chutney recipe, mango chutney recipe in hindi, mango ki chatni, raw mango chutney, recipe for mango chutney, aam(mango) ki navratan chutney, mango, aam, chutney, spicy sauce, sour sauce',category='ON DEMAND>COOKING>KITCHEN MASALA',categoryid='286',
        updated_at='2018-07-24 10:42:53',shortdescription='Watch and learn how to make Aam(Mango) Ki Navratan - Chutney ',
        director='NULL',producer='NULL',cast='NULL',crew='NULL',sub_genre='Sauce',
        language='Hindi',pgrating='PG13',video_status='active',custom_data=''
        where entryid='0_p13c1ffd'
24/07/2018 10:40:03 | SUCCESS | Updtate MetaData(0_vbihfx6t) | By-Geetanjali_ott488 | update entry set name='Chinese Schezwan Rice',thumbnail='http://ott.planetcast.in/p/108/sp/10800/thumbnail/entry_id/0_vbihfx6t/version/100002',longdescription='Learn How to make Schezwan rice with different Chinese taste and spices .',
        duration='351',type='1',tag='shaheen khan, shaheen recipes, chef shaheen khan, cooking episodes by shaheen khan, cooking recipes, indian cooking recipes, indian coooking recipes, home made recipes, chef shaheen khan kitchen, chinese fried rice recipe in hindi, chinese rice dishes, chinese scheawan rice recipe, chinese veg fried rice recipe, chinese vegetable fried rice, fried rice recipe chinese, fried rice recipe in hindi, fried rice recipe indian, fry rice recipe in hindi, indian fried rice recipe, recipe for veg fried rice, schezwan, schezwan fried rice, schezwan fried rice recipe in hindi, schezwan rice, schezwan rice recipe in hindi, veg fried rice, basmati rice, long basmati recipe, chinese schezwan rice, hindi video by chef shaheen, chinese recipes, chinese food, cinese minute made food, chilly sauce, ingredients of schezwan fried rice, cinese noodle, chinese rice, fried rice',category='ON DEMAND>COOKING>KITCHEN MASALA',categoryid='286',
        updated_at='2018-07-24 10:43:28',shortdescription='Learn How to make Schezwan rice with different Chinese taste and spices .',
        director='NULL',producer='NULL',cast='NULL',crew='NULL',sub_genre='Main Course',
        language='Hindi',pgrating='PG13',video_status='active',custom_data=''
        where entryid='0_vbihfx6t'
24/07/2018 10:52:22 | SUCCESS | Delete slider Image (105) | By-Adosphere_ott488 | delete from slider_image_detail where img_id='105'
24/07/2018 11:04:43 | SUCCESS | Updtate MetaData(0_x93ke737) | By-Geetanjali_ott488 | update entry set name='Aloo ka bharta',thumbnail='http://ott.planetcast.in/p/108/sp/10800/thumbnail/entry_id/0_x93ke737/version/100002',longdescription='Let us try how to make Aloo ka bharta with new twist and flavors.',
        duration='354',type='1',tag='aloo ak bharta, boondi laddu recipe, boondi recipe, shaheen kitchen, chef shaheen khan kitchen, shaheen khan, cookery show, chef shaheen khan, chef shaheen, cooking episodes by shaheen khan, chinese soup recipes, home made reciepe, cooking, at home recipe, cookery, angoori bondi, dessert, boondi sweet, aloo bharta, aloo bharta bengali, aloo bharta recipe, aloo chokha, aloo chokha recipe, aloo chokha recipe in hindi, aloo ka bharta in hindi, aloo ka bharta pakistani recipe, aloo ka bharta recipe, aloo ka bharta recipe in hindi, aloo ka chokha, aloo ka chokha in hindi, aloo ka chokha recipe, bharta, bharta recipe, bharta recipe in hindi, bhorta recipe, bihari recipes, aloo, karipatta, rai, cooking at home, home recipes, bhondi',category='ON DEMAND>COOKING>SPICE IT UP',categoryid='288',
        updated_at='2018-07-24 11:08:07',shortdescription='Let us try how to make Aloo ka bharta with new twist and flavors.',
        director='NULL',producer='NULL',cast='NULL',crew='NULL',sub_genre='Main Course',
        language='English',pgrating='U',video_status='active',custom_data=''
        where entryid='0_x93ke737'
24/07/2018 11:05:31 | SUCCESS | Updtate MetaData(0_2tyh02pc) | By-Geetanjali_ott488 | update entry set name='Homemade Chakli',thumbnail='http://ott.planetcast.in/p/108/sp/10800/thumbnail/entry_id/0_2tyh02pc/version/100002',longdescription='Chakli or Murukku Recipe |How to make easy & crunchy Murukku / Chakli recipe',
        duration='462',type='1',tag='shaheen khan, shaheen  recipes, chef shaheen khan, chef shaheen, cooking episodes by shaheen khan, cooking recipes, indian cooking recipes, indian coooking recipes, home made recipes, shaheen kitchen, chef shaheen khan kitchen, how to amke chakli, chakli, home made chakli, murukku, murukku at home, tea substitute, chakli tea substitue, easy home made recipes, basic ingredients of chakli, ingredients of chakli, how to make chakli at home, at home chakli, simple steps to make chakli, maida rice flour recipes, what can be done with rice flour, mattri, besan bread, cb2018',category='ON DEMAND>COOKING>KITCHEN STORIES',categoryid='289',
        updated_at='2018-07-24 11:08:56',shortdescription='Chakli or Murukku Recipe |How to make easy & crunchy Murukku / Chakli recipe ',
        director='NULL',producer='NULL',cast='NULL',crew='NULL',sub_genre='Snacks',
        language='English',pgrating='PG13',video_status='active',custom_data=''
        where entryid='0_2tyh02pc'
24/07/2018 11:07:33 | SUCCESS | Updtate MetaData(0_5qp1uwu2) | By-Geetanjali_ott488 | update entry set name='Spicy Rajma Masala',thumbnail='http://ott.planetcast.in/p/108/sp/10800/thumbnail/entry_id/0_5qp1uwu2/version/100002',longdescription='Give new taste to Rajma or Kidney beans by some spicy flavor twist to Rajma Masala recipe.\r\n',
        duration='422',type='1',tag='shaheen khan, shaheen  recipes, chef shaheen khan, chef shaheen, cooking episodes by shaheen khan, cooking recipes, indian cooking recipes, home made recipes, shaheen kitchen, chef shaheen khan kitchen, rajma masala, best rajma recipe, easy rajma recipe, kashmiri rajma recipe, kidney beans recipes, punjabi rajma recipe, rajma curry recipe, rajma masala recipe, rajma recipe, rajma recipe in hindi, rajma recipe in marathi, rajma recipe punjabi, rajma recipe video, rajma recipes, recipe for rajma, recipe of rajma, recipe of rajma masala, recipes of rajma, how to make rajma masala, rajma, cooking, recipe, cook, main course',category='ON DEMAND>COOKING>KITCHEN MASALA',categoryid='286',
        updated_at='2018-07-24 11:10:58',shortdescription='Give new taste to Rajma or Kidney beans by some spicy flavor twist to Rajma Masala recipe.',
        director='NULL',producer='NULL',cast='NULL',crew='NULL',sub_genre='Main Course',
        language='English',pgrating='U',video_status='active',custom_data=''
        where entryid='0_5qp1uwu2'
24/07/2018 11:07:38 | SUCCESS | Add New Slider Image(C:\fakepath\banner1.jpg) | By-Adosphere_ott488 | 
24/07/2018 11:07:53 | SUCCESS | Slider image active(SliderID:121,Status:active) | By-Adosphere_ott488 | 
24/07/2018 11:08:38 | SUCCESS | Slider image inactive(SliderID:121,Status:inactive) | By-Adosphere_ott488 | 
24/07/2018 05:40:55 | SUCCESS | login-(Adosphere) | By-Adosphere_ott488 | 
24/07/2018 11:11:24 | SUCCESS | Slider image active(SliderID:121,Status:active) | By-Adosphere_ott488 | 
24/07/2018 11:12:10 | SUCCESS | Slider image inactive(SliderID:121,Status:inactive) | By-Adosphere_ott488 | 
24/07/2018 11:18:19 | SUCCESS | Slider image active(SliderID:121,Status:active) | By-Adosphere_ott488 | 
24/07/2018 11:18:35 | SUCCESS | Slider image inactive(SliderID:121,Status:inactive) | By-Adosphere_ott488 | 
24/07/2018 11:19:36 | SUCCESS | Updtate MetaData(0_cx0bmrwh) | By-Geetanjali_ott488 | update entry set name='Aloo Bhujiya Snack',thumbnail='http://ott.planetcast.in/p/108/sp/10800/thumbnail/entry_id/0_cx0bmrwh/version/100002',longdescription='How To Make Aloo Bhujiya By Chef Shaheen',
        duration='389',type='1',tag='shaheen khan, shaheen recipes, chef shaheen khan, chef shaheen, cooking episodes by shaheen khan, cooking recipes, indian cooking recipes, indian coooking recipes, home made recipes, shaheen kitchen, chef shaheen khan kitchen, how to make aloo bhujiya, aloo bhujiya, home made bhujiya, masala aloo bhujiya at home, tea substitute, aloo bhujiya tea substitue, easy home made recipes, basic ingredients of aloo bhujiya, ingredients of aloo bhujiya, how to make aloo bhujiya at home, at home masala aloo bhujiya, simple steps to make aloo bhujiya, home made snack recipes, what can be done with maida, bhujiya, crunchy masala aloo bhujiya, bhujiyacrunch, crunchy aloo bhujiya, snacks, crunchy snacks, fried crunchy snacks, masala aloo bhujiya, mouth watering recipes, spicy recipes',category='ON DEMAND>COOKING>KITCHEN STORIES',categoryid='289',
        updated_at='2018-07-24 11:23:00',shortdescription='How To Make Aloo Bhujiya By Chef Shaheen',
        director='NULL',producer='NULL',cast='NULL',crew='NULL',sub_genre='Snacks',
        language='English',pgrating='PG13',video_status='active',custom_data=''
        where entryid='0_cx0bmrwh'
24/07/2018 11:23:32 | SUCCESS | Updtate MetaData(0_hjmkrs7w) | By-Geetanjali_ott488 | update entry set name='Chicken Tikka Masala',thumbnail='http://ott.planetcast.in/p/108/sp/10800/thumbnail/entry_id/0_hjmkrs7w/version/100002',longdescription='Learn and watch how to make Chicken Tikka Masala at home.\r\n',
        duration='603',type='1',tag='shaheen khan, cookery show, chicken korma, chef shaheen khan, chef shaheen, cooking episodes by shaheen khan, chicken recipes, home made chicken tikka, cooking recipes, indian non veg recipes, indian cooking recipes, indian home made recipes, indian chicken korma, recipes of shaheen khan, recipes by chef shaheen, non-veg food, non veg recipes, non vegetarian food, recipes for dinner, dinner time menu, food for dinner, basic ingredients of chicken tikka, ingredients of chicken tikka, ingredients of chicken recipes, how to make chicken tikka at home, at home chicken tikka, simple steps to make chicken tikka, home made recipes, indian famous food recipes, indian famous food list, list of non veg food, easy recipes for bachelors, easy recipes for beginners, chef shaheen khan kitchen, cooking',category='ON DEMAND>COOKING>SPICE IT UP',categoryid='288',
        updated_at='2018-07-24 11:26:57',shortdescription='Learn and watch how to make Chicken Tikka Masala at home.',
        director='',producer='',cast='',crew='',sub_genre='Main Course',
        language='English',pgrating='U',video_status='active',custom_data=''
        where entryid='0_hjmkrs7w'
24/07/2018 11:24:24 | SUCCESS | Updtate MetaData(0_hpambfb1) | By-Geetanjali_ott488 | update entry set name='Sweet Angoori Boondi',thumbnail='http://ott.planetcast.in/p/108/sp/10800/thumbnail/entry_id/0_hpambfb1/version/100002',longdescription='Let us try how to make sweet boondi- angoori boondi which is simple & easy method to cook.',
        duration='418',type='1',tag='boondi ki recipe, boondi laddu recipe, boondi recipe, sweets recipes in hindi, sweet boondi recipe, urad dal sweet boondi recipe, meethi boondi, boondi ke laddu, angoori boondi, how to make sweet boondi at home, home made boondi recipe, shaheen kitchen, chef shaheen khan kitchen, shaheen khan, cookery show, chef shaheen khan, chef shaheen, cooking episodes by shaheen khan, chinese soup recipes, home made reciepe, cooking, at home recipe, cookery, angoori bondi, dessert, boondi sweet',category='ON DEMAND>COOKING>CULINARY',categoryid='287',
        updated_at='2018-07-24 11:27:48',shortdescription='Let us try how to make sweet boondi- angoori boondi- simple easy method',
        director='NULL',producer='NULL',cast='NULL',crew='NULL',sub_genre='Dessert',
        language='English',pgrating='PG13',video_status='active',custom_data=''
        where entryid='0_hpambfb1'
24/07/2018 11:32:29 | SUCCESS | Updtate MetaData(0_iecj0dyq) | By-Geetanjali_ott488 | update entry set name='Eggless fresh fruit cake',thumbnail='http://ott.planetcast.in/p/108/sp/10800/thumbnail/entry_id/0_iecj0dyq/version/100002',longdescription='Let us try how to make Egg-less fruit cake.',
        duration='510',type='1',tag='eggless cake, boondi laddu recipe, shaheen kitchen, chef shaheen khan kitchen, shaheen khan, cookery show, chef shaheen khan, chef shaheen, cooking episodes by shaheen khan, chinese soup recipes, home made reciepe, cooking, at home recipe, cookery, cake, sweet cake, fruit cake, kiwi, cherry, kiwi cherry cake, christmas cake recipe in hindi, christmas fruit cake, eggless christmas cake, eggless christmas cake recipe, eggless christmas fruit cake, eggless fresh fruit cake recipe, eggless fruit and nut cake, eggless fruit cake, eggless fruit cake recipe, eggless fruit cake recipe in hindi, fruit cake eggless, fruit cake recipe eggless, fruit cake recipe in hindi, fruitcake, vegan christmas cake recipe, vegan fruit cake, how to make eggless cake, cake bake, cake at home, eggless cake at home, desserts, cake dessert, bake, cook',category='ON DEMAND>COOKING>CULINARY',categoryid='287',
        updated_at='2018-07-24 11:35:54',shortdescription='Let us try how to make Egg-less fruit cake.',
        director='NULL',producer='NULL',cast='NULL',crew='NULL',sub_genre='Dessert',
        language='English',pgrating='U',video_status='active',custom_data=''
        where entryid='0_iecj0dyq'
24/07/2018 11:32:49 | SUCCESS | Updtate MetaData(0_iwkkccov) | By-Geetanjali_ott488 | update entry set name='Chicken Korma ',thumbnail='http://ott.planetcast.in/p/108/sp/10800/thumbnail/entry_id/0_iwkkccov/version/100002',longdescription='Chicken Korma is a gravy prepared with onion, ginger & garlic, Cashewnuts & hot spices makes it delicious. It can be eaten with bread or sheermal or regular roti or tandoori. Try this mughlai dish.',
        duration='639',type='1',tag='shaheen khan, cookery show, chicken korma, chef shaheen khan, cooking episodes by shaheen khan, chicken recipes, home made chicken korma, cooking recipes, indian non veg recipes, indian cooking recipes, indian home made recipes, indian chicken korma, recipes of shaheen khan, recipes by chef shaheen, non-veg food, non veg recipes, non vegetarian food, recipes  for dinner, dinner time menu, food for dinner, shaheenskit, basic ingredients of chicken korma, ingredients of chicken korma, ingredients of chicken recipes, how to make chicken korma at home, at home chicken korma, simple steps to make chicken korma, home made recipes, indian famous food recipes, indian famous food list, list of non veg food, shaheen chicken recipes, easy recipes for bachelors, easy recipes for newly weds, easy recipes for beginners, indian cooking.shaheen kitchen, chef shaheen khan kitchen',category='ON DEMAND>COOKING>KITCHEN MASALA',categoryid='286',
        updated_at='2018-07-24 11:36:14',shortdescription='Chicken korma is a gravy prepared with onion, ginger & garlic, kashewnuts & hot spices makes it delicious. It can be eaten with bread or sheermal or regular roti or tandoori. Try this mughlai dish.',
        director='NULL',producer='NULL',cast='NULL',crew='NULL',sub_genre='Non-Veg',
        language='English',pgrating='PG13',video_status='active',custom_data=''
        where entryid='0_iwkkccov'
24/07/2018 07:07:27 | SUCCESS | login-(Adosphere) | By-Adosphere_ott488 | 
24/07/2018 07:18:12 | SUCCESS | login-(Adosphere) | By-Adosphere_ott488 | 
24/07/2018 15:10:37 | SUCCESS | Updtate MetaData(0_5wk79thi) | By-Geetanjali_ott488 | update entry set name='Kids Haircut',thumbnail='http://ott.planetcast.in/p/108/sp/10800/thumbnail/entry_id/0_5wk79thi/version/100002',longdescription='Watch this video to know about how to cut a mohawk kids haircut tutorial and much more',
        duration='537',type='1',tag='cut, mohawk, kids, hair, tutorial, matt, beck, vlog, salon, education, haircut, style, looks, different, special, school, collage, boy, graduate',category='ON DEMAND>LIFESTYLE>HAIRSTYLES',categoryid='388',
        updated_at='2018-07-24 15:14:02',shortdescription='Watch this video to know about how to cut a mohawk kids haircut tutorial and much more',
        director='NULL',producer='NULL',cast='NULL',crew='NULL',sub_genre='Hairstyles',
        language='English',pgrating='PG 13',video_status='active',custom_data=''
        where entryid='0_5wk79thi'
24/07/2018 15:11:13 | SUCCESS | Updtate MetaData(0_5y3hmjib) | By-Geetanjali_ott488 | update entry set name='Mens Haircut ',thumbnail='http://ott.planetcast.in/p/108/sp/10800/thumbnail/entry_id/0_5y3hmjib/version/100002',longdescription='Watch the most google videos on the basics of cutting suggestions for mens hair style and much more',
        duration='600',type='1',tag='matt, beck, vlog, mens, haircut, color, salon, education, shop, facil, suggestions, curly, think, check, clipper, comb, tutorial',category='ON DEMAND>LIFESTYLE>HAIRSTYLES',categoryid='388',
        updated_at='2018-07-24 15:14:38',shortdescription='Watch the most google videos on the basics of cutting suggestions for mens hair style and much more',
        director='NULL',producer='NULL',cast='NULL',crew='NULL',sub_genre='Hairstyles',
        language='English',pgrating='PG 13',video_status='active',custom_data=''
        where entryid='0_5y3hmjib'
24/07/2018 15:16:39 | SUCCESS | Updtate MetaData(0_7wrgrs87) | By-Geetanjali_ott488 | update entry set name='Exercise - Beginners',thumbnail='http://ott.planetcast.in/p/108/sp/10800/thumbnail/entry_id/0_7wrgrs87/version/100002',longdescription='Watch this video to know about basic routines of fitness and basic workout program for beginners',
        duration='425',type='1',tag='basic, workout, beginners, grip, squats, pulldown, butterfly, triceps, pushdown, rope, attachment, machine, bicep, curl, shoulder, military, leg, extension, calf, press, supported, dumbbell, row, incline, fitness, overhead, pulley, push, down',category='ON DEMAND>LIFESTYLE>HEALTH',categoryid='389',
        updated_at='2018-07-24 15:20:04',shortdescription='Watch this video to know about basic routines of fitness and basic workout program for beginners',
        director='NULL',producer='NULL',cast='NULL',crew='NULL',sub_genre='Fitness',
        language='English',pgrating='PG 13',video_status='active',custom_data=''
        where entryid='0_7wrgrs87'
24/07/2018 15:22:31 | SUCCESS | Updtate MetaData(0_blji39rj) | By-Geetanjali_ott488 | update entry set name='Beyond Fitness ',thumbnail='http://ott.planetcast.in/p/108/sp/10800/thumbnail/entry_id/0_blji39rj/version/100002',longdescription='Watch this video to know about how to live a healthy lifestyle,self protection,adventure and much more..',
        duration='82',type='1',tag='beyond, fitness, sizzle, healthy, lifestyle, living, protection, self, adventure, santa, monica',category='ON DEMAND>LIFESTYLE>HEALTH',categoryid='389',
        updated_at='2018-07-24 15:25:56',shortdescription='Watch this video to know about how to live a healthy lifestyle,self protection,adventure and much more..',
        director='NULL',producer='NULL',cast='NULL',crew='NULL',sub_genre='Fitness',
        language='English',pgrating='PG 13',video_status='active',custom_data=''
        where entryid='0_blji39rj'
24/07/2018 15:23:25 | SUCCESS | Updtate MetaData(0_bnzd6loj) | By-Geetanjali_ott488 | update entry set name='Supersonic Blow Dryer Test ',thumbnail='http://ott.planetcast.in/p/108/sp/10800/thumbnail/entry_id/0_bnzd6loj/version/100002',longdescription='Watch the review test of how to use a dyson supersonic blow dryer.',
        duration='753',type='1',tag='tutorial, blow, dryer, dyson, supersonic, two, different, nozels, smoothing, hair, heavy, fuser, airflow, lightweight, long, wire, easy, use, magnetic, ergo, comparison, supersilk, shampoo, conditinor, powerfull, heat, matt, good, product, beck, hs2018',category='ON DEMAND>LIFESTYLE>HAIRSTYLES',categoryid='388',
        updated_at='2018-07-24 15:26:49',shortdescription='Watch the review test of how to use a dyson supersonic blow dryer.',
        director='NULL',producer='NULL',cast='NULL',crew='NULL',sub_genre='Hairstyles',
        language='English',pgrating='PG 13',video_status='active',custom_data=''
        where entryid='0_bnzd6loj'
24/07/2018 15:24:04 | SUCCESS | Updtate MetaData(0_cprmnvwa) | By-Geetanjali_ott488 | update entry set name='Excercise - Stretching',thumbnail='http://ott.planetcast.in/p/108/sp/10800/thumbnail/entry_id/0_cprmnvwa/version/100002',longdescription='Learn the basic stretching with the help of trainer.',
        duration='131',type='1',tag='fitness, guide, basic, exercise, hardwork, healthy, trainer, stretches, hold, every, stretch, 25, 30, seconds, leg, hamstring, touch, feet, biceps, triceps, pull, elbow, gym, bodyfit, crunches, pushups, running, arms, abs, muscle, training, bodyweight, workout, squat, superset, arushi',category='ON DEMAND>LIFESTYLE>HEALTH',categoryid='389',
        updated_at='2018-07-24 15:27:29',shortdescription='Learn the basic stretching with the help of trainer.',
        director='NULL',producer='NULL',cast='NULL',crew='NULL',sub_genre='Fitness',
        language='Hindi',pgrating='PG 13',video_status='active',custom_data=''
        where entryid='0_cprmnvwa'
24/07/2018 15:59:40 | SUCCESS | Updtate MetaData(0_h2x7p8om) | By-Geetanjali_ott488 | update entry set name='Bob Haircut',thumbnail='http://ott.planetcast.in/p/108/sp/10800/thumbnail/entry_id/0_h2x7p8om/version/100002',longdescription='Watch tutorial for why the dog ear effect happens while cutting a bob haircut.',
        duration='604',type='1',tag='hair, cut, heavy, short, stylish, look, bang, tutorial, trendy, scissors, tips, right, way, straight, smooth, volume, different, easy, shoterside, longerside, tricks, cheek, bone, 339, comb, 337, finger, angle, thick, sections, ironhair, razer, twisted, overdirect, tees, cutting, technique, line, bob, matt, beck',category='ON DEMAND>LIFESTYLE>HAIRSTYLES',categoryid='388',
        updated_at='2018-07-24 16:03:05',shortdescription='Watch tutorial for why the dog ear effect happens while cutting a bob haircut.',
        director='NULL',producer='NULL',cast='NULL',crew='NULL',sub_genre='Hairstyles',
        language='English',pgrating='PG 13',video_status='active',custom_data=''
        where entryid='0_h2x7p8om'
24/07/2018 11:36:57 | SUCCESS | login-(Ados) | By-Ados_ott488 | 
24/07/2018 17:21:18 | SUCCESS | Updtate MetaData(0_im8gn09u) | By-Geetanjali_ott488 | update entry set name='Gelnails Extension',thumbnail='http://ott.planetcast.in/p/108/sp/10800/thumbnail/entry_id/0_im8gn09u/version/100002',longdescription='Watch this video to know about hard and soft gel nails top tips to look good and much more',
        duration='217',type='1',tag='gel, nails, idea, soft, hard, nail, polish, shades, miss, designs, sparkle, art, colors, beautiful, acrylic, beautv, indian, shringar, dollie, solanki, glamm',category='ON DEMAND>LIFESTYLE>HAIRSTYLES',categoryid='388',
        updated_at='2018-07-24 17:24:43',shortdescription='Watch this video to know about hard and soft gel nails top tips to look good and much more',
        director='NULL',producer='NULL',cast='NULL',crew='NULL',sub_genre='Beauty',
        language='English',pgrating='PG 13',video_status='active',custom_data=''
        where entryid='0_im8gn09u'
24/07/2018 17:49:35 | SUCCESS | Updtate MetaData(0_jkf3vhqg) | By-Geetanjali_ott488 | update entry set name='Stacked Bob Haircut',thumbnail='http://ott.planetcast.in/p/108/sp/10800/thumbnail/entry_id/0_jkf3vhqg/version/100002',longdescription='Watch the easiest method to cut a very trendy and stylish stacked bob hair with razor.',
        duration='598',type='1',tag='hair, cut, heavy, short, stylish, look, bang, tutorial, trendy, scissors, tips, right, way, straight, smooth, volume, different, easy, shoterside, longerside, tricks, cheek, bone, finger, angle, thick, sections, ironhair, razer, twisted, overdirect, tees, cutting, technique, stacked, bob, matt, beck, hs2018',category='ON DEMAND>LIFESTYLE>HAIRSTYLES',categoryid='388',
        updated_at='2018-07-24 17:53:00',shortdescription='Watch the easiest method to cut a very trendy and stylish stacked bob hair with razor.',
        director='NULL',producer='NULL',cast='NULL',crew='NULL',sub_genre='Hairstyles',
        language='English',pgrating='PG 13',video_status='active',custom_data=''
        where entryid='0_jkf3vhqg'
24/07/2018 17:54:14 | SUCCESS | Updtate MetaData(0_l60nn6qv) | By-Geetanjali_ott488 | update entry set name='Exercise - Footwork',thumbnail='http://ott.planetcast.in/p/108/sp/10800/thumbnail/entry_id/0_l60nn6qv/version/100002',longdescription='Jason Jhonson tutorial for basic exercise for footwork skiping and side suffel.',
        duration='46',type='1',tag='jason, jhonson, byond, fitness, expert, tips, exercises, basic, mount, climbers, 30, seconds, in, out, after, running, finomnal, body, arms, back, abs, workout, tutorial, muscle, footwork, foot, skips, side, suffels, karaoke, shuttle, run',category='ON DEMAND>LIFESTYLE>HEALTH',categoryid='389',
        updated_at='2018-07-24 17:57:39',shortdescription='Jason Jhonson tutorial for basic exercise for footwork skiping and side suffel.',
        director='NULL',producer='NULL',cast='NULL',crew='NULL',sub_genre='Fitness',
        language='English',pgrating='PG 13',video_status='active',custom_data=''
        where entryid='0_l60nn6qv'
