21/08/2018 04:16:52 | SUCCESS | login-(Geetanjali) | By-Geetanjali_ott488 | 
21/08/2018 09:49:39 | SUCCESS | Updtate MetaData(0_s9eztpc6) | By-Geetanjali_ott488 | update entry set name='Hyundai Unveils N Brand Philosophy ',thumbnail='http://ott.planetcast.in/p/108/sp/10800/thumbnail/entry_id/0_s9eztpc6/version/100012',longdescription='Hyundai Motor Company’s Thomas Schemera and Albert Biermann unveiled the ‘N’ brand philosophy and vision at the Nürburgring in Germany, highlighting the company’s goal to create high performance vehicles that adhere to high standards of excellence, while giving drivers vehicles that are as fun-to-drive as they are practical. Hyundai N’s name and reputation were established in global motorsports. Since its inception in 2015, N has performed at the highest level, racing with success in the FIA World Rally Championship, the Nürburgring’s VLN series, the TCR International Series, Pirelli World Challenge, and the grueling Nürburgring 24-hour endurance race. Hyundai’s competition-honed N vision and philosophy come to life in a systematically structured product portfolio of world-class consumer and competition vehicles including halo models built around high performance power trains and chassis that deliver outstanding vehicle dynamics.',
        duration='60',type='1',tag='hyundai, hyundai n, unveil, hyundai n brand, philosophy, vision, n brand, automototv, comfertable, speed, elegant, interior, exterior, class, wheels, features, automobile',category='ON DEMAND>AUTOMOBILE>FURY ROAD',categoryid='196',
        updated_at='2018-08-21 09:53:27',shortdescription='Hyundai Motor Company’s Thomas Schemera and Albert Biermann unveiled the ‘N’ brand philosophy and vision',
        director='',producer='',cast='',crew='',sub_genre='Sports Car',
        language='English',pgrating='',video_status='active',custom_data=''
        where entryid='0_s9eztpc6'
21/08/2018 04:43:07 | SUCCESS | login-(Adosphere) | By-Adosphere_ott488 | 
21/08/2018 05:49:22 | SUCCESS | login-(Adosphere) | By-Adosphere_ott488 | 
21/08/2018 07:17:28 | SUCCESS | login-(Adosphere) | By-Adosphere_ott488 | 
21/08/2018 08:09:42 | SUCCESS | login-(Adosphere) | By-Adosphere_ott488 | 
21/08/2018 09:34:31 | SUCCESS | login-(Adosphere) | By-Adosphere_ott488 | 
21/08/2018 15:18:55 | SUCCESS | Delete Video entry(0_ce41ucf0) | By-Geetanjali_ott488 | 
21/08/2018 15:19:40 | SUCCESS | Delete Video entry(0_qsy4fey6) | By-Geetanjali_ott488 | 
21/08/2018 15:21:11 | SUCCESS | Delete Video entry(0_pqrf1rl7) | By-Geetanjali_ott488 | 
21/08/2018 15:41:45 | SUCCESS | Delete Video entry(0_b8r2qg97) | By-Geetanjali_ott488 | 
21/08/2018 15:51:26 | SUCCESS | Delete Video entry(0_uteu14fi) | By-Geetanjali_ott488 | 
21/08/2018 15:51:57 | SUCCESS | Delete Video entry(0_zdx928v5) | By-Geetanjali_ott488 | 
21/08/2018 15:52:38 | SUCCESS | Delete Video entry(0_4kqs559d) | By-Geetanjali_ott488 | 
21/08/2018 15:54:15 | SUCCESS | Delete Video entry(0_da5z8s0k) | By-Geetanjali_ott488 | 
21/08/2018 15:56:45 | SUCCESS | Delete Video entry(0_n5ews5ie) | By-Geetanjali_ott488 | 
21/08/2018 15:59:29 | SUCCESS | Delete Video entry(0_4gm17vni) | By-Geetanjali_ott488 | 
21/08/2018 16:00:53 | SUCCESS | Delete Video entry(0_fp3z90uy) | By-Geetanjali_ott488 | 
21/08/2018 16:03:09 | SUCCESS | Delete Video entry(0_r5diuq7p) | By-Geetanjali_ott488 | 
21/08/2018 16:04:33 | SUCCESS | Delete Video entry(0_lh7nlrwa) | By-Geetanjali_ott488 | 
21/08/2018 16:06:57 | SUCCESS | Delete Video entry(0_mgf6m321) | By-Geetanjali_ott488 | 
21/08/2018 17:15:44 | SUCCESS | Delete Video entry(0_2b130bl3) | By-Geetanjali_ott488 | 
