28/06/2018 04:29:21 | SUCCESS | login-(Geetanjali) | By-Geetanjali_ott488 | 
28/06/2018 04:48:24 | SUCCESS | login-(Adosphere) | By-Adosphere_ott488 | 
28/06/2018 04:54:45 | SUCCESS | login-(Adosphere) | By-Adosphere_ott488 | 
28/06/2018 10:37:41 | SUCCESS | Save Content Partner(0_xzlqn1ws,) | By-Adosphere_ott488 | 
28/06/2018 10:56:15 | SUCCESS | Save Content Partner(0_l5qsbalw,) | By-Geetanjali_ott488 | 
28/06/2018 10:57:48 | SUCCESS | Save Content Partner(0_ns3fwsft,) | By-Geetanjali_ott488 | 
28/06/2018 10:58:13 | SUCCESS | Save Content Partner(0_ccedku3u,) | By-Geetanjali_ott488 | 
28/06/2018 10:58:40 | SUCCESS | Save Content Partner(0_mqhzkjtb,) | By-Geetanjali_ott488 | 
28/06/2018 10:59:17 | SUCCESS | Save Content Partner(0_8vkci37b,) | By-Geetanjali_ott488 | 
28/06/2018 10:59:36 | SUCCESS | Save Content Partner(0_s32u8h1r,) | By-Geetanjali_ott488 | 
28/06/2018 11:01:25 | SUCCESS | Save Content Partner(0_6n15siqe,) | By-Geetanjali_ott488 | 
28/06/2018 11:01:54 | SUCCESS | Save Content Partner(0_bm58s1xv,) | By-Geetanjali_ott488 | 
28/06/2018 11:02:37 | SUCCESS | Save Content Partner(0_3iq0a7yg,) | By-Geetanjali_ott488 | 
28/06/2018 11:03:03 | SUCCESS | Save Content Partner(0_22562pmh,) | By-Geetanjali_ott488 | 
28/06/2018 11:03:25 | SUCCESS | Save Content Partner(0_496m2we2,) | By-Geetanjali_ott488 | 
28/06/2018 11:03:52 | SUCCESS | Save Content Partner(0_0kxwlid8,) | By-Geetanjali_ott488 | 
28/06/2018 11:04:36 | SUCCESS | Save Content Partner(0_kjpcsq2t,) | By-Geetanjali_ott488 | 
28/06/2018 11:05:33 | SUCCESS | Save Content Partner(0_qjjskxgs,) | By-Geetanjali_ott488 | 
28/06/2018 11:06:08 | SUCCESS | Save Content Partner(0_fk8y0n51,) | By-Geetanjali_ott488 | 
28/06/2018 11:06:49 | SUCCESS | Save Content Partner(0_dxh5pm1d,) | By-Geetanjali_ott488 | 
28/06/2018 11:07:13 | SUCCESS | Save Content Partner(0_5e0hufhk,) | By-Geetanjali_ott488 | 
28/06/2018 11:07:35 | SUCCESS | Save Content Partner(0_kfwqxesv,) | By-Geetanjali_ott488 | 
28/06/2018 11:08:08 | SUCCESS | Save Content Partner(0_kkt42phy,) | By-Geetanjali_ott488 | 
28/06/2018 11:08:42 | SUCCESS | Save Content Partner(0_lvchswgr,) | By-Geetanjali_ott488 | 
28/06/2018 11:10:05 | SUCCESS | Save Content Partner(0_ery3fhc8,) | By-Geetanjali_ott488 | 
28/06/2018 11:10:36 | SUCCESS | Save Content Partner(0_gnih94d2,) | By-Geetanjali_ott488 | 
28/06/2018 11:11:00 | SUCCESS | Save Content Partner(0_cgnd5nbq,) | By-Geetanjali_ott488 | 
28/06/2018 11:11:18 | SUCCESS | Save Content Partner(0_349rdhty,) | By-Geetanjali_ott488 | 
28/06/2018 11:11:46 | SUCCESS | Save Content Partner(0_m9dqx58k,) | By-Geetanjali_ott488 | 
28/06/2018 11:12:09 | SUCCESS | Save Content Partner(0_xbtnvr6x,) | By-Geetanjali_ott488 | 
28/06/2018 11:12:55 | SUCCESS | Save Content Partner(0_qeex7dlv,) | By-Geetanjali_ott488 | 
28/06/2018 11:13:17 | SUCCESS | Save Content Partner(0_v4o4yike,) | By-Geetanjali_ott488 | 
28/06/2018 11:14:44 | SUCCESS | Save Content Partner(0_uemmz493,) | By-Geetanjali_ott488 | 
28/06/2018 11:15:10 | SUCCESS | Save Content Partner(0_0lj798do,) | By-Geetanjali_ott488 | 
28/06/2018 11:15:31 | SUCCESS | Save Content Partner(0_bq2wxl6l,) | By-Geetanjali_ott488 | 
28/06/2018 11:16:03 | SUCCESS | Save Content Partner(0_q2axxgjg,) | By-Geetanjali_ott488 | 
28/06/2018 11:17:07 | SUCCESS | Save Content Partner(0_ocu51bec,) | By-Geetanjali_ott488 | 
28/06/2018 11:17:22 | SUCCESS | Updtate MetaData(0_1zf2f2af) | By-Adosphere_ott488 | update entry set name='The hare and the tortoise',thumbnail='http://ott.planetcast.in/p/108/sp/10800/thumbnail/entry_id/0_1zf2f2af/version/100012',longdescription='Watch animated \'The Hare and Tortoise story\' which is most popular moral story for kids in Telugu',
        duration='300',type='1',tag='kids, channel, cartoon, children, story, moral, series, little, kid, learning, animation, junior, juniors, tales, telugu, bed, time, storytelling, sleeping, reciter, fairy, cartoons, tortoise, rabbit, race, win, hare, challenge, run, child, animal',category='ON DEMAND>KIDS>BEDTIME STORIES',categoryid='220',
        updated_at='2018-06-28 11:20:24',shortdescription='Watch animated \'The Hare and Tortoise story\' which is most popular moral story for kids in Telugu',
        director='',producer='',cast='',crew='',sub_genre='Juniors',
        language='Telugu',pgrating='G',video_status='active',puser_id='97',custom_data=''
        where entryid='0_1zf2f2af'
28/06/2018 11:18:36 | SUCCESS | Save Content Partner(0_qbm9j07x,) | By-Geetanjali_ott488 | 
28/06/2018 11:19:27 | SUCCESS | Save Content Partner(0_0kbtq54h,) | By-Geetanjali_ott488 | 
28/06/2018 11:20:01 | SUCCESS | Updtate MetaData(0_4f7459nh) | By-Adosphere_ott488 | update entry set name='The hare and the tortoise ',thumbnail='http://ott.planetcast.in/p/108/sp/10800/thumbnail/entry_id/0_4f7459nh/version/100012',longdescription='Watch \'The Hare and Tortoise\' animation story in Urdu language. This is the most popular moral story for kids.',
        duration='252',type='1',tag='kids, channel, cartoon, children, story, moral, series, little, kid, learning, animation, junior, juniors, tales, urdu, bed, time, storytelling, sleeping, reciter, fairy, cartoons, tortoise, rabbit, race, win, hare, challenge, run, child, animal',category='ON DEMAND>KIDS>BEDTIME STORIES',categoryid='220',
        updated_at='2018-06-28 11:23:04',shortdescription='Watch \'The Hare and Tortoise\' animation story in Urdu language.',
        director='',producer='',cast='',crew='',sub_genre='Juniors',
        language='Urdu',pgrating='G',video_status='active',puser_id='97',custom_data=''
        where entryid='0_4f7459nh'
28/06/2018 11:20:40 | SUCCESS | Save Content Partner(0_rurtt5fw,) | By-Geetanjali_ott488 | 
28/06/2018 11:22:11 | SUCCESS | Save Content Partner(0_apwk10hv,) | By-Geetanjali_ott488 | 
28/06/2018 11:23:18 | SUCCESS | Save Content Partner(0_s1rlqogr,) | By-Geetanjali_ott488 | 
28/06/2018 11:24:58 | SUCCESS | Save Content Partner(0_hwwfpfcu,) | By-Geetanjali_ott488 | 
28/06/2018 11:25:26 | SUCCESS | Save Content Partner(0_yyar11en,) | By-Geetanjali_ott488 | 
28/06/2018 11:26:02 | SUCCESS | Save Content Partner(0_kiy1ju7y,) | By-Geetanjali_ott488 | 
28/06/2018 06:09:44 | SUCCESS | login-(Adosphere) | By-Adosphere_ott488 | 
28/06/2018 12:22:34 | SUCCESS | Updtate MetaData(0_2nxoonao) | By-Adosphere_ott488 | update entry set name='Look at The Shallows The Beginning',thumbnail='http://ott.planetcast.in/p/108/sp/10800/thumbnail/entry_id/0_2nxoonao/version/100002',longdescription='Watch A look at \'The Shallows\' in The Beginning',
        duration='101',type='1',tag='movies, entertainment, hollywood, film, screenslam, actor, star, celebrity, hollywood movie, new release, hollywood new movie, 2016, look, behind, scene, the, shallows, beginning',category='ON DEMAND>CELEB GOSSIP>HUSH HUSH HOLLYWOOD',categoryid='238',
        updated_at='2018-06-28 12:25:36',shortdescription='Watch A look at \'The Shallows\' in The Beginning',
        director='NULL',producer='NULL',cast='NULL',crew='NULL',sub_genre='Featurette',
        language='English',pgrating='NULL',video_status='inactive',puser_id='',custom_data=''
        where entryid='0_2nxoonao'
28/06/2018 14:09:27 | SUCCESS | Save Content Partner(0_0xna0z2g,) | By-Geetanjali_ott488 | 
28/06/2018 08:40:41 | SUCCESS | login-(Ados) | By-Ados_ott488 | 
28/06/2018 14:10:46 | SUCCESS | Save Content Partner(0_6zau4lul,) | By-Geetanjali_ott488 | 
28/06/2018 14:13:03 | SUCCESS | Save Content Partner(0_pkp4mkfj,) | By-Geetanjali_ott488 | 
28/06/2018 14:13:32 | SUCCESS | Save Content Partner(0_km9w9cvf,) | By-Geetanjali_ott488 | 
28/06/2018 14:15:04 | SUCCESS | Save Content Partner(0_j4cirr4j,) | By-Geetanjali_ott488 | 
28/06/2018 14:16:05 | SUCCESS | Save Content Partner(0_couci9uj,) | By-Geetanjali_ott488 | 
28/06/2018 14:16:32 | SUCCESS | Save Content Partner(0_n6c49hvl,) | By-Geetanjali_ott488 | 
28/06/2018 14:17:20 | SUCCESS | Save Content Partner(0_4choz4cz,) | By-Geetanjali_ott488 | 
28/06/2018 14:20:24 | SUCCESS | Save Content Partner(0_16is9pw1,) | By-Geetanjali_ott488 | 
28/06/2018 14:21:13 | SUCCESS | Save Content Partner(0_k1dm310d,) | By-Geetanjali_ott488 | 
28/06/2018 14:31:14 | SUCCESS | Save Content Partner(0_93v81nqu,) | By-Geetanjali_ott488 | 
28/06/2018 14:34:37 | SUCCESS | Save Content Partner(0_v6aovl9m,) | By-Geetanjali_ott488 | 
28/06/2018 14:35:09 | SUCCESS | Save Content Partner(0_p936n5zp,) | By-Geetanjali_ott488 | 
28/06/2018 14:35:36 | SUCCESS | Save Content Partner(0_56q52o03,) | By-Geetanjali_ott488 | 
28/06/2018 14:36:44 | SUCCESS | Save Content Partner(0_t023pvyn,) | By-Geetanjali_ott488 | 
28/06/2018 14:37:04 | SUCCESS | Save Content Partner(0_p16jvgmp,) | By-Geetanjali_ott488 | 
28/06/2018 14:38:15 | SUCCESS | Save Content Partner(0_2vs1azgk,) | By-Geetanjali_ott488 | 
28/06/2018 14:39:04 | SUCCESS | Save Content Partner(0_ehrjq6kj,) | By-Geetanjali_ott488 | 
28/06/2018 14:39:36 | SUCCESS | Save Content Partner(0_2nxoonao,) | By-Geetanjali_ott488 | 
28/06/2018 14:40:24 | SUCCESS | Save Content Partner(0_ou9uoffy,) | By-Geetanjali_ott488 | 
28/06/2018 15:00:43 | SUCCESS | Save New video(0_zqtl3gcx) | By-Adosphere_ott488 | 
28/06/2018 15:08:09 | SUCCESS | Save New video(0_c5n1tt2l) | By-Adosphere_ott488 | 
28/06/2018 15:08:47 | SUCCESS | Updtate MetaData(0_zqtl3gcx) | By-Adosphere_ott488 | update entry set name='Andy and his Accordion (Tamil).mp4',thumbnail='http://ott.planetcast.in/p/108/sp/10800/thumbnail/entry_id/0_zqtl3gcx/version/100002',longdescription='Watch most popular fairy tale Andy and his Accordion in Tamil and enjoy singing with the video.',
        duration='262',type='1',tag='kids, kahaniya, cartoon, children, stories, story, moral, series, little, kid, learning, video, animation, animated, telling, listen, class, classes, album, zone, junior, diary, tales, tale, juniors, tamil, andy, accord, music, instrument, accordion',category='ON DEMAND>KIDS>BEDTIME STORIES',categoryid='220',
        updated_at='2018-06-28 15:11:50',shortdescription='Watch most popular fairy tale Andy and his Accordion in Tamil and enjoy singing with the video.',
        director='',producer='',cast='',crew='',sub_genre='Juniors',
        language='Tamil',pgrating='G',video_status='inactive',puser_id='97',custom_data=''
        where entryid='0_zqtl3gcx'
28/06/2018 15:08:58 | SUCCESS | Save Content Partner(0_zqtl3gcx,) | By-Adosphere_ott488 | 
28/06/2018 15:09:03 | SUCCESS | Save Content Viewer Rating(0_zqtl3gcx,G) | By-Adosphere_ott488 | 
28/06/2018 15:09:34 | SUCCESS | Save Thumbnail(0_zqtl3gcx) | By-Adosphere_ott488 | 
28/06/2018 15:09:56 | SUCCESS | Save Content Partner(0_gec6890g,) | By-Geetanjali_ott488 | 
28/06/2018 15:10:04 | SUCCESS | Updtate MetaData(0_c5n1tt2l) | By-Adosphere_ott488 | update entry set name='Eleves and the shoemaker (Telugu).mp4',thumbnail='http://ott.planetcast.in/p/108/sp/10800/thumbnail/entry_id/0_c5n1tt2l/version/100002',longdescription='Watch the old traditional fairy tale Eleves and the Shoemaker in Telugu. The cobbler make good tidy shoes and when he sleep the pair gets double. One day cobbler saw two tiny people who make shoes and keep on the counter. And to know more about the tale watch the video.',
        duration='355',type='1',tag='kids, cartoon, children, story, moral, series, little, learning, animation, junior, zone, diary, tales, bedtime, storytelling, telugu, eleves, shoemaker, old, traditional, good, tidy, sleep, pair, double, two, tiny, people, shoes, cobbler',category='ON DEMAND>KIDS>BEDTIME STORIES',categoryid='220',
        updated_at='2018-06-28 15:13:06',shortdescription='Watch the old traditional fairy tale Eleves and the Shoemaker in Telugu.',
        director='',producer='',cast='',crew='',sub_genre='Juniors',
        language='Telugu',pgrating='G',video_status='inactive',puser_id='97',custom_data=''
        where entryid='0_c5n1tt2l'
28/06/2018 15:10:13 | SUCCESS | Updtate MetaData(0_zqtl3gcx) | By-Adosphere_ott488 | update entry set name='Andy and his Accordion',thumbnail='http://ott.planetcast.in/p/108/sp/10800/thumbnail/entry_id/0_zqtl3gcx/version/100012',longdescription='Watch most popular fairy tale Andy and his Accordion in Tamil and enjoy singing with the video.',
        duration='262',type='1',tag='kids, kahaniya, cartoon, children, stories, story, moral, series, little, kid, learning, video, animation, animated, telling, listen, class, classes, album, zone, junior, diary, tales, tale, juniors, tamil, andy, accord, music, instrument, accordion',category='ON DEMAND>KIDS>BEDTIME STORIES',categoryid='220',
        updated_at='2018-06-28 15:13:15',shortdescription='Watch most popular fairy tale Andy and his Accordion in Tamil and enjoy singing with the video.',
        director='',producer='',cast='',crew='',sub_genre='Juniors',
        language='Tamil',pgrating='G',video_status='inactive',puser_id='97',custom_data=''
        where entryid='0_zqtl3gcx'
28/06/2018 15:10:29 | SUCCESS | Save Content Partner(0_s13pseaf,) | By-Geetanjali_ott488 | 
28/06/2018 15:10:46 | SUCCESS | Save Content Partner(0_c5n1tt2l,) | By-Adosphere_ott488 | 
28/06/2018 15:10:50 | SUCCESS | Save Content Viewer Rating(0_c5n1tt2l,G) | By-Adosphere_ott488 | 
28/06/2018 15:10:58 | SUCCESS | Save Content Partner(0_yhj9c7gz,) | By-Geetanjali_ott488 | 
28/06/2018 15:11:05 | SUCCESS | Updtate MetaData(0_c5n1tt2l) | By-Adosphere_ott488 | update entry set name='Eleves and the shoemaker',thumbnail='http://ott.planetcast.in/p/108/sp/10800/thumbnail/entry_id/0_c5n1tt2l/version/100012',longdescription='Watch the old traditional fairy tale Eleves and the Shoemaker in Telugu. The cobbler make good tidy shoes and when he sleep the pair gets double. One day cobbler saw two tiny people who make shoes and keep on the counter. And to know more about the tale watch the video.',
        duration='355',type='1',tag='kids, cartoon, children, story, moral, series, little, learning, animation, junior, zone, diary, tales, bedtime, storytelling, telugu, eleves, shoemaker, old, traditional, good, tidy, sleep, pair, double, two, tiny, people, shoes, cobbler',category='ON DEMAND>KIDS>BEDTIME STORIES',categoryid='220',
        updated_at='2018-06-28 15:14:08',shortdescription='Watch the old traditional fairy tale Eleves and the Shoemaker in Telugu.',
        director='',producer='',cast='',crew='',sub_genre='Juniors',
        language='Telugu',pgrating='G',video_status='inactive',puser_id='97',custom_data=''
        where entryid='0_c5n1tt2l'
28/06/2018 15:11:16 | SUCCESS | Save Content Partner(0_gxv39pc8,) | By-Geetanjali_ott488 | 
28/06/2018 15:11:55 | SUCCESS | Save Content Partner(0_6837xlmm,) | By-Geetanjali_ott488 | 
28/06/2018 15:14:19 | SUCCESS | Save Content Partner(0_0fyagn5e,) | By-Geetanjali_ott488 | 
28/06/2018 15:15:28 | SUCCESS | Save Content Partner(0_e6we8w08,) | By-Geetanjali_ott488 | 
28/06/2018 15:16:07 | SUCCESS | Save Content Partner(0_tnbg85u6,) | By-Geetanjali_ott488 | 
28/06/2018 15:16:30 | SUCCESS | Save Content Partner(0_tka9ugq6,) | By-Geetanjali_ott488 | 
28/06/2018 15:17:02 | SUCCESS | Save Content Partner(0_2ztyrvu0,) | By-Geetanjali_ott488 | 
28/06/2018 15:17:20 | SUCCESS | Save Content Partner(0_xu2lthns,) | By-Geetanjali_ott488 | 
28/06/2018 15:17:48 | SUCCESS | Save Content Partner(0_68m3jopk,) | By-Geetanjali_ott488 | 
28/06/2018 15:18:24 | SUCCESS | Save Content Partner(0_05apfimt,) | By-Geetanjali_ott488 | 
28/06/2018 15:18:39 | SUCCESS | Save Content Partner(0_hfnjpt04,) | By-Geetanjali_ott488 | 
28/06/2018 15:19:07 | SUCCESS | Save Content Partner(0_k07icvvl,) | By-Geetanjali_ott488 | 
28/06/2018 15:19:43 | SUCCESS | Save Content Partner(0_ou8i9pfd,) | By-Geetanjali_ott488 | 
28/06/2018 15:21:21 | SUCCESS | Save Content Partner(0_gx2lb3yj,) | By-Geetanjali_ott488 | 
28/06/2018 15:21:46 | SUCCESS | Save Content Partner(0_udn74o4r,) | By-Geetanjali_ott488 | 
28/06/2018 15:22:16 | SUCCESS | Save Content Partner(0_009oifej,) | By-Geetanjali_ott488 | 
28/06/2018 15:22:33 | SUCCESS | Save Content Partner(0_e9rp4hde,) | By-Geetanjali_ott488 | 
28/06/2018 15:22:53 | SUCCESS | Save Content Partner(0_ig2tefxm,) | By-Geetanjali_ott488 | 
28/06/2018 15:23:51 | SUCCESS | Save Content Partner(0_tt2qwyn3,) | By-Geetanjali_ott488 | 
28/06/2018 15:24:21 | SUCCESS | Save Content Partner(0_x4owqejt,) | By-Geetanjali_ott488 | 
28/06/2018 15:24:57 | SUCCESS | Save Content Partner(0_34rmlekl,) | By-Geetanjali_ott488 | 
28/06/2018 15:25:50 | SUCCESS | Save Content Partner(0_5wgx60dq,) | By-Geetanjali_ott488 | 
28/06/2018 09:57:59 | SUCCESS | login-(Adosphere) | By-Adosphere_ott488 | 
28/06/2018 15:30:25 | SUCCESS | Updtate MetaData(0_fivevxd5) | By-Adosphere_ott488 | update entry set name='Splitting Hairs Olaplex at Home',thumbnail='http://ott.planetcast.in/p/108/sp/10800/thumbnail/entry_id/0_fivevxd5/version/100012',longdescription='Watch this video to know about celebrity hair-dress,discussion of salon tips and teacher education and more',
        duration='1335',type='1',tag='hairdressers, splitting, hair, first, salon, style, tips, hairdress, changes, goodlooking, firstpic, nicky, publish, ready, up, home, podcast, film, show, news, q&a, prodcast, live, discussion, education, hairs, hairstyle, hairstyles',category='ON DEMAND>LIFESTYLE>HAIRSTYLES',categoryid='388',
        updated_at='2018-06-28 15:33:28',shortdescription='Watch this video to know about celebrity hair-dress,discussion of salon tips and teacher education and more',
        director='',producer='',cast='',crew='',sub_genre='Hairstyles',
        language='English',pgrating='PG13',video_status='inactive',puser_id='97',custom_data=''
        where entryid='0_fivevxd5'
