05/01/2019 04:15:05 | SUCCESS | login-(Geetanjali) | By-Geetanjali_ott488 | 
05/01/2019 04:29:44 | SUCCESS | login-(Adosphere) | By-Adosphere_ott488 | 
05/01/2019 10:08:53 | SUCCESS | Save Thumbnail(0_okbb06b4) | By-Geetanjali_ott488 | 
05/01/2019 10:09:55 | SUCCESS | Save Thumbnail(0_h1e7pby2) | By-Geetanjali_ott488 | 
05/01/2019 10:10:03 | SUCCESS | Save Thumbnail(0_h1e7pby2) | By-Geetanjali_ott488 | 
05/01/2019 10:14:39 | SUCCESS | Save Thumbnail(0_516wfsbb) | By-Geetanjali_ott488 | 
05/01/2019 10:15:43 | SUCCESS | Save Thumbnail(0_3w84jyr2) | By-Geetanjali_ott488 | 
05/01/2019 10:16:23 | SUCCESS | Save Thumbnail(0_95j6o1q7) | By-Geetanjali_ott488 | 
05/01/2019 10:20:58 | SUCCESS | Save Thumbnail(0_jf47iqve) | By-Geetanjali_ott488 | 
05/01/2019 10:21:56 | SUCCESS | Save Thumbnail(0_sgysuf4b) | By-Geetanjali_ott488 | 
05/01/2019 10:22:40 | SUCCESS | Save Thumbnail(0_qh13g10g) | By-Geetanjali_ott488 | 
05/01/2019 10:23:25 | SUCCESS | Save Thumbnail(0_sgzrwmea) | By-Geetanjali_ott488 | 
05/01/2019 10:24:08 | SUCCESS | Save Thumbnail(0_i8u7hh1p) | By-Geetanjali_ott488 | 
05/01/2019 10:28:02 | SUCCESS | Save Thumbnail(0_h753rr0x) | By-Geetanjali_ott488 | 
05/01/2019 10:31:20 | SUCCESS | Save Thumbnail(0_chvse9sh) | By-Geetanjali_ott488 | 
05/01/2019 10:33:59 | SUCCESS | Updtate MetaData(0_m1e6vvtv) | By-Geetanjali_ott488 | update entry set name='Geneva 2018 Car Premieres - Mercedes-Benz Classe A',thumbnail='http://ott.planetcast.in/p/108/sp/10800/thumbnail/entry_id/0_m1e6vvtv/version/100012',longdescription='The all-new Mercedes A-class hatchback has been revealed and everything has changed; it has a new front design, a new interior and engines. Mercedes’ new entrylevel A-class hatchback is based on an updated MFA (modular front architecture) platform, get a hybrid option and come with autonomous technology. A-class comes with 3 new engines: 1.4-litre turbo petrol (161hp), a revised 1.5-litre diesel (114hp) and a 2.0-litre turbo petrol (221hp). The 7-speed dual-clutch or a 6-speed manual, which arrives later in the year, is capable of 8sec in 0-100km/h. It will be 10mm longer than its predecessor and adopt a new body structure, which significantly improves rigidity and driving experience. The infotainment screen is a user-friendly interface, swiping and scrolling are very easy. The instrument cluster will show Assistance, Journey or Navigation information. The new A-class is also feature a more intelligent voice control system.',
        duration='85',type='1',tag='mercedes-benz, mercedes-benz a-class, a-class, mercedes-benz classe a, geneva motor show, 2018, geneva, motor show, geneva motor show 2018, auto show, geneva international motor show, automototv, car premieres, drift, interviews, know, more, fast, speed, wheels, drive, driver, challange, automobile, road, roads, motor',category='ON DEMAND>AUTOMOBILE>DRIFT',categoryid='195',
        updated_at='2019-01-05 10:39:39',shortdescription='The all-new Mercedes A-class hatchback has been revealed and everything has changed; it has a new front design, a new interior and engines. ',
        director='',producer='',cast='',crew='',sub_genre='Car Premier',
        language='English',pgrating='',video_status='active',custom_data=''
        where entryid='0_m1e6vvtv'
05/01/2019 10:34:47 | SUCCESS | Save Thumbnail(0_lqzuespf) | By-Geetanjali_ott488 | 
05/01/2019 10:37:05 | SUCCESS | Save Thumbnail(0_4qmfy34z) | By-Geetanjali_ott488 | 
05/01/2019 10:45:50 | SUCCESS | Save Thumbnail(0_tpkkwsa6) | By-Geetanjali_ott488 | 
05/01/2019 10:46:43 | SUCCESS | Save Thumbnail(0_kg53f73q) | By-Geetanjali_ott488 | 
05/01/2019 10:47:25 | SUCCESS | Save Thumbnail(0_c9m61qfk) | By-Geetanjali_ott488 | 
05/01/2019 10:48:10 | SUCCESS | Save Thumbnail(0_0lqan9tp) | By-Geetanjali_ott488 | 
05/01/2019 10:48:53 | SUCCESS | Save Thumbnail(0_xrc5r89b) | By-Geetanjali_ott488 | 
05/01/2019 10:49:43 | SUCCESS | Save Thumbnail(0_trpwsbvu) | By-Geetanjali_ott488 | 
05/01/2019 10:50:21 | SUCCESS | Save Thumbnail(0_xaq114gt) | By-Geetanjali_ott488 | 
05/01/2019 10:51:04 | SUCCESS | Save Thumbnail(0_y3ler5pz) | By-Geetanjali_ott488 | 
05/01/2019 10:51:50 | SUCCESS | Save Thumbnail(0_27nrby3w) | By-Geetanjali_ott488 | 
05/01/2019 10:52:34 | SUCCESS | Save Thumbnail(0_g56ayq21) | By-Geetanjali_ott488 | 
05/01/2019 10:53:15 | SUCCESS | Save Thumbnail(0_mz3zp0bc) | By-Geetanjali_ott488 | 
05/01/2019 10:53:47 | SUCCESS | Save Thumbnail(0_sw2py8nb) | By-Geetanjali_ott488 | 
05/01/2019 10:54:32 | SUCCESS | Save Thumbnail(0_wppsevw6) | By-Geetanjali_ott488 | 
05/01/2019 10:55:01 | SUCCESS | Save Thumbnail(0_txvbh7x8) | By-Geetanjali_ott488 | 
05/01/2019 10:55:26 | SUCCESS | Save Thumbnail(0_al66b2jb) | By-Geetanjali_ott488 | 
05/01/2019 10:55:52 | SUCCESS | Save Thumbnail(0_hgyp2j9c) | By-Geetanjali_ott488 | 
05/01/2019 10:56:39 | SUCCESS | Save Thumbnail(0_ke66k3z0) | By-Geetanjali_ott488 | 
05/01/2019 10:57:04 | SUCCESS | Save Thumbnail(0_eh67ko6e) | By-Geetanjali_ott488 | 
05/01/2019 10:57:31 | SUCCESS | Save Thumbnail(0_a57d34sh) | By-Geetanjali_ott488 | 
05/01/2019 10:57:56 | SUCCESS | Save Thumbnail(0_vqsx1bzx) | By-Geetanjali_ott488 | 
05/01/2019 10:58:20 | SUCCESS | Save Thumbnail(0_osmja6ib) | By-Geetanjali_ott488 | 
05/01/2019 11:06:40 | SUCCESS | Delete Video entry(0_erpua5qc) | By-Geetanjali_ott488 | 
05/01/2019 11:06:41 | SUCCESS | Delete Video entry(0_bzghagtl) | By-Geetanjali_ott488 | 
05/01/2019 11:11:29 | SUCCESS | Delete Video entry(0_a4nfxb7b) | By-Geetanjali_ott488 | 
05/01/2019 11:13:03 | SUCCESS | Delete Video entry(0_6zjb3s1s) | By-Geetanjali_ott488 | 
05/01/2019 11:14:53 | SUCCESS | Save Thumbnail(0_lrb5ebtc) | By-Geetanjali_ott488 | 
05/01/2019 05:51:13 | SUCCESS | login-(Adosphere) | By-Adosphere_ott488 | 
05/01/2019 11:29:13 | SUCCESS | Save Thumbnail(0_8pyzkmxf) | By-Geetanjali_ott488 | 
05/01/2019 11:32:56 | SUCCESS | Delete Video entry(0_8pyzkmxf) | By-Geetanjali_ott488 | 
05/01/2019 12:25:33 | SUCCESS | Delete Video entry(0_uvu20g1q) | By-Geetanjali_ott488 | 
05/01/2019 14:10:25 | SUCCESS | Save Thumbnail(0_o2bust4l) | By-Geetanjali_ott488 | 
05/01/2019 14:10:53 | SUCCESS | Save Thumbnail(0_2xo6wjq1) | By-Geetanjali_ott488 | 
05/01/2019 14:11:27 | SUCCESS | Save Thumbnail(0_2fvi4h34) | By-Geetanjali_ott488 | 
05/01/2019 14:11:59 | SUCCESS | Save Thumbnail(0_tqxjh52m) | By-Geetanjali_ott488 | 
05/01/2019 14:14:02 | SUCCESS | Save Thumbnail(0_ajtzwt1k) | By-Geetanjali_ott488 | 
05/01/2019 14:14:44 | SUCCESS | Save Thumbnail(0_gkmf9n7d) | By-Geetanjali_ott488 | 
05/01/2019 14:19:29 | SUCCESS | Save Thumbnail(0_hi4d317y) | By-Geetanjali_ott488 | 
05/01/2019 14:20:26 | SUCCESS | Save Thumbnail(0_1ksz7fh6) | By-Geetanjali_ott488 | 
05/01/2019 14:22:12 | SUCCESS | Save Thumbnail(0_h2l197sr) | By-Geetanjali_ott488 | 
05/01/2019 14:23:39 | SUCCESS | Save Thumbnail(0_1liqbynm) | By-Geetanjali_ott488 | 
05/01/2019 14:24:17 | SUCCESS | Save Thumbnail(0_rln2ca20) | By-Geetanjali_ott488 | 
05/01/2019 14:25:03 | SUCCESS | Save Thumbnail(0_mdzsxo6j) | By-Geetanjali_ott488 | 
05/01/2019 14:25:35 | SUCCESS | Save Thumbnail(0_ro3uboua) | By-Geetanjali_ott488 | 
05/01/2019 14:28:20 | SUCCESS | Save Thumbnail(0_4ej83te1) | By-Geetanjali_ott488 | 
05/01/2019 14:29:53 | SUCCESS | Save Thumbnail(0_lx4fx8ji) | By-Geetanjali_ott488 | 
05/01/2019 14:30:41 | SUCCESS | Save Thumbnail(0_7mgjjidx) | By-Geetanjali_ott488 | 
05/01/2019 14:31:41 | SUCCESS | Save Thumbnail(0_yo1gajfv) | By-Geetanjali_ott488 | 
05/01/2019 14:32:14 | SUCCESS | Save Thumbnail(0_f05umjea) | By-Geetanjali_ott488 | 
05/01/2019 14:34:34 | SUCCESS | Save Thumbnail(0_hzuomm76) | By-Geetanjali_ott488 | 
05/01/2019 15:05:13 | SUCCESS | Save Thumbnail(0_a46816ul) | By-Geetanjali_ott488 | 
05/01/2019 15:05:45 | SUCCESS | Save Thumbnail(0_1sqopmjz) | By-Geetanjali_ott488 | 
05/01/2019 15:15:05 | SUCCESS | Save Thumbnail(0_b854rkqr) | By-Geetanjali_ott488 | 
05/01/2019 15:15:59 | SUCCESS | Save Thumbnail(0_i0bpy7e8) | By-Geetanjali_ott488 | 
05/01/2019 15:17:04 | SUCCESS | Save Thumbnail(0_ceuctc26) | By-Geetanjali_ott488 | 
05/01/2019 15:17:44 | SUCCESS | Save Thumbnail(0_dnecsnxc) | By-Geetanjali_ott488 | 
05/01/2019 15:18:40 | SUCCESS | Save Thumbnail(0_yin16tbq) | By-Geetanjali_ott488 | 
05/01/2019 15:19:21 | SUCCESS | Save Thumbnail(0_26kgp22n) | By-Geetanjali_ott488 | 
05/01/2019 15:24:20 | SUCCESS | Delete Video entry(0_7b0tocsh) | By-Geetanjali_ott488 | 
05/01/2019 15:27:03 | SUCCESS | Save Thumbnail(0_9dii6q30) | By-Geetanjali_ott488 | 
05/01/2019 15:28:37 | SUCCESS | Save Thumbnail(0_0qei21eu) | By-Geetanjali_ott488 | 
05/01/2019 15:30:00 | SUCCESS | Save Thumbnail(0_0ilmf27l) | By-Geetanjali_ott488 | 
05/01/2019 15:31:15 | SUCCESS | Save Thumbnail(0_xeku2hi3) | By-Geetanjali_ott488 | 
05/01/2019 15:50:57 | SUCCESS | Save Thumbnail(0_c08mkf4y) | By-Geetanjali_ott488 | 
05/01/2019 15:51:25 | SUCCESS | Save Thumbnail(0_gx801rik) | By-Geetanjali_ott488 | 
05/01/2019 15:52:33 | SUCCESS | Save Thumbnail(0_903byclo) | By-Geetanjali_ott488 | 
05/01/2019 15:53:25 | SUCCESS | Save Thumbnail(0_fngthdvd) | By-Geetanjali_ott488 | 
05/01/2019 15:54:03 | SUCCESS | Save Thumbnail(0_sizekf7g) | By-Geetanjali_ott488 | 
05/01/2019 15:54:51 | SUCCESS | Save Thumbnail(0_tnuvbvtm) | By-Geetanjali_ott488 | 
05/01/2019 15:55:27 | SUCCESS | Save Thumbnail(0_rj17lwif) | By-Geetanjali_ott488 | 
05/01/2019 15:56:52 | SUCCESS | Save Thumbnail(0_08icxxns) | By-Geetanjali_ott488 | 
05/01/2019 15:58:59 | SUCCESS | Save Thumbnail(0_zytw9at9) | By-Geetanjali_ott488 | 
05/01/2019 15:59:23 | SUCCESS | Save Thumbnail(0_ed2jigu8) | By-Geetanjali_ott488 | 
05/01/2019 16:00:39 | SUCCESS | Save Thumbnail(0_3b9actxf) | By-Geetanjali_ott488 | 
05/01/2019 16:01:14 | SUCCESS | Save Thumbnail(0_riw5wani) | By-Geetanjali_ott488 | 
