05/06/2018 04:22:02 | SUCCESS | login-(Geetanjali) | By-Geetanjali_ott488 | 
05/06/2018 04:31:52 | SUCCESS | login-(Adosphere) | By-Adosphere_ott488 | 
05/06/2018 10:12:18 | SUCCESS | Delete Video entry(0_f3h7ogok) | By-Adosphere_ott488 | 
05/06/2018 10:13:29 | SUCCESS | Delete Video entry(0_e1vp72lm) | By-Adosphere_ott488 | 
05/06/2018 10:13:49 | SUCCESS | Delete Video entry(0_dmhmmog3) | By-Adosphere_ott488 | 
05/06/2018 10:14:26 | SUCCESS | Delete Video entry(0_ceejl773) | By-Adosphere_ott488 | 
05/06/2018 10:14:43 | SUCCESS | Delete Video entry(0_c6gxruod) | By-Adosphere_ott488 | 
05/06/2018 10:14:56 | SUCCESS | Delete Video entry(0_c4eb2agb) | By-Adosphere_ott488 | 
05/06/2018 10:15:09 | SUCCESS | Delete Video entry(0_bj1q1le5) | By-Adosphere_ott488 | 
05/06/2018 10:16:18 | SUCCESS | Delete Video entry(0_9uzwkr3w) | By-Adosphere_ott488 | 
05/06/2018 04:48:07 | SUCCESS | login-(Adosphere) | By-Adosphere_ott488 | 
05/06/2018 10:19:05 | SUCCESS | Delete Video entry(0_7m81vx0h) | By-Adosphere_ott488 | 
05/06/2018 10:19:20 | SUCCESS | Delete Video entry(0_6u0f47la) | By-Adosphere_ott488 | 
05/06/2018 10:20:10 | SUCCESS | Delete Video entry(0_3a9vo4j3) | By-Adosphere_ott488 | 
05/06/2018 10:20:30 | SUCCESS | Delete Video entry(0_2sysrz9i) | By-Adosphere_ott488 | 
05/06/2018 10:22:04 | SUCCESS | Delete Video entry(0_u032ysln) | By-Adosphere_ott488 | 
05/06/2018 10:22:16 | SUCCESS | Delete Video entry(0_swo9769k) | By-Adosphere_ott488 | 
05/06/2018 10:22:26 | SUCCESS | Delete Video entry(0_k2kh9llt) | By-Adosphere_ott488 | 
05/06/2018 04:52:34 | SUCCESS | login-(Ravindra) | By-Ravindra_ott488 | 
05/06/2018 10:22:46 | SUCCESS | Delete Video entry(0_4i4dt1rk) | By-Adosphere_ott488 | 
05/06/2018 10:22:56 | SUCCESS | Delete Video entry(0_ou8oj3gp) | By-Adosphere_ott488 | 
05/06/2018 10:23:08 | SUCCESS | Delete Video entry(0_671e9kgd) | By-Adosphere_ott488 | 
05/06/2018 10:23:39 | SUCCESS | Delete Video entry(0_1v11qivs) | By-Adosphere_ott488 | 
05/06/2018 10:23:52 | SUCCESS | Delete Video entry(0_zxufl6av) | By-Adosphere_ott488 | 
05/06/2018 10:24:08 | SUCCESS | Delete Video entry(0_vrtvi9yv) | By-Adosphere_ott488 | 
05/06/2018 10:24:42 | SUCCESS | Delete Video entry(0_ukyv9cdr) | By-Adosphere_ott488 | 
05/06/2018 10:25:05 | SUCCESS | Delete Video entry(0_qw0ts31e) | By-Adosphere_ott488 | 
05/06/2018 10:25:16 | SUCCESS | Delete Video entry(0_qbgnyg5n) | By-Adosphere_ott488 | 
05/06/2018 10:25:35 | SUCCESS | Delete Video entry(0_0ql64oaf) | By-Adosphere_ott488 | 
05/06/2018 10:25:46 | SUCCESS | Delete Video entry(0_kyzwjpx5) | By-Adosphere_ott488 | 
05/06/2018 10:26:06 | SUCCESS | Delete Video entry(0_eo0v5sj6) | By-Adosphere_ott488 | 
05/06/2018 10:26:18 | SUCCESS | Delete Video entry(0_aafuc34x) | By-Adosphere_ott488 | 
05/06/2018 10:26:33 | SUCCESS | Delete Video entry(0_6kzldboa) | By-Adosphere_ott488 | 
05/06/2018 10:26:44 | SUCCESS | Delete Video entry(0_62tv00rc) | By-Adosphere_ott488 | 
05/06/2018 10:26:55 | SUCCESS | Delete Video entry(0_60f8nnsm) | By-Adosphere_ott488 | 
05/06/2018 10:27:24 | SUCCESS | Delete Video entry(0_z9e76j4h) | By-Adosphere_ott488 | 
05/06/2018 10:27:41 | SUCCESS | Delete Video entry(0_y0jdsvqu) | By-Adosphere_ott488 | 
05/06/2018 10:28:01 | SUCCESS | Delete Video entry(0_xkc5ra75) | By-Adosphere_ott488 | 
05/06/2018 10:28:13 | SUCCESS | Delete Video entry(0_wiz5ds1n) | By-Adosphere_ott488 | 
05/06/2018 10:28:57 | SUCCESS | Delete Video entry(0_ut9g8hmx) | By-Adosphere_ott488 | 
05/06/2018 10:29:07 | SUCCESS | Delete Video entry(0_kc1qe8qg) | By-Adosphere_ott488 | 
05/06/2018 10:29:19 | SUCCESS | Delete Video entry(0_jlex2m85) | By-Adosphere_ott488 | 
05/06/2018 10:35:12 | SUCCESS | Delete Video entry(0_icn23rw5) | By-Adosphere_ott488 | 
05/06/2018 10:35:27 | SUCCESS | Delete Video entry(0_hpff20ok) | By-Adosphere_ott488 | 
05/06/2018 10:35:38 | SUCCESS | Delete Video entry(0_h0x5f2hy) | By-Adosphere_ott488 | 
05/06/2018 10:35:49 | SUCCESS | Delete Video entry(0_gwnfsnxq) | By-Adosphere_ott488 | 
05/06/2018 10:36:02 | SUCCESS | Delete Video entry(0_gaywsoom) | By-Adosphere_ott488 | 
05/06/2018 10:36:16 | SUCCESS | Delete Video entry(0_g4d0gjbn) | By-Adosphere_ott488 | 
05/06/2018 10:36:31 | SUCCESS | Delete Video entry(0_fnshbwvn) | By-Adosphere_ott488 | 
05/06/2018 10:36:44 | SUCCESS | Delete Video entry(0_d7he0jr5) | By-Adosphere_ott488 | 
05/06/2018 10:37:39 | SUCCESS | Delete Video entry(0_bcs249og) | By-Adosphere_ott488 | 
05/06/2018 10:38:05 | SUCCESS | Delete Video entry(0_9ng5pty0) | By-Adosphere_ott488 | 
05/06/2018 10:38:18 | SUCCESS | Delete Video entry(0_9ii6z24c) | By-Adosphere_ott488 | 
05/06/2018 10:38:37 | SUCCESS | Delete Video entry(0_8rk32x6o) | By-Adosphere_ott488 | 
05/06/2018 10:38:53 | SUCCESS | Delete Video entry(0_6fdcnfl9) | By-Adosphere_ott488 | 
05/06/2018 10:39:03 | SUCCESS | Delete Video entry(0_5rzw7zya) | By-Adosphere_ott488 | 
05/06/2018 10:39:15 | SUCCESS | Delete Video entry(0_4pdgg6s7) | By-Adosphere_ott488 | 
05/06/2018 10:39:32 | SUCCESS | Delete Video entry(0_47rwmiz0) | By-Adosphere_ott488 | 
05/06/2018 10:39:47 | SUCCESS | Delete Video entry(0_3eho1cs0) | By-Adosphere_ott488 | 
05/06/2018 10:40:03 | SUCCESS | Delete Video entry(0_2o9o0vy9) | By-Adosphere_ott488 | 
05/06/2018 10:40:24 | SUCCESS | Delete Video entry(0_xjkat5je) | By-Adosphere_ott488 | 
05/06/2018 10:40:38 | SUCCESS | Delete Video entry(0_unutmnzm) | By-Adosphere_ott488 | 
05/06/2018 10:41:02 | SUCCESS | Delete Video entry(0_thh5ecbv) | By-Adosphere_ott488 | 
05/06/2018 10:41:19 | SUCCESS | Delete Video entry(0_szrrhogi) | By-Adosphere_ott488 | 
05/06/2018 10:41:33 | SUCCESS | Delete Video entry(0_onr0si0r) | By-Adosphere_ott488 | 
05/06/2018 10:41:44 | SUCCESS | Delete Video entry(0_nep41qiv) | By-Adosphere_ott488 | 
05/06/2018 10:42:03 | SUCCESS | Delete Video entry(0_jkguegys) | By-Adosphere_ott488 | 
05/06/2018 10:42:14 | SUCCESS | Delete Video entry(0_imincl1n) | By-Adosphere_ott488 | 
05/06/2018 10:42:27 | SUCCESS | Delete Video entry(0_e8gn6f24) | By-Adosphere_ott488 | 
05/06/2018 10:42:36 | SUCCESS | Delete Video entry(0_e43ja6v8) | By-Adosphere_ott488 | 
05/06/2018 10:42:46 | SUCCESS | Delete Video entry(0_clawee9u) | By-Adosphere_ott488 | 
05/06/2018 10:42:58 | SUCCESS | Delete Video entry(0_878py2a1) | By-Adosphere_ott488 | 
05/06/2018 10:43:10 | SUCCESS | Delete Video entry(0_7seouq75) | By-Adosphere_ott488 | 
05/06/2018 10:43:24 | SUCCESS | Delete Video entry(0_46r2vpw0) | By-Adosphere_ott488 | 
05/06/2018 10:43:37 | SUCCESS | Delete Video entry(0_0a8secdp) | By-Adosphere_ott488 | 
05/06/2018 10:43:53 | SUCCESS | Delete Video entry(0_0xvysoyj) | By-Adosphere_ott488 | 
05/06/2018 10:44:03 | SUCCESS | Delete Video entry(0_xab9rrqq) | By-Adosphere_ott488 | 
05/06/2018 10:47:18 | SUCCESS | update Slider Detail(,'') | By-Adosphere_ott488 | 
05/06/2018 10:47:25 | SUCCESS | Delete Video entry(0_z6j2dv8f) | By-Adosphere_ott488 | 
05/06/2018 10:53:54 | SUCCESS | Sync Category | By-Adosphere_ott488 | 
05/06/2018 05:27:41 | SUCCESS | login-(Adosphere) | By-Adosphere_ott488 | 
05/06/2018 10:59:08 | SUCCESS | Delete Video entry(0_5tubvcm8) | By-Adosphere_ott488 | 
05/06/2018 10:59:42 | SUCCESS | Delete Video entry(0_5oxv5cef) | By-Adosphere_ott488 | 
05/06/2018 10:59:43 | SUCCESS | Delete Video entry(0_pjwjgdgd) | By-Adosphere_ott488 | 
05/06/2018 10:59:44 | SUCCESS | Delete Video entry(0_8dulod0k) | By-Adosphere_ott488 | 
05/06/2018 10:59:45 | SUCCESS | Delete Video entry(0_ybdolbo6) | By-Adosphere_ott488 | 
05/06/2018 11:00:48 | SUCCESS | Delete Video entry(0_t3hg7ytt) | By-Adosphere_ott488 | 
05/06/2018 11:06:02 | SUCCESS | Delete Video entry(0_w8x2rjb6) | By-Adosphere_ott488 | 
05/06/2018 11:06:04 | SUCCESS | Delete Video entry(0_q862ybir) | By-Adosphere_ott488 | 
05/06/2018 11:06:05 | SUCCESS | Delete Video entry(0_wpxj645b) | By-Adosphere_ott488 | 
05/06/2018 11:06:06 | SUCCESS | Delete Video entry(0_zxtu3fbp) | By-Adosphere_ott488 | 
05/06/2018 11:06:08 | SUCCESS | Delete Video entry(0_cmzfgb1x) | By-Adosphere_ott488 | 
05/06/2018 11:06:10 | SUCCESS | Delete Video entry(0_raen7lby) | By-Adosphere_ott488 | 
05/06/2018 11:06:11 | SUCCESS | Delete Video entry(0_8ya266aw) | By-Adosphere_ott488 | 
05/06/2018 11:06:13 | SUCCESS | Delete Video entry(0_98qf5ayu) | By-Adosphere_ott488 | 
05/06/2018 11:06:14 | SUCCESS | Delete Video entry(0_omls5bjo) | By-Adosphere_ott488 | 
05/06/2018 11:06:16 | SUCCESS | Delete Video entry(0_dqqtl0lh) | By-Adosphere_ott488 | 
05/06/2018 11:06:17 | SUCCESS | Delete Video entry(0_a2r3racc) | By-Adosphere_ott488 | 
05/06/2018 11:06:19 | SUCCESS | Delete Video entry(0_6rycqk64) | By-Adosphere_ott488 | 
05/06/2018 11:06:20 | SUCCESS | Delete Video entry(0_34kmqi9v) | By-Adosphere_ott488 | 
05/06/2018 11:06:22 | SUCCESS | Delete Video entry(0_i18wdwkp) | By-Adosphere_ott488 | 
05/06/2018 11:06:23 | SUCCESS | Delete Video entry(0_r9y09szr) | By-Adosphere_ott488 | 
05/06/2018 11:06:25 | SUCCESS | Delete Video entry(0_rd0oa8gt) | By-Adosphere_ott488 | 
05/06/2018 11:06:26 | SUCCESS | Delete Video entry(0_5eteaijz) | By-Adosphere_ott488 | 
05/06/2018 11:06:28 | SUCCESS | Delete Video entry(0_dji5u3v6) | By-Adosphere_ott488 | 
05/06/2018 11:09:51 | SUCCESS | Updtate MetaData(0_if8zam66) | By-Adosphere_ott488 | update entry set name='Hickory Dickory Dock  Nursery Rhymes for children',thumbnail='http://ott.planetcast.in/p/108/sp/10800/thumbnail/entry_id/0_if8zam66/version/100002',longdescription='Watch Hickory Dickory Dock kids nursery rhyme with lyrics :-Hickory Dickory dock,The clock struck one,The mouse ran down,Hickory dickory dock.\r\nTR2018',
        duration='68',type='1',tag='kids, kahaniya, cartoon, children, series, little, kid, 4yr, 8yr, learning, video, animation, animated, telling, listen, class, classes, album, zone, junior, diary, tales, tale, juniors, hickory, dickory, dock, nursery, rhymes, for, poems, purple, turtle, tr2018',category='ON DEMAND>KIDS>NURSERY RHYMES',categoryid='221',
        updated_at='2018-06-05 11:12:34',shortdescription='Watch Hickory Dickory Dock kids nursery rhyme with lyrics :-Hickory Dickory dock,The clock struck one,The mouse ran down,Hickory dickory dock.',
        director='NULL',producer='NULL',cast='NULL',crew='NULL',sub_genre='Juniors',
        language='English',pgrating='U',video_status='active',puser_id='',custom_data=''
        where entryid='0_if8zam66'
05/06/2018 11:11:08 | SUCCESS | Updtate MetaData(0_if8zam66) | By-Adosphere_ott488 | update entry set name='Hickory Dickory Dock  Nursery Rhymes for children',thumbnail='http://ott.planetcast.in/p/108/sp/10800/thumbnail/entry_id/0_if8zam66/version/100002',longdescription='Watch Hickory Dickory Dock kids nursery rhyme with lyrics :-Hickory Dickory dock,The clock struck one,The mouse ran down,Hickory dickory dock.\r\nTR2018',
        duration='68',type='1',tag='kids, kahaniya, cartoon, children, series, little, kid, 4yr, 8yr, learning, video, animation, animated, telling, listen, class, classes, album, zone, junior, diary, tales, tale, juniors, hickory, dickory, dock, nursery, rhymes, for, poems, purple, turtle, tr2018',category='ON DEMAND>KIDS>NURSERY RHYMES',categoryid='221',
        updated_at='2018-06-05 11:13:51',shortdescription='Watch Hickory Dickory Dock kids nursery rhyme with lyrics :-Hickory Dickory dock,The clock struck one,The mouse ran down,Hickory dickory dock.',
        director='NULL',producer='NULL',cast='NULL',crew='NULL',sub_genre='Juniors',
        language='English',pgrating='U',video_status='active',puser_id='',custom_data=''
        where entryid='0_if8zam66'
05/06/2018 11:12:16 | SUCCESS | Delete Video entry(0_oeagfgh4) | By-Adosphere_ott488 | 
05/06/2018 11:12:17 | SUCCESS | Delete Video entry(0_lrb38u9o) | By-Adosphere_ott488 | 
05/06/2018 11:13:30 | SUCCESS | Updtate MetaData(0_qv9vji9d) | By-Adosphere_ott488 | update entry set name='Wise Old Owl in English',thumbnail='http://ott.planetcast.in/p/108/sp/10800/thumbnail/entry_id/0_qv9vji9d/version/100032',longdescription='Watch the nursery rhyme of Wise Old Owl and sing along with the video.',
        duration='70',type='1',tag='kids, cartoon, children, rhyming, series, little, kid, 4yr, 8yr, learning, video, animation, animated, telling, listen, class, classes, album, zone, junior, diary, tales, tale, juniors, wise, old, owl, englishrhyme, poems, purple, turtle, tr2018',category='ON DEMAND>KIDS>NURSERY RHYMES',categoryid='221',
        updated_at='2018-06-05 11:16:13',shortdescription='Watch the nursery rhyme of Wise Old Owl and sing along with the video.',
        director='',producer='',cast='',crew='',sub_genre='Juniors',
        language='English',pgrating='U',video_status='active',puser_id='Adosphere',custom_data=''
        where entryid='0_qv9vji9d'
05/06/2018 05:50:48 | SUCCESS | login-(Adosphere) | By-Adosphere_ott488 | 
05/06/2018 05:52:39 | SUCCESS | login-(Ados) | By-Ados_ott488 | 
05/06/2018 06:07:02 | SUCCESS | login-(Adosphere) | By-Adosphere_ott488 | 
05/06/2018 06:11:17 | SUCCESS | login-(Adosphere) | By-Adosphere_ott488 | 
05/06/2018 11:46:01 | SUCCESS | update Slider Detail(0_3iq0a7yg,'') | By-Adosphere_ott488 | 
05/06/2018 11:47:31 | SUCCESS | update HomeSettingTag Detail(TODDLER RHYMES) | By-Adosphere_ott488 | 
05/06/2018 11:47:58 | SUCCESS | update HomeSettingTag Detail(TODDLER RHYMES) | By-Adosphere_ott488 | 
05/06/2018 11:50:17 | SUCCESS | Updtate MetaData(0_qv9vji9d) | By-Adosphere_ott488 | update entry set name='Wise Old Owl in English',thumbnail='http://ott.planetcast.in/p/108/sp/10800/thumbnail/entry_id/0_qv9vji9d/version/100032',longdescription='Watch the nursery rhyme of Wise Old Owl and sing along with the video.',
        duration='70',type='1',tag='cartoon, children, rhyming, series, little, kid, 4yr, 8yr, learning, video, animation, animated, telling, listen, class, classes, album, zone, junior, diary, tales, tale, juniors, wise, old, owl, englishrhyme, poems, purple, turtle, tr2018',category='ON DEMAND>KIDS>NURSERY RHYMES',categoryid='221',
        updated_at='2018-06-05 11:53:00',shortdescription='Watch the nursery rhyme of Wise Old Owl and sing along with the video.',
        director='',producer='',cast='',crew='',sub_genre='Juniors',
        language='English',pgrating='U',video_status='active',puser_id='Adosphere',custom_data=''
        where entryid='0_qv9vji9d'
05/06/2018 11:51:09 | SUCCESS | Updtate MetaData(0_qv9vji9d) | By-Adosphere_ott488 | update entry set name='Wise Old Owl in English',thumbnail='http://ott.planetcast.in/p/108/sp/10800/thumbnail/entry_id/0_qv9vji9d/version/100032',longdescription='Watch the nursery rhyme of Wise Old Owl and sing along with the video.',
        duration='70',type='1',tag='cartoon, children, rhyming, series, little, kid, 4yr, 8yr, learning, video, animation, animated, telling, listen, class, classes, album, zone, junior, diary, tales, tale, juniors, wise, old, owl, englishrhyme, poems, purple, turtle, tr2018, kids',category='ON DEMAND>KIDS>NURSERY RHYMES',categoryid='221',
        updated_at='2018-06-05 11:53:52',shortdescription='Watch the nursery rhyme of Wise Old Owl and sing along with the video.',
        director='',producer='',cast='',crew='',sub_genre='Juniors',
        language='English',pgrating='U',video_status='active',puser_id='Adosphere',custom_data=''
        where entryid='0_qv9vji9d'
05/06/2018 11:51:37 | SUCCESS | Updtate MetaData(0_qv9vji9d) | By-Adosphere_ott488 | update entry set name='Wise Old Owl in English',thumbnail='http://ott.planetcast.in/p/108/sp/10800/thumbnail/entry_id/0_qv9vji9d/version/100032',longdescription='Watch the nursery rhyme of Wise Old Owl and sing along with the video.',
        duration='70',type='1',tag='cartoon, children, rhyming, series, little, kid, 4yr, 8yr, learning, video, animation, animated, telling, listen, class, classes, album, zone, junior, diary, tales, tale, juniors, wise, old, owl, englishrhyme, poems, purple, turtle, kids',category='ON DEMAND>KIDS>NURSERY RHYMES',categoryid='221',
        updated_at='2018-06-05 11:54:20',shortdescription='Watch the nursery rhyme of Wise Old Owl and sing along with the video.',
        director='',producer='',cast='',crew='',sub_genre='Juniors',
        language='English',pgrating='U',video_status='active',puser_id='Adosphere',custom_data=''
        where entryid='0_qv9vji9d'
05/06/2018 11:52:26 | SUCCESS | Updtate MetaData(0_if8zam66) | By-Adosphere_ott488 | update entry set name='Hickory Dickory Dock  Nursery Rhymes for children',thumbnail='http://ott.planetcast.in/p/108/sp/10800/thumbnail/entry_id/0_if8zam66/version/100002',longdescription='Watch Hickory Dickory Dock kids nursery rhyme with lyrics :-Hickory Dickory dock,The clock struck one,The mouse ran down,Hickory dickory dock.\r\nTR2018',
        duration='68',type='1',tag='kids, kahaniya, cartoon, children, series, little, kid, 4yr, 8yr, learning, video, animation, animated, telling, listen, class, classes, album, zone, junior, diary, tales, tale, juniors, hickory, dickory, dock, nursery, rhymes, for, poems, purple, turtle',category='ON DEMAND>KIDS>NURSERY RHYMES',categoryid='221',
        updated_at='2018-06-05 11:55:09',shortdescription='Watch Hickory Dickory Dock kids nursery rhyme with lyrics :-Hickory Dickory dock,The clock struck one,The mouse ran down,Hickory dickory dock.',
        director='NULL',producer='NULL',cast='NULL',crew='NULL',sub_genre='Juniors',
        language='English',pgrating='U',video_status='active',puser_id='',custom_data=''
        where entryid='0_if8zam66'
