14/06/2018 04:46:49 | SUCCESS | login-(Adosphere) | By-Adosphere_ott488 | 
14/06/2018 12:27:57 | SUCCESS | Save Content Partner(0_hd2lutb8,) | By-Adosphere_ott488 | 
14/06/2018 12:29:33 | SUCCESS | Save Content Partner(0_zkfw6l8s,) | By-Adosphere_ott488 | 
14/06/2018 12:29:56 | SUCCESS | Save Content Partner(0_wk9gqfjm,) | By-Adosphere_ott488 | 
14/06/2018 12:30:21 | SUCCESS | Save Content Partner(0_kuge6j1c,) | By-Adosphere_ott488 | 
14/06/2018 12:32:32 | SUCCESS | Save Content Partner(0_408nm3r1,) | By-Adosphere_ott488 | 
14/06/2018 12:35:03 | SUCCESS | Save Content Partner(0_vmborkch,) | By-Adosphere_ott488 | 
14/06/2018 12:35:35 | SUCCESS | Save Content Partner(0_akqm23ev,) | By-Adosphere_ott488 | 
14/06/2018 12:36:38 | SUCCESS | Save Content Partner(0_82idkfzy,) | By-Adosphere_ott488 | 
14/06/2018 12:37:33 | SUCCESS | Save Content Partner(0_xwzd130i,) | By-Adosphere_ott488 | 
14/06/2018 07:07:45 | SUCCESS | login-(Adosphere) | By-Adosphere_ott488 | 
14/06/2018 12:38:02 | SUCCESS | Save Content Partner(0_q8ypo7fd,) | By-Adosphere_ott488 | 
14/06/2018 12:38:25 | SUCCESS | Save Content Partner(0_5dbejczs,) | By-Adosphere_ott488 | 
14/06/2018 12:42:40 | SUCCESS | Save Content Partner(0_ume95029,) | By-Adosphere_ott488 | 
14/06/2018 12:43:11 | SUCCESS | Save Content Partner(0_w5kqazod,) | By-Adosphere_ott488 | 
14/06/2018 12:48:47 | SUCCESS | Save Content Partner(0_zjstno0f,) | By-Adosphere_ott488 | 
14/06/2018 12:49:32 | SUCCESS | Save Content Partner(0_oifdi2nz,) | By-Adosphere_ott488 | 
14/06/2018 12:50:00 | SUCCESS | Save Content Partner(0_1aiwc0pn,) | By-Adosphere_ott488 | 
14/06/2018 12:50:23 | SUCCESS | Save Content Partner(0_lsf7csjz,) | By-Adosphere_ott488 | 
14/06/2018 12:50:47 | SUCCESS | Save Content Partner(0_80qggyz1,) | By-Adosphere_ott488 | 
14/06/2018 12:53:53 | SUCCESS | Save Content Partner(0_4bw8fnmu,) | By-Adosphere_ott488 | 
14/06/2018 12:54:40 | SUCCESS | Save Content Partner(0_u3z3fhdk,) | By-Adosphere_ott488 | 
14/06/2018 12:55:00 | SUCCESS | Save Content Partner(0_i6jsk12n,) | By-Adosphere_ott488 | 
14/06/2018 15:41:35 | SUCCESS | Save Thumbnail(0_lcjl2i46) | By-Adosphere_ott488 | 
14/06/2018 10:13:54 | SUCCESS | login-(Adosphere) | By-Adosphere_ott488 | 
14/06/2018 17:01:43 | SUCCESS | Delete Video entry(0_804mfhwx) | By-Adosphere_ott488 | 
14/06/2018 11:43:13 | SUCCESS | login-(Adosphere) | By-Adosphere_ott488 | 
14/06/2018 17:18:13 | SUCCESS | Save Content Partner(0_6jo9h6r8,) | By-Adosphere_ott488 | 
14/06/2018 11:55:37 | SUCCESS | login-(Adosphere) | By-Adosphere_ott488 | 
