02/01/2019 04:10:41 | SUCCESS | login-(Ravindra) | By-Ravindra_ott488 | 
02/01/2019 04:23:45 | SUCCESS | login-(Geetanjali) | By-Geetanjali_ott488 | 
02/01/2019 10:13:35 | SUCCESS | Save Thumbnail(0_su6tsmnx) | By-Geetanjali_ott488 | 
02/01/2019 10:19:44 | SUCCESS | Save Thumbnail(0_57udf3m2) | By-Geetanjali_ott488 | 
02/01/2019 10:20:03 | SUCCESS | Save Thumbnail(0_2f8lsuqc) | By-Geetanjali_ott488 | 
02/01/2019 10:20:56 | SUCCESS | Save Thumbnail(0_5ct9izko) | By-Geetanjali_ott488 | 
02/01/2019 10:21:30 | SUCCESS | Save Thumbnail(0_ulutkb4g) | By-Geetanjali_ott488 | 
02/01/2019 10:22:37 | SUCCESS | Save Thumbnail(0_ekkc3qim) | By-Geetanjali_ott488 | 
02/01/2019 10:23:24 | SUCCESS | Save Thumbnail(0_88gbwoz5) | By-Geetanjali_ott488 | 
02/01/2019 10:24:05 | SUCCESS | Save Thumbnail(0_ovktd41d) | By-Geetanjali_ott488 | 
02/01/2019 10:24:49 | SUCCESS | Save Thumbnail(0_fouubndw) | By-Geetanjali_ott488 | 
02/01/2019 10:25:47 | SUCCESS | Save Thumbnail(0_34pxpnbp) | By-Geetanjali_ott488 | 
02/01/2019 10:27:05 | SUCCESS | Save Thumbnail(0_4nu310lt) | By-Geetanjali_ott488 | 
02/01/2019 10:27:51 | SUCCESS | Save Thumbnail(0_ipawzold) | By-Geetanjali_ott488 | 
02/01/2019 10:30:14 | SUCCESS | Save Thumbnail(0_d9krl7lk) | By-Geetanjali_ott488 | 
02/01/2019 11:08:37 | SUCCESS | Save Thumbnail(0_7kkwd7uy) | By-Geetanjali_ott488 | 
02/01/2019 11:13:02 | SUCCESS | Save Thumbnail(0_7lbymjs1) | By-Geetanjali_ott488 | 
02/01/2019 11:15:19 | SUCCESS | Save Thumbnail(0_xo1rbrmw) | By-Geetanjali_ott488 | 
02/01/2019 11:17:11 | SUCCESS | Save Thumbnail(0_rrm5o652) | By-Geetanjali_ott488 | 
02/01/2019 11:17:55 | SUCCESS | Save Thumbnail(0_tyckm507) | By-Geetanjali_ott488 | 
02/01/2019 11:18:23 | SUCCESS | Save Thumbnail(0_yw0edohz) | By-Geetanjali_ott488 | 
02/01/2019 11:19:21 | SUCCESS | Save Thumbnail(0_gqiibb5t) | By-Geetanjali_ott488 | 
02/01/2019 11:19:54 | SUCCESS | Updtate MetaData(0_gqiibb5t) | By-Geetanjali_ott488 | update entry set name='Mercedes-AMG CLS 53 4MATIC+ in Graphite grey Driving in the city',thumbnail='http://ott.planetcast.in/p/108/sp/10800/thumbnail/entry_id/0_gqiibb5t/version/100012',longdescription='The six-cylinder in-line engine is characterised by top-of-the-range performance and intelligent electrification. The EQ Boost starter-alternator combines a starter motor and alternator in a powerful electric motor and is fitted between the engine and transmission. This innovation as well as the intelligent charging via an electric auxiliary compressor and an exhaust gas turbocharger all have the same goal: to enhance the hallmark AMG performance and driving dynamics, while at the same time reducing fuel consumption and emissions. And this move has been a successful one: the CLS53 4MATIC+ accelerates from zero to 100 km/h in just 4.5 seconds, and with the Driver\'s package achieves a top speed of 270 km/h. The combined fuel consumption is 8.4 l/100 km, and the combined CO2 emissions 200 g/km. (see table detailing technical data for figures for E-Class 53-series models).',
        duration='86',type='1',tag='mercedes-amg, mercedes-amg cls, mercedes-amg cls 53, 4matic+, mercedes-amg cls 53 4matic+, graphite grey, grey, driving, city, automototv, motor, vehicle, automobile, road, track, trend, technology, travel, engine, system, modern, model, auto, moto, tv',category='ON DEMAND>AUTOMOBILE>LUXURY CARS',categoryid='206',
        updated_at='2019-01-02 11:25:32',shortdescription='The six-cylinder in-line engine is characterised by top-of-the-range performance and intelligent electrification. The EQ Boost starter-alternator combines a starter motor and alternator in a powerful electric motor and is fitted between the engine and transmission.',
        director='',producer='',cast='',crew='',sub_genre='Car Driving',
        language='',pgrating='G',video_status='inactive',custom_data=''
        where entryid='0_gqiibb5t'
02/01/2019 11:21:07 | SUCCESS | Save Thumbnail(0_q3bonwr0) | By-Geetanjali_ott488 | 
02/01/2019 11:24:15 | SUCCESS | Save Thumbnail(0_9hdms8mt) | By-Geetanjali_ott488 | 
02/01/2019 11:28:39 | SUCCESS | Updtate MetaData(0_h0rxo53n) | By-Geetanjali_ott488 | update entry set name='Mercedes-AMG CLS 53 4MATIC+ in Graphite grey Interior Design',thumbnail='http://ott.planetcast.in/p/108/sp/10800/thumbnail/entry_id/0_h0rxo53n/version/100012',longdescription='The interior of the new AMG models welcomes passengers with model-specific, exclusive appointments, luxurious materials and significantly extended options. On top of this there is the innovative control and display concept with bright, high-resolution displays optionally with 12.3-inch screen diagonal in each case. Visually, the two displays under one shared glass cover blend into a Widescreen Cockpit and as a central element consequently emphasise the horizontal orientation of the interior design. By way of instrument cluster, the optional Widescreen Cockpit contains a large display with virtual instruments in the direct field of vision of the driver, as well as a central display above the centre console. Because the cockpit is fully digital, the driver can choose the look from the three different display styles \"Classic\", \"Sporty\" and \"Progressive\" and also configure the information and views relevant to him/her at will. Via the AMG menu, it is possible to display the engine and transmission oil temperature, lateral and longitudinal acceleration, engine output and torque, boost (charge pressure), tyre temperatures and pressures as well as the current vehicle set-up.',
        duration='79',type='1',tag='mercedes-amg, mercedes-amg cls, mercedes-amg cls 53, 4matic+, mercedes-amg cls 53 4matic+, graphite grey, grey, interior, design, automototv, motor, vehicle, automobile, road, track, trend, technology, travel, engine, system, modern, model, auto, moto, tv',category='ON DEMAND>AUTOMOBILE>LUXURY CARS',categoryid='206',
        updated_at='2019-01-02 11:34:17',shortdescription='The interior of the new AMG models welcomes passengers with model-specific, exclusive appointments, luxurious materials and significantly extended options. On top of this there is the innovative control and display concept with bright, high-resolution displays.',
        director='',producer='',cast='',crew='',sub_genre='Car Design',
        language='',pgrating='G',video_status='active',custom_data=''
        where entryid='0_h0rxo53n'
02/01/2019 11:30:17 | SUCCESS | Updtate MetaData(0_ehnbnzok) | By-Geetanjali_ott488 | update entry set name='Mercedes-AMG GT 4-Door Coupe - Teaser',thumbnail='http://ott.planetcast.in/p/108/sp/10800/thumbnail/entry_id/0_ehnbnzok/version/100012',longdescription='The new, 4-door Mercedes-AMG sports car will soon celebrate its world premiere at the Geneva International Motor Show. With the new model, the performance and sports car and brand in Affalterbach is adding a 4-Door Coupe to the AMG GT family. The new Mercedes-AMG model has been conceived as an upmarket replacement for today’s CLS 63 and a rival to the Porsche Panamera. Sales for the production model are scheduled to begin in September 2018. The car will be launched with the same 604bhp twin-turbocharged 4.0-litre petrol V8, nine-speed automatic gearbox and fully variable four-wheel drive system as the latest E63 S 4Matic, upon which it is largely based. However, Mercedes officials have said there are also concrete plans for it to be sold with hybrid drivelines from 2019 onwards - suggesting the spotted harder version could arrive as part of that line-up.',
        duration='23',type='1',tag='mercedes-amg, mercedes-amg gt, mercedes-amg gt 4-door coupe, 4-door coupe, coupe, 4-door, teaser, automototv, motor, vehicle, automobile, road, track, trend, technology, travel, engine, system, modern, model, auto, moto, tv',category='ON DEMAND>AUTOMOBILE>LUXURY CARS',categoryid='206',
        updated_at='2019-01-02 11:35:55',shortdescription='The new, 4-door Mercedes-AMG sports car will soon celebrate its world premiere at the Geneva International Motor Show. With the new model, the performance and sports car and brand in Affalterbach is adding a 4-Door Coupe to the AMG GT family.',
        director='',producer='',cast='',crew='',sub_genre='Car Teaser',
        language='',pgrating='G',video_status='active',custom_data=''
        where entryid='0_ehnbnzok'
02/01/2019 11:30:59 | SUCCESS | Save Thumbnail(0_g10m20yx) | By-Geetanjali_ott488 | 
02/01/2019 11:33:55 | SUCCESS | Save Thumbnail(0_rb7gtmdh) | By-Geetanjali_ott488 | 
02/01/2019 11:34:31 | SUCCESS | Save Thumbnail(0_eo6gjffc) | By-Geetanjali_ott488 | 
02/01/2019 11:38:10 | SUCCESS | Save Thumbnail(0_7lh78c8z) | By-Geetanjali_ott488 | 
02/01/2019 11:38:47 | SUCCESS | Save Thumbnail(0_mfh0fkg2) | By-Geetanjali_ott488 | 
02/01/2019 11:43:18 | SUCCESS | Save Thumbnail(0_121tkfmb) | By-Geetanjali_ott488 | 
02/01/2019 11:45:57 | SUCCESS | Save Thumbnail(0_kwwrxakg) | By-Geetanjali_ott488 | 
02/01/2019 11:52:00 | SUCCESS | Save Thumbnail(0_3jpqacr9) | By-Geetanjali_ott488 | 
02/01/2019 11:52:37 | SUCCESS | Save Thumbnail(0_naxch49t) | By-Geetanjali_ott488 | 
02/01/2019 11:53:03 | SUCCESS | Save Thumbnail(0_1iajxncm) | By-Geetanjali_ott488 | 
02/01/2019 11:53:37 | SUCCESS | Save Thumbnail(0_bzsdjhlx) | By-Geetanjali_ott488 | 
02/01/2019 11:54:18 | SUCCESS | Save Thumbnail(0_b4efngxu) | By-Geetanjali_ott488 | 
02/01/2019 11:55:11 | SUCCESS | Save Thumbnail(0_iu232dyk) | By-Geetanjali_ott488 | 
02/01/2019 11:55:58 | SUCCESS | Save Thumbnail(0_s09wcrtd) | By-Geetanjali_ott488 | 
02/01/2019 11:57:42 | SUCCESS | Save Thumbnail(0_ensxjksr) | By-Geetanjali_ott488 | 
02/01/2019 12:01:52 | SUCCESS | Save Thumbnail(0_qji1plji) | By-Geetanjali_ott488 | 
02/01/2019 12:02:50 | SUCCESS | Save Thumbnail(0_2knbaxk1) | By-Geetanjali_ott488 | 
02/01/2019 12:04:36 | SUCCESS | Save Thumbnail(0_bdp86g0z) | By-Geetanjali_ott488 | 
02/01/2019 12:05:44 | SUCCESS | Save Thumbnail(0_npdiz52g) | By-Geetanjali_ott488 | 
02/01/2019 12:06:24 | SUCCESS | Save Thumbnail(0_s7gdipka) | By-Geetanjali_ott488 | 
02/01/2019 12:07:58 | SUCCESS | Save Thumbnail(0_ih9xciux) | By-Geetanjali_ott488 | 
02/01/2019 12:08:43 | SUCCESS | Save Thumbnail(0_k6dred8s) | By-Geetanjali_ott488 | 
02/01/2019 12:09:32 | SUCCESS | Save Thumbnail(0_98b9hxtb) | By-Geetanjali_ott488 | 
02/01/2019 12:16:15 | SUCCESS | Save Thumbnail(0_futz9d67) | By-Geetanjali_ott488 | 
02/01/2019 12:16:56 | SUCCESS | Save Thumbnail(0_wu6jfchs) | By-Geetanjali_ott488 | 
02/01/2019 06:48:15 | SUCCESS | login-(Adosphere) | By-Adosphere_ott488 | 
02/01/2019 12:18:21 | SUCCESS | Save Thumbnail(0_x6wuf79k) | By-Geetanjali_ott488 | 
02/01/2019 12:19:34 | SUCCESS | Save Thumbnail(0_98p91az0) | By-Geetanjali_ott488 | 
02/01/2019 12:20:44 | SUCCESS | Save Thumbnail(0_7gezo4io) | By-Geetanjali_ott488 | 
02/01/2019 12:21:31 | SUCCESS | Save Thumbnail(0_ptbl3gnn) | By-Geetanjali_ott488 | 
02/01/2019 12:22:36 | SUCCESS | Save Thumbnail(0_e4kj9mix) | By-Geetanjali_ott488 | 
02/01/2019 12:23:05 | SUCCESS | Save Thumbnail(0_b1x4lvok) | By-Geetanjali_ott488 | 
02/01/2019 12:23:40 | SUCCESS | Save Thumbnail(0_gz2ursdh) | By-Geetanjali_ott488 | 
02/01/2019 12:24:12 | SUCCESS | Save Thumbnail(0_pcobhliv) | By-Geetanjali_ott488 | 
02/01/2019 12:25:09 | SUCCESS | Save Thumbnail(0_gazdxs12) | By-Geetanjali_ott488 | 
02/01/2019 12:26:03 | SUCCESS | Save Thumbnail(0_tm0omkie) | By-Geetanjali_ott488 | 
02/01/2019 12:27:50 | SUCCESS | Save Thumbnail(0_h23eqcwu) | By-Geetanjali_ott488 | 
02/01/2019 12:28:20 | SUCCESS | Save Thumbnail(0_zrjc85to) | By-Geetanjali_ott488 | 
02/01/2019 12:29:14 | SUCCESS | Save Thumbnail(0_6lozxf22) | By-Geetanjali_ott488 | 
02/01/2019 12:30:15 | SUCCESS | Save Thumbnail(0_zrveezz4) | By-Geetanjali_ott488 | 
02/01/2019 12:42:17 | SUCCESS | Save Thumbnail(0_sinihi7h) | By-Geetanjali_ott488 | 
02/01/2019 12:44:54 | SUCCESS | Save Thumbnail(0_gzw644ms) | By-Geetanjali_ott488 | 
02/01/2019 12:46:50 | SUCCESS | Save Thumbnail(0_x6km271f) | By-Geetanjali_ott488 | 
02/01/2019 12:48:26 | SUCCESS | Save Thumbnail(0_m8aks7vh) | By-Geetanjali_ott488 | 
02/01/2019 12:51:01 | SUCCESS | Save Thumbnail(0_qwq643zd) | By-Geetanjali_ott488 | 
02/01/2019 12:57:56 | SUCCESS | Save Thumbnail(0_bi6yecse) | By-Geetanjali_ott488 | 
02/01/2019 12:58:53 | SUCCESS | Save Thumbnail(0_zxkl8tj4) | By-Geetanjali_ott488 | 
02/01/2019 14:01:46 | SUCCESS | Save Thumbnail(0_jupwnd4c) | By-Geetanjali_ott488 | 
02/01/2019 14:02:58 | SUCCESS | Save Thumbnail(0_qvby94sj) | By-Geetanjali_ott488 | 
02/01/2019 14:04:59 | SUCCESS | Save Thumbnail(0_58nlrkcm) | By-Geetanjali_ott488 | 
02/01/2019 14:05:50 | SUCCESS | Save Thumbnail(0_m4npemtg) | By-Geetanjali_ott488 | 
02/01/2019 14:06:22 | SUCCESS | Save Thumbnail(0_jcrc3qly) | By-Geetanjali_ott488 | 
02/01/2019 14:06:49 | SUCCESS | Save Thumbnail(0_o6yapfi0) | By-Geetanjali_ott488 | 
02/01/2019 14:07:17 | SUCCESS | Save Thumbnail(0_aboftww2) | By-Geetanjali_ott488 | 
02/01/2019 14:07:50 | SUCCESS | Save Thumbnail(0_yqy8m16q) | By-Geetanjali_ott488 | 
02/01/2019 14:08:17 | SUCCESS | Save Thumbnail(0_gt5rz0ll) | By-Geetanjali_ott488 | 
02/01/2019 14:11:00 | SUCCESS | Save Thumbnail(0_xr5lpxhw) | By-Geetanjali_ott488 | 
02/01/2019 14:11:30 | SUCCESS | Save Thumbnail(0_16pn6ffm) | By-Geetanjali_ott488 | 
02/01/2019 14:26:10 | SUCCESS | Save Thumbnail(0_7tigqvb5) | By-Geetanjali_ott488 | 
02/01/2019 14:26:42 | SUCCESS | Save Thumbnail(0_cbu1r3qw) | By-Geetanjali_ott488 | 
02/01/2019 14:30:49 | SUCCESS | Save Thumbnail(0_857qbb3x) | By-Geetanjali_ott488 | 
02/01/2019 14:31:35 | SUCCESS | Save Thumbnail(0_wi55wdj7) | By-Geetanjali_ott488 | 
02/01/2019 14:32:53 | SUCCESS | Save Thumbnail(0_najpk1pn) | By-Geetanjali_ott488 | 
02/01/2019 14:33:24 | SUCCESS | Save Thumbnail(0_gw7njmnv) | By-Geetanjali_ott488 | 
02/01/2019 14:33:58 | SUCCESS | Save Thumbnail(0_g43m5wdt) | By-Geetanjali_ott488 | 
02/01/2019 14:34:32 | SUCCESS | Save Thumbnail(0_y8in5vc0) | By-Geetanjali_ott488 | 
02/01/2019 14:35:01 | SUCCESS | Save Thumbnail(0_57rgaeid) | By-Geetanjali_ott488 | 
02/01/2019 14:35:28 | SUCCESS | Save Thumbnail(0_0bzx726r) | By-Geetanjali_ott488 | 
02/01/2019 14:35:58 | SUCCESS | Save Thumbnail(0_vqugn16f) | By-Geetanjali_ott488 | 
02/01/2019 14:36:29 | SUCCESS | Save Thumbnail(0_jvveddcb) | By-Geetanjali_ott488 | 
02/01/2019 14:37:00 | SUCCESS | Save Thumbnail(0_wenloo4d) | By-Geetanjali_ott488 | 
02/01/2019 14:37:54 | SUCCESS | Save Thumbnail(0_rc6hdrg5) | By-Geetanjali_ott488 | 
02/01/2019 14:38:55 | SUCCESS | Save Thumbnail(0_1nc234lz) | By-Geetanjali_ott488 | 
02/01/2019 14:40:05 | SUCCESS | Save Thumbnail(0_ucnom074) | By-Geetanjali_ott488 | 
02/01/2019 14:40:40 | SUCCESS | Save Thumbnail(0_8ln7t6wy) | By-Geetanjali_ott488 | 
02/01/2019 14:42:18 | SUCCESS | Save Thumbnail(0_8fmzu9zc) | By-Geetanjali_ott488 | 
02/01/2019 11:47:57 | SUCCESS | login-(Adosphere) | By-Adosphere_ott488 | 
