25/07/2018 04:17:55 | SUCCESS | login-(Adosphere) | By-Adosphere_ott488 | 
25/07/2018 04:41:47 | SUCCESS | login-(Geetanjali) | By-Geetanjali_ott488 | 
25/07/2018 10:12:49 | SUCCESS | Updtate MetaData(0_lzcd46wi) | By-Geetanjali_ott488 | update entry set name='Balayage Highlights',thumbnail='http://ott.planetcast.in/p/108/sp/10800/thumbnail/entry_id/0_lzcd46wi/version/100002',longdescription='Watch this video to know about hair colour panting technich which do you like most and more hair education',
        duration='614',type='1',tag='layered, long, hair, industry, reverse, cutting, modern, highlights, bleach, free, new, color, trend, variety, brush, round, square, curled, design, wavy, matt, beck, vlog, salon, education, technic, daily, use, naureal, different, sunsign',category='ON DEMAND>LIFESTYLE>HAIRSTYLES',categoryid='388',
        updated_at='2018-07-25 10:16:14',shortdescription='Watch this video to know about hair colour panting technich which do you like most and more hair education',
        director='NULL',producer='NULL',cast='NULL',crew='NULL',sub_genre='Hairstyles',
        language='English',pgrating='PG 13',video_status='active',custom_data=''
        where entryid='0_lzcd46wi'
25/07/2018 10:20:19 | SUCCESS | Updtate MetaData(0_nckd7fme) | By-Geetanjali_ott488 | update entry set name=' Short Curly Haircut',thumbnail='http://ott.planetcast.in/p/108/sp/10800/thumbnail/entry_id/0_nckd7fme/version/100002',longdescription='Watch this video to know the salon education,womens hair style and much more',
        duration='486',type='1',tag='curly, short, asymmetrical, haircut, tutorial, matt, beck, vlog, cut, clips, layer, latest, favourite, most, famous, ondemond, video, style, women, watch',category='ON DEMAND>LIFESTYLE>HAIRSTYLES',categoryid='388',
        updated_at='2018-07-25 10:23:45',shortdescription='Watch this video to know the salon education,womens hair style and much more',
        director='NULL',producer='NULL',cast='NULL',crew='NULL',sub_genre='Hairstyles',
        language='English',pgrating='PG 13',video_status='active',custom_data=''
        where entryid='0_nckd7fme'
25/07/2018 05:49:35 | SUCCESS | login-(Adosphere) | By-Adosphere_ott488 | 
25/07/2018 11:32:57 | SUCCESS | Updtate MetaData(0_sl63h4gd) | By-Geetanjali_ott488 | update entry set name='Men Haircut Tutorial ',thumbnail='http://ott.planetcast.in/p/108/sp/10800/thumbnail/entry_id/0_sl63h4gd/version/100002',longdescription='Watch this video to know free education of salon hairstyle,styling suggestions for mens curly hair,how to make yourself as good looking style and much more',
        duration='361',type='1',tag='matt, beck, vlog, casey, neistat, haircut, tutorial, disconnected, mens, color, salon, education, shop, facil, suggestions, curly, think, video, technic, cliper, professional, check, out, latest, hs2018',category='ON DEMAND>LIFESTYLE>HAIRSTYLES',categoryid='388',
        updated_at='2018-07-25 11:36:22',shortdescription='Watch this video to know free education of salon hairstyle,styling suggestions for mens curly hair,how to make yourself as good looking style and much more',
        director='NULL',producer='NULL',cast='NULL',crew='NULL',sub_genre='Hairstyles',
        language='English',pgrating='PG 13',video_status='active',custom_data=''
        where entryid='0_sl63h4gd'
25/07/2018 11:56:21 | SUCCESS | Updtate MetaData(0_wg1fjd8z) | By-Geetanjali_ott488 | update entry set name='Balayage Block Hair Color',thumbnail='http://ott.planetcast.in/p/108/sp/10800/thumbnail/entry_id/0_wg1fjd8z/version/100002',longdescription='Tutorial for long heavy natural hair color.',
        duration='258',type='1',tag='hair, color, dark, natural, look, entire, heavy, application, liner, ponitale, top, section, soft, smooth, volumed, blond, different, out, hairline, exposed, face, coloring, outer, portion, matt, beck, twisted, long, stylish, trendy',category='ON DEMAND>LIFESTYLE>HAIRSTYLES',categoryid='388',
        updated_at='2018-07-25 11:59:46',shortdescription='Tutorial for long heavy natural hair color.',
        director='NULL',producer='NULL',cast='NULL',crew='NULL',sub_genre='Hairstyles',
        language='English',pgrating='PG 13',video_status='active',custom_data=''
        where entryid='0_wg1fjd8z'
25/07/2018 07:14:01 | SUCCESS | login-(Adosphere) | By-Adosphere_ott488 | 
25/07/2018 12:45:09 | SUCCESS | Save Thumbnail(0_nqbve58m) | By-Adosphere_ott488 | 
25/07/2018 12:45:29 | SUCCESS | Save Thumbnail(0_nbhe9o9p) | By-Adosphere_ott488 | 
25/07/2018 12:45:50 | SUCCESS | Save Thumbnail(0_w23dj41j) | By-Adosphere_ott488 | 
25/07/2018 12:46:17 | SUCCESS | Save Thumbnail(0_sv09k0vj) | By-Adosphere_ott488 | 
25/07/2018 12:47:56 | SUCCESS | Updtate MetaData(0_82idkfzy) | By-Geetanjali_ott488 | update entry set name='Gadasari Atha Soga Sari Kodalu',thumbnail='http://ott.planetcast.in/p/108/sp/10800/thumbnail/entry_id/0_82idkfzy/version/100002',longdescription='Watch Gadasari Atha Soga Sari Kodalu Telugu movie starring Krishna,Sridevi.',
        duration='7905',type='1',tag='telugu, tollywood, comedy, south, indian, full, length, cinema, interesting, classic, drama, action, gadasari, atha, soga, sari, kodalu, sridevi, krishna',category='MOVIES>FULL MOVIES>TELUGU',categoryid='229',
        updated_at='2018-07-25 12:51:22',shortdescription='Watch Gadasari Atha Soga Sari Kodalu Telugu movie starring Krishna,Sridevi.',
        director='Katta Subba Rao',producer='',cast='Krishna,Rao Gopal Rao,Kanchana,Sridevi',crew='',sub_genre='Drama',
        language='Telugu',pgrating='',video_status='active',custom_data=''
        where entryid='0_82idkfzy'
25/07/2018 12:48:22 | SUCCESS | Updtate MetaData(0_akqm23ev) | By-Geetanjali_ott488 | update entry set name='Naxalite Durga ',thumbnail='http://ott.planetcast.in/p/108/sp/10800/thumbnail/entry_id/0_akqm23ev/version/100002',longdescription='Watch Naxalite Durga Telugu movie starring Sridevi, Shatrughan Sinha.',
        duration='7657',type='1',tag='telugu, tollywood, comedy, south, indian, full, length, cinema, interesting, classic, drama, action, naxalite, durga, sridevi, shatrughan',category='MOVIES>FULL MOVIES>TELUGU',categoryid='229',
        updated_at='2018-07-25 12:51:47',shortdescription='Watch Naxalite Durga Telugu movie starring Sridevi, Shatrughan.',
        director='Harmesh Malhotra',producer='K.Lakshmi',cast='Sridevi, Shatrughan Sinha, Pran, Kader Khan, Ranjith',crew='',sub_genre='Drama',
        language='Telugu',pgrating='',video_status='active',custom_data=''
        where entryid='0_akqm23ev'
25/07/2018 12:48:56 | SUCCESS | Updtate MetaData(0_lrvv8a06) | By-Geetanjali_ott488 | update entry set name='Adhipathi ',thumbnail='http://ott.planetcast.in/p/108/sp/10800/thumbnail/entry_id/0_lrvv8a06/version/100002',longdescription='The story of movie is about Yogi who turns into a enemy of Dharam Rao whose late father had framed him for his crime.Yogi\'s father also have an illegitimate daughter whose murder crime is framed on the name of Yogi. After all this disturbances, Yogi\'s lawyer friend Jagan steps in to support and prove him innocent.',
        duration='9099',type='1',tag='telugu, tollywood, comedy, full, length, 90s, cinema, interesting, classic, movie, zone, drama, action, mohan, babu, ravi, raja, pinisetty, paruchuri, ranjith, nagarjuna, akkineni, preeti, jhangiani, soundarya, koti, puvvu, lanadugu, padutunnadi, panchadra, adhipathi',category='MOVIES>FULL MOVIES>TELUGU',categoryid='229',
        updated_at='2018-07-25 12:52:21',shortdescription='The story of movie is about Yogi who turns into a enemy of Dharam Rao whose late father had framed him for his crime.Yogi\'s father also have an illegitimate daughter whose murder crime is framed on the name of Yogi. After all this disturbances, Yogi\'s lawyer friend Jagan steps in to support and prove him innocent.',
        director='Ravi Raja Pinisetty',producer='Mohan Babu.M',cast='Mohan Babu,Nagarjuna,Akkineni,Preeti Jhangiani,Soundarya',crew='',sub_genre='Drama',
        language='Telugu',pgrating='U',video_status='active',custom_data=''
        where entryid='0_lrvv8a06'
25/07/2018 12:49:27 | SUCCESS | Updtate MetaData(0_xwzd130i) | By-Geetanjali_ott488 | update entry set name='Kurra Chestalu',thumbnail='http://ott.planetcast.in/p/108/sp/10800/thumbnail/entry_id/0_xwzd130i/version/100002',longdescription='Watch Kurra Chestalu telugu movie which is directed by Rajachandra.',
        duration='8782',type='1',tag='full, length, movie, movies, romantic, latest, action, love, interesting, indian, bollywood, cinema, superstar, superhits, comedy, actor, actress, most, favorite, film, famous, best, regional, classic, suspense, tollywood, south, telugu, suman, vijayshanti, bhanuchander, raja, chandra',category='MOVIES>FULL MOVIES>TELUGU',categoryid='229',
        updated_at='2018-07-25 12:52:52',shortdescription='Watch Kurra Chestalu telugu movie which is directed by Rajachandra.',
        director='Raja Chandra',producer='Daggubaati Bhaskar Rao',cast='Suman,Viajay,Shanthi',crew='',sub_genre='Drama',
        language='Telugu',pgrating='',video_status='active',custom_data=''
        where entryid='0_xwzd130i'
25/07/2018 13:01:42 | SUCCESS | Updtate MetaData(0_v98h7o3i) | By-Geetanjali_ott488 | update entry set name='SAVE HUMAN - SHORTFILM',thumbnail='http://ott.planetcast.in/p/108/sp/10800/thumbnail/entry_id/0_v98h7o3i/version/100002',longdescription='Watch Save Human short film presented by Vengurla Pictures and directed by Adv. Mahendrakumar Padhye.',
        duration='135',type='1',tag='short, films, minute, movies, time, pass, videos, story, famous, social, emotional, movie, length, limits, cinema, interesting, latest, classic, bollywood, motivate, watch, language, regional, vengurla, pictures, presents, save, human, movietone',category='MOVIES>SHORT FILMS>HINDI',categoryid='223',
        updated_at='2018-07-25 13:05:08',shortdescription='Watch Save Human short film presented by Vengurla Pictures and directed by Adv. Mahendrakumar Padhye.',
        director='Adv. Mahendrakumar Padhye',producer='NULL',cast='NULL',crew='NULL',sub_genre='Social,Drama',
        language='Hindi',pgrating='NULL',video_status='active',custom_data=''
        where entryid='0_v98h7o3i'
25/07/2018 08:36:24 | SUCCESS | login-(Adosphere) | By-Adosphere_ott488 | 
25/07/2018 14:33:19 | SUCCESS | Updtate MetaData(0_3iq0a7yg) | By-Geetanjali_ott488 | update entry set name='Huge waterfall',thumbnail='http://ott.planetcast.in/p/108/sp/10800/thumbnail/entry_id/0_3iq0a7yg/version/100012',longdescription='Watch the most powerful  huge waterfall in Iceland i.e Dettifoss which runoff the color of water as greyish white.',
        duration='21',type='1',tag='underwater, waterfall, hugefall, natural reefs, nature life, water living, silent evolition, milky fall, nature, detti, foss, dettifoss, grey water, nature scene, site, calm view, world, beautiful fall, test',category='ON DEMAND>CELEB INTERVIEWS>HOLLY NEWS,ON DEMAND>CELEB GOSSIP>BEHIND THE SCENE',categoryid='236,239',
        updated_at='2018-07-25 14:36:44',shortdescription='Watch the most powerful  huge waterfall in Iceland i.e Dettifoss which runoff the color of water as greyish white.',
        director='',producer='',cast='',crew='',sub_genre='Nature',
        language='',pgrating='U',video_status='active',custom_data=''
        where entryid='0_3iq0a7yg'
25/07/2018 14:33:47 | SUCCESS | Updtate MetaData(0_496m2we2) | By-Geetanjali_ott488 | update entry set name='Ancient Holy Church',thumbnail='http://ott.planetcast.in/p/108/sp/10800/thumbnail/entry_id/0_496m2we2/version/100012',longdescription='Watch ancient holy ancient church.',
        duration='8',type='1',tag='ancient, places, heritage, holy, preist, jesus, prayer, world places, churches, church, ancient places, different places, ep2018, test',category='ON DEMAND>CELEB INTERVIEWS>HOLLY NEWS,ON DEMAND>CELEB GOSSIP>BEHIND THE SCENE',categoryid='236,239',
        updated_at='2018-07-25 14:37:13',shortdescription='Watch ancient holy ancient church.',
        director='',producer='',cast='',crew='',sub_genre='Heritage',
        language='',pgrating='U',video_status='active',custom_data=''
        where entryid='0_496m2we2'
25/07/2018 14:34:19 | SUCCESS | Updtate MetaData(0_5e0hufhk) | By-Geetanjali_ott488 | update entry set name='Beautiful Butterfly',thumbnail='http://ott.planetcast.in/p/108/sp/10800/thumbnail/entry_id/0_5e0hufhk/version/100012',longdescription='Watch the beautiful sensitive insect with brightly colorful wings of butterfly.',
        duration='9',type='1',tag='butterfly, beautiful, colors, colorful, insects, butter, fly, amazing, amazing world, nature, natural, nature view, color, senstive, senstive insects, wings, colorfull wings, arthopoda, catterpiller, polymorpic, lay eggs, moth, moth butterflies, flying, flies, test',category='ON DEMAND>ANIMALS>TINY FLY',categoryid='199',
        updated_at='2018-07-25 14:37:44',shortdescription='Watch the beautiful sensitive insect with brightly colorful wings of butterfly.',
        director='',producer='',cast='',crew='',sub_genre='Insects',
        language='',pgrating='U',video_status='active',custom_data=''
        where entryid='0_5e0hufhk'
25/07/2018 09:55:07 | SUCCESS | login-(Adosphere) | By-Adosphere_ott488 | 
25/07/2018 16:16:05 | SUCCESS | Add New Slider Image(C:\fakepath\banne2.jpg) | By-Adosphere_ott488 | 
25/07/2018 16:16:28 | SUCCESS | Delete slider Image (122) | By-Adosphere_ott488 | delete from slider_image_detail where img_id='122'
25/07/2018 17:11:06 | SUCCESS | Save Thumbnail(0_nqbve58m) | By-Adosphere_ott488 | 
25/07/2018 17:13:49 | SUCCESS | Save Thumbnail(0_vo37tczg) | By-Adosphere_ott488 | 
25/07/2018 17:14:58 | SUCCESS | Save Thumbnail(0_kded7pml) | By-Adosphere_ott488 | 
