04/06/2018 04:19:12 | SUCCESS | login-(Geetanjali) | By-Geetanjali_ott488 | 
04/06/2018 10:09:25 | SUCCESS | Delete Video entry(0_ibfxgim1) | By-Adosphere_ott488 | 
04/06/2018 10:09:41 | SUCCESS | Delete Video entry(0_4t07oinz) | By-Adosphere_ott488 | 
04/06/2018 10:10:11 | SUCCESS | Delete Video entry(0_ezabcy8n) | By-Adosphere_ott488 | 
04/06/2018 04:42:58 | SUCCESS | login-(Adosphere) | By-Adosphere_ott488 | 
04/06/2018 10:25:40 | SUCCESS | Delete Video entry(0_gisd6msl) | By-Adosphere_ott488 | 
04/06/2018 10:26:51 | SUCCESS | Delete Video entry(0_h8dkdxfx) | By-Adosphere_ott488 | 
04/06/2018 10:27:08 | SUCCESS | Delete Video entry(0_o8xows40) | By-Adosphere_ott488 | 
04/06/2018 10:27:20 | SUCCESS | Delete Video entry(0_ua3f53qs) | By-Adosphere_ott488 | 
04/06/2018 10:28:07 | SUCCESS | Delete Video entry(0_roac2t71) | By-Adosphere_ott488 | 
04/06/2018 10:28:24 | SUCCESS | Delete Video entry(0_tz620zd8) | By-Adosphere_ott488 | 
04/06/2018 10:28:40 | SUCCESS | Delete Video entry(0_5f9iwyoo) | By-Adosphere_ott488 | 
04/06/2018 10:29:12 | SUCCESS | Delete Video entry(0_ohgra3j3) | By-Adosphere_ott488 | 
04/06/2018 10:29:24 | SUCCESS | Delete Video entry(0_qzusa6i9) | By-Adosphere_ott488 | 
04/06/2018 10:29:41 | SUCCESS | Delete Video entry(0_0z3je839) | By-Adosphere_ott488 | 
04/06/2018 10:29:55 | SUCCESS | Delete Video entry(0_9vsapw49) | By-Adosphere_ott488 | 
04/06/2018 10:30:49 | SUCCESS | Delete Video entry(0_kh57a29h) | By-Adosphere_ott488 | 
04/06/2018 10:31:01 | SUCCESS | Delete Video entry(0_5tthfpiw) | By-Adosphere_ott488 | 
04/06/2018 10:31:22 | SUCCESS | Delete Video entry(0_ak1ctizp) | By-Adosphere_ott488 | 
04/06/2018 10:31:48 | SUCCESS | Delete Video entry(0_dx604hlg) | By-Adosphere_ott488 | 
04/06/2018 10:32:36 | SUCCESS | Delete Video entry(0_lbteb9kh) | By-Adosphere_ott488 | 
04/06/2018 10:33:02 | SUCCESS | Delete Video entry(0_ue4mjgq1) | By-Adosphere_ott488 | 
04/06/2018 10:33:40 | SUCCESS | Delete Video entry(0_xo5sg7ai) | By-Adosphere_ott488 | 
04/06/2018 10:34:05 | SUCCESS | Delete Video entry(0_xvzcii2c) | By-Adosphere_ott488 | 
04/06/2018 10:36:39 | SUCCESS | Delete Video entry(0_gu3ntr8n) | By-Adosphere_ott488 | 
04/06/2018 10:37:43 | SUCCESS | Delete Video entry(0_z9n75q22) | By-Adosphere_ott488 | 
04/06/2018 10:38:02 | SUCCESS | Delete Video entry(0_03amvy0x) | By-Adosphere_ott488 | 
04/06/2018 10:39:00 | SUCCESS | Delete Video entry(0_0f3agxjr) | By-Adosphere_ott488 | 
04/06/2018 10:39:23 | SUCCESS | Delete Video entry(0_0j718vk2) | By-Adosphere_ott488 | 
04/06/2018 10:41:11 | SUCCESS | Delete Video entry(0_0mmh7ksl) | By-Adosphere_ott488 | 
04/06/2018 10:41:23 | SUCCESS | Delete Video entry(0_26y8ma7q) | By-Adosphere_ott488 | 
04/06/2018 10:41:42 | SUCCESS | Delete Video entry(0_2mp29q5q) | By-Adosphere_ott488 | 
04/06/2018 10:41:56 | SUCCESS | Delete Video entry(0_4d3yzdk3) | By-Adosphere_ott488 | 
04/06/2018 10:42:09 | SUCCESS | Delete Video entry(0_6i8h0vx4) | By-Adosphere_ott488 | 
04/06/2018 10:42:21 | SUCCESS | Delete Video entry(0_8u2m10op) | By-Adosphere_ott488 | 
04/06/2018 10:42:35 | SUCCESS | Delete Video entry(0_90rrne8o) | By-Adosphere_ott488 | 
04/06/2018 10:42:48 | SUCCESS | Delete Video entry(0_92ne7sk3) | By-Adosphere_ott488 | 
04/06/2018 10:43:03 | SUCCESS | Delete Video entry(0_a16wy9by) | By-Adosphere_ott488 | 
04/06/2018 10:43:36 | SUCCESS | Delete Video entry(0_alw9mt2k) | By-Adosphere_ott488 | 
04/06/2018 10:43:53 | SUCCESS | Delete Video entry(0_d8wryrth) | By-Adosphere_ott488 | 
04/06/2018 10:44:09 | SUCCESS | Delete Video entry(0_ds9qw9wu) | By-Adosphere_ott488 | 
04/06/2018 10:44:24 | SUCCESS | Delete Video entry(0_empqx21q) | By-Adosphere_ott488 | 
04/06/2018 10:44:36 | SUCCESS | Delete Video entry(0_f8cnun6w) | By-Adosphere_ott488 | 
04/06/2018 10:44:59 | SUCCESS | Delete Video entry(0_fb9qkmlj) | By-Adosphere_ott488 | 
04/06/2018 10:45:09 | SUCCESS | Delete Video entry(0_gab25aa2) | By-Adosphere_ott488 | 
04/06/2018 10:45:23 | SUCCESS | Delete Video entry(0_gzimfjsy) | By-Adosphere_ott488 | 
04/06/2018 11:07:59 | SUCCESS | Save Thumbnail(0_zkfw6l8s) | By-Adosphere_ott488 | 
04/06/2018 06:06:31 | SUCCESS | login-(Adosphere) | By-Adosphere_ott488 | 
04/06/2018 07:20:57 | SUCCESS | login-(Adosphere) | By-Adosphere_ott488 | 
04/06/2018 15:13:26 | SUCCESS | Sync Category | By-Adosphere_ott488 | 
04/06/2018 15:15:46 | SUCCESS | Bulk Add Category(0_9zkr24fk,0_w23ljyg7,0_vhmx6jyf,0_bgmuwrey,0_69jzyrhz,0_esmehmtv,0_bt1jr0by,0_cz9fkr3b,0_hlaxmhjy,0_p9e08m0m,0_t9obvb44,0_lm3ysewg,0_bvje8gfz,0_wh2oxixm,0_jisqiyk6,0_zbiayf2i,0_0a6p1aem,0_6hul3dyb,0_sgk86e30,0_ewuh871z,0_fyuyb18k,0_xu256207,0_790f8o67,0_cq9osgx1,0_926kkvgy,0_x954nyhz,0_q6wq6u4f,0_kvhd21v2,0_468hp8e7,0_tn2kacem,220) | By-Adosphere_ott488 | update entry set category='ON DEMAND>KIDS>BEDTIME STORIES', categoryid='220' where entryid='0_tn2kacem' 
04/06/2018 15:28:36 | SUCCESS | Sync Category | By-Adosphere_ott488 | 
04/06/2018 15:45:17 | SUCCESS | Updtate MetaData(0_ytjt2hx0) | By-Adosphere_ott488 | update entry set name='Andy And His Accordion English',thumbnail='http://ott.planetcast.in/p/108/sp/10800/thumbnail/entry_id/0_ytjt2hx0/version/100002',longdescription='Watch most popular fairy tale Andy and His Accordion in English and enjoy singing with the video.',
        duration='255',type='1',tag='kids, mulan2017, kahaniya, cartoon, children, stories, story, moral, series, little, kid, 4yr, 8yr, learning, video, animation, animated, telling, listen, class, classes, album, zone, junior, diary, tales, tale, juniors, english, andy, accord, music, instrument, accordion, aw2018',category='ON DEMAND>KIDS>BEDTIME STORIES',categoryid='220',
        updated_at='2018-06-04 15:47:59',shortdescription='Watch most popular fairy tale Andy and His Accordion in English and enjoy singing with the video.',
        director='NULL',producer='NULL',cast='NULL',crew='NULL',sub_genre='Juniors',
        language='English',pgrating='U',video_status='active',puser_id='',custom_data=''
        where entryid='0_ytjt2hx0'
04/06/2018 15:46:41 | SUCCESS | Updtate MetaData(0_0lj798do) | By-Adosphere_ott488 | update entry set name='Sheep enjoying in garden',thumbnail='http://ott.planetcast.in/p/108/sp/10800/thumbnail/entry_id/0_0lj798do/version/100012',longdescription='Watch the video where sheep are enjoying in the garden.',
        duration='57',type='1',tag='sheep, garden, wool, woolen, mammal, animal, farming, lamb, mutton, domestic sheep, domestic, sheep wool',category='ON DEMAND>ANIMALS>ANIMAL WORLD',categoryid='203',
        updated_at='2018-06-04 15:49:23',shortdescription='',
        director='',producer='',cast='',crew='',sub_genre='',
        language='',pgrating='',video_status='active',puser_id='Adosphere',custom_data=''
        where entryid='0_0lj798do'
04/06/2018 16:16:19 | SUCCESS | Updtate MetaData(0_x5ie4b2m) | By-Adosphere_ott488 | update entry set name='Akbar Chaar Prashna to Birbal Telugu',thumbnail='http://ott.planetcast.in/p/108/sp/10800/thumbnail/entry_id/0_x5ie4b2m/version/100012',longdescription='Watch best humorous stories of Akbar and Birbal\'s in Telugu.',
        duration='301',type='1',tag='kids, mulan2017, cartoon, children, story, moral, little, learning, animation, junior, telling, listen, class, tales, series, navratan, birbal, akbar, kahani, stew, emperor, lesson, kahaniya, popular, chaar, prashan, heat, questions, prashna, telugu, aw18, aw2018',category='ON DEMAND>KIDS>BEDTIME STORIES',categoryid='220',
        updated_at='2018-06-04 16:19:01',shortdescription='Watch best humorous stories of Akbar and Birbal\'s in Telugu.',
        director='NULL',producer='NULL',cast='NULL',crew='NULL',sub_genre='Juniors',
        language='Telugu',pgrating='U',video_status='active',puser_id='',custom_data=''
        where entryid='0_x5ie4b2m'
04/06/2018 16:17:34 | SUCCESS | Updtate MetaData(0_if8zam66) | By-Adosphere_ott488 | update entry set name='Hickory Dickory Dock  Nursery Rhymes for children',thumbnail='http://ott.planetcast.in/p/108/sp/10800/thumbnail/entry_id/0_if8zam66/version/100002',longdescription='Watch Hickory Dickory Dock kids nursery rhyme with lyrics :-Hickory Dickory dock,The clock struck one,The mouse ran down,Hickory dickory dock.',
        duration='68',type='1',tag='kids, kahaniya, cartoon, children, series, little, kid, 4yr, 8yr, learning, video, animation, animated, telling, listen, class, classes, album, zone, junior, diary, tales, tale, juniors, hickory, dickory, dock, nursery, rhymes, for, poems, purple, turtle',category='ON DEMAND>KIDS>NURSERY RHYMES',categoryid='221',
        updated_at='2018-06-04 16:20:16',shortdescription='Watch Hickory Dickory Dock kids nursery rhyme with lyrics :-Hickory Dickory dock,The clock struck one,The mouse ran down,Hickory dickory dock.',
        director='NULL',producer='NULL',cast='NULL',crew='NULL',sub_genre='Juniors',
        language='English',pgrating='U',video_status='active',puser_id='',custom_data=''
        where entryid='0_if8zam66'
04/06/2018 16:38:17 | SUCCESS | Updtate MetaData(0_nlx5lp27) | By-Adosphere_ott488 | update entry set name='Womens Faux Hawk on Curly Hair',thumbnail='http://ott.planetcast.in/p/108/sp/10800/thumbnail/entry_id/0_nlx5lp27/version/100002',longdescription='Watch the real class of how to cut curly hair and make it short and stylish.',
        duration='891',type='1',tag='matt, beck, hair, cut, heavy, short, long, stylish, look, bang, tutorial, trendy, scissors, tips, right, way, curley, smooth, volume, different, easy, shoterside, longerside, tricks, thick, sections, ironhair, razer, twisted, overdirect, cutting, technique, vibra, straight, iron, blow, dryer, bt2018, womens, hawk',category='ON DEMAND>LIFESTYLE>HAIRSTYLES',categoryid='388',
        updated_at='2018-06-04 16:40:59',shortdescription='Watch the real class of how to cut curly hair and make it short and stylish.',
        director='NULL',producer='NULL',cast='NULL',crew='NULL',sub_genre='Hairstyles',
        language='English',pgrating='U',video_status='active',puser_id='',custom_data=''
        where entryid='0_nlx5lp27'
04/06/2018 17:19:17 | SUCCESS | Sync Category | By-Adosphere_ott488 | 
04/06/2018 12:04:14 | SUCCESS | login-(Adosphere) | By-Adosphere_ott488 | 
04/06/2018 12:06:08 | SUCCESS | login-(Adosphere) | By-Adosphere_ott488 | 
