29/01/2018 15:42:48 | SUCCESS | Updtate MetaData(0_496m2we2) | By-Adosphere_ott488 | update entry set name='Ancient Holy ancient Church',thumbnail='http://ott.planetcast.in/p/108/sp/10800/thumbnail/entry_id/0_496m2we2/version/100012',longdescription='Watch ancient holy ancient church.',duration='8',type='1',tag='ancient, places, heritage, holy, preist, jesus, prayer, world places, churches, church, ancient places, different places, ep2018',category='ON DEMAND>INFOTAINMENT>HERITAGE',categoryid='202',
        contentpartnerid='',countrycode='IN',startdate='',enddate='',updated_at='2018-01-29',shortdescription='Watch ancient holy ancient church.',
        director='',producer='',cast='',crew='',sub_genre='Heritage',language='',pgrating='U',video_status='active' where entryid='0_496m2we2'
29/01/2018 15:43:20 | SUCCESS | Updtate MetaData(0_22562pmh) | By-Adosphere_ott488 | update entry set name='Ancient Holy Church ',thumbnail='http://ott.planetcast.in/p/108/sp/10800/thumbnail/entry_id/0_22562pmh/version/100012',longdescription='Watch the video of Holy Church where you can see the architecture beauty and its divine interiors.',duration='17',type='1',tag='ancient, places, heritage, holy, preist, jesus, prayer, world places, churches, church, ancient places, different places, ep2018',category='ON DEMAND>INFOTAINMENT>HERITAGE',categoryid='202',
        contentpartnerid='',countrycode='IN',startdate='',enddate='',updated_at='2018-01-29',shortdescription='Watch the video of Holy Church where you can see the architecture beauty and its divine interiors.',
        director='',producer='',cast='',crew='',sub_genre='Heritage',language='',pgrating='U',video_status='active' where entryid='0_22562pmh'
29/01/2018 15:43:48 | SUCCESS | Updtate MetaData(0_8vkci37b) | By-Adosphere_ott488 | update entry set name='Beautiful town in Serbia - Petrovar',thumbnail='http://ott.planetcast.in/p/108/sp/10800/thumbnail/entry_id/0_8vkci37b/version/100012',longdescription='Watch the beautiful view and municipality which is the part of Urban city Novi sad.',duration='28',type='1',tag='places to visit, visit places, greenery, greenary, fortress, municipality, coat of rams, serbia, serbian, town serbia, petrovaradin, petrovard, urban city, stone age, place, places, amazed places, water, site scene, sceneary view, ep2018',category='ON DEMAND>INFOTAINMENT>AMAZING PLACES',categoryid='205',
        contentpartnerid='',countrycode='IN',startdate='',enddate='',updated_at='2018-01-29',shortdescription='Watch the beautiful view and municipality which is the part of Urban city Novi sad.',
        director='',producer='',cast='',crew='',sub_genre='Amazing Places',language='',pgrating='U',video_status='active' where entryid='0_8vkci37b'
29/01/2018 15:44:31 | SUCCESS | Updtate MetaData(0_s32u8h1r) | By-Adosphere_ott488 | update entry set name='Motorcycle Street stunts by trained',thumbnail='http://ott.planetcast.in/p/108/sp/10800/thumbnail/entry_id/0_s32u8h1r/version/100012',longdescription='Watch the Motorcycle bike riding video by trained bikers.',duration='13',type='1',tag='motor, cycle, motorcycle, cars, bikes, rides, driving, racing, fast, speed, luxury, smooth, safety measure, road, car lover, bikers, street view, street, auto, auto tech, ls2018',category='ON DEMAND>EXTREME SPORTS>NO LIMIT',categoryid='208',
        contentpartnerid='',countrycode='null',startdate='',enddate='',updated_at='2018-01-29',shortdescription='Watch the Motorcycle bike riding video by trained bikers.',
        director='',producer='',cast='',crew='',sub_genre='Automobile',language='',pgrating='U',video_status='active' where entryid='0_s32u8h1r'
29/01/2018 15:44:55 | SUCCESS | Updtate MetaData(0_bm58s1xv) | By-Adosphere_ott488 | update entry set name='Red Helicopter to take off swiftly',thumbnail='http://ott.planetcast.in/p/108/sp/10800/thumbnail/entry_id/0_bm58s1xv/version/100012',longdescription='Watch the video of red helicopter with swift take off.',duration='18',type='1',tag='helicop, helicopter, fly, red helicopter, air flights, flights, leonardo, quadcopter, rotorcraft, take off, taking off, rotors, aircraft, airplane, aeroplane, airplanes, chopper, choper, palne, fly plane, plane wings, ap2018',category='ON DEMAND>AUTOMOBILE>DRIFT',categoryid='195',
        contentpartnerid='',countrycode='IN',startdate='',enddate='',updated_at='2018-01-29',shortdescription='Watch the video of red helicopter with swift take off.',
        director='',producer='',cast='',crew='',sub_genre='Automobile',language='',pgrating='U',video_status='active' where entryid='0_bm58s1xv'
29/01/2018 15:45:39 | SUCCESS | Updtate MetaData(0_hwwfpfcu) | By-Adosphere_ott488 | update entry set name='Gang of riders with Motorcycles',thumbnail='http://ott.planetcast.in/p/108/sp/10800/thumbnail/entry_id/0_hwwfpfcu/version/100012',longdescription='Watch the video of motorcycle stunt gang.\r\n\r\n',duration='57',type='1',tag='ep2017, sport, road sport, bike sports, stunt, amazing bikers, rider sport, beyond sports, bikers, motorcycle, cycle, motorcycle stunt, biking, road sports, stunts, wheelies, bike ride, ls2018',category='ON DEMAND>AUTOMOBILE>DRIFT',categoryid='195',
        contentpartnerid='c324',countrycode='IN',startdate='',enddate='',updated_at='2018-01-29',shortdescription='',
        director='',producer='',cast='',crew='',sub_genre='',language='',pgrating='',video_status='active' where entryid='0_hwwfpfcu'
29/01/2018 15:46:05 | SUCCESS | Add New Header Content(HOME) | By-Adosphere_ott488 | 
29/01/2018 15:46:25 | SUCCESS | Header Content priority Set | By-Adosphere_ott488 | 
29/01/2018 15:47:58 | SUCCESS | Updtate MetaData(0_0lj798do) | By-Adosphere_ott488 | update entry set name='Sheep enjoying in garden',thumbnail='http://ott.planetcast.in/p/108/sp/10800/thumbnail/entry_id/0_0lj798do/version/100012',longdescription='Watch the video where sheep are enjoying in the garden.\r\nsheep  xgarden  xwool  xwoolen  xmammal  xanimal  xfarming  xlamb  xmutton  xdomestic sheep  xdomestic  xsheep wool  x\r\n',duration='57',type='1',tag='sheep, garden, wool, woolen, mammal, animal, farming, lamb, mutton, domestic sheep, domestic, sheep wool, aw2018',category='ON DEMAND>ANIMALS>ANIMAL WORLD',categoryid='203',
        contentpartnerid='c324',countrycode='IN',startdate='',enddate='',updated_at='2018-01-29',shortdescription='',
        director='',producer='',cast='',crew='',sub_genre='',language='',pgrating='',video_status='active' where entryid='0_0lj798do'
29/01/2018 15:48:14 | SUCCESS | Updtate MetaData(0_r0ls3mpn) | By-Adosphere_ott488 | update entry set name='Flying beautiful creature bird Robi',thumbnail='http://ott.planetcast.in/p/108/sp/10800/thumbnail/entry_id/0_r0ls3mpn/version/100012',longdescription='Watch Robin bird beautiful creature.',duration='8',type='1',tag='robin, bird, beautiful, robin bird, nature, nature living, nature life, rare birds, bird living, natural creature, creature, flying, fly bird, flying creature, aw2018',category='ON DEMAND>ANIMALS>TINY FLY',categoryid='199',
        contentpartnerid='',countrycode='IN',startdate='',enddate='',updated_at='2018-01-29',shortdescription='Watch Robin bird beautiful creature.',
        director='',producer='',cast='',crew='',sub_genre='Birds',language='',pgrating='U',video_status='active' where entryid='0_r0ls3mpn'
29/01/2018 15:49:02 | SUCCESS | Updtate MetaData(0_qjjskxgs) | By-Adosphere_ott488 | update entry set name='Smooth speed of cars - Street view ',thumbnail='http://ott.planetcast.in/p/108/sp/10800/thumbnail/entry_id/0_qjjskxgs/version/100012',longdescription='Watch the street view of road where people drive under the safety measures in a smooth manner.',duration='60',type='1',tag='cars, bikes, rides, driving, racing, fast, speed, luxury, smooth, safety measure, road, car lover, bikers, street view, street, auto, auto tech, ap2018',category='ON DEMAND>AUTOMOBILE>LUXURY CARS',categoryid='206',
        contentpartnerid='',countrycode='IN',startdate='',enddate='',updated_at='2018-01-29',shortdescription='Watch the street view of road where people drive under the safety measures in a smooth manner.',
        director='',producer='',cast='',crew='',sub_genre='Automobile',language='',pgrating='U',video_status='active' where entryid='0_qjjskxgs'
29/01/2018 15:49:21 | SUCCESS | Updtate MetaData(0_fk8y0n51) | By-Adosphere_ott488 | update entry set name='Smashing Speed of Car Racing',thumbnail='http://ott.planetcast.in/p/108/sp/10800/thumbnail/entry_id/0_fk8y0n51/version/100012',longdescription='Watch the car racing with smashing high speed and stunt.',duration='38',type='1',tag='cars, bikes, rides, driving, racing, fast, speed, luxury, smooth, safety measure, road, car lover, bikers, street view, street, auto, auto tech, ap2018',category='ON DEMAND>AUTOMOBILE>LUXURY CARS',categoryid='206',
        contentpartnerid='',countrycode='IN',startdate='',enddate='',updated_at='2018-01-29',shortdescription='Watch the car racing with smashing high speed and stunt.',
        director='',producer='',cast='',crew='',sub_genre='Automobile',language='',pgrating='U',video_status='active' where entryid='0_fk8y0n51'
29/01/2018 15:49:52 | SUCCESS | Updtate MetaData(0_s1rlqogr) | By-Adosphere_ott488 | update entry set name='Luxury Car | Mercedes | Rain',thumbnail='http://ott.planetcast.in/p/108/sp/10800/thumbnail/entry_id/0_s1rlqogr/version/100012',longdescription='Watch the luxurious and expensive car Mercedes driving in rain will entertain most of the car lovers.\r\n\r\n',duration='12',type='1',tag='ep2017, car, luxury, mercedes, merce, luxurious, rain, road, drive, expensive, car lover, mercedes benz, mercedez, ap2018',category='ON DEMAND>AUTOMOBILE>LUXURY CARS',categoryid='206',
        contentpartnerid='c324',countrycode='IN',startdate='',enddate='',updated_at='2018-01-29',shortdescription='',
        director='',producer='',cast='',crew='',sub_genre='',language='',pgrating='',video_status='active' where entryid='0_s1rlqogr'
29/01/2018 16:52:59 | SUCCESS | Header Content priority Set | By-Adosphere_ott488 | 
29/01/2018 17:27:42 | SUCCESS | update HomeSettingTag Detail(EPIC PLACES) | By-Adosphere_ott488 | 
