23/01/2018 10:19:01 | SUCCESS | Sync Category | By-Adosphere_ott488 | 
23/01/2018 10:20:05 | SUCCESS | save Category thumb | By-Adosphere_ott488 | UPDATE category_thumb_icon_url SET host_url_thumb='http://cdnadosphere.planetcast.in',t_original_url='/adosphere/data/adosphere_ott488/upload_thumb/F8C7YLXUXUCH.jpg',
t_small_url='/adosphere/data/adosphere_ott488/upload_thumb/320_F8C7YLXUXUCH.jpg',t_mediam_url='/adosphere/data/adosphere_ott488/upload_thumb/380_F8C7YLXUXUCH.jpg',t_large_url='/adosphere/data/adosphere_ott488/upload_thumb/480_F8C7YLXUXUCH.jpg',
t_custom_url='/adosphere/data/adosphere_ott488/upload_thumb/720_F8C7YLXUXUCH.jpg',updated_at=NOW() where category_id='190'
23/01/2018 10:20:21 | SUCCESS | Update Category(ANIMATION) | By-Adosphere_ott488 | update categories set cat_name='ANIMATION',description='',tags='',fullname='ON DEMAND>KIDS>ANIMATION' where category_id='191'
23/01/2018 10:20:26 | SUCCESS | Sync Category | By-Adosphere_ott488 | 
23/01/2018 10:27:56 | SUCCESS | save Category thumb | By-Adosphere_ott488 | UPDATE category_thumb_icon_url SET host_url_thumb='http://cdnadosphere.planetcast.in',t_original_url='/adosphere/data/adosphere_ott488/upload_thumb/TSRESHM4HKX8.jpg',
t_small_url='/adosphere/data/adosphere_ott488/upload_thumb/320_TSRESHM4HKX8.jpg',t_mediam_url='/adosphere/data/adosphere_ott488/upload_thumb/380_TSRESHM4HKX8.jpg',t_large_url='/adosphere/data/adosphere_ott488/upload_thumb/480_TSRESHM4HKX8.jpg',
t_custom_url='/adosphere/data/adosphere_ott488/upload_thumb/720_TSRESHM4HKX8.jpg',updated_at=NOW() where category_id='192'
23/01/2018 10:28:01 | SUCCESS | Sync Category | By-Adosphere_ott488 | 
23/01/2018 10:28:17 | SUCCESS | Update Category(AUTOMOBILE) | By-Adosphere_ott488 | update categories set cat_name='AUTOMOBILE',description='',tags='',fullname='ON DEMAND>AUTOMOBILE' where category_id='192'
23/01/2018 10:30:23 | SUCCESS | Create New Category(DRIFT) | By-Adosphere_ott488 | insert into categories(category_id,parent_id,dept,partner_id,cat_name,fullname,fullids,entry_count,direct_sub_categories_count,description,tags,created_at,updated_at,duser_id,priority,direct_entries_count) 
Select '195','192','2','108','DRIFT','ON DEMAND>AUTOMOBILE>DRIFT','183>192>195','0','0','','',NOW(),Now(),'97',ifnull(max(priority),0)+1,'0' from categories
23/01/2018 10:44:56 | SUCCESS | Save Thumbnail(0_eh4vdloi) | By-Adosphere_ott488 | 
23/01/2018 10:45:34 | SUCCESS | Updtate MetaData(0_tz620zd8) | By-Adosphere_ott488 | update entry set name='Heavy Machinery for construction wo',thumbnail='http://ott.planetcast.in/p/108/sp/10800/thumbnail/entry_id/0_tz620zd8/version/100012',longdescription='Watch the heavy equipment video which is specially designed for construction work.',duration='276',type='1',tag='heavy, machinery, world, famous, technology',category='ON DEMAND>AUTOMOBILE',categoryid='192',
        contentpartnerid='c324',countrycode='IN',startdate='',enddate='',updated_at='2018-01-23',shortdescription='',
        director='',producer='',cast='',crew='',sub_genre='',language='',pgrating='',video_status='active' where entryid='0_tz620zd8'
23/01/2018 10:51:27 | SUCCESS | Updtate MetaData(0_tz620zd8) | By-Adosphere_ott488 | update entry set name='Heavy Machinery',thumbnail='http://ott.planetcast.in/p/108/sp/10800/thumbnail/entry_id/0_tz620zd8/version/100012',longdescription='Watch the heavy equipment video which is specially designed for construction work.',duration='276',type='1',tag='heavy, machinery, world, famous, technology',category='ON DEMAND>AUTOMOBILE',categoryid='192',
        contentpartnerid='c324',countrycode='IN',startdate='',enddate='',updated_at='2018-01-23',shortdescription='',
        director='',producer='',cast='',crew='',sub_genre='',language='',pgrating='',video_status='active' where entryid='0_tz620zd8'
23/01/2018 10:51:44 | SUCCESS | Create New Category(FURY ROAD) | By-Adosphere_ott488 | insert into categories(category_id,parent_id,dept,partner_id,cat_name,fullname,fullids,entry_count,direct_sub_categories_count,description,tags,created_at,updated_at,duser_id,priority,direct_entries_count) 
Select '196','192','2','108','FURY ROAD','ON DEMAND>AUTOMOBILE>FURY ROAD','183>192>196','0','0','','',NOW(),Now(),'97',ifnull(max(priority),0)+1,'0' from categories
23/01/2018 10:52:51 | SUCCESS | Updtate MetaData(0_3yhnzqb3) | By-Adosphere_ott488 | update entry set name='Red Helicopter to take off swiftly',thumbnail='http://ott.planetcast.in/p/108/sp/10800/thumbnail/entry_id/0_3yhnzqb3/version/100012',longdescription='Watch the video of red helicopter with swift take off.',duration='18',type='1',tag='helicopter, fly, take off, use, flying machine, power',category='ON DEMAND>AUTOMOBILE',categoryid='192',
        contentpartnerid='c324',countrycode='IN',startdate='',enddate='',updated_at='2018-01-23',shortdescription='',
        director='',producer='',cast='',crew='',sub_genre='',language='',pgrating='',video_status='active' where entryid='0_3yhnzqb3'
23/01/2018 10:56:06 | SUCCESS | Create New Category(BIKES) | By-Adosphere_ott488 | insert into categories(category_id,parent_id,dept,partner_id,cat_name,fullname,fullids,entry_count,direct_sub_categories_count,description,tags,created_at,updated_at,duser_id,priority,direct_entries_count) 
Select '197','192','2','108','BIKES','ON DEMAND>AUTOMOBILE>BIKES','183>192>197','0','0','','',NOW(),Now(),'97',ifnull(max(priority),0)+1,'0' from categories
23/01/2018 10:57:01 | SUCCESS | Bulk Add Category(0_lwuzxved,196) | By-Adosphere_ott488 | update entry set category='ON DEMAND>AUTOMOBILE>FURY ROAD', categoryid='196' where entryid='0_lwuzxved' 
23/01/2018 10:57:20 | SUCCESS | Updtate MetaData(0_pp5n03jh) | By-Adosphere_ott488 | update entry set name='Indoor Fury Cute Kitten ',thumbnail='http://ott.planetcast.in/p/108/sp/10800/thumbnail/entry_id/0_pp5n03jh/version/100012',longdescription='Watch the video of cute indoor fury pet kitten playing with the toy.',duration='13',type='1',tag='kitten, cute, test, cat, aw2017, cat playing, cat video, cat baby',category='ON DEMAND>ANIMALS>CUTE ANIMALS',categoryid='189',
        contentpartnerid='c324',countrycode='IN',startdate='',enddate='',updated_at='2018-01-23',shortdescription='',
        director='',producer='',cast='',crew='',sub_genre='',language='',pgrating='',video_status='active' where entryid='0_pp5n03jh'
23/01/2018 10:58:44 | SUCCESS | Bulk Add Category(0_ak3i3b3j,195) | By-Adosphere_ott488 | update entry set category='ON DEMAND>AUTOMOBILE>DRIFT', categoryid='195' where entryid='0_ak3i3b3j' 
23/01/2018 11:03:38 | SUCCESS | Bulk Add Category(0_k19cf11z,197) | By-Adosphere_ott488 | update entry set category='ON DEMAND>AUTOMOBILE>BIKES', categoryid='197' where entryid='0_k19cf11z' 
23/01/2018 11:06:52 | SUCCESS | Create New Category(INDOOR PET) | By-Adosphere_ott488 | insert into categories(category_id,parent_id,dept,partner_id,cat_name,fullname,fullids,entry_count,direct_sub_categories_count,description,tags,created_at,updated_at,duser_id,priority,direct_entries_count) 
Select '198','187','2','108','INDOOR PET','ON DEMAND>ANIMALS>INDOOR PET','183>187>198','0','0','','',NOW(),Now(),'97',ifnull(max(priority),0)+1,'0' from categories
23/01/2018 11:07:16 | SUCCESS | Updtate MetaData(0_k19cf11z) | By-Adosphere_ott488 | update entry set name='Motorcycle Street stunts',thumbnail='http://ott.planetcast.in/p/108/sp/10800/thumbnail/entry_id/0_k19cf11z/version/100012',longdescription='Watch the Motorcycle bike riding video by trained bikers.',duration='13',type='1',tag='motercycle, moterbike, bike, motor vehicle, bike stunts, bike rides, bike racing, trained bikers',category='ON DEMAND>AUTOMOBILE>BIKES',categoryid='197',
        contentpartnerid='c324',countrycode='IN',startdate='',enddate='',updated_at='2018-01-23',shortdescription='',
        director='',producer='',cast='',crew='',sub_genre='',language='',pgrating='',video_status='active' where entryid='0_k19cf11z'
23/01/2018 11:07:58 | SUCCESS | Updtate MetaData(0_jds5ubix) | By-Adosphere_ott488 | update entry set name='PETROVARADIN- A TOWN IN SERBIA',thumbnail='http://ott.planetcast.in/p/108/sp/10800/thumbnail/entry_id/0_jds5ubix/version/100012',longdescription='Watch the beautiful view and municipality which is the part of Urban city Novi sad.',duration='28',type='1',tag='petrovaradin, famous, places, world, wide, urban, lifestyle',category='MOVIES>SHORT FILMS>ENGLISH',categoryid='188',
        contentpartnerid='c324',countrycode='IN',startdate='',enddate='',updated_at='2018-01-23',shortdescription='',
        director='',producer='',cast='',crew='',sub_genre='',language='',pgrating='',video_status='active' where entryid='0_jds5ubix'
23/01/2018 11:09:28 | SUCCESS | Updtate MetaData(0_f9x5wfxd) | By-Adosphere_ott488 | update entry set name='Flying beautiful creature bird Robi',thumbnail='http://ott.planetcast.in/p/108/sp/10800/thumbnail/entry_id/0_f9x5wfxd/version/100012',longdescription='Watch this video Robin which is related to robin birds in jungle. ',duration='8',type='1',tag='robin, birds, video, jungle, world, nature living, flying creature',category='ON DEMAND>ANIMALS>CUTE ANIMALS',categoryid='189',
        contentpartnerid='c324',countrycode='IN',startdate='',enddate='',updated_at='2018-01-23',shortdescription='',
        director='',producer='',cast='',crew='',sub_genre='',language='',pgrating='',video_status='active' where entryid='0_f9x5wfxd'
23/01/2018 11:09:35 | SUCCESS | Create New Category(TINY FLY) | By-Adosphere_ott488 | insert into categories(category_id,parent_id,dept,partner_id,cat_name,fullname,fullids,entry_count,direct_sub_categories_count,description,tags,created_at,updated_at,duser_id,priority,direct_entries_count) 
Select '199','187','2','108','TINY FLY','ON DEMAND>ANIMALS>TINY FLY','183>187>199','0','0','','',NOW(),Now(),'97',ifnull(max(priority),0)+1,'0' from categories
23/01/2018 11:10:15 | SUCCESS | Bulk Add Category(0_4e5x5kis,0_puvzypt3,0_f9x5wfxd,0_roac2t71,199) | By-Adosphere_ott488 | update entry set category='ON DEMAND>ANIMALS>TINY FLY', categoryid='199' where entryid='0_roac2t71' 
23/01/2018 11:10:46 | SUCCESS | Updtate MetaData(0_f9x5wfxd) | By-Adosphere_ott488 | update entry set name='Beautiful creature Robin bird ',thumbnail='http://ott.planetcast.in/p/108/sp/10800/thumbnail/entry_id/0_f9x5wfxd/version/100012',longdescription='Watch this video Robin which is related to robin birds in jungle. ',duration='8',type='1',tag='robin, birds, video, jungle, world, nature living, flying creature',category='ON DEMAND>ANIMALS>CUTE ANIMALS',categoryid='189',
        contentpartnerid='c324',countrycode='IN',startdate='',enddate='',updated_at='2018-01-23',shortdescription='',
        director='',producer='',cast='',crew='',sub_genre='',language='',pgrating='',video_status='active' where entryid='0_f9x5wfxd'
23/01/2018 11:11:18 | SUCCESS | Bulk Add Category(0_tvblmjzr,0_8r5o8nxh,198) | By-Adosphere_ott488 | update entry set category='ON DEMAND>ANIMALS>INDOOR PET', categoryid='198' where entryid='0_8r5o8nxh' 
23/01/2018 11:11:42 | SUCCESS | Updtate MetaData(0_8r5o8nxh) | By-Adosphere_ott488 | update entry set name='Cute Little Puppy Playing',thumbnail='http://ott.planetcast.in/p/108/sp/10800/thumbnail/entry_id/0_8r5o8nxh/version/100012',longdescription='Watch the soothing surrounding of beach where little puppy is playing in sand.',duration='15',type='1',tag='puppy, dog, animated, video, most, famous',category='ON DEMAND>ANIMALS>CUTE ANIMALS',categoryid='189',
        contentpartnerid='c324',countrycode='IN',startdate='',enddate='',updated_at='2018-01-23',shortdescription='',
        director='',producer='',cast='',crew='',sub_genre='',language='',pgrating='',video_status='active' where entryid='0_8r5o8nxh'
23/01/2018 11:13:05 | SUCCESS | Updtate MetaData(0_z9n75q22) | By-Adosphere_ott488 | update entry set name='Big Buck Bunny | Animation',thumbnail='http://ott.planetcast.in/p/108/sp/10800/thumbnail/entry_id/0_z9n75q22/version/100002',longdescription='Watch animated movie Big Bug Bunny (2008) where a giant gentle rabbit finds his morning walk being disturbed by rodents who kill his two personal lovable butterflies.',duration='596',type='1',tag='movies, test, movie, full, film, english, journey, life, drama, action, animation, cartoon, animated, famous, popular, latest, free, picture, big, buck, bunny, buterfly, flies, fly, insects, bear',category='ON DEMAND>KIDS>ANIMATION',categoryid='191',
        contentpartnerid='',countrycode='IN',startdate='',enddate='',updated_at='2018-01-23',shortdescription='Watch animated movie Big Bug Bunny (2008) where a giant gentle rabbit finds his morning walk being disturbed by rodents who kill his two personal lovable butterflies.',
        director='',producer='',cast='',crew='',sub_genre='Animation',language='English',pgrating='U',video_status='active' where entryid='0_z9n75q22'
23/01/2018 11:13:16 | SUCCESS | Create New Category(INFOTAINMENT) | By-Adosphere_ott488 | insert into categories(category_id,parent_id,dept,partner_id,cat_name,fullname,fullids,entry_count,direct_sub_categories_count,description,tags,created_at,updated_at,duser_id,priority,direct_entries_count) 
Select '200','183','1','108','INFOTAINMENT','ON DEMAND>INFOTAINMENT','183>200','0','0','','',NOW(),Now(),'97',ifnull(max(priority),0)+1,'0' from categories
23/01/2018 11:14:21 | SUCCESS | Updtate MetaData(0_jy6jhq8s) | By-Adosphere_ott488 | update entry set name='Adventurous Sports - Rock Climbing',thumbnail='http://ott.planetcast.in/p/108/sp/10800/thumbnail/entry_id/0_jy6jhq8s/version/100012',longdescription='Watch the video of adventurous climbing sport on rocks where grip and muscle strength is most important .',duration='43',type='1',tag='rock, climbing, watch, full video, climb sports, rock climb, travelsports, natural rock, climb up, adventure, climb, grip, strength, hill, mountain, climbing sport',category='MOVIES>SHORT FILMS>NON-DIALOGUE',categoryid='193',
        contentpartnerid='c324',countrycode='null',startdate='',enddate='',updated_at='2018-01-23',shortdescription='',
        director='',producer='',cast='',crew='',sub_genre='',language='',pgrating='',video_status='active' where entryid='0_jy6jhq8s'
23/01/2018 11:15:00 | SUCCESS | Create New Category(NATURE) | By-Adosphere_ott488 | insert into categories(category_id,parent_id,dept,partner_id,cat_name,fullname,fullids,entry_count,direct_sub_categories_count,description,tags,created_at,updated_at,duser_id,priority,direct_entries_count) 
Select '201','200','2','108','NATURE','ON DEMAND>INFOTAINMENT>NATURE','183>200>201','0','0','','',NOW(),Now(),'97',ifnull(max(priority),0)+1,'0' from categories
23/01/2018 11:16:49 | SUCCESS | Create New Category(HERITAGE) | By-Adosphere_ott488 | insert into categories(category_id,parent_id,dept,partner_id,cat_name,fullname,fullids,entry_count,direct_sub_categories_count,description,tags,created_at,updated_at,duser_id,priority,direct_entries_count) 
Select '202','200','2','108','HERITAGE','ON DEMAND>INFOTAINMENT>HERITAGE','183>200>202','0','0','','',NOW(),Now(),'97',ifnull(max(priority),0)+1,'0' from categories
23/01/2018 11:17:09 | SUCCESS | Updtate MetaData(0_slupirc3) | By-Adosphere_ott488 | update entry set name='SCUBA DIVING-ADVENTUROUS UNDERWATER',thumbnail='http://ott.planetcast.in/p/108/sp/10800/thumbnail/entry_id/0_slupirc3/version/100012',longdescription='Watch amazing adventurous underwater extreme sport scuba diving.\r\n',duration='7',type='1',tag='scuba, diving, adventurous, underwater, under sea, marine undersea, marine park, natural reefs, undersea life, water living, silent evolution, aquatic life',category='MOVIES>SHORT FILMS>NON-DIALOGUE',categoryid='193',
        contentpartnerid='c324',countrycode='IN',startdate='',enddate='',updated_at='2018-01-23',shortdescription='',
        director='',producer='',cast='',crew='',sub_genre='',language='',pgrating='',video_status='active' where entryid='0_slupirc3'
23/01/2018 11:17:48 | SUCCESS | Bulk Add Category(0_eh4vdloi,0_jds5ubix,188,202) | By-Adosphere_ott488 | update entry set category='MOVIES>SHORT FILMS>ENGLISH,ON DEMAND>INFOTAINMENT>HERITAGE', categoryid='188,202' where entryid='0_jds5ubix' 
23/01/2018 11:18:47 | SUCCESS | Bulk Add Category(0_gu3ntr8n,0_slupirc3,201) | By-Adosphere_ott488 | update entry set category='ON DEMAND>INFOTAINMENT>NATURE', categoryid='201' where entryid='0_slupirc3' 
23/01/2018 11:19:18 | SUCCESS | Bulk Add Category(0_3yhnzqb3,0_tz620zd8,195) | By-Adosphere_ott488 | update entry set category='ON DEMAND>AUTOMOBILE>DRIFT', categoryid='195' where entryid='0_tz620zd8' 
23/01/2018 11:20:16 | SUCCESS | Bulk Add Category(0_tz620zd8,196) | By-Adosphere_ott488 | update entry set category='ON DEMAND>AUTOMOBILE>FURY ROAD', categoryid='196' where entryid='0_tz620zd8' 
23/01/2018 11:20:57 | SUCCESS | Bulk Add Category(0_huhejxa7,199) | By-Adosphere_ott488 | update entry set category='ON DEMAND>ANIMALS>TINY FLY', categoryid='199' where entryid='0_huhejxa7' 
23/01/2018 11:21:40 | SUCCESS | Save Thumbnail(0_tvblmjzr) | By-Adosphere_ott488 | 
23/01/2018 11:22:28 | SUCCESS | Save Thumbnail(0_ak3i3b3j) | By-Adosphere_ott488 | 
23/01/2018 11:22:59 | SUCCESS | Save Thumbnail(0_gu3ntr8n) | By-Adosphere_ott488 | 
23/01/2018 11:23:25 | SUCCESS | Save Thumbnail(0_4e5x5kis) | By-Adosphere_ott488 | 
23/01/2018 11:23:52 | SUCCESS | Save Thumbnail(0_vwgdm5q8) | By-Adosphere_ott488 | 
23/01/2018 11:26:05 | SUCCESS | Add New HomeSettingTag(ANIMAL WORLD) | By-Adosphere_ott488 | 
23/01/2018 11:26:27 | SUCCESS | Updtate MetaData(0_tvblmjzr) | By-Adosphere_ott488 | update entry set name='Cat - 2879.mp4',thumbnail='http://ott.planetcast.in/p/108/sp/10800/thumbnail/entry_id/0_tvblmjzr/version/100012',longdescription='Cat sample video',duration='11',type='1',tag='cat, test, video, aw2018',category='ON DEMAND>ANIMALS>INDOOR PET',categoryid='198',
        contentpartnerid='',countrycode='IN',startdate='',enddate='',updated_at='2018-01-23',shortdescription='Cat sample video',
        director='',producer='',cast='',crew='',sub_genre='u',language='',pgrating='',video_status='active' where entryid='0_tvblmjzr'
23/01/2018 11:26:48 | SUCCESS | Updtate MetaData(0_vwgdm5q8) | By-Adosphere_ott488 | update entry set name='Black Bear - 3343.mp4',thumbnail='http://ott.planetcast.in/p/108/sp/10800/thumbnail/entry_id/0_vwgdm5q8/version/100012',longdescription='test video',duration='28',type='1',tag='black, bear, test, aw2018',category='ON DEMAND>ANIMALS>CUTE ANIMALS',categoryid='189',
        contentpartnerid='',countrycode='IN',startdate='',enddate='',updated_at='2018-01-23',shortdescription='Black bear sample video',
        director='',producer='',cast='',crew='',sub_genre='animal',language='',pgrating='u',video_status='active' where entryid='0_vwgdm5q8'
23/01/2018 11:27:26 | SUCCESS | Updtate MetaData(0_pp5n03jh) | By-Adosphere_ott488 | update entry set name='Indoor Fury Cute Kitten ',thumbnail='http://ott.planetcast.in/p/108/sp/10800/thumbnail/entry_id/0_pp5n03jh/version/100012',longdescription='Watch the video of cute indoor fury pet kitten playing with the toy.',duration='13',type='1',tag='kitten, cute, test, cat, cat playing, cat video, cat baby, aw2018',category='ON DEMAND>ANIMALS>CUTE ANIMALS',categoryid='189',
        contentpartnerid='c324',countrycode='IN',startdate='',enddate='',updated_at='2018-01-23',shortdescription='',
        director='',producer='',cast='',crew='',sub_genre='',language='',pgrating='',video_status='active' where entryid='0_pp5n03jh'
23/01/2018 11:27:57 | SUCCESS | Updtate MetaData(0_eh4vdloi) | By-Adosphere_ott488 | update entry set name='Ancient Holy ancient Church',thumbnail='http://ott.planetcast.in/p/108/sp/10800/thumbnail/entry_id/0_eh4vdloi/version/100012',longdescription='Watch ancient holy ancient church.',duration='8',type='1',tag='church, priest, holy, holy videos, churches, ancient monuments, monuments, amazing places, different places, ancient',category='MOVIES>SHORT FILMS>ENGLISH,ON DEMAND>INFOTAINMENT>HERITAGE',categoryid='188,202',
        contentpartnerid='',countrycode='null',startdate='',enddate='',updated_at='2018-01-23',shortdescription='Watch ancient holy ancient church.',
        director='',producer='',cast='',crew='',sub_genre='',language='',pgrating='',video_status='active' where entryid='0_eh4vdloi'
23/01/2018 11:28:03 | SUCCESS | Updtate MetaData(0_roac2t71) | By-Adosphere_ott488 | update entry set name='Butterfly | Cute Animal',thumbnail='http://ott.planetcast.in/p/108/sp/10800/thumbnail/entry_id/0_roac2t71/version/100002',longdescription='',duration='9',type='1',tag='animal, butterfly, cute, aw2018',category='ON DEMAND>ANIMALS>TINY FLY',categoryid='199',
        contentpartnerid='',countrycode='null',startdate='',enddate='',updated_at='2018-01-23',shortdescription='',
        director='',producer='',cast='',crew='',sub_genre='',language='',pgrating='',video_status='active' where entryid='0_roac2t71'
23/01/2018 11:28:20 | SUCCESS | Home Setting active(HomeID:13,Status:active) | By-Adosphere_ott488 | 
23/01/2018 11:28:33 | SUCCESS | Add New HomeSettingTag(AUTOPEDIA) | By-Adosphere_ott488 | 
23/01/2018 11:29:00 | SUCCESS | Updtate MetaData(0_lwuzxved) | By-Adosphere_ott488 | update entry set name='Cars - 1900.mp4',thumbnail='http://ott.planetcast.in/p/108/sp/10800/thumbnail/entry_id/0_lwuzxved/version/100002',longdescription='Cars sample video',duration='60',type='1',tag='cars, test, video, ap2018',category='ON DEMAND>AUTOMOBILE>FURY ROAD',categoryid='196',
        contentpartnerid='',countrycode='IN',startdate='',enddate='',updated_at='2018-01-23',shortdescription='Cars sample video',
        director='',producer='',cast='',crew='',sub_genre='Automation',language='',pgrating='u',video_status='active' where entryid='0_lwuzxved'
23/01/2018 11:29:14 | SUCCESS | Updtate MetaData(0_z9n75q22) | By-Adosphere_ott488 | update entry set name='Big Buck Bunny | Animation',thumbnail='http://ott.planetcast.in/p/108/sp/10800/thumbnail/entry_id/0_z9n75q22/version/100002',longdescription='Watch animated movie Big Bug Bunny (2008) where a giant gentle rabbit finds his morning walk being disturbed by rodents who kill his two personal lovable butterflies.',duration='596',type='1',tag='movies, test, movie, full, film, english, journey, life, drama, action, animation, cartoon, animated, famous, popular, latest, free, picture, big, buck, bunny, buterfly, flies, fly, insects, bear',category='ON DEMAND>KIDS>ANIMATION',categoryid='191',
        contentpartnerid='',countrycode='IN',startdate='',enddate='',updated_at='2018-01-23',shortdescription='Watch animated movie Big Bug Bunny (2008) where a giant gentle rabbit finds his morning walk being disturbed by rodents who kill his two personal lovable butterflies.',
        director='',producer='',cast='',crew='',sub_genre='Animation',language='English',pgrating='U',video_status='active' where entryid='0_z9n75q22'
23/01/2018 11:31:38 | SUCCESS | Save New video(0_0myzuf1v) | By-Adosphere_ott488 | 
23/01/2018 11:32:35 | SUCCESS | Save New video(0_kiy1ju7y) | By-Adosphere_ott488 | 
23/01/2018 11:32:58 | SUCCESS | Bulk Add Category(0_0myzuf1v,201) | By-Adosphere_ott488 | update entry set category='ON DEMAND>INFOTAINMENT>NATURE', categoryid='201' where entryid='0_0myzuf1v' 
23/01/2018 11:33:33 | SUCCESS | Bulk Add Category(0_kiy1ju7y,188) | By-Adosphere_ott488 | update entry set category='MOVIES>SHORT FILMS>ENGLISH', categoryid='188' where entryid='0_kiy1ju7y' 
23/01/2018 11:34:13 | SUCCESS | Save Thumbnail(0_kiy1ju7y) | By-Adosphere_ott488 | 
23/01/2018 11:34:53 | SUCCESS | Save Thumbnail(0_0myzuf1v) | By-Adosphere_ott488 | 
23/01/2018 11:35:38 | SUCCESS | Updtate MetaData(0_0myzuf1v) | By-Adosphere_ott488 | update entry set name='Nature site scenes - Waterfall',thumbnail='http://ott.planetcast.in/p/108/sp/10800/thumbnail/entry_id/0_0myzuf1v/version/100012',longdescription='Watch nature site scenes and its beauty.',duration='21',type='1',tag='waterfall, water',category='ON DEMAND>INFOTAINMENT>NATURE',categoryid='201',
        contentpartnerid='',countrycode='null',startdate='',enddate='',updated_at='2018-01-23',shortdescription='',
        director='',producer='',cast='',crew='',sub_genre='',language='',pgrating='',video_status='active' where entryid='0_0myzuf1v'
23/01/2018 12:00:01 | ERROR-SQL | Lost connection to MySQL server during query | By-Adosphere_ott488 | Insert into entry(entryid,name,thumbnail,longdescription,type,tag,status,ispremium,created_at,video_status)
   values('0_yyar11en','Elephants Dream.mp4','http://ott.planetcast.in/p/108/sp/10800/thumbnail/entry_id/0_yyar11en/version/0','','1','','1','0','2018-01-23','active')
23/01/2018 12:02:14 | SUCCESS | Save New video(0_hwwfpfcu) | By-Adosphere_ott488 | 
23/01/2018 12:05:20 | SUCCESS | Save New video(0_s1rlqogr) | By-Adosphere_ott488 | 
23/01/2018 12:05:50 | SUCCESS | Save New video(0_ub3yh1ld) | By-Adosphere_ott488 | 
23/01/2018 12:06:38 | SUCCESS | Save New video(0_apwk10hv) | By-Adosphere_ott488 | 
23/01/2018 12:09:01 | ERROR-SQL | Lost connection to MySQL server during query | By-Adosphere_ott488 | Insert into entry(entryid,name,thumbnail,longdescription,type,tag,status,ispremium,created_at,video_status)
   values('0_rurtt5fw','Cosmos Laundromat - First Cycle. Official Blender Foundation release..mp4','http://ott.planetcast.in/p/108/sp/10800/thumbnail/entry_id/0_rurtt5fw/version/0','','1','','1','0','2018-01-23','active')
23/01/2018 12:10:17 | ERROR-SQL | Lost connection to MySQL server during query | By-Adosphere_ott488 | Insert into entry(entryid,name,thumbnail,longdescription,type,tag,status,ispremium,created_at,video_status)
   values('0_ljg8w25l','Cosmos Laundromat - First Cycle. Official Blender Foundation release..mp4','http://ott.planetcast.in/p/108/sp/10800/thumbnail/entry_id/0_ljg8w25l/version/0','','1','','1','0','2018-01-23','active')
23/01/2018 12:10:38 | SUCCESS | Delete Video entry(0_ljg8w25l) | By-Adosphere_ott488 | 
23/01/2018 12:11:17 | SUCCESS | Save New video(0_0kbtq54h) | By-Adosphere_ott488 | 
23/01/2018 12:11:55 | SUCCESS | Save New video(0_qbm9j07x) | By-Adosphere_ott488 | 
23/01/2018 12:12:34 | SUCCESS | Save New video(0_ocu51bec) | By-Adosphere_ott488 | 
23/01/2018 12:13:50 | SUCCESS | Save New video(0_q2axxgjg) | By-Adosphere_ott488 | 
23/01/2018 12:16:36 | ERROR-SQL | Lost connection to MySQL server during query | By-Adosphere_ott488 | Insert into entry(entryid,name,thumbnail,longdescription,type,tag,status,ispremium,created_at,video_status)
   values('0_bq2wxl6l','Sintel OFFICIAL _ FULL MOVIE (2010) Blender open movie project.mp4','http://ott.planetcast.in/p/108/sp/10800/thumbnail/entry_id/0_bq2wxl6l/version/0','','1','','1','0','2018-01-23','active')
23/01/2018 12:17:17 | SUCCESS | Save New video(0_0lj798do) | By-Adosphere_ott488 | 
23/01/2018 12:17:47 | SUCCESS | Save New video(0_uemmz493) | By-Adosphere_ott488 | 
23/01/2018 12:18:20 | SUCCESS | Save New video(0_v4o4yike) | By-Adosphere_ott488 | 
23/01/2018 12:18:49 | SUCCESS | Save New video(0_qeex7dlv) | By-Adosphere_ott488 | 
23/01/2018 12:19:12 | SUCCESS | Save New video(0_xbtnvr6x) | By-Adosphere_ott488 | 
23/01/2018 12:20:48 | ERROR-SQL | Lost connection to MySQL server during query | By-Adosphere_ott488 | Insert into entry(entryid,name,thumbnail,longdescription,type,tag,status,ispremium,created_at,video_status)
   values('0_m9dqx58k','Tears of Steel - 4k version (in HD) - Blender Foundation channel.mp4','http://ott.planetcast.in/p/108/sp/10800/thumbnail/entry_id/0_m9dqx58k/version/0','','1','','1','0','2018-01-23','active')
23/01/2018 12:20:51 | SUCCESS | Updtate MetaData(0_0myzuf1v) | By-Adosphere_ott488 | update entry set name='Nature site scenes - Waterfall',thumbnail='http://ott.planetcast.in/p/108/sp/10800/thumbnail/entry_id/0_0myzuf1v/version/100012',longdescription='Watch nature site scenes and its beauty.',duration='21',type='1',tag='watefall, ocean sea, vie, water view, falls, huge waterfall, water life, depth, amazingfalls, calm videos, waterfalls, water, amazing world video, destination, places, water places, site scenes, viewsite, site',category='ON DEMAND>INFOTAINMENT>NATURE',categoryid='201',
        contentpartnerid='',countrycode='IN',startdate='',enddate='',updated_at='2018-01-23',shortdescription='Watch nature site scenes and its beauty.',
        director='',producer='',cast='',crew='',sub_genre='Nature',language='',pgrating='U',video_status='inactive' where entryid='0_0myzuf1v'
23/01/2018 12:21:32 | SUCCESS | Save New video(0_349rdhty) | By-Adosphere_ott488 | 
23/01/2018 12:21:53 | SUCCESS | Save New video(0_cgnd5nbq) | By-Adosphere_ott488 | 
23/01/2018 12:22:27 | SUCCESS | Save New video(0_gnih94d2) | By-Adosphere_ott488 | 
23/01/2018 12:22:48 | SUCCESS | Save New video(0_ery3fhc8) | By-Adosphere_ott488 | 
23/01/2018 12:23:45 | SUCCESS | Save New video(0_lvchswgr) | By-Adosphere_ott488 | 
23/01/2018 12:24:05 | SUCCESS | Save New video(0_kkt42phy) | By-Adosphere_ott488 | 
23/01/2018 12:27:29 | SUCCESS | save Category thumb | By-Adosphere_ott488 | UPDATE category_thumb_icon_url SET host_url_thumb='http://cdnadosphere.planetcast.in',t_original_url='/adosphere/data/adosphere_ott488/upload_thumb/I3QVNB7IW212.jpg',
t_small_url='/adosphere/data/adosphere_ott488/upload_thumb/320_I3QVNB7IW212.jpg',t_mediam_url='/adosphere/data/adosphere_ott488/upload_thumb/380_I3QVNB7IW212.jpg',t_large_url='/adosphere/data/adosphere_ott488/upload_thumb/480_I3QVNB7IW212.jpg',
t_custom_url='/adosphere/data/adosphere_ott488/upload_thumb/720_I3QVNB7IW212.jpg',updated_at=NOW() where category_id='189'
23/01/2018 12:28:15 | SUCCESS | Updtate MetaData(0_lvchswgr) | By-Adosphere_ott488 | update entry set name='Wedding melodious diary',thumbnail='http://ott.planetcast.in/p/108/sp/10800/thumbnail/entry_id/0_lvchswgr/version/100002',longdescription='Watch wedding diary of a couple.\r\n',duration='14',type='1',tag='groom, wedding video, wedding diary, story, wedding story, couple videos, amazing wedding, amazing world video',category='',categoryid='',
        contentpartnerid='c324',countrycode='IN',startdate='',enddate='',updated_at='2018-01-23',shortdescription='',
        director='',producer='',cast='',crew='',sub_genre='',language='',pgrating='',video_status='active' where entryid='0_lvchswgr'
23/01/2018 12:29:23 | SUCCESS | Updtate MetaData(0_lvchswgr) | By-Adosphere_ott488 | update entry set name='Wedding melodious diary',thumbnail='http://ott.planetcast.in/p/108/sp/10800/thumbnail/entry_id/0_lvchswgr/version/100002',longdescription='Watch wedding diary of a couple.\r\n',duration='14',type='1',tag='groom, wedding video, wedding diary, story, wedding story, couple videos, amazing wedding, amazing world video',category='ON DEMAND>INFOTAINMENT>HERITAGE',categoryid='202',
        contentpartnerid='c324',countrycode='IN',startdate='',enddate='',updated_at='2018-01-23',shortdescription='',
        director='',producer='',cast='',crew='',sub_genre='',language='',pgrating='',video_status='active' where entryid='0_lvchswgr'
23/01/2018 12:34:07 | SUCCESS | Create New Category(ANIMAL WORLD) | By-Adosphere_ott488 | insert into categories(category_id,parent_id,dept,partner_id,cat_name,fullname,fullids,entry_count,direct_sub_categories_count,description,tags,created_at,updated_at,duser_id,priority,direct_entries_count) 
Select '203','187','2','108','ANIMAL WORLD','ON DEMAND>ANIMALS>ANIMAL WORLD','183>187>203','0','0','','',NOW(),Now(),'97',ifnull(max(priority),0)+1,'0' from categories
23/01/2018 12:36:19 | SUCCESS | Updtate MetaData(0_ery3fhc8) | By-Adosphere_ott488 | update entry set name='Nature site scenes - Waterfall ',thumbnail='http://ott.planetcast.in/p/108/sp/10800/thumbnail/entry_id/0_ery3fhc8/version/100002',longdescription='Watch nature site scenes and its beauty.\r\nwater view  xfalls  xhuge waterfall  xwater life  xdepth  xamazing falls  xcalm viideos  xwaterfalls  xwater  xamazing world video  xdestination  xplaces  xwater places  xsite scenes  xview site  xsite',duration='10',type='1',tag='waterfalls, septh, amazing falls, calm videos, water, amazing world video, destination, places, water places, site scenes, view site, site',category='ON DEMAND>INFOTAINMENT>NATURE',categoryid='201',
        contentpartnerid='c324',countrycode='IN',startdate='',enddate='',updated_at='2018-01-23',shortdescription='',
        director='',producer='',cast='',crew='',sub_genre='',language='',pgrating='',video_status='active' where entryid='0_ery3fhc8'
23/01/2018 12:40:10 | SUCCESS | Updtate MetaData(0_kkt42phy) | By-Adosphere_ott488 | update entry set name='Winter season with snow ',thumbnail='http://ott.planetcast.in/p/108/sp/10800/thumbnail/entry_id/0_kkt42phy/version/100002',longdescription='Watch winter season view with full snow around the ground and take leisure to view the snowy weather.\r\nwinter  xseason  xstreet videos  xsnow  xsnowfall  xwinter videos  xcar  xtruck  xwinter snow  xweather',duration='15',type='1',tag='winter, season, street videos, snow, snowfall, winter videos, car, truck, winter snow, weather',category='ON DEMAND>INFOTAINMENT>NATURE',categoryid='201',
        contentpartnerid='c324',countrycode='IN',startdate='',enddate='',updated_at='2018-01-23',shortdescription='',
        director='',producer='',cast='',crew='',sub_genre='',language='',pgrating='',video_status='active' where entryid='0_kkt42phy'
23/01/2018 12:42:59 | SUCCESS | Create New Category(AMAZING WORLD) | By-Adosphere_ott488 | insert into categories(category_id,parent_id,dept,partner_id,cat_name,fullname,fullids,entry_count,direct_sub_categories_count,description,tags,created_at,updated_at,duser_id,priority,direct_entries_count) 
Select '204','200','2','108','AMAZING WORLD','ON DEMAND>INFOTAINMENT>AMAZING WORLD','183>200>204','0','0','','',NOW(),Now(),'97',ifnull(max(priority),0)+1,'0' from categories
23/01/2018 12:44:22 | SUCCESS | Create New Category(AMAZING PLACES) | By-Adosphere_ott488 | insert into categories(category_id,parent_id,dept,partner_id,cat_name,fullname,fullids,entry_count,direct_sub_categories_count,description,tags,created_at,updated_at,duser_id,priority,direct_entries_count) 
Select '205','200','2','108','AMAZING PLACES','ON DEMAND>INFOTAINMENT>AMAZING PLACES','183>200>205','0','0','','',NOW(),Now(),'97',ifnull(max(priority),0)+1,'0' from categories
23/01/2018 12:44:55 | SUCCESS | Updtate MetaData(0_gnih94d2) | By-Adosphere_ott488 | update entry set name='Natural Waterfall',thumbnail='http://ott.planetcast.in/p/108/sp/10800/thumbnail/entry_id/0_gnih94d2/version/100002',longdescription='Watch the most powerful  huge waterfall in Iceland i.e Dettifoss which runoff the color of water as greyish white.\r\n',duration='28',type='1',tag='natural, waterfall, ocean sea, view, water view, falls, white, greyish white, huge waterfall, tarmac road, water, liquid, water life, depth, amazing falls, calm videos, waterfalls, amazing world video',category='ON DEMAND>INFOTAINMENT>NATURE',categoryid='201',
        contentpartnerid='c324',countrycode='IN',startdate='',enddate='',updated_at='2018-01-23',shortdescription='',
        director='',producer='',cast='',crew='',sub_genre='',language='',pgrating='',video_status='active' where entryid='0_gnih94d2'
23/01/2018 12:46:46 | SUCCESS | Create New Category(LUXURY CARS) | By-Adosphere_ott488 | insert into categories(category_id,parent_id,dept,partner_id,cat_name,fullname,fullids,entry_count,direct_sub_categories_count,description,tags,created_at,updated_at,duser_id,priority,direct_entries_count) 
Select '206','192','2','108','LUXURY CARS','ON DEMAND>AUTOMOBILE>LUXURY CARS','183>192>206','0','0','','',NOW(),Now(),'97',ifnull(max(priority),0)+1,'0' from categories
23/01/2018 12:47:09 | SUCCESS | Updtate MetaData(0_cgnd5nbq) | By-Adosphere_ott488 | update entry set name='Nature \'s beauty Water ',thumbnail='http://ott.planetcast.in/p/108/sp/10800/thumbnail/entry_id/0_cgnd5nbq/version/100002',longdescription='Watch Nature\'s beauty water.\r\n',duration='10',type='1',tag='water, narure, resources, natural resources, rock, waterfall, river, sound water, water sound',category='ON DEMAND>INFOTAINMENT>NATURE',categoryid='201',
        contentpartnerid='c324',countrycode='IN',startdate='',enddate='',updated_at='2018-01-23',shortdescription='',
        director='',producer='',cast='',crew='',sub_genre='',language='',pgrating='',video_status='active' where entryid='0_cgnd5nbq'
23/01/2018 12:50:33 | SUCCESS | save Category thumb | By-Adosphere_ott488 | UPDATE category_thumb_icon_url SET host_url_thumb='http://cdnadosphere.planetcast.in',t_original_url='/adosphere/data/adosphere_ott488/upload_thumb/4WPPLX9EQV9N.jpg',
t_small_url='/adosphere/data/adosphere_ott488/upload_thumb/320_4WPPLX9EQV9N.jpg',t_mediam_url='/adosphere/data/adosphere_ott488/upload_thumb/380_4WPPLX9EQV9N.jpg',t_large_url='/adosphere/data/adosphere_ott488/upload_thumb/480_4WPPLX9EQV9N.jpg',
t_custom_url='/adosphere/data/adosphere_ott488/upload_thumb/720_4WPPLX9EQV9N.jpg',updated_at=NOW() where category_id='197'
23/01/2018 12:51:34 | SUCCESS | Updtate MetaData(0_349rdhty) | By-Adosphere_ott488 | update entry set name='Ancient Monumental Triumphal Arch ',thumbnail='http://ott.planetcast.in/p/108/sp/10800/thumbnail/entry_id/0_349rdhty/version/100002',longdescription='Watch ancient monument structure which consist of two massive piers connected by an arch.\r\n',duration='14',type='1',tag='ep2017, monument, arch, ancient, ancient places, titus, buildings structures, triumphal, arched, rome, monuments',category='ON DEMAND>INFOTAINMENT>AMAZING PLACES',categoryid='205',
        contentpartnerid='c324',countrycode='IN',startdate='',enddate='',updated_at='2018-01-23',shortdescription='',
        director='',producer='',cast='',crew='',sub_genre='',language='',pgrating='',video_status='active' where entryid='0_349rdhty'
23/01/2018 12:53:12 | SUCCESS | Create New Category(EXTREME SPORTS) | By-Adosphere_ott488 | insert into categories(category_id,parent_id,dept,partner_id,cat_name,fullname,fullids,entry_count,direct_sub_categories_count,description,tags,created_at,updated_at,duser_id,priority,direct_entries_count) 
Select '207','183','1','108','EXTREME SPORTS','ON DEMAND>EXTREME SPORTS','183>207','0','0','','',NOW(),Now(),'97',ifnull(max(priority),0)+1,'0' from categories
23/01/2018 12:54:39 | SUCCESS | Create New Category(NO LIMIT) | By-Adosphere_ott488 | insert into categories(category_id,parent_id,dept,partner_id,cat_name,fullname,fullids,entry_count,direct_sub_categories_count,description,tags,created_at,updated_at,duser_id,priority,direct_entries_count) 
Select '208','207','2','108','NO LIMIT','ON DEMAND>EXTREME SPORTS>NO LIMIT','183>207>208','0','0','','',NOW(),Now(),'97',ifnull(max(priority),0)+1,'0' from categories
23/01/2018 12:55:17 | SUCCESS | Updtate MetaData(0_m9dqx58k) | By-Adosphere_ott488 | update entry set name='Tears of Steel | Science Fiction',thumbnail='http://ott.planetcast.in/p/108/sp/10800/thumbnail/entry_id/0_m9dqx58k/version/100002',longdescription='Watch the science fiction short film, where a group of scientists and soldiers take refuges \r\nin Amsterdam to stop army robots who threatens the planet.\r\nenglish  xshort  xfilm  xmovie  xtear  xsteel  xscience  xfiction  xsoldiers  xrefuge  xian  xhubert  xton  xroosendaal  xarmy  xrobots  xderek  xde  xlint  xsergio  xmovies  xfilms  xsci  xfi  xamsterdam  xsoldier  xscientist  xplanet  xhasselbaink ',duration='734',type='1',tag='english, short, film, movie, movies, tear, steel, science, fiction, soldiers, refuge, ian, hubert, ton, roosendaal, army, robots, derek, de, lint, films, sci, fi, amsterdam, soldier, scientist, planet, hasselbaink',category='MOVIES>SHORT FILMS>ENGLISH',categoryid='188',
        contentpartnerid='c324',countrycode='IN',startdate='',enddate='',updated_at='2018-01-23',shortdescription='',
        director='',producer='',cast='',crew='',sub_genre='',language='',pgrating='',video_status='active' where entryid='0_m9dqx58k'
23/01/2018 12:55:35 | SUCCESS | Create New Category(BEYOND) | By-Adosphere_ott488 | insert into categories(category_id,parent_id,dept,partner_id,cat_name,fullname,fullids,entry_count,direct_sub_categories_count,description,tags,created_at,updated_at,duser_id,priority,direct_entries_count) 
Select '209','207','2','108','BEYOND','ON DEMAND>EXTREME SPORTS>BEYOND','183>207>209','0','0','','',NOW(),Now(),'97',ifnull(max(priority),0)+1,'0' from categories
23/01/2018 12:56:34 | SUCCESS | save Category thumb | By-Adosphere_ott488 | UPDATE category_thumb_icon_url SET host_url_thumb='http://cdnadosphere.planetcast.in',t_original_url='/adosphere/data/adosphere_ott488/upload_thumb/T1ROKLZGR3CE.JPG',
t_small_url='/adosphere/data/adosphere_ott488/upload_thumb/320_T1ROKLZGR3CE.JPG',t_mediam_url='/adosphere/data/adosphere_ott488/upload_thumb/380_T1ROKLZGR3CE.JPG',t_large_url='/adosphere/data/adosphere_ott488/upload_thumb/480_T1ROKLZGR3CE.JPG',
t_custom_url='/adosphere/data/adosphere_ott488/upload_thumb/720_T1ROKLZGR3CE.JPG',updated_at=NOW() where category_id='191'
23/01/2018 12:57:31 | SUCCESS | delete Category(191) | By-Adosphere_ott488 | DELETE FROM categories where category_id='191'
23/01/2018 12:57:39 | SUCCESS | delete Category(190) | By-Adosphere_ott488 | DELETE FROM categories where category_id='190'
23/01/2018 13:00:10 | SUCCESS | Create New Category(DANCE) | By-Adosphere_ott488 | insert into categories(category_id,parent_id,dept,partner_id,cat_name,fullname,fullids,entry_count,direct_sub_categories_count,description,tags,created_at,updated_at,duser_id,priority,direct_entries_count) 
Select '210','183','1','108','DANCE','ON DEMAND>DANCE','183>210','0','0','','',NOW(),Now(),'97',ifnull(max(priority),0)+1,'0' from categories
23/01/2018 13:01:24 | SUCCESS | Create New Category(WARM UPS) | By-Adosphere_ott488 | insert into categories(category_id,parent_id,dept,partner_id,cat_name,fullname,fullids,entry_count,direct_sub_categories_count,description,tags,created_at,updated_at,duser_id,priority,direct_entries_count) 
Select '211','210','2','108','WARM UPS','ON DEMAND>DANCE>WARM UPS','183>210>211','0','0','','',NOW(),Now(),'97',ifnull(max(priority),0)+1,'0' from categories
23/01/2018 13:02:04 | SUCCESS | Updtate MetaData(0_xbtnvr6x) | By-Adosphere_ott488 | update entry set name='Riders Stunt | Bike Sport',thumbnail='http://ott.planetcast.in/p/108/sp/10800/thumbnail/entry_id/0_xbtnvr6x/version/100002',longdescription='Watch breathe taking bike riders stunt sport.\r\n',duration='10',type='1',tag='ap2017, led, crosscart, led bike, led lights, lighting automobiles, automobiles, amazing creation, automobile creation, technology, racing snow, racing stunt, stunt, automobile stunt, speed of led, led speed, bike, bike stunt, bike stunt snow, snow bike stunt, stunt freaks team, led car design, led bike design, stunt freaks, stunt finish line, bike stunt finish line, bike finish line, tron races, latest stunt strapped, strapped stunt, strapped bike stunt, light bike, iconic sci fi, bikes, bike stunts, bike fly, wheelies, bike board, bike rider, rider, stunts, bike sports, bike ride',category='ON DEMAND>EXTREME SPORTS>NO LIMIT',categoryid='208',
        contentpartnerid='c324',countrycode='IN',startdate='',enddate='',updated_at='2018-01-23',shortdescription='',
        director='',producer='',cast='',crew='',sub_genre='',language='',pgrating='',video_status='active' where entryid='0_xbtnvr6x'
23/01/2018 13:03:24 | SUCCESS | Create New Category(CONTEMPORARY) | By-Adosphere_ott488 | insert into categories(category_id,parent_id,dept,partner_id,cat_name,fullname,fullids,entry_count,direct_sub_categories_count,description,tags,created_at,updated_at,duser_id,priority,direct_entries_count) 
Select '212','207','2','108','CONTEMPORARY','ON DEMAND>EXTREME SPORTS>CONTEMPORARY','183>207>212','0','0','','',NOW(),Now(),'97',ifnull(max(priority),0)+1,'0' from categories
23/01/2018 13:05:20 | SUCCESS | Updtate MetaData(0_qeex7dlv) | By-Adosphere_ott488 | update entry set name='High quality Street view',thumbnail='http://ott.planetcast.in/p/108/sp/10800/thumbnail/entry_id/0_qeex7dlv/version/100002',longdescription='Watch the traditional third season Autumn where deciduous trees lose their leaves.\r\n',duration='17',type='1',tag='ep2017, tree, leaf, leaves, autumn, street, car, road, bike, third season, trees leaf, lose leaf, street view, street life, places, amazed, visit places, info places, site view',category='ON DEMAND>INFOTAINMENT>AMAZING PLACES',categoryid='205',
        contentpartnerid='c324',countrycode='IN',startdate='',enddate='',updated_at='2018-01-23',shortdescription='',
        director='',producer='',cast='',crew='',sub_genre='',language='',pgrating='',video_status='active' where entryid='0_qeex7dlv'
23/01/2018 13:08:14 | SUCCESS | Updtate MetaData(0_v4o4yike) | By-Adosphere_ott488 | update entry set name='Cute Animal Squirrel on tree',thumbnail='http://ott.planetcast.in/p/108/sp/10800/thumbnail/entry_id/0_v4o4yike/version/100002',longdescription='Watch the video of cute tiny animal Squirrel eating on tree.\r\naw2017  xtree  xgreen  xforest  xanimal  xsquirrel  xpeanut  xwalnut  xsquirrel eating  xcute  xcute animal  xlittle  xlittle animal  xtiny animal ',duration='25',type='1',tag='aw2017, tree, green, forest, animal, squirrel, peanut, walnut, squirrel eating, cute, cute animal, little, little animal, tiny animal',category='ON DEMAND>ANIMALS>INDOOR PET',categoryid='198',
        contentpartnerid='c324',countrycode='IN',startdate='',enddate='',updated_at='2018-01-23',shortdescription='',
        director='',producer='',cast='',crew='',sub_genre='',language='',pgrating='',video_status='active' where entryid='0_v4o4yike'
23/01/2018 13:08:26 | SUCCESS | Updtate MetaData(0_kkt42phy) | By-Adosphere_ott488 | update entry set name='Winter season with snow ',thumbnail='http://ott.planetcast.in/p/108/sp/10800/thumbnail/entry_id/0_kkt42phy/version/100012',longdescription='Watch winter season view with full snow around the ground and take leisure to view the snowy weather.',duration='15',type='1',tag='winter, season, street videos, snow, snowfall, winter videos, car, truck, winter snow, weather',category='ON DEMAND>INFOTAINMENT>NATURE',categoryid='201',
        contentpartnerid='c324',countrycode='IN',startdate='',enddate='',updated_at='2018-01-23',shortdescription='',
        director='',producer='',cast='',crew='',sub_genre='',language='',pgrating='',video_status='active' where entryid='0_kkt42phy'
23/01/2018 13:09:04 | SUCCESS | Updtate MetaData(0_lvchswgr) | By-Adosphere_ott488 | update entry set name='Wedding melodious diary',thumbnail='http://ott.planetcast.in/p/108/sp/10800/thumbnail/entry_id/0_lvchswgr/version/100012',longdescription='Watch wedding diary of a couple.\r\n',duration='14',type='1',tag='groom, wedding video, wedding diary, story, wedding story, couple videos, amazing wedding, amazing world video',category='ON DEMAND>INFOTAINMENT>HERITAGE',categoryid='202',
        contentpartnerid='c324',countrycode='IN',startdate='',enddate='',updated_at='2018-01-23',shortdescription='',
        director='',producer='',cast='',crew='',sub_genre='',language='',pgrating='',video_status='active' where entryid='0_lvchswgr'
23/01/2018 13:09:56 | SUCCESS | Save Thumbnail(0_ery3fhc8) | By-Adosphere_ott488 | 
23/01/2018 13:10:12 | SUCCESS | Updtate MetaData(0_ery3fhc8) | By-Adosphere_ott488 | update entry set name='Nature site scenes - Waterfall ',thumbnail='http://ott.planetcast.in/p/108/sp/10800/thumbnail/entry_id/0_ery3fhc8/version/100012',longdescription='Watch nature site scenes and its beauty.',duration='10',type='1',tag='waterfalls, septh, amazing falls, calm videos, water, amazing world video, destination, places, water places, site scenes, view site, site',category='ON DEMAND>INFOTAINMENT>NATURE',categoryid='201',
        contentpartnerid='c324',countrycode='IN',startdate='',enddate='',updated_at='2018-01-23',shortdescription='',
        director='',producer='',cast='',crew='',sub_genre='',language='',pgrating='',video_status='active' where entryid='0_ery3fhc8'
23/01/2018 13:12:01 | SUCCESS | Save Thumbnail(0_gnih94d2) | By-Adosphere_ott488 | 
23/01/2018 13:59:08 | SUCCESS | Save Thumbnail(0_349rdhty) | By-Adosphere_ott488 | 
23/01/2018 14:00:20 | SUCCESS | Save Thumbnail(0_m9dqx58k) | By-Adosphere_ott488 | 
23/01/2018 14:02:37 | SUCCESS | Updtate MetaData(0_xbtnvr6x) | By-Adosphere_ott488 | update entry set name='Riders Stunt | Bike Sport',thumbnail='http://ott.planetcast.in/p/108/sp/10800/thumbnail/entry_id/0_xbtnvr6x/version/100012',longdescription='Watch breathe taking bike riders stunt sport.\r\n',duration='10',type='1',tag='ap2017, led, crosscart, led bike, led lights, lighting automobiles, automobiles, amazing creation, automobile creation, technology, racing snow, racing stunt, stunt, automobile stunt, speed of led, led speed, bike, bike stunt, bike stunt snow, snow bike stunt, stunt freaks team, led car design, led bike design, stunt freaks, stunt finish line, bike stunt finish line, bike finish line, tron races, latest stunt strapped, strapped stunt, strapped bike stunt, light bike, iconic sci fi, bikes, bike stunts, bike fly, wheelies, bike board, bike rider, rider, stunts, bike sports, bike ride',category='ON DEMAND>EXTREME SPORTS>NO LIMIT',categoryid='208',
        contentpartnerid='c324',countrycode='IN',startdate='',enddate='',updated_at='2018-01-23',shortdescription='',
        director='',producer='',cast='',crew='',sub_genre='',language='',pgrating='',video_status='active' where entryid='0_xbtnvr6x'
23/01/2018 14:03:44 | SUCCESS | Save Thumbnail(0_qeex7dlv) | By-Adosphere_ott488 | 
23/01/2018 14:06:15 | SUCCESS | Updtate MetaData(0_uemmz493) | By-Adosphere_ott488 | update entry set name='Social Media and its connectivity',thumbnail='http://ott.planetcast.in/p/108/sp/10800/thumbnail/entry_id/0_uemmz493/version/100002',longdescription='To enjoy the leisure of technology people are busy with the social applications and its feature to stay connected with the world.\r\n',duration='20',type='1',tag='social, media, connect, connectivity, application, facebook, twitter, google, mobile, phone, cell, cellphone, mobile apps, videos',category='ON DEMAND>INFOTAINMENT>AMAZING WORLD',categoryid='204',
        contentpartnerid='c324',countrycode='IN',startdate='',enddate='',updated_at='2018-01-23',shortdescription='',
        director='',producer='',cast='',crew='',sub_genre='',language='',pgrating='',video_status='active' where entryid='0_uemmz493'
23/01/2018 14:08:35 | SUCCESS | Save Thumbnail(0_0lj798do) | By-Adosphere_ott488 | 
23/01/2018 14:09:38 | SUCCESS | Save Thumbnail(0_bq2wxl6l) | By-Adosphere_ott488 | 
23/01/2018 14:10:08 | SUCCESS | Updtate MetaData(0_0lj798do) | By-Adosphere_ott488 | update entry set name='Sheep enjoying in garden',thumbnail='http://ott.planetcast.in/p/108/sp/10800/thumbnail/entry_id/0_0lj798do/version/100012',longdescription='Watch the video where sheep are enjoying in the garden.\r\nsheep  xgarden  xwool  xwoolen  xmammal  xanimal  xfarming  xlamb  xmutton  xdomestic sheep  xdomestic  xsheep wool  x\r\n',duration='57',type='1',tag='sheep, garden, wool, woolen, mammal, animal, farming, lamb, mutton, domestic sheep, domestic, sheep wool',category='ON DEMAND>ANIMALS>ANIMAL WORLD',categoryid='203',
        contentpartnerid='c324',countrycode='IN',startdate='',enddate='',updated_at='2018-01-23',shortdescription='',
        director='',producer='',cast='',crew='',sub_genre='',language='',pgrating='',video_status='active' where entryid='0_0lj798do'
23/01/2018 14:15:19 | SUCCESS | Updtate MetaData(0_bq2wxl6l) | By-Adosphere_ott488 | update entry set name='Sintel - Story of a girl',thumbnail='http://ott.planetcast.in/p/108/sp/10800/thumbnail/entry_id/0_bq2wxl6l/version/100012',longdescription='The movie started production in September 2009 and was premiered at the Netherlands Film Festival at the end of September 2010. With a much larger team and with bigger budget,film has found much acclaim on the web; story telling and editing were top priorities for the team.\r\n\r\n',duration='888',type='1',tag='sintel, movies, full movie, girl, english, dragon, warrior, test, full, film, journey, life, drama, action, animation, cartoon, kids, animated, thrill, thrilling, famous, popular, latest, free, films, picture, blender, short, small',category='MOVIES>SHORT FILMS>ENGLISH',categoryid='188',
        contentpartnerid='c324',countrycode='IN',startdate='',enddate='',updated_at='2018-01-23',shortdescription='',
        director='',producer='',cast='',crew='',sub_genre='',language='',pgrating='',video_status='active' where entryid='0_bq2wxl6l'
23/01/2018 14:18:32 | SUCCESS | Updtate MetaData(0_q2axxgjg) | By-Adosphere_ott488 | update entry set name='Korea surrounded by greenery',thumbnail='http://ott.planetcast.in/p/108/sp/10800/thumbnail/entry_id/0_q2axxgjg/version/100002',longdescription='Watch the Korea view surrounded by greenery and traveling facility of train.\r\n',duration='13',type='1',tag='ep2017, green, trees, plants, tree, train, blue train, korea, track, train track, train signal, forest',category='ON DEMAND>INFOTAINMENT>NATURE',categoryid='201',
        contentpartnerid='c324',countrycode='IN',startdate='',enddate='',updated_at='2018-01-23',shortdescription='',
        director='',producer='',cast='',crew='',sub_genre='',language='',pgrating='',video_status='active' where entryid='0_q2axxgjg'
23/01/2018 14:21:19 | SUCCESS | Delete Video entry(0_0myzuf1v) | By-Adosphere_ott488 | 
23/01/2018 14:21:21 | SUCCESS | Delete Video entry(0_4vudeeww) | By-Adosphere_ott488 | 
23/01/2018 14:21:22 | SUCCESS | Delete Video entry(0_eh4vdloi) | By-Adosphere_ott488 | 
23/01/2018 14:21:23 | SUCCESS | Delete Video entry(0_huhejxa7) | By-Adosphere_ott488 | 
23/01/2018 14:21:25 | SUCCESS | Delete Video entry(0_tvblmjzr) | By-Adosphere_ott488 | 
23/01/2018 14:21:26 | SUCCESS | Delete Video entry(0_ak3i3b3j) | By-Adosphere_ott488 | 
23/01/2018 14:21:27 | SUCCESS | Delete Video entry(0_4e5x5kis) | By-Adosphere_ott488 | 
23/01/2018 14:21:29 | SUCCESS | Delete Video entry(0_puvzypt3) | By-Adosphere_ott488 | 
23/01/2018 14:21:30 | SUCCESS | Delete Video entry(0_vwgdm5q8) | By-Adosphere_ott488 | 
23/01/2018 14:21:31 | SUCCESS | Delete Video entry(0_slupirc3) | By-Adosphere_ott488 | 
23/01/2018 14:21:32 | SUCCESS | Delete Video entry(0_jy6jhq8s) | By-Adosphere_ott488 | 
23/01/2018 14:21:34 | SUCCESS | Delete Video entry(0_f9x5wfxd) | By-Adosphere_ott488 | 
23/01/2018 14:21:35 | SUCCESS | Delete Video entry(0_8r5o8nxh) | By-Adosphere_ott488 | 
23/01/2018 14:21:36 | SUCCESS | Delete Video entry(0_jds5ubix) | By-Adosphere_ott488 | 
23/01/2018 14:21:37 | SUCCESS | Delete Video entry(0_k19cf11z) | By-Adosphere_ott488 | 
23/01/2018 14:21:38 | SUCCESS | Delete Video entry(0_pp5n03jh) | By-Adosphere_ott488 | 
23/01/2018 14:21:39 | SUCCESS | Delete Video entry(0_3yhnzqb3) | By-Adosphere_ott488 | 
23/01/2018 14:21:54 | SUCCESS | Updtate MetaData(0_ocu51bec) | By-Adosphere_ott488 | update entry set name='Gliding airplane ',thumbnail='http://ott.planetcast.in/p/108/sp/10800/thumbnail/entry_id/0_ocu51bec/version/100002',longdescription='Watch recreational activity which is an sport in which pilots fly unpowered aircrafts and enjoy the air sport .\r\n\r\n',duration='17',type='1',tag='ep2017, sport, aircraft, air, air sport, glider, gliders, gliding, airplane, aeroplane, sports, fly, amazing fly, fly sport, beyond sports',category='',categoryid='',
        contentpartnerid='c324',countrycode='IN',startdate='',enddate='',updated_at='2018-01-23',shortdescription='',
        director='',producer='',cast='',crew='',sub_genre='',language='',pgrating='',video_status='active' where entryid='0_ocu51bec'
23/01/2018 14:22:30 | SUCCESS | Updtate MetaData(0_ocu51bec) | By-Adosphere_ott488 | update entry set name='Gliding airplane ',thumbnail='http://ott.planetcast.in/p/108/sp/10800/thumbnail/entry_id/0_ocu51bec/version/100002',longdescription='Watch recreational activity which is an sport in which pilots fly unpowered aircrafts and enjoy the air sport .\r\n\r\n',duration='17',type='1',tag='ep2017, sport, aircraft, air, air sport, glider, gliders, gliding, airplane, aeroplane, sports, fly, amazing fly, fly sport, beyond sports',category='ON DEMAND>EXTREME SPORTS>BEYOND',categoryid='209',
        contentpartnerid='c324',countrycode='IN',startdate='',enddate='',updated_at='2018-01-23',shortdescription='',
        director='',producer='',cast='',crew='',sub_genre='',language='',pgrating='',video_status='active' where entryid='0_ocu51bec'
23/01/2018 14:24:52 | SUCCESS | Save New video(0_kfwqxesv) | By-Adosphere_ott488 | 
23/01/2018 14:25:15 | SUCCESS | Save New video(0_5e0hufhk) | By-Adosphere_ott488 | 
23/01/2018 14:25:55 | SUCCESS | Save New video(0_dxh5pm1d) | By-Adosphere_ott488 | 
23/01/2018 14:27:07 | SUCCESS | Updtate MetaData(0_qbm9j07x) | By-Adosphere_ott488 | update entry set name='Rapid Metro Rail of Germany ',thumbnail='http://ott.planetcast.in/p/108/sp/10800/thumbnail/entry_id/0_qbm9j07x/version/100002',longdescription='Watch Germany\'s rapid speed public transport and its performance .\r\nap2017  xgermany  xmetro  xrail  xrailway  xspeed  xmetro speed  xmetro ticket  xticket  xtrains  xunderground  xtravel  xunderground trains  xmetro network  xtransport  xpublic transport  xrapid speed ',duration='29',type='1',tag='ep2017, germany, metro, rail, railway, speed, metro speed, metro ticket, ticket, trains, underground, travel, metro network, transport, public transport, rapid speed',category='ON DEMAND>AUTOMOBILE>FURY ROAD',categoryid='196',
        contentpartnerid='c324',countrycode='IN',startdate='',enddate='',updated_at='2018-01-23',shortdescription='',
        director='',producer='',cast='',crew='',sub_genre='',language='',pgrating='',video_status='active' where entryid='0_qbm9j07x'
23/01/2018 14:27:32 | SUCCESS | Save New video(0_fk8y0n51) | By-Adosphere_ott488 | 
23/01/2018 14:29:05 | ERROR-SQL | Lost connection to MySQL server during query | By-Adosphere_ott488 | Insert into entry(entryid,name,thumbnail,longdescription,type,tag,status,ispremium,created_at,video_status)
   values('0_qjjskxgs','Cars - 1900.mp4','http://ott.planetcast.in/p/108/sp/10800/thumbnail/entry_id/0_qjjskxgs/version/0','','1','','1','0','2018-01-23','active')
23/01/2018 14:29:58 | SUCCESS | Save New video(0_kjpcsq2t) | By-Adosphere_ott488 | 
23/01/2018 14:30:18 | SUCCESS | Save New video(0_0kxwlid8) | By-Adosphere_ott488 | 
23/01/2018 14:30:51 | SUCCESS | Save New video(0_496m2we2) | By-Adosphere_ott488 | 
23/01/2018 14:31:11 | SUCCESS | Save New video(0_22562pmh) | By-Adosphere_ott488 | 
23/01/2018 14:31:56 | SUCCESS | Save New video(0_3iq0a7yg) | By-Adosphere_ott488 | 
23/01/2018 14:33:51 | SUCCESS | Save New video(0_bm58s1xv) | By-Adosphere_ott488 | 
23/01/2018 14:34:15 | SUCCESS | Save New video(0_6n15siqe) | By-Adosphere_ott488 | 
23/01/2018 14:35:13 | SUCCESS | Save New video(0_s32u8h1r) | By-Adosphere_ott488 | 
23/01/2018 14:35:46 | SUCCESS | Save New video(0_8vkci37b) | By-Adosphere_ott488 | 
23/01/2018 14:36:08 | SUCCESS | Save New video(0_mqhzkjtb) | By-Adosphere_ott488 | 
23/01/2018 14:36:48 | SUCCESS | Save New video(0_r0ls3mpn) | By-Adosphere_ott488 | 
23/01/2018 14:37:15 | SUCCESS | Save New video(0_ccedku3u) | By-Adosphere_ott488 | 
23/01/2018 14:38:38 | SUCCESS | Delete Video entry(0_lwuzxved) | By-Adosphere_ott488 | 
23/01/2018 14:39:23 | SUCCESS | Save New video(0_ns3fwsft) | By-Adosphere_ott488 | 
23/01/2018 14:40:08 | SUCCESS | Save New video(0_l5qsbalw) | By-Adosphere_ott488 | 
23/01/2018 14:40:51 | SUCCESS | Save Thumbnail(0_ns3fwsft) | By-Adosphere_ott488 | 
23/01/2018 14:42:19 | SUCCESS | Save Thumbnail(0_ccedku3u) | By-Adosphere_ott488 | 
23/01/2018 14:43:06 | SUCCESS | Save Thumbnail(0_r0ls3mpn) | By-Adosphere_ott488 | 
23/01/2018 14:43:40 | SUCCESS | Save Thumbnail(0_mqhzkjtb) | By-Adosphere_ott488 | 
23/01/2018 14:44:13 | SUCCESS | Save Thumbnail(0_8vkci37b) | By-Adosphere_ott488 | 
23/01/2018 14:44:47 | SUCCESS | Save Thumbnail(0_s32u8h1r) | By-Adosphere_ott488 | 
23/01/2018 14:45:22 | SUCCESS | Save Thumbnail(0_6n15siqe) | By-Adosphere_ott488 | 
23/01/2018 14:47:40 | SUCCESS | Save Thumbnail(0_bm58s1xv) | By-Adosphere_ott488 | 
23/01/2018 14:48:22 | SUCCESS | Save Thumbnail(0_3iq0a7yg) | By-Adosphere_ott488 | 
23/01/2018 14:48:55 | SUCCESS | Save Thumbnail(0_22562pmh) | By-Adosphere_ott488 | 
23/01/2018 14:50:27 | SUCCESS | Save Thumbnail(0_496m2we2) | By-Adosphere_ott488 | 
23/01/2018 14:50:50 | SUCCESS | Save Thumbnail(0_0kxwlid8) | By-Adosphere_ott488 | 
23/01/2018 14:51:16 | SUCCESS | Save Thumbnail(0_kjpcsq2t) | By-Adosphere_ott488 | 
23/01/2018 14:51:56 | SUCCESS | Save Thumbnail(0_qjjskxgs) | By-Adosphere_ott488 | 
23/01/2018 14:52:35 | SUCCESS | Save Thumbnail(0_fk8y0n51) | By-Adosphere_ott488 | 
23/01/2018 14:52:58 | SUCCESS | Save Thumbnail(0_dxh5pm1d) | By-Adosphere_ott488 | 
23/01/2018 14:53:23 | SUCCESS | Save Thumbnail(0_5e0hufhk) | By-Adosphere_ott488 | 
23/01/2018 14:53:53 | SUCCESS | Save Thumbnail(0_kfwqxesv) | By-Adosphere_ott488 | 
23/01/2018 15:19:41 | SUCCESS | Updtate MetaData(0_0kbtq54h) | By-Adosphere_ott488 | update entry set name='Fireworks full of skylight',thumbnail='http://ott.planetcast.in/p/108/sp/10800/thumbnail/entry_id/0_0kbtq54h/version/100002',longdescription='Watch colorful sky with full of lights and sound.The celebrations are not end by raising toast but some are celebrated by blowing fireworks.\r\n\r\nep2017  xfire  xworks  xcracker  xfirework  xlight  xsky  xsky light  xcrackers  xfirelight  xfire light  xcolours  xcolors  xsound  xcracker sound  xblowing cracker  xcelebration  xcelebration cracker  x\r\n',duration='57',type='1',tag='ep2017, fire, works, cracker, firework, light, sky, sky light, crackers, firelight, colours, colors, sound, cracker sound, blowing cracker, celebration, celebration cracker',category='ON DEMAND>INFOTAINMENT>AMAZING PLACES',categoryid='205',
        contentpartnerid='c324',countrycode='IN',startdate='',enddate='',updated_at='2018-01-23',shortdescription='',
        director='',producer='',cast='',crew='',sub_genre='',language='',pgrating='',video_status='active' where entryid='0_0kbtq54h'
23/01/2018 15:25:37 | SUCCESS | Updtate MetaData(0_rurtt5fw) | By-Adosphere_ott488 | update entry set name='Cosmos Laundromat | Animation',thumbnail='http://ott.planetcast.in/p/108/sp/10800/thumbnail/entry_id/0_rurtt5fw/version/100002',longdescription='The story of movie is about a sheep who did suicidal attempt and meet its fate through a quirky salesman.\r\n\r\n',duration='730',type='1',tag='cosmos, laundromat, english, cartoon, kids, movie, film, suicide, island, story, love, berry, gooseberry, fate, salesman, ton, development, test, full, journey, drama, action, animated, famous, popular, latest, free, films, picture, blender, short, movies, small, animation',category='MOVIES>SHORT FILMS>ENGLISH',categoryid='188',
        contentpartnerid='c324',countrycode='IN',startdate='',enddate='',updated_at='2018-01-23',shortdescription='',
        director='',producer='',cast='',crew='',sub_genre='',language='',pgrating='',video_status='active' where entryid='0_rurtt5fw'
23/01/2018 15:27:00 | SUCCESS | Home Setting inactive(HomeID:13,Status:inactive) | By-Adosphere_ott488 | 
23/01/2018 15:28:12 | SUCCESS | Save Thumbnail(0_qbm9j07x) | By-Adosphere_ott488 | 
23/01/2018 15:28:47 | SUCCESS | Save Thumbnail(0_0kbtq54h) | By-Adosphere_ott488 | 
23/01/2018 15:29:31 | SUCCESS | Save Thumbnail(0_rurtt5fw) | By-Adosphere_ott488 | 
23/01/2018 15:31:04 | SUCCESS | Save Thumbnail(0_apwk10hv) | By-Adosphere_ott488 | 
23/01/2018 15:32:04 | SUCCESS | Save Thumbnail(0_ub3yh1ld) | By-Adosphere_ott488 | 
23/01/2018 15:32:55 | SUCCESS | Save Thumbnail(0_s1rlqogr) | By-Adosphere_ott488 | 
23/01/2018 15:34:07 | SUCCESS | Save Thumbnail(0_hwwfpfcu) | By-Adosphere_ott488 | 
23/01/2018 15:34:26 | SUCCESS | Updtate MetaData(0_kfwqxesv) | By-Adosphere_ott488 | update entry set name='Black Bear in the forest',thumbnail='http://ott.planetcast.in/p/108/sp/10800/thumbnail/entry_id/0_kfwqxesv/version/100012',longdescription='Watch Black Bear roaming in the forest.',duration='28',type='1',tag='animal, black, bear, wild, life, wildlife, amazing world, animals, bear life, brown bear close view, bear wild, forest video, brown bear, wild life, living, dangerous, dangerous animal, wild zone, wild life photography',category='ON DEMAND>ANIMALS>ANIMAL WORLD',categoryid='203',
        contentpartnerid='',countrycode='IN',startdate='',enddate='',updated_at='2018-01-23',shortdescription='Watch Black Bear roaming in the forest.',
        director='',producer='',cast='',crew='',sub_genre='Animal',language='',pgrating='U',video_status='active' where entryid='0_kfwqxesv'
23/01/2018 15:34:54 | SUCCESS | Save Thumbnail(0_yyar11en) | By-Adosphere_ott488 | 
23/01/2018 15:35:11 | SUCCESS | Updtate MetaData(0_apwk10hv) | By-Adosphere_ott488 | update entry set name='Dancing moves and music beats',thumbnail='http://ott.planetcast.in/p/108/sp/10800/thumbnail/entry_id/0_apwk10hv/version/100012',longdescription='Watch the enjoyment with friends a street dance.\r\n',duration='60',type='1',tag='dance, move, melody, couple, friend, couple dance, street, enjoy, fun, street dance, beats, music, music beats, friend group dance',category='ON DEMAND>DANCE>WARM UPS',categoryid='211',
        contentpartnerid='c324',countrycode='IN',startdate='',enddate='',updated_at='2018-01-23',shortdescription='',
        director='',producer='',cast='',crew='',sub_genre='',language='',pgrating='',video_status='active' where entryid='0_apwk10hv'
23/01/2018 15:35:42 | SUCCESS | update Slider Detail(0_5e0hufhk,'') | By-Adosphere_ott488 | 
23/01/2018 15:36:12 | SUCCESS | Add New Slider Image(C:\fakepath\banner9.jpg) | By-Adosphere_ott488 | 
23/01/2018 15:37:30 | SUCCESS | Add New Slider Image(C:\fakepath\banne2.jpg) | By-Adosphere_ott488 | 
23/01/2018 15:38:13 | SUCCESS | Add New Slider Image(C:\fakepath\banner67.jpg) | By-Adosphere_ott488 | 
23/01/2018 15:38:29 | SUCCESS | Slider priority Set | By-Adosphere_ott488 | 
23/01/2018 15:38:36 | SUCCESS | Slider priority Set | By-Adosphere_ott488 | 
23/01/2018 15:40:07 | SUCCESS | Add New Slider Image(C:\fakepath\banner12.jpg) | By-Adosphere_ott488 | 
23/01/2018 15:40:12 | SUCCESS | Slider image active(SliderID:84,Status:active) | By-Adosphere_ott488 | 
23/01/2018 15:40:14 | SUCCESS | Slider image active(SliderID:86,Status:active) | By-Adosphere_ott488 | 
23/01/2018 15:40:16 | SUCCESS | Slider image active(SliderID:85,Status:active) | By-Adosphere_ott488 | 
23/01/2018 15:40:19 | SUCCESS | Slider image active(SliderID:87,Status:active) | By-Adosphere_ott488 | 
23/01/2018 15:40:27 | SUCCESS | Updtate MetaData(0_5e0hufhk) | By-Adosphere_ott488 | update entry set name='Beautiful coloured wings of Butterf',thumbnail='http://ott.planetcast.in/p/108/sp/10800/thumbnail/entry_id/0_5e0hufhk/version/100012',longdescription='Watch the beautiful sensitive insect with brightly colorful wings of butterfly.',duration='9',type='1',tag='butterfly, beautiful, colors, colorful, insects, butter, fly, amazing, amazing world, nature, natural, nature view, color, senstive, senstive insects, wings, colorfull wings, arthopoda, catterpiller, polymorpic, lay eggs, moth, moth butterflies, flying, flies',category='',categoryid='',
        contentpartnerid='',countrycode='IN',startdate='',enddate='',updated_at='2018-01-23',shortdescription='Watch the beautiful sensitive insect with brightly colorful wings of butterfly.',
        director='',producer='',cast='',crew='',sub_genre='Insects',language='',pgrating='U',video_status='active' where entryid='0_5e0hufhk'
23/01/2018 15:41:33 | SUCCESS | Updtate MetaData(0_ub3yh1ld) | By-Adosphere_ott488 | update entry set name='Ancient Holy Church ',thumbnail='http://ott.planetcast.in/p/108/sp/10800/thumbnail/entry_id/0_ub3yh1ld/version/100012',longdescription='Watch the video of Holy Church where you can see the architecture beauty and its divine interiors.\r\n\r\nep2017  xchurch  xmonument  xancient  xancient church  xholy  xholy jesus  xjesus  xjesus christ  xbless  xancient places  xancient buildings  xarchitecture  xinterior  xold church  xchrist  xpriest  xjesus mary  xmary',duration='17',type='1',tag='ep2017, church, monument, ancients, ancient church, holy, holy jesus, jesus, jesus christ, bless, ancient places, ancient buildings, architecture, interior, old church, christ, priest, jesus mary, mary',category='ON DEMAND>INFOTAINMENT>AMAZING PLACES',categoryid='205',
        contentpartnerid='c324',countrycode='IN',startdate='',enddate='',updated_at='2018-01-23',shortdescription='',
        director='',producer='',cast='',crew='',sub_genre='',language='',pgrating='',video_status='active' where entryid='0_ub3yh1ld'
23/01/2018 15:41:43 | SUCCESS | Updtate MetaData(0_v4o4yike) | By-Adosphere_ott488 | update entry set name='Cute Animal Squirrel on tree',thumbnail='http://ott.planetcast.in/p/108/sp/10800/thumbnail/entry_id/0_v4o4yike/version/100002',longdescription='Watch the video of cute tiny animal Squirrel eating on tree.',duration='25',type='1',tag='aw2017, tree, green, forest, animal, squirrel, peanut, walnut, squirrel eating, cute, cute animal, little, little animal, tiny animal, aw2018',category='ON DEMAND>ANIMALS>INDOOR PET',categoryid='198',
        contentpartnerid='c324',countrycode='IN',startdate='',enddate='',updated_at='2018-01-23',shortdescription='',
        director='',producer='',cast='',crew='',sub_genre='',language='',pgrating='',video_status='active' where entryid='0_v4o4yike'
23/01/2018 15:42:11 | SUCCESS | Updtate MetaData(0_r0ls3mpn) | By-Adosphere_ott488 | update entry set name='Robin - 6265.mp4',thumbnail='http://ott.planetcast.in/p/108/sp/10800/thumbnail/entry_id/0_r0ls3mpn/version/100012',longdescription='',duration='8',type='1',tag='aw2018',category='',categoryid='',
        contentpartnerid='',countrycode='null',startdate='',enddate='',updated_at='2018-01-23',shortdescription='',
        director='',producer='',cast='',crew='',sub_genre='',language='',pgrating='',video_status='active' where entryid='0_r0ls3mpn'
23/01/2018 15:42:34 | SUCCESS | Updtate MetaData(0_6n15siqe) | By-Adosphere_ott488 | update entry set name='Kitten - 4216.mp4',thumbnail='http://ott.planetcast.in/p/108/sp/10800/thumbnail/entry_id/0_6n15siqe/version/100012',longdescription='',duration='13',type='1',tag='aw2018',category='',categoryid='',
        contentpartnerid='',countrycode='null',startdate='',enddate='',updated_at='2018-01-23',shortdescription='',
        director='',producer='',cast='',crew='',sub_genre='',language='',pgrating='',video_status='active' where entryid='0_6n15siqe'
23/01/2018 15:42:55 | SUCCESS | Updtate MetaData(0_kfwqxesv) | By-Adosphere_ott488 | update entry set name='Black Bear in the forest',thumbnail='http://ott.planetcast.in/p/108/sp/10800/thumbnail/entry_id/0_kfwqxesv/version/100012',longdescription='Watch Black Bear roaming in the forest.',duration='28',type='1',tag='animal, black, bear, wild, life, wildlife, amazing world, animals, bear life, brown bear close view, bear wild, forest video, brown bear, wild life, living, dangerous, dangerous animal, wild zone, wild life photography, aw2018',category='ON DEMAND>ANIMALS>ANIMAL WORLD',categoryid='203',
        contentpartnerid='',countrycode='IN',startdate='',enddate='',updated_at='2018-01-23',shortdescription='Watch Black Bear roaming in the forest.',
        director='',producer='',cast='',crew='',sub_genre='Animal',language='',pgrating='U',video_status='active' where entryid='0_kfwqxesv'
23/01/2018 15:43:30 | SUCCESS | Updtate MetaData(0_fk8y0n51) | By-Adosphere_ott488 | update entry set name='Car Racing - 74.mp4',thumbnail='http://ott.planetcast.in/p/108/sp/10800/thumbnail/entry_id/0_fk8y0n51/version/100012',longdescription='',duration='38',type='1',tag='ap2018',category='',categoryid='',
        contentpartnerid='',countrycode='null',startdate='',enddate='',updated_at='2018-01-23',shortdescription='',
        director='',producer='',cast='',crew='',sub_genre='',language='',pgrating='',video_status='active' where entryid='0_fk8y0n51'
23/01/2018 15:43:57 | SUCCESS | Updtate MetaData(0_qjjskxgs) | By-Adosphere_ott488 | update entry set name='Cars - 1900.mp4',thumbnail='http://ott.planetcast.in/p/108/sp/10800/thumbnail/entry_id/0_qjjskxgs/version/100012',longdescription='',duration='60',type='1',tag='ap2018',category='',categoryid='',
        contentpartnerid='',countrycode='null',startdate='',enddate='',updated_at='2018-01-23',shortdescription='',
        director='',producer='',cast='',crew='',sub_genre='',language='',pgrating='',video_status='active' where entryid='0_qjjskxgs'
23/01/2018 15:44:20 | SUCCESS | Updtate MetaData(0_s1rlqogr) | By-Adosphere_ott488 | update entry set name='Mercedes - 2212.mp4',thumbnail='http://ott.planetcast.in/p/108/sp/10800/thumbnail/entry_id/0_s1rlqogr/version/100012',longdescription='',duration='12',type='1',tag='ap2018',category='',categoryid='',
        contentpartnerid='',countrycode='null',startdate='',enddate='',updated_at='2018-01-23',shortdescription='',
        director='',producer='',cast='',crew='',sub_genre='',language='',pgrating='',video_status='active' where entryid='0_s1rlqogr'
23/01/2018 15:44:38 | SUCCESS | Updtate MetaData(0_hwwfpfcu) | By-Adosphere_ott488 | update entry set name='Motorcycles - 5781.mp4',thumbnail='http://ott.planetcast.in/p/108/sp/10800/thumbnail/entry_id/0_hwwfpfcu/version/100012',longdescription='',duration='57',type='1',tag='ap2018',category='',categoryid='',
        contentpartnerid='',countrycode='null',startdate='',enddate='',updated_at='2018-01-23',shortdescription='',
        director='',producer='',cast='',crew='',sub_genre='',language='',pgrating='',video_status='active' where entryid='0_hwwfpfcu'
23/01/2018 15:45:27 | SUCCESS | Add New HomeSettingTag(LIMITLESS SPORTS) | By-Adosphere_ott488 | 
23/01/2018 15:45:33 | SUCCESS | Updtate MetaData(0_s1rlqogr) | By-Adosphere_ott488 | update entry set name='Luxury Car | Mercedes | Rain',thumbnail='http://ott.planetcast.in/p/108/sp/10800/thumbnail/entry_id/0_s1rlqogr/version/100012',longdescription='Watch the luxurious and expensive car Mercedes driving in rain will entertain most of the car lovers.\r\n\r\n',duration='12',type='1',tag='ep2017, car, luxury, mercedes, merce, luxurious, rain, road, drive, expensive, car lover, mercedes benz, mercedez',category='ON DEMAND>AUTOMOBILE>LUXURY CARS',categoryid='206',
        contentpartnerid='c324',countrycode='IN',startdate='',enddate='',updated_at='2018-01-23',shortdescription='',
        director='',producer='',cast='',crew='',sub_genre='',language='',pgrating='',video_status='active' where entryid='0_s1rlqogr'
23/01/2018 15:46:11 | SUCCESS | Updtate MetaData(0_hwwfpfcu) | By-Adosphere_ott488 | update entry set name='Motorcycles - 5781.mp4',thumbnail='http://ott.planetcast.in/p/108/sp/10800/thumbnail/entry_id/0_hwwfpfcu/version/100012',longdescription='',duration='57',type='1',tag='ls2018',category='',categoryid='',
        contentpartnerid='',countrycode='null',startdate='',enddate='',updated_at='2018-01-23',shortdescription='',
        director='',producer='',cast='',crew='',sub_genre='',language='',pgrating='',video_status='active' where entryid='0_hwwfpfcu'
23/01/2018 15:46:36 | SUCCESS | Updtate MetaData(0_xbtnvr6x) | By-Adosphere_ott488 | update entry set name='Riders Stunt | Bike Sport',thumbnail='http://ott.planetcast.in/p/108/sp/10800/thumbnail/entry_id/0_xbtnvr6x/version/100012',longdescription='Watch breathe taking bike riders stunt sport.\r\n',duration='10',type='1',tag='ap2017, led, crosscart, led bike, led lights, lighting automobiles, automobiles, amazing creation, automobile creation, technology, racing snow, racing stunt, stunt, automobile stunt, speed of led, led speed, bike, bike stunt, bike stunt snow, snow bike stunt, stunt freaks team, led car design, led bike design, stunt freaks, stunt finish line, bike stunt finish line, bike finish line, tron races, latest stunt strapped, strapped stunt, strapped bike stunt, light bike, iconic sci fi, bikes, bike stunts, bike fly, wheelies, bike board, bike rider, rider, stunts, bike sports, bike ride, ls2018',category='ON DEMAND>EXTREME SPORTS>NO LIMIT',categoryid='208',
        contentpartnerid='c324',countrycode='IN',startdate='',enddate='',updated_at='2018-01-23',shortdescription='',
        director='',producer='',cast='',crew='',sub_genre='',language='',pgrating='',video_status='active' where entryid='0_xbtnvr6x'
23/01/2018 15:47:08 | SUCCESS | Updtate MetaData(0_gu3ntr8n) | By-Adosphere_ott488 | update entry set name='Capoeira - 2089.mp4',thumbnail='http://ott.planetcast.in/p/108/sp/10800/thumbnail/entry_id/0_gu3ntr8n/version/100012',longdescription='Capoeria sample video',duration='179',type='1',tag='capoeira, test, video, ls2018',category='ON DEMAND>INFOTAINMENT>NATURE',categoryid='201',
        contentpartnerid='',countrycode='IN',startdate='',enddate='',updated_at='2018-01-23',shortdescription='Capoeria sample video',
        director='',producer='',cast='',crew='',sub_genre='Culture',language='',pgrating='U',video_status='inactive' where entryid='0_gu3ntr8n'
23/01/2018 15:47:11 | SUCCESS | Updtate MetaData(0_dxh5pm1d) | By-Adosphere_ott488 | update entry set name='Sensitive Beautiful and Colorful Bu',thumbnail='http://ott.planetcast.in/p/108/sp/10800/thumbnail/entry_id/0_dxh5pm1d/version/100012',longdescription='Watch the beautiful sensitive insect with brightly colorful wings of butterfly.',duration='41',type='1',tag='butterfly, beautiful, colors, colorful, insects, butter, fly, amazing, amazing world, nature, natural, nature view, color, senstive, senstive insects, wings, colorfull wings, arthopoda, catterpiller, polymorpic, lay eggs, moth, moth butterflies, flying, flies',category='ON DEMAND>ANIMALS>TINY FLY',categoryid='199',
        contentpartnerid='',countrycode='IN',startdate='',enddate='',updated_at='2018-01-23',shortdescription='Watch the beautiful sensitive insect with brightly colorful wings of butterfly.',
        director='',producer='',cast='',crew='',sub_genre='Insects',language='',pgrating='U',video_status='active' where entryid='0_dxh5pm1d'
23/01/2018 15:47:43 | SUCCESS | Updtate MetaData(0_5e0hufhk) | By-Adosphere_ott488 | update entry set name='Beautiful coloured wings of Butterf',thumbnail='http://ott.planetcast.in/p/108/sp/10800/thumbnail/entry_id/0_5e0hufhk/version/100012',longdescription='Watch the beautiful sensitive insect with brightly colorful wings of butterfly.',duration='9',type='1',tag='butterfly, beautiful, colors, colorful, insects, butter, fly, amazing, amazing world, nature, natural, nature view, color, senstive, senstive insects, wings, colorfull wings, arthopoda, catterpiller, polymorpic, lay eggs, moth, moth butterflies, flying, flies',category='ON DEMAND>ANIMALS>TINY FLY',categoryid='199',
        contentpartnerid='',countrycode='IN',startdate='',enddate='',updated_at='2018-01-23',shortdescription='Watch the beautiful sensitive insect with brightly colorful wings of butterfly.',
        director='',producer='',cast='',crew='',sub_genre='Insects',language='',pgrating='U',video_status='active' where entryid='0_5e0hufhk'
23/01/2018 15:48:15 | SUCCESS | Updtate MetaData(0_s32u8h1r) | By-Adosphere_ott488 | update entry set name='Motorcycle - 6098.mp4',thumbnail='http://ott.planetcast.in/p/108/sp/10800/thumbnail/entry_id/0_s32u8h1r/version/100012',longdescription='',duration='13',type='1',tag='ls2018',category='',categoryid='',
        contentpartnerid='',countrycode='null',startdate='',enddate='',updated_at='2018-01-23',shortdescription='',
        director='',producer='',cast='',crew='',sub_genre='',language='',pgrating='',video_status='active' where entryid='0_s32u8h1r'
23/01/2018 15:48:49 | SUCCESS | Add New HomeSettingTag(EPIC PLACES) | By-Adosphere_ott488 | 
23/01/2018 15:48:54 | SUCCESS | Home Setting active(HomeID:14,Status:active) | By-Adosphere_ott488 | 
23/01/2018 15:48:56 | SUCCESS | Home Setting active(HomeID:15,Status:active) | By-Adosphere_ott488 | 
23/01/2018 15:48:59 | SUCCESS | Home Setting active(HomeID:13,Status:active) | By-Adosphere_ott488 | 
23/01/2018 15:49:27 | SUCCESS | Updtate MetaData(0_hwwfpfcu) | By-Adosphere_ott488 | update entry set name='Gang of riders with Motorcycles',thumbnail='http://ott.planetcast.in/p/108/sp/10800/thumbnail/entry_id/0_hwwfpfcu/version/100012',longdescription='Watch the video of motorcycle stunt gang.\r\n\r\n',duration='57',type='1',tag='ep2017, sport, road sport, bike sports, stunt, amazing bikers, rider sport, beyond sports, bikers, motorcycle, cycle, motorcycle stunt, biking, road sports, stunts, wheelies, bike ride',category='ON DEMAND>AUTOMOBILE>DRIFT',categoryid='195',
        contentpartnerid='c324',countrycode='IN',startdate='',enddate='',updated_at='2018-01-23',shortdescription='',
        director='',producer='',cast='',crew='',sub_genre='',language='',pgrating='',video_status='active' where entryid='0_hwwfpfcu'
23/01/2018 15:49:32 | SUCCESS | Updtate MetaData(0_8vkci37b) | By-Adosphere_ott488 | update entry set name='Petrovaradin - 1276.mp4',thumbnail='http://ott.planetcast.in/p/108/sp/10800/thumbnail/entry_id/0_8vkci37b/version/100012',longdescription='',duration='28',type='1',tag='ep2018',category='',categoryid='',
        contentpartnerid='',countrycode='null',startdate='',enddate='',updated_at='2018-01-23',shortdescription='',
        director='',producer='',cast='',crew='',sub_genre='',language='',pgrating='',video_status='active' where entryid='0_8vkci37b'
23/01/2018 15:49:51 | SUCCESS | Updtate MetaData(0_22562pmh) | By-Adosphere_ott488 | update entry set name='Church - 909.mp4',thumbnail='http://ott.planetcast.in/p/108/sp/10800/thumbnail/entry_id/0_22562pmh/version/100012',longdescription='',duration='17',type='1',tag='ep2018',category='',categoryid='',
        contentpartnerid='',countrycode='null',startdate='',enddate='',updated_at='2018-01-23',shortdescription='',
        director='',producer='',cast='',crew='',sub_genre='',language='',pgrating='',video_status='active' where entryid='0_22562pmh'
23/01/2018 15:50:07 | SUCCESS | Updtate MetaData(0_496m2we2) | By-Adosphere_ott488 | update entry set name='Church - 551 (1).mp4',thumbnail='http://ott.planetcast.in/p/108/sp/10800/thumbnail/entry_id/0_496m2we2/version/100012',longdescription='',duration='8',type='1',tag='ep2018',category='',categoryid='',
        contentpartnerid='',countrycode='null',startdate='',enddate='',updated_at='2018-01-23',shortdescription='',
        director='',producer='',cast='',crew='',sub_genre='',language='',pgrating='',video_status='active' where entryid='0_496m2we2'
23/01/2018 15:50:33 | SUCCESS | Updtate MetaData(0_349rdhty) | By-Adosphere_ott488 | update entry set name='Ancient Monumental Triumphal Arch ',thumbnail='http://ott.planetcast.in/p/108/sp/10800/thumbnail/entry_id/0_349rdhty/version/100012',longdescription='Watch ancient monument structure which consist of two massive piers connected by an arch.\r\n',duration='14',type='1',tag='ep2017, monument, arch, ancient, ancient places, titus, buildings structures, triumphal, arched, rome, monuments, ep2018',category='ON DEMAND>INFOTAINMENT>AMAZING PLACES',categoryid='205',
        contentpartnerid='c324',countrycode='IN',startdate='',enddate='',updated_at='2018-01-23',shortdescription='',
        director='',producer='',cast='',crew='',sub_genre='',language='',pgrating='',video_status='active' where entryid='0_349rdhty'
23/01/2018 15:51:11 | SUCCESS | Home Setting active(HomeID:16,Status:active) | By-Adosphere_ott488 | 
23/01/2018 15:53:07 | SUCCESS | Updtate MetaData(0_yyar11en) | By-Adosphere_ott488 | update entry set name='Elephants Dream | Animation | SciFi',thumbnail='http://ott.planetcast.in/p/108/sp/10800/thumbnail/entry_id/0_yyar11en/version/100012',longdescription='Watch animated short film where Emo and Proog are two men exploring a strange industrial world of the future. The film is directed by Bassam Kurdali.\r\n\r\n',duration='653',type='1',tag='movies, test, movie, full, film, english, journey, life, drama, action, animation, cartoon, kids, animated, famous, popular, latest, free, films, picture, big, buck, bunny, butterfly, flies, fly, insects, bear, open, scifi, science, fiction',category='MOVIES>SHORT FILMS>ENGLISH',categoryid='188',
        contentpartnerid='c324',countrycode='IN',startdate='',enddate='',updated_at='2018-01-23',shortdescription='',
        director='',producer='',cast='',crew='',sub_genre='',language='',pgrating='',video_status='active' where entryid='0_yyar11en'
23/01/2018 15:58:49 | SUCCESS | Updtate MetaData(0_6n15siqe) | By-Adosphere_ott488 | update entry set name='Indoor Fury Cute Kitten ',thumbnail='http://ott.planetcast.in/p/108/sp/10800/thumbnail/entry_id/0_6n15siqe/version/100012',longdescription='Watch the video of cute indoor fury pet kitten playing with the toy.',duration='13',type='1',tag='cat, kitten, mammal, cute, pet, dogs, cute pet, indoor pets, animals, fury, fury animal, fury pets, playing, cute moment',category='ON DEMAND>ANIMALS>INDOOR PET',categoryid='198',
        contentpartnerid='',countrycode='IN',startdate='',enddate='',updated_at='2018-01-23',shortdescription='Watch the video of cute indoor fury pet kitten playing with the toy.',
        director='',producer='',cast='',crew='',sub_genre='Pets',language='',pgrating='U',video_status='active' where entryid='0_6n15siqe'
23/01/2018 16:00:38 | SUCCESS | Updtate MetaData(0_kjpcsq2t) | By-Adosphere_ott488 | update entry set name='Cute animal and cute pets - Cat',thumbnail='http://ott.planetcast.in/p/108/sp/10800/thumbnail/entry_id/0_kjpcsq2t/version/100012',longdescription='Watch the video of fury carnivorous mammal indoor pets Cat.',duration='11',type='1',tag='cat, kitten, mammal, cute, pet, dogs, cute pet, indoor pets, animals, fury, fury animal, fury pets, playing, cute moment',category='ON DEMAND>ANIMALS>INDOOR PET',categoryid='198',
        contentpartnerid='',countrycode='IN',startdate='',enddate='',updated_at='2018-01-23',shortdescription='Watch the video of fury carnivorous mammal indoor pets Cat.',
        director='',producer='',cast='',crew='',sub_genre='Pets',language='',pgrating='U',video_status='active' where entryid='0_kjpcsq2t'
23/01/2018 16:02:22 | SUCCESS | Updtate MetaData(0_mqhzkjtb) | By-Adosphere_ott488 | update entry set name='Cute Little Puppy Playing',thumbnail='http://ott.planetcast.in/p/108/sp/10800/thumbnail/entry_id/0_mqhzkjtb/version/100012',longdescription='Watch the soothing surrounding of beach where little puppy is playing in sand.',duration='15',type='1',tag='cat, kitten, mammal, cute, pet, dogs, cute pet, indoor pets, animals, fury, fury animal, fury pets, playing, cute moment',category='ON DEMAND>ANIMALS>INDOOR PET',categoryid='198',
        contentpartnerid='',countrycode='IN',startdate='',enddate='',updated_at='2018-01-23',shortdescription='Watch the soothing surrounding of beach where little puppy is playing in sand.',
        director='',producer='',cast='',crew='',sub_genre='Pets',language='',pgrating='U',video_status='active' where entryid='0_mqhzkjtb'
23/01/2018 16:02:40 | SUCCESS | Updtate MetaData(0_bm58s1xv) | By-Adosphere_ott488 | update entry set name='Helicopter - 6029.mp4',thumbnail='http://ott.planetcast.in/p/108/sp/10800/thumbnail/entry_id/0_bm58s1xv/version/100012',longdescription='',duration='18',type='1',tag='ap2018',category='',categoryid='',
        contentpartnerid='',countrycode='null',startdate='',enddate='',updated_at='2018-01-23',shortdescription='',
        director='',producer='',cast='',crew='',sub_genre='',language='',pgrating='',video_status='active' where entryid='0_bm58s1xv'
23/01/2018 16:02:53 | SUCCESS | Updtate MetaData(0_mqhzkjtb) | By-Adosphere_ott488 | update entry set name='Cute Little Puppy Playing',thumbnail='http://ott.planetcast.in/p/108/sp/10800/thumbnail/entry_id/0_mqhzkjtb/version/100012',longdescription='Watch the soothing surrounding of beach where little puppy is playing in sand.',duration='15',type='1',tag='cat, kitten, mammal, cute, pet, dogs, cute pet, indoor pets, animals, fury, fury animal, fury pets, playing, cute moment, puppy',category='ON DEMAND>ANIMALS>INDOOR PET',categoryid='198',
        contentpartnerid='',countrycode='IN',startdate='',enddate='',updated_at='2018-01-23',shortdescription='Watch the soothing surrounding of beach where little puppy is playing in sand.',
        director='',producer='',cast='',crew='',sub_genre='Pets',language='',pgrating='U',video_status='active' where entryid='0_mqhzkjtb'
23/01/2018 16:03:03 | SUCCESS | Updtate MetaData(0_tz620zd8) | By-Adosphere_ott488 | update entry set name='Heavy Machinery',thumbnail='http://ott.planetcast.in/p/108/sp/10800/thumbnail/entry_id/0_tz620zd8/version/100012',longdescription='Watch the heavy equipment video which is specially designed for construction work.',duration='276',type='1',tag='heavy, machinery, world, famous, technology, ap2018',category='ON DEMAND>AUTOMOBILE>FURY ROAD',categoryid='196',
        contentpartnerid='c324',countrycode='IN',startdate='',enddate='',updated_at='2018-01-23',shortdescription='',
        director='',producer='',cast='',crew='',sub_genre='',language='',pgrating='',video_status='inactive' where entryid='0_tz620zd8'
23/01/2018 16:04:40 | SUCCESS | Updtate MetaData(0_apwk10hv) | By-Adosphere_ott488 | update entry set name='Dancing moves and music beats',thumbnail='http://ott.planetcast.in/p/108/sp/10800/thumbnail/entry_id/0_apwk10hv/version/100012',longdescription='Watch the enjoyment with friends a street dance.\r\n',duration='60',type='1',tag='dance, move, melody, couple, friend, couple dance, street, enjoy, fun, street dance, beats, music, music beats, friend group dance, ls2018',category='ON DEMAND>DANCE>WARM UPS',categoryid='211',
        contentpartnerid='c324',countrycode='IN',startdate='',enddate='',updated_at='2018-01-23',shortdescription='',
        director='',producer='',cast='',crew='',sub_genre='',language='',pgrating='',video_status='active' where entryid='0_apwk10hv'
23/01/2018 16:23:40 | SUCCESS | Update Category(WRENCH) | By-Adosphere_ott488 | update categories set cat_name='WRENCH',description='',tags='',fullname='ON DEMAND>AUTOMOBILE>WRENCH' where category_id='197'
23/01/2018 17:36:44 | SUCCESS | Updtate MetaData(0_ccedku3u) | By-Adosphere_ott488 | update entry set name='Underwater adventurous sport - Scub',thumbnail='http://ott.planetcast.in/p/108/sp/10800/thumbnail/entry_id/0_ccedku3u/version/100012',longdescription='Watch amazing adventurous underwater extreme sport scuba diving.',duration='7',type='1',tag='under sea, marine undersea, marine park, natural reefs, undersea life, water living, silent evolition, aquatic life, human undersea, atlantic ocean, near atlantic ocean museum, marine biomass, amazingnews, amazing stort, ocean',category='ON DEMAND>INFOTAINMENT>AMAZING WORLD',categoryid='204',
        contentpartnerid='',countrycode='IN',startdate='',enddate='',updated_at='2018-01-23',shortdescription='Watch amazing adventurous underwater extreme sport scuba diving.',
        director='',producer='',cast='',crew='',sub_genre='Underwater Diving',language='',pgrating='U',video_status='active' where entryid='0_ccedku3u'
23/01/2018 17:40:35 | SUCCESS | Updtate MetaData(0_0kxwlid8) | By-Adosphere_ott488 | update entry set name='Group of Chicken eating food',thumbnail='http://ott.planetcast.in/p/108/sp/10800/thumbnail/entry_id/0_0kxwlid8/version/100012',longdescription='Watch the warm video of chickens where they sharing their food with each other and enjoying it.',duration='7',type='1',tag='cock, chicken, farming, cute, pet, dogs, cute pet, indoor pets, animals, fury, fury animal, fury pets, playing, cute moment',category='ON DEMAND>ANIMALS>INDOOR PET',categoryid='198',
        contentpartnerid='',countrycode='IN',startdate='',enddate='',updated_at='2018-01-23',shortdescription='Watch the warm video of chickens where they sharing their food with each other and enjoying it.',
        director='',producer='',cast='',crew='',sub_genre='Pets',language='',pgrating='U',video_status='active' where entryid='0_0kxwlid8'
23/01/2018 17:44:41 | SUCCESS | Updtate MetaData(0_3iq0a7yg) | By-Adosphere_ott488 | update entry set name='Watch the most powerful  huge water',thumbnail='http://ott.planetcast.in/p/108/sp/10800/thumbnail/entry_id/0_3iq0a7yg/version/100012',longdescription='Watch the most powerful  huge waterfall in Iceland i.e Dettifoss which runoff the color of water as greyish white.',duration='21',type='1',tag='underwater, waterfall, hugefall, natural reefs, nature life, water living, silent evolition, milky fall, nature',category='ON DEMAND>INFOTAINMENT>NATURE',categoryid='201',
        contentpartnerid='',countrycode='IN',startdate='',enddate='',updated_at='2018-01-23',shortdescription='Watch the most powerful  huge waterfall in Iceland i.e Dettifoss which runoff the color of water as greyish white.',
        director='',producer='',cast='',crew='',sub_genre='Nature',language='',pgrating='U',video_status='active' where entryid='0_3iq0a7yg'
23/01/2018 17:46:28 | SUCCESS | Updtate MetaData(0_3iq0a7yg) | By-Adosphere_ott488 | update entry set name='Watch the most powerful  huge water',thumbnail='http://ott.planetcast.in/p/108/sp/10800/thumbnail/entry_id/0_3iq0a7yg/version/100012',longdescription='Watch the most powerful  huge waterfall in Iceland i.e Dettifoss which runoff the color of water as greyish white.',duration='21',type='1',tag='underwater, waterfall, hugefall, natural reefs, nature life, water living, silent evolition, milky fall, nature, detti, foss, dettifoss, grey water, nature scene, site, calm view, world, beautiful fall',category='ON DEMAND>INFOTAINMENT>NATURE',categoryid='201',
        contentpartnerid='',countrycode='IN',startdate='',enddate='',updated_at='2018-01-23',shortdescription='Watch the most powerful  huge waterfall in Iceland i.e Dettifoss which runoff the color of water as greyish white.',
        director='',producer='',cast='',crew='',sub_genre='Nature',language='',pgrating='U',video_status='active' where entryid='0_3iq0a7yg'
23/01/2018 17:50:46 | SUCCESS | Updtate MetaData(0_fk8y0n51) | By-Adosphere_ott488 | update entry set name='Smashing Speed of Car Racing',thumbnail='http://ott.planetcast.in/p/108/sp/10800/thumbnail/entry_id/0_fk8y0n51/version/100012',longdescription='Watch the car racing with smashing high speed and stunt.',duration='38',type='1',tag='cars, bikes, rides, driving, racing, fast, speed, luxury, smooth, safety measure, road, car lover, bikers, street view, street, auto, auto tech',category='',categoryid='',
        contentpartnerid='',countrycode='IN',startdate='',enddate='',updated_at='2018-01-23',shortdescription='Watch the car racing with smashing high speed and stunt.',
        director='',producer='',cast='',crew='',sub_genre='Automobile',language='',pgrating='U',video_status='active' where entryid='0_fk8y0n51'
23/01/2018 17:51:24 | SUCCESS | Updtate MetaData(0_fk8y0n51) | By-Adosphere_ott488 | update entry set name='Smashing Speed of Car Racing',thumbnail='http://ott.planetcast.in/p/108/sp/10800/thumbnail/entry_id/0_fk8y0n51/version/100012',longdescription='Watch the car racing with smashing high speed and stunt.',duration='38',type='1',tag='cars, bikes, rides, driving, racing, fast, speed, luxury, smooth, safety measure, road, car lover, bikers, street view, street, auto, auto tech',category='ON DEMAND>AUTOMOBILE>LUXURY CARS',categoryid='206',
        contentpartnerid='',countrycode='IN',startdate='',enddate='',updated_at='2018-01-23',shortdescription='Watch the car racing with smashing high speed and stunt.',
        director='',producer='',cast='',crew='',sub_genre='Automobile',language='',pgrating='U',video_status='active' where entryid='0_fk8y0n51'
23/01/2018 17:52:33 | SUCCESS | Updtate MetaData(0_qjjskxgs) | By-Adosphere_ott488 | update entry set name='Smooth speed of cars - Street view ',thumbnail='http://ott.planetcast.in/p/108/sp/10800/thumbnail/entry_id/0_qjjskxgs/version/100012',longdescription='Watch the street view of road where people drive under the safety measures in a smooth manner.',duration='60',type='1',tag='cars, bikes, rides, driving, racing, fast, speed, luxury, smooth, safety measure, road, car lover, bikers, street view, street, auto, auto tech',category='ON DEMAND>AUTOMOBILE>LUXURY CARS',categoryid='206',
        contentpartnerid='',countrycode='IN',startdate='',enddate='',updated_at='2018-01-23',shortdescription='Watch the street view of road where people drive under the safety measures in a smooth manner.',
        director='',producer='',cast='',crew='',sub_genre='Automobile',language='',pgrating='U',video_status='active' where entryid='0_qjjskxgs'
23/01/2018 17:55:15 | SUCCESS | Updtate MetaData(0_s32u8h1r) | By-Adosphere_ott488 | update entry set name='Motorcycle Street stunts by trained',thumbnail='http://ott.planetcast.in/p/108/sp/10800/thumbnail/entry_id/0_s32u8h1r/version/100012',longdescription='Watch the Motorcycle bike riding video by trained bikers.',duration='13',type='1',tag='motor, cycle, motorcycle, cars, bikes, rides, driving, racing, fast, speed, luxury, smooth, safety measure, road, car lover, bikers, street view, street, auto, auto tech',category='ON DEMAND>EXTREME SPORTS>NO LIMIT',categoryid='208',
        contentpartnerid='',countrycode='null',startdate='',enddate='',updated_at='2018-01-23',shortdescription='Watch the Motorcycle bike riding video by trained bikers.',
        director='',producer='',cast='',crew='',sub_genre='Automobile',language='',pgrating='U',video_status='active' where entryid='0_s32u8h1r'
23/01/2018 18:07:20 | SUCCESS | Updtate MetaData(0_496m2we2) | By-Adosphere_ott488 | update entry set name='Ancient Holy ancient Church',thumbnail='http://ott.planetcast.in/p/108/sp/10800/thumbnail/entry_id/0_496m2we2/version/100012',longdescription='Watch ancient holy ancient church.',duration='8',type='1',tag='ancient, places, heritage, holy, preist, jesus, prayer, world places, churches, church, ancient places, different places',category='ON DEMAND>INFOTAINMENT>HERITAGE',categoryid='202',
        contentpartnerid='',countrycode='IN',startdate='',enddate='',updated_at='2018-01-23',shortdescription='Watch ancient holy ancient church.',
        director='',producer='',cast='',crew='',sub_genre='Heritage',language='',pgrating='U',video_status='active' where entryid='0_496m2we2'
23/01/2018 18:08:48 | SUCCESS | Updtate MetaData(0_22562pmh) | By-Adosphere_ott488 | update entry set name='Ancient Holy Church ',thumbnail='http://ott.planetcast.in/p/108/sp/10800/thumbnail/entry_id/0_22562pmh/version/100012',longdescription='Watch the video of Holy Church where you can see the architecture beauty and its divine interiors.',duration='17',type='1',tag='ancient, places, heritage, holy, preist, jesus, prayer, world places, churches, church, ancient places, different places',category='ON DEMAND>INFOTAINMENT>HERITAGE',categoryid='202',
        contentpartnerid='',countrycode='IN',startdate='',enddate='',updated_at='2018-01-23',shortdescription='Watch the video of Holy Church where you can see the architecture beauty and its divine interiors.',
        director='',producer='',cast='',crew='',sub_genre='Heritage',language='',pgrating='U',video_status='active' where entryid='0_22562pmh'
