22/05/2018 09:03:45 | SUCCESS | login-(PowerSmart) | By-PowerSmart_ott182 | 
22/05/2018 14:43:44 | SUCCESS | Save New video(0_2yyk1ttx) | By-PowerSmart_ott182 | 
22/05/2018 14:47:30 | SUCCESS | Updtate MetaData(0_lidrueqk) | By-PowerSmart_ott182 | update entry set name='Midday News: Part 1 - may 19, 2018',thumbnail='http://ott.planetcast.in/p/111/sp/11100/thumbnail/entry_id/0_lidrueqk/version/100032',longdescription='ಕರ್ನಾಟಕ ರಾಜಕೀಯ ವಿಶೇಷ ಸುದ್ದಿ! ಭಾಗ - 1',
        duration='1306',type='1',tag='karnataka floor test, karnataka politics, vip news',category='Politics',categoryid='376',
        updated_at='2018-05-22 14:50:01',shortdescription='',
        director='',producer='',cast='',crew='',sub_genre='',
        language='',pgrating='',video_status='active',puser_id='107',custom_data=''
        where entryid='0_lidrueqk'
22/05/2018 14:47:46 | SUCCESS | Updtate MetaData(0_2yyk1ttx) | By-PowerSmart_ott182 | update entry set name='ರತ್ನ ಪ್ರಭಾ ರವರೊಂದಿಗೆ ನಮ್ಮ ಸಂದರ್ಶನ',thumbnail='http://ott.planetcast.in/p/111/sp/11100/thumbnail/entry_id/0_2yyk1ttx/version/100032',longdescription='ರತ್ನ ಪ್ರಭಾ ರವರೊಂದಿಗೆ ನಮ್ಮ ಪ್ರತಿನಿಧಿ ಸಂಗೀತ ಶೆಟ್ಟಿ ರವರು ನಡೆಸಿದೆ ಎಸ್ಕ್ಲ್ಯೂಸಿವ್ ಮಾತು ಕತೆ  | Ratna Prabha Special Interview by Reporter Sangeetha Shetty ',
        duration='123',type='1',tag='ratna prabha, vip news',category='News',categoryid='378',
        updated_at='2018-05-22 14:50:17',shortdescription='',
        director='',producer='',cast='',crew='',sub_genre='',
        language='',pgrating='',video_status='active',puser_id='107',custom_data=''
        where entryid='0_2yyk1ttx'
22/05/2018 16:33:28 | SUCCESS | Save New video(0_iwi4bwjk) | By-PowerSmart_ott182 | 
22/05/2018 17:46:38 | SUCCESS | Save Thumbnail(0_iwi4bwjk) | By-PowerSmart_ott182 | 
22/05/2018 17:47:26 | SUCCESS | Updtate MetaData(0_iwi4bwjk) | By-PowerSmart_ott182 | update entry set name='H D Kumaraswamy in Sringeri',thumbnail='http://ott.planetcast.in/p/111/sp/11100/thumbnail/entry_id/0_iwi4bwjk/version/100042',longdescription='ಶೃಂಗೇರಿಗೆ ಭೇಟಿ ನೀಡಿದ ಹೆಚ್ ಡಿ ಕುಮಾರಸ್ವಾಮಿ ದಂಪತಿ\r\n#HDKumaraswamyinSringeri #VIPNews\r\n',
        duration='265',type='1',tag='h d kumaraswamy in sringeri, h d kumaraswamy, vip news',category='News',categoryid='378',
        updated_at='2018-05-22 17:49:58',shortdescription='',
        director='',producer='',cast='',crew='',sub_genre='',
        language='',pgrating='',video_status='active',puser_id='107',custom_data=''
        where entryid='0_iwi4bwjk'
22/05/2018 17:53:23 | SUCCESS | Save New video(0_xyb7n6j9) | By-PowerSmart_ott182 | 
22/05/2018 17:57:19 | SUCCESS | Updtate MetaData(0_xyb7n6j9) | By-PowerSmart_ott182 | update entry set name='ಹುಬ್ಬಳ್ಳಿಯಲ್ಲಿ ಶಾಸಕ ಜಗದೀಶ್ ಶೆಟ್ಟರ್',thumbnail='http://ott.planetcast.in/p/111/sp/11100/thumbnail/entry_id/0_xyb7n6j9/version/100012',longdescription='ಹುಬ್ಬಳ್ಳಿಯಲ್ಲಿ ಶಾಸಕ ಜಗದೀಶ್ ಶೆಟ್ಟರ್ ಹೇಳಿಕೆ \r\n#JagadishShettarLatest #VIPNews\r\n',
        duration='237',type='1',tag='jagadish shettar, vip news, hubli',category='News',categoryid='378',
        updated_at='2018-05-22 17:59:50',shortdescription='',
        director='',producer='',cast='',crew='',sub_genre='',
        language='',pgrating='',video_status='active',puser_id='107',custom_data=''
        where entryid='0_xyb7n6j9'
22/05/2018 18:04:59 | SUCCESS | Save Thumbnail(0_xyb7n6j9) | By-PowerSmart_ott182 | 
22/05/2018 18:12:44 | SUCCESS | Save New video(0_dao5yedm) | By-PowerSmart_ott182 | 
22/05/2018 18:20:26 | SUCCESS | Save New video(0_oyochvjw) | By-PowerSmart_ott182 | 
22/05/2018 18:24:39 | SUCCESS | Updtate MetaData(0_dao5yedm) | By-PowerSmart_ott182 | update entry set name='Ravi Shastri in Udupi',thumbnail='http://ott.planetcast.in/p/111/sp/11100/thumbnail/entry_id/0_dao5yedm/version/100032',longdescription='ತವರಿಗೆ ಬಂದ ಭಾರತೀಯ ಕ್ರಿಕೆಟ್ ತಂಡದ ಕೋಚ್ ರವಿಶಾಸ್ತ್ರಿ',
        duration='168',type='1',tag='ravi shastri, udupi, vip news',category='SPORTS',categoryid='326',
        updated_at='2018-05-22 18:27:10',shortdescription='',
        director='',producer='',cast='',crew='',sub_genre='',
        language='',pgrating='',video_status='active',puser_id='107',custom_data=''
        where entryid='0_dao5yedm'
22/05/2018 18:25:28 | SUCCESS | Save Thumbnail(0_dao5yedm) | By-PowerSmart_ott182 | 
22/05/2018 18:25:47 | SUCCESS | Updtate MetaData(0_oyochvjw) | By-PowerSmart_ott182 | update entry set name='Kumaraswamy Oath-taking',thumbnail='http://ott.planetcast.in/p/111/sp/11100/thumbnail/entry_id/0_oyochvjw/version/100012',longdescription='ಕುಮಾರಸ್ವಾಮಿ ಪ್ರಮಾಣ ವಚನ ಸ್ವೀಕಾರ ಕಾರ್ಯಕ್ರಮಕ್ಕೆ ಸಿದ್ಧತೆ',
        duration='246',type='1',tag='arrangements for kumaraswamy oath-taking, kumaraswamy oath-taking, vip news',category='Politics',categoryid='376',
        updated_at='2018-05-22 18:28:18',shortdescription='',
        director='',producer='',cast='',crew='',sub_genre='',
        language='',pgrating='',video_status='active',puser_id='107',custom_data=''
        where entryid='0_oyochvjw'
22/05/2018 18:29:24 | SUCCESS | Save Thumbnail(0_oyochvjw) | By-PowerSmart_ott182 | 
