19/04/2018 04:38:29 | SUCCESS | login-(PowerSmart) | By-PowerSmart_ott182 | 
19/04/2018 10:09:13 | SUCCESS | Save New video(0_bg2cbwai) | By-PowerSmart_ott182 | 
19/04/2018 10:19:53 | SUCCESS | Delete Video entry(0_bg2cbwai) | By-PowerSmart_ott182 | 
19/04/2018 10:20:12 | SUCCESS | Save New video(0_ipx7gj9a) | By-PowerSmart_ott182 | 
19/04/2018 11:12:09 | SUCCESS | Save New video(0_ozteglhw) | By-PowerSmart_ott182 | 
19/04/2018 11:13:14 | SUCCESS | Save New video(0_dqe9dhgt) | By-PowerSmart_ott182 | 
19/04/2018 11:13:58 | SUCCESS | Save New video(0_vnvh8q6f) | By-PowerSmart_ott182 | 
19/04/2018 11:14:47 | SUCCESS | Save New video(0_5d2xpn2w) | By-PowerSmart_ott182 | 
19/04/2018 11:19:53 | SUCCESS | Save New video(0_rf19oiyo) | By-PowerSmart_ott182 | 
19/04/2018 11:23:46 | SUCCESS | Save New video(0_3zsosndm) | By-PowerSmart_ott182 | 
19/04/2018 11:24:30 | SUCCESS | Add New Header Content(Latest) | By-PowerSmart_ott182 | 
19/04/2018 11:25:10 | SUCCESS | Add New Header Content(WORLD) | By-PowerSmart_ott182 | 
19/04/2018 11:25:41 | SUCCESS | Add New Header Content(INDIA) | By-PowerSmart_ott182 | 
19/04/2018 11:25:57 | SUCCESS | Add New Header Content(SPORTS) | By-PowerSmart_ott182 | 
19/04/2018 11:26:05 | SUCCESS | Add New Header Content(BUSINESS) | By-PowerSmart_ott182 | 
19/04/2018 11:26:27 | SUCCESS | Add New Header Content(ENTERTAINMENT) | By-PowerSmart_ott182 | 
19/04/2018 11:26:39 | SUCCESS | Add New Header Content(TECHNOLOGY) | By-PowerSmart_ott182 | 
19/04/2018 11:26:54 | SUCCESS | Add New Header Content(LIFESTYLE) | By-PowerSmart_ott182 | 
19/04/2018 11:27:04 | SUCCESS | Header Menu active(HeaderID:41,Status:active) | By-PowerSmart_ott182 | 
19/04/2018 11:27:06 | SUCCESS | Header Menu active(HeaderID:42,Status:active) | By-PowerSmart_ott182 | 
19/04/2018 11:27:08 | SUCCESS | Header Menu active(HeaderID:43,Status:active) | By-PowerSmart_ott182 | 
19/04/2018 11:27:10 | SUCCESS | Header Menu active(HeaderID:44,Status:active) | By-PowerSmart_ott182 | 
19/04/2018 11:27:12 | SUCCESS | Header Menu active(HeaderID:45,Status:active) | By-PowerSmart_ott182 | 
19/04/2018 11:27:15 | SUCCESS | Header Menu active(HeaderID:46,Status:active) | By-PowerSmart_ott182 | 
19/04/2018 11:32:22 | SUCCESS | Save New video(0_dnkd90ya) | By-PowerSmart_ott182 | 
19/04/2018 11:34:23 | SUCCESS | Save New video(0_atst29sl) | By-PowerSmart_ott182 | 
19/04/2018 11:37:29 | SUCCESS | Save New video(0_g8j122yj) | By-PowerSmart_ott182 | 
19/04/2018 11:39:41 | SUCCESS | Save New video(0_uuo23bu9) | By-PowerSmart_ott182 | 
19/04/2018 11:41:18 | SUCCESS | Updtate MetaData(0_ipx7gj9a) | By-PowerSmart_ott182 | update entry set name='Animation | Big Buck Bunny',thumbnail='http://ott.planetcast.in/p/111/sp/11100/thumbnail/entry_id/0_ipx7gj9a/version/100002',longdescription='',
        duration='5',type='1',tag='',category='',categoryid='',
        updated_at='2018-04-19',shortdescription='',
        director='',producer='',cast='',crew='',sub_genre='',
        language='',pgrating='',video_status='active',custom_data=''
        where entryid='0_ipx7gj9a'
19/04/2018 11:42:17 | SUCCESS | Updtate MetaData(0_uuo23bu9) | By-PowerSmart_ott182 | update entry set name='Fireworks | Celebration | Light',thumbnail='http://ott.planetcast.in/p/111/sp/11100/thumbnail/entry_id/0_uuo23bu9/version/100012',longdescription='Watch sky full of colorful fireworks and brightness in sky.',
        duration='28',type='1',tag='firewrk, cracker, light, brightness, celebration, celebrate, news, feed, buzz, report',category='WORLD,SPORTS,ENTERTAINMENT,LIFESTYLE,HEALTH,SCIENCE',categoryid='324,326,328,330,332,333',
        updated_at='2018-04-19',shortdescription='',
        director='',producer='',cast='',crew='',sub_genre='',
        language='',pgrating='',video_status='active',custom_data=''
        where entryid='0_uuo23bu9'
19/04/2018 11:42:46 | SUCCESS | Updtate MetaData(0_uuo23bu9) | By-PowerSmart_ott182 | update entry set name='Fireworks | Celebration | Light',thumbnail='http://ott.planetcast.in/p/111/sp/11100/thumbnail/entry_id/0_uuo23bu9/version/100012',longdescription='Watch sky full of colorful fireworks and brightness in sky.',
        duration='28',type='1',tag='firewrk, cracker, light, brightness, celebration, celebrate, news, feed, buzz, report',category='WORLD,SPORTS,ENTERTAINMENT,LIFESTYLE,HEALTH,SCIENCE,INDIA',categoryid='324,326,328,330,332,333,325',
        updated_at='2018-04-19',shortdescription='',
        director='',producer='',cast='',crew='',sub_genre='',
        language='',pgrating='',video_status='active',custom_data=''
        where entryid='0_uuo23bu9'
19/04/2018 11:44:05 | SUCCESS | Updtate MetaData(0_g8j122yj) | By-PowerSmart_ott182 | update entry set name='Luxury Cars - Mercedes',thumbnail='http://ott.planetcast.in/p/111/sp/11100/thumbnail/entry_id/0_g8j122yj/version/100012',longdescription='Watch luxury cars with new and latest features. ',
        duration='12',type='1',tag='luxury, car, cars, automobile, wheeler, vehicle, mercedes, auto',category='WORLD,INDIA,SPORTS,BUSINESS,ENTERTAINMENT,TECHNOLOGY,LIFESTYLE,AUTOPORTAL,HEALTH,SCIENCE',categoryid='324,325,326,327,328,329,330,331,332,333',
        updated_at='2018-04-19',shortdescription='',
        director='',producer='',cast='',crew='',sub_genre='',
        language='',pgrating='',video_status='active',custom_data=''
        where entryid='0_g8j122yj'
19/04/2018 11:44:54 | SUCCESS | Updtate MetaData(0_atst29sl) | By-PowerSmart_ott182 | update entry set name='Live | Podcast | Streaming',thumbnail='http://ott.planetcast.in/p/111/sp/11100/thumbnail/entry_id/0_atst29sl/version/100012',longdescription='Watch high quality of Live streaming at VIP NEWS,',
        duration='5',type='1',tag='live, podcast, streaming, news, report, reading, reporter, buzz, latest',category='WORLD,INDIA,SPORTS,BUSINESS,ENTERTAINMENT,TECHNOLOGY,LIFESTYLE,AUTOPORTAL,HEALTH,SCIENCE',categoryid='324,325,326,327,328,329,330,331,332,333',
        updated_at='2018-04-19',shortdescription='',
        director='',producer='',cast='',crew='',sub_genre='',
        language='',pgrating='',video_status='active',custom_data=''
        where entryid='0_atst29sl'
19/04/2018 11:45:53 | SUCCESS | Updtate MetaData(0_dnkd90ya) | By-PowerSmart_ott182 | update entry set name='News Reading and reporting',thumbnail='http://ott.planetcast.in/p/111/sp/11100/thumbnail/entry_id/0_dnkd90ya/version/100012',longdescription='Watch Latest news feed and buzz related to all types of category anywhere & anytime . \r\nYou can easily reach news to your devices.',
        duration='19',type='1',tag='news, feed, updates, report, reporting, reporter, latest, world, international, tv, national, state, reading, reader, mobile, devices',category='WORLD,INDIA,SPORTS,BUSINESS,ENTERTAINMENT,TECHNOLOGY,LIFESTYLE,AUTOPORTAL,HEALTH,SCIENCE',categoryid='324,325,326,327,328,329,330,331,332,333',
        updated_at='2018-04-19',shortdescription='',
        director='',producer='',cast='',crew='',sub_genre='',
        language='',pgrating='',video_status='active',custom_data=''
        where entryid='0_dnkd90ya'
19/04/2018 11:46:42 | SUCCESS | Updtate MetaData(0_3zsosndm) | By-PowerSmart_ott182 | update entry set name='News all around the world',thumbnail='http://ott.planetcast.in/p/111/sp/11100/thumbnail/entry_id/0_3zsosndm/version/100012',longdescription='Watch all latest global news feed related to nation,state,international,technology,automobile,lifestyle and all news buzz.',
        duration='10',type='1',tag='globe, global, news, feed, updates, report, reporting, reporter, latest, world, international, tv, national, state',category='WORLD,INDIA,SPORTS,BUSINESS,ENTERTAINMENT,TECHNOLOGY,LIFESTYLE,AUTOPORTAL,HEALTH,SCIENCE',categoryid='324,325,326,327,328,329,330,331,332,333',
        updated_at='2018-04-19',shortdescription='',
        director='',producer='',cast='',crew='',sub_genre='',
        language='',pgrating='',video_status='active',custom_data=''
        where entryid='0_3zsosndm'
19/04/2018 11:47:50 | SUCCESS | Bulk Add Category(0_5d2xpn2w,324,325,326,327,328,329,330,331,332,333) | By-PowerSmart_ott182 | update entry set category='WORLD,INDIA,SPORTS,BUSINESS,ENTERTAINMENT,TECHNOLOGY,LIFESTYLE,AUTOPORTAL,HEALTH,SCIENCE', categoryid='324,325,326,327,328,329,330,331,332,333' where entryid='0_5d2xpn2w' 
19/04/2018 11:49:25 | SUCCESS | Bulk Add Category(0_rf19oiyo,0_vnvh8q6f,0_dqe9dhgt,0_ozteglhw,0_ipx7gj9a,324,325,326,327,328,329,330,331,332,333) | By-PowerSmart_ott182 | update entry set category='WORLD,INDIA,SPORTS,BUSINESS,ENTERTAINMENT,TECHNOLOGY,LIFESTYLE,AUTOPORTAL,HEALTH,SCIENCE', categoryid='324,325,326,327,328,329,330,331,332,333' where entryid='0_ipx7gj9a' 
19/04/2018 11:51:20 | SUCCESS | Updtate MetaData(0_ipx7gj9a) | By-PowerSmart_ott182 | update entry set name='Animation | Big Buck Bunny',thumbnail='http://ott.planetcast.in/p/111/sp/11100/thumbnail/entry_id/0_ipx7gj9a/version/100002',longdescription='',
        duration='5',type='1',tag='',category='WORLD,INDIA,SPORTS,BUSINESS,ENTERTAINMENT,TECHNOLOGY,LIFESTYLE,AUTOPORTAL,HEALTH,SCIENCE',categoryid='324,325,326,327,328,329,330,331,332,333',
        updated_at='2018-04-19',shortdescription='',
        director='',producer='',cast='',crew='',sub_genre='',
        language='',pgrating='',video_status='active',custom_data=''
        where entryid='0_ipx7gj9a'
19/04/2018 11:52:12 | SUCCESS | Updtate MetaData(0_ipx7gj9a) | By-PowerSmart_ott182 | update entry set name='Animation | Big Buck Bunny',thumbnail='http://ott.planetcast.in/p/111/sp/11100/thumbnail/entry_id/0_ipx7gj9a/version/100012',longdescription='',
        duration='5',type='1',tag='',category='WORLD,INDIA,SPORTS,BUSINESS,ENTERTAINMENT,TECHNOLOGY,LIFESTYLE,AUTOPORTAL,HEALTH,SCIENCE',categoryid='324,325,326,327,328,329,330,331,332,333',
        updated_at='2018-04-19',shortdescription='',
        director='',producer='',cast='',crew='',sub_genre='',
        language='',pgrating='',video_status='active',custom_data=''
        where entryid='0_ipx7gj9a'
19/04/2018 11:53:15 | SUCCESS | Save Thumbnail(0_ozteglhw) | By-PowerSmart_ott182 | 
19/04/2018 11:54:17 | SUCCESS | Updtate MetaData(0_dqe9dhgt) | By-PowerSmart_ott182 | update entry set name='Catch live - latest news on devices',thumbnail='http://ott.planetcast.in/p/111/sp/11100/thumbnail/entry_id/0_dqe9dhgt/version/100012',longdescription='You can catch news live feed, latest updates on your devices while you are traveling.',
        duration='8',type='1',tag='android, ios, application, mobile, device, news, reading, report, reporting, reporter, latest, updates',category='WORLD,INDIA,SPORTS,BUSINESS,ENTERTAINMENT,TECHNOLOGY,LIFESTYLE,AUTOPORTAL,HEALTH,SCIENCE',categoryid='324,325,326,327,328,329,330,331,332,333',
        updated_at='2018-04-19',shortdescription='',
        director='',producer='',cast='',crew='',sub_genre='',
        language='',pgrating='',video_status='active',custom_data=''
        where entryid='0_dqe9dhgt'
19/04/2018 11:55:03 | SUCCESS | Save Thumbnail(0_vnvh8q6f) | By-PowerSmart_ott182 | 
19/04/2018 11:55:36 | SUCCESS | Save Thumbnail(0_5d2xpn2w) | By-PowerSmart_ott182 | 
19/04/2018 11:57:03 | SUCCESS | Save Thumbnail(0_rf19oiyo) | By-PowerSmart_ott182 | 
