09/05/2018 04:00:43 | SUCCESS | login-(PowerSmart) | By-PowerSmart_ott182 | 
09/05/2018 09:37:19 | SUCCESS | Save New video(0_wsea8ibc) | By-PowerSmart_ott182 | 
09/05/2018 04:26:47 | SUCCESS | login-(PowerSmart) | By-PowerSmart_ott182 | 
09/05/2018 04:38:09 | SUCCESS | login-(PowerSmart) | By-PowerSmart_ott182 | 
09/05/2018 10:22:38 | SUCCESS | Sync Category | By-PowerSmart_ott182 | 
09/05/2018 10:25:06 | SUCCESS | Sync Category | By-PowerSmart_ott182 | 
09/05/2018 04:59:04 | SUCCESS | login-(PowerSmart) | By-PowerSmart_ott182 | 
09/05/2018 04:59:33 | SUCCESS | login-(jagu) | By-jagu_ott182 | 
09/05/2018 04:59:47 | SUCCESS | login-(ms) | By-ms_ott182 | 
09/05/2018 05:01:21 | SUCCESS | login-(ms) | By-ms_ott182 | 
09/05/2018 05:02:10 | SUCCESS | login-(jagu) | By-jagu_ott182 | 
09/05/2018 10:32:37 | SUCCESS | update Dashboard user(jagu) | By-PowerSmart_ott182 | 
09/05/2018 10:40:46 | SUCCESS | update Dashboard user(jagu) | By-PowerSmart_ott182 | 
09/05/2018 10:43:29 | SUCCESS | update Dashboard user(jagu) | By-PowerSmart_ott182 | 
09/05/2018 05:24:27 | SUCCESS | login-(PowerSmart) | By-PowerSmart_ott182 | 
09/05/2018 10:54:28 | SUCCESS | update Dashboard user(jagu) | By-PowerSmart_ott182 | 
09/05/2018 05:25:07 | SUCCESS | login-(ms) | By-ms_ott182 | 
09/05/2018 05:25:28 | SUCCESS | login-(jagu) | By-jagu_ott182 | 
09/05/2018 11:11:50 | SUCCESS | Updtate MetaData(0_jhbi4j12) | By-PowerSmart_ott182 | update entry set name='Adimai Penn',thumbnail='http://ott.planetcast.in/p/111/sp/11100/thumbnail/entry_id/0_jhbi4j12/version/100002',longdescription='Watch full length drama movie in Tamil directed by K. Shanker.',
        duration='10753',type='1',tag='full, length, movie, movies, romantic, latest, action, love, interesting, indian, cinema, superstar, superhits, comedy, actor, actress, most, favorite, film, famous, best, regional, tamil, classic, adimai, penn, shanker, shankar, pen, admai',category='ENTERTAINMENT',categoryid='328',
        updated_at='2018-05-09 11:14:09',shortdescription='Watch full length drama movie in Tamil directed by K. Shanker.',
        director='K. Shanker',producer='M. G. Ramachandran',cast='M. G. Ramachandran,J. Jayalalitha,R. S. Manohar,Cho Ramaswamy',crew='NULL',sub_genre='Drama',
        language='Tamil',pgrating='U',video_status='inactive',puser_id='',custom_data=''
        where entryid='0_jhbi4j12'
09/05/2018 11:15:09 | SUCCESS | update Dashboard user(Dinesh) | By-PowerSmart_ott182 | 
09/05/2018 11:15:20 | SUCCESS | Updtate MetaData(0_vnvh8q6f) | By-PowerSmart_ott182 | update entry set name='Brisk Skipping is a healthy start',thumbnail='http://ott.planetcast.in/p/111/sp/11100/thumbnail/entry_id/0_vnvh8q6f/version/100012',longdescription='Those who are health conscious will always keep in mind about a healthy start of a day through skipping,\r\njogging,weight lighting and so.\r\nA skipping rope is a tool used in the sports and is a tool to play with.\r\nUsually t is used for playing purpose or to stay fit. Skipping helps to reduce weight loss and also strengthened your leg muscles.\r\nIt can be skipped as Speed step,Criss-Cross,side swing,double under,toad,leg over and so.\r\nIt may also be used as cardiovascular workout exercise.Ten minutes of skipping is equivalent to eight- minute.\r\nIt is a sport of jump rope where one or more than one participants an join and take the charge to play as a team.',
        duration='9',type='1',tag='skipping, rope, health, healthy, workout, diet, news, feed, updates, report, reporting, reporter',category='INDIA,WORLD,SPORTS,ENTERTAINMENT,TECHNOLOGY,AUTOPORTAL,HEALTH,SCIENCE',categoryid='325,324,326,328,329,331,332,333',
        updated_at='2018-05-09 11:17:40',shortdescription='Those who are health conscious will always keep in mind about a healthy start of a day through skipping, jogging,weight lighting and so. A skipping rope is a tool used in the sports and is a tool to play with. Usually t is used for playing purpose or to stay fit. Skipping helps to reduce weight loss and also strengthened your leg muscles. It can be skipped as Speed step,Criss-Cross,side swing,double under,toad,leg over and so. It may also be used as cardiovascular workout exercise.Ten minutes of skipping is equivalent to eight- minute. It is a sport of jump rope where one or more than one participants an join and take the charge to play as a team.',
        director='',producer='',cast='',crew='',sub_genre='',
        language='',pgrating='',video_status='active',puser_id='107',custom_data=''
        where entryid='0_vnvh8q6f'
09/05/2018 11:15:41 | SUCCESS | update Dashboard user(Sam) | By-PowerSmart_ott182 | 
09/05/2018 11:16:39 | SUCCESS | update Dashboard user(Harsh) | By-PowerSmart_ott182 | 
09/05/2018 11:17:18 | SUCCESS | update Dashboard user(Dinesh) | By-PowerSmart_ott182 | 
09/05/2018 11:17:35 | SUCCESS | update Dashboard user(Sam) | By-PowerSmart_ott182 | 
09/05/2018 11:18:15 | SUCCESS | update Dashboard user(Sam) | By-PowerSmart_ott182 | 
09/05/2018 05:49:57 | SUCCESS | login-(PowerSmart) | By-PowerSmart_ott182 | 
09/05/2018 11:38:54 | SUCCESS | Save New video(0_f4mdnskm) | By-jagu_ott182 | 
09/05/2018 11:39:59 | SUCCESS | Save Thumbnail(0_ujrix5jd) | By-PowerSmart_ott182 | 
09/05/2018 11:40:57 | SUCCESS | Save Thumbnail(0_f4mdnskm) | By-PowerSmart_ott182 | 
09/05/2018 11:46:05 | SUCCESS | Save New video(0_xxut9riy) | By-PowerSmart_ott182 | 
09/05/2018 11:46:43 | SUCCESS | Sync Category | By-PowerSmart_ott182 | 
09/05/2018 11:46:56 | SUCCESS | Sync Category | By-PowerSmart_ott182 | 
09/05/2018 11:51:01 | SUCCESS | delete Category(366) | By-PowerSmart_ott182 | DELETE FROM categories where category_id='366'
09/05/2018 11:59:44 | SUCCESS | Delete Video entry(0_7tviahyv) | By-PowerSmart_ott182 | 
09/05/2018 12:07:56 | SUCCESS | Update Category(TAMIL) | By-PowerSmart_ott182 | update categories set cat_name='TAMIL',description='',tags='',fullname='MOVIES>FULL MOVIES>TAMIL' where category_id='365'
09/05/2018 12:08:50 | SUCCESS | Update Category(1234567890manishas shar_ma     12345678901234567890123456789012345678901234567890) | By-jagu_ott182 | update categories set cat_name='1234567890manishas shar_ma     12345678901234567890123456789012345678901234567890',description='12345',tags='',fullname='1234567890manishas shar_ma     12345678901234567890123456789012345678901234567890' where category_id='367'
09/05/2018 12:11:27 | SUCCESS | Update Category(1234567890manishas shar_ma     12345678901234567890123456789012345678901234567890abcdefghijklmnopqrstuvwxyz) | By-jagu_ott182 | update categories set cat_name='1234567890manishas shar_ma     12345678901234567890123456789012345678901234567890abcdefghijklmnopqrstuvwxyz',description='12345',tags='',fullname='1234567890manishas shar_ma     12345678901234567890123456789012345678901234567890abcdefghijklmnopqrstuvwxyz' where category_id='367'
09/05/2018 12:13:10 | SUCCESS | Sync Category | By-PowerSmart_ott182 | 
09/05/2018 12:18:05 | SUCCESS | Delete Video entry(0_ujrix5jd) | By-PowerSmart_ott182 | 
09/05/2018 12:18:07 | SUCCESS | Delete Video entry(0_hvd8585i) | By-PowerSmart_ott182 | 
09/05/2018 12:18:09 | SUCCESS | Delete Video entry(0_5lis2wth) | By-PowerSmart_ott182 | 
09/05/2018 12:18:11 | SUCCESS | Delete Video entry(0_6zclbhs5) | By-PowerSmart_ott182 | 
09/05/2018 12:18:13 | SUCCESS | Delete Video entry(0_01pdg2yx) | By-PowerSmart_ott182 | 
09/05/2018 12:18:14 | SUCCESS | Delete Video entry(0_wsea8ibc) | By-PowerSmart_ott182 | 
09/05/2018 12:18:15 | SUCCESS | Delete Video entry(0_foi1qm8n) | By-PowerSmart_ott182 | 
09/05/2018 12:18:16 | SUCCESS | Delete Video entry(0_gy1qfyum) | By-PowerSmart_ott182 | 
09/05/2018 12:19:07 | SUCCESS | Sync Category | By-PowerSmart_ott182 | 
09/05/2018 12:20:32 | SUCCESS | Delete Video entry(0_xxut9riy) | By-PowerSmart_ott182 | 
09/05/2018 12:20:33 | SUCCESS | Delete Video entry(0_f4mdnskm) | By-PowerSmart_ott182 | 
09/05/2018 12:20:52 | SUCCESS | Delete Video entry(0_l4pghr81) | By-PowerSmart_ott182 | 
09/05/2018 12:20:54 | SUCCESS | Delete Video entry(0_jhbi4j12) | By-PowerSmart_ott182 | 
09/05/2018 12:20:55 | SUCCESS | Delete Video entry(0_0odye0mn) | By-PowerSmart_ott182 | 
09/05/2018 12:21:18 | SUCCESS | Delete Video entry(0_3mqmg9k3) | By-PowerSmart_ott182 | 
09/05/2018 12:21:19 | SUCCESS | Delete Video entry(0_oin9364p) | By-PowerSmart_ott182 | 
09/05/2018 12:21:22 | SUCCESS | Delete Video entry(0_3liitn0y) | By-PowerSmart_ott182 | 
09/05/2018 12:21:23 | SUCCESS | Delete Video entry(0_mdyu3pcx) | By-PowerSmart_ott182 | 
09/05/2018 12:21:24 | SUCCESS | Delete Video entry(0_5nkf6cwy) | By-PowerSmart_ott182 | 
09/05/2018 12:21:25 | SUCCESS | Delete Video entry(0_rwhzl8h3) | By-PowerSmart_ott182 | 
09/05/2018 12:21:27 | SUCCESS | Delete Video entry(0_fx1sjj7n) | By-PowerSmart_ott182 | 
09/05/2018 12:21:29 | SUCCESS | Delete Video entry(0_abyw0dgy) | By-PowerSmart_ott182 | 
09/05/2018 12:22:08 | SUCCESS | Sync Category | By-PowerSmart_ott182 | 
09/05/2018 12:28:21 | SUCCESS | Home Setting inactive(HomeID:7,Status:inactive) | By-PowerSmart_ott182 | 
09/05/2018 07:04:10 | SUCCESS | login-(PowerSmart) | By-PowerSmart_ott182 | 
09/05/2018 07:47:18 | SUCCESS | login-(PowerSmart) | By-PowerSmart_ott182 | 
09/05/2018 13:24:53 | SUCCESS | Delete Video entry(0_rysc55vf) | By-PowerSmart_ott182 | 
09/05/2018 13:25:03 | SUCCESS | Delete Video entry(0_ttfv9a4m) | By-PowerSmart_ott182 | 
09/05/2018 13:31:49 | SUCCESS | Delete Video entry(0_61g6kgzb) | By-PowerSmart_ott182 | 
09/05/2018 13:31:59 | SUCCESS | Delete Video entry(0_51uvg64f) | By-PowerSmart_ott182 | 
09/05/2018 08:12:09 | SUCCESS | login-(PowerSmart) | By-PowerSmart_ott182 | 
09/05/2018 14:03:59 | SUCCESS | Delete Social Config  (16) | By-PowerSmart_ott182 | DELETE FROM configuration_setup WHERE conf_id='16'
09/05/2018 14:07:47 | SUCCESS | delete Category(365) | By-PowerSmart_ott182 | DELETE FROM categories where category_id='365'
09/05/2018 14:09:19 | SUCCESS | Delete Video entry(0_6ro7p2tt) | By-PowerSmart_ott182 | 
09/05/2018 14:09:21 | SUCCESS | Delete Video entry(0_mswdtigi) | By-PowerSmart_ott182 | 
09/05/2018 14:13:32 | SUCCESS | delete Category(345) | By-PowerSmart_ott182 | DELETE FROM categories where category_id='345'
09/05/2018 14:22:32 | SUCCESS | Delete Video entry(0_lvo4cy4v) | By-PowerSmart_ott182 | 
09/05/2018 14:22:39 | SUCCESS | Delete Video entry(0_hi4qxmz7) | By-PowerSmart_ott182 | 
09/05/2018 14:44:23 | SUCCESS | delete Category(373) | By-PowerSmart_ott182 | DELETE FROM categories where category_id='373'
09/05/2018 09:33:49 | SUCCESS | login-(PowerSmart) | By-PowerSmart_ott182 | 
09/05/2018 16:23:31 | ERROR-SQL | Lost connection to MySQL server during query | By-jagu_ott182 | Insert into entry(entryid,name,thumbnail,longdescription,type,tag,status,ispremium,created_at,video_status,puser_id)
   values('0_qnx9vyrq','9may.mxf','http://ott.planetcast.in/p/111/sp/11100/thumbnail/entry_id/0_qnx9vyrq/version/0','','1','','1','0','2018-05-09 16:25:50','active','128')
09/05/2018 16:46:50 | SUCCESS | Save Thumbnail(0_qnx9vyrq) | By-jagu_ott182 | 
09/05/2018 18:56:30 | SUCCESS | Updtate MetaData(0_0hueoxhr) | By-PowerSmart_ott182 | update entry set name='Sports News a Sports fanatic can\'t',thumbnail='http://ott.planetcast.in/p/111/sp/11100/thumbnail/entry_id/0_0hueoxhr/version/100002',longdescription='Whatever your favorite game, get every news right here.',
        duration='1518',type='1',tag='sports, cricket, players',category='',categoryid='',
        updated_at='2018-05-09 18:58:49',shortdescription='manisha',
        director='NULL',producer='NULL',cast='NULL',crew='NULL',sub_genre='NULL',
        language='NULL',pgrating='NULL',video_status='inactive',puser_id='',custom_data=''
        where entryid='0_0hueoxhr'
09/05/2018 18:57:51 | SUCCESS | Updtate MetaData(0_u4omqui8) | By-PowerSmart_ott182 | update entry set name='One-stop for the entire world\'s hot',thumbnail='http://ott.planetcast.in/p/111/sp/11100/thumbnail/entry_id/0_u4omqui8/version/100002',longdescription='Now it\'s easy to know everything about what\'s happening in the entire world with our app!',
        duration='1102',type='1',tag='world news, international news, world',category='',categoryid='',
        updated_at='2018-05-09 19:00:11',shortdescription='manisha',
        director='NULL',producer='NULL',cast='NULL',crew='NULL',sub_genre='NULL',
        language='NULL',pgrating='NULL',video_status='inactive',puser_id='',custom_data=''
        where entryid='0_u4omqui8'
09/05/2018 18:59:01 | SUCCESS | Updtate MetaData(0_8ddmp74d) | By-PowerSmart_ott182 | update entry set name='From Sandalwood to Hollywood',thumbnail='http://ott.planetcast.in/p/111/sp/11100/thumbnail/entry_id/0_8ddmp74d/version/100002',longdescription='We know the importance of Entertainment and hence we are here to give you some. Later news of Music, Films, etc., at the earliest.',
        duration='1134',type='1',tag='sandalwood, bollywood, hollywood, kannada films',category='',categoryid='',
        updated_at='2018-05-09 19:01:21',shortdescription='manisha',
        director='a',producer='c',cast='e',crew='g',sub_genre='Juniors',
        language='French',pgrating='U/A',video_status='inactive',puser_id='',custom_data=''
        where entryid='0_8ddmp74d'
09/05/2018 19:00:02 | SUCCESS | Updtate MetaData(0_dy34qrzm) | By-PowerSmart_ott182 | update entry set name='Top news updates in India everyday',thumbnail='http://ott.planetcast.in/p/111/sp/11100/thumbnail/entry_id/0_dy34qrzm/version/100012',longdescription='India is a country which is developing rapidly and also, makes news every now and then. We let you know every news India makes!',
        duration='1029',type='1',tag='news in india, india news updates, india latest, india',category='',categoryid='',
        updated_at='2018-05-09 19:02:22',shortdescription='manisha',
        director='NULL',producer='NULL',cast='NULL',crew='NULL',sub_genre='NULL',
        language='NULL',pgrating='NULL',video_status='inactive',puser_id='',custom_data=''
        where entryid='0_dy34qrzm'
09/05/2018 19:00:58 | SUCCESS | Updtate MetaData(0_5709gn6j) | By-PowerSmart_ott182 | update entry set name='Lifestyle news for you to help your',thumbnail='http://ott.planetcast.in/p/111/sp/11100/thumbnail/entry_id/0_5709gn6j/version/100002',longdescription='Trust us, your lifestyle is going to get  better day-by-day after you make checking out this section, part of your lifestyle!',
        duration='1213',type='1',tag='lifestyle, lifestyle updates, lifestyle news, lifestyle latest',category='',categoryid='',
        updated_at='2018-05-09 19:03:18',shortdescription='manisha',
        director='NULL',producer='NULL',cast='NULL',crew='NULL',sub_genre='NULL',
        language='NULL',pgrating='NULL',video_status='inactive',puser_id='',custom_data=''
        where entryid='0_5709gn6j'
09/05/2018 19:01:49 | SUCCESS | Updtate MetaData(0_y73ialbo) | By-PowerSmart_ott182 | update entry set name='One-stop for the entire world\'s hot',thumbnail='http://ott.planetcast.in/p/111/sp/11100/thumbnail/entry_id/0_y73ialbo/version/100012',longdescription='Now it\'s easy to know everything about what\'s happening in the entire world with our app!',
        duration='1102',type='1',tag='world news, international news, world',category='',categoryid='',
        updated_at='2018-05-09 19:04:09',shortdescription='manisha',
        director='NULL',producer='NULL',cast='NULL',crew='NULL',sub_genre='NULL',
        language='NULL',pgrating='NULL',video_status='inactive',puser_id='',custom_data=''
        where entryid='0_y73ialbo'
09/05/2018 19:09:01 | SUCCESS | Bulk Add Category(0_0hueoxhr,326) | By-PowerSmart_ott182 | update entry set category='SPORTS', categoryid='326' where entryid='0_0hueoxhr' 
09/05/2018 19:09:27 | SUCCESS | Bulk Add Category(0_8ddmp74d,328) | By-PowerSmart_ott182 | update entry set category='ENTERTAINMENT', categoryid='328' where entryid='0_8ddmp74d' 
09/05/2018 19:10:00 | SUCCESS | Bulk Add Category(0_u4omqui8,324) | By-PowerSmart_ott182 | update entry set category='WORLD', categoryid='324' where entryid='0_u4omqui8' 
09/05/2018 19:10:23 | SUCCESS | Bulk Add Category(0_y73ialbo,324) | By-PowerSmart_ott182 | update entry set category='WORLD', categoryid='324' where entryid='0_y73ialbo' 
09/05/2018 19:10:55 | SUCCESS | Bulk Add Category(0_dy34qrzm,325) | By-PowerSmart_ott182 | update entry set category='INDIA', categoryid='325' where entryid='0_dy34qrzm' 
09/05/2018 19:11:13 | SUCCESS | Bulk Add Category(0_5709gn6j,330) | By-PowerSmart_ott182 | update entry set category='LIFESTYLE', categoryid='330' where entryid='0_5709gn6j' 
09/05/2018 19:36:54 | SUCCESS | Delete Video entry(0_hj6zd6kh) | By-PowerSmart_ott182 | 
09/05/2018 19:36:55 | SUCCESS | Delete Video entry(0_mol0sx8m) | By-PowerSmart_ott182 | 
09/05/2018 19:36:56 | SUCCESS | Delete Video entry(0_5mad95sy) | By-PowerSmart_ott182 | 
09/05/2018 19:36:57 | SUCCESS | Delete Video entry(0_3em3aeds) | By-PowerSmart_ott182 | 
09/05/2018 19:36:58 | SUCCESS | Delete Video entry(0_3oj6nait) | By-PowerSmart_ott182 | 
09/05/2018 19:37:00 | SUCCESS | Delete Video entry(0_rbyegtmr) | By-PowerSmart_ott182 | 
09/05/2018 19:37:01 | SUCCESS | Delete Video entry(0_fxl5idfs) | By-PowerSmart_ott182 | 
09/05/2018 19:37:02 | SUCCESS | Delete Video entry(0_u4omqui8) | By-PowerSmart_ott182 | 
09/05/2018 19:37:03 | SUCCESS | Delete Video entry(0_ebfb0e6f) | By-PowerSmart_ott182 | 
09/05/2018 19:37:05 | SUCCESS | Delete Video entry(0_y6238wwj) | By-PowerSmart_ott182 | 
09/05/2018 19:37:07 | SUCCESS | Delete Video entry(0_bsbss7p9) | By-PowerSmart_ott182 | 
09/05/2018 19:37:08 | SUCCESS | Delete Video entry(0_r5aqgdur) | By-PowerSmart_ott182 | 
09/05/2018 19:37:10 | SUCCESS | Delete Video entry(0_u0im8o2h) | By-PowerSmart_ott182 | 
09/05/2018 19:37:12 | SUCCESS | Delete Video entry(0_vg7e442a) | By-PowerSmart_ott182 | 
09/05/2018 19:37:13 | SUCCESS | Delete Video entry(0_dzghv3v5) | By-PowerSmart_ott182 | 
09/05/2018 19:37:15 | SUCCESS | Delete Video entry(0_obowuv4y) | By-PowerSmart_ott182 | 
09/05/2018 19:52:05 | SUCCESS | Delete Video entry(0_byljg0z4) | By-PowerSmart_ott182 | 
09/05/2018 19:52:07 | SUCCESS | Delete Video entry(0_7cp5hf9z) | By-PowerSmart_ott182 | 
09/05/2018 19:52:08 | SUCCESS | Delete Video entry(0_15yti7it) | By-PowerSmart_ott182 | 
09/05/2018 19:52:09 | SUCCESS | Delete Video entry(0_c844dcc5) | By-PowerSmart_ott182 | 
09/05/2018 20:20:39 | SUCCESS | Save New video(0_k3s684z2) | By-PowerSmart_ott182 | 
09/05/2018 20:24:46 | SUCCESS | Delete Video entry(0_qjpcdvhr) | By-PowerSmart_ott182 | 
09/05/2018 20:24:53 | SUCCESS | Delete Video entry(0_3n12fybw) | By-PowerSmart_ott182 | 
09/05/2018 20:24:54 | SUCCESS | Delete Video entry(0_qgwmsqo5) | By-PowerSmart_ott182 | 
09/05/2018 20:24:56 | SUCCESS | Delete Video entry(0_ioa6gpil) | By-PowerSmart_ott182 | 
09/05/2018 20:24:57 | SUCCESS | Delete Video entry(0_ya0ku7da) | By-PowerSmart_ott182 | 
09/05/2018 20:24:59 | SUCCESS | Delete Video entry(0_li44s074) | By-PowerSmart_ott182 | 
09/05/2018 20:25:05 | SUCCESS | Delete Video entry(0_twwcy08d) | By-PowerSmart_ott182 | 
09/05/2018 20:25:06 | SUCCESS | Delete Video entry(0_qnx9vyrq) | By-PowerSmart_ott182 | 
09/05/2018 20:25:13 | SUCCESS | Delete Video entry(0_9fp5kzfm) | By-PowerSmart_ott182 | 
09/05/2018 20:25:14 | SUCCESS | Delete Video entry(0_v6hr6p8m) | By-PowerSmart_ott182 | 
09/05/2018 20:25:16 | SUCCESS | Delete Video entry(0_qpgifpnp) | By-PowerSmart_ott182 | 
09/05/2018 20:25:17 | SUCCESS | Delete Video entry(0_dtvye1c6) | By-PowerSmart_ott182 | 
09/05/2018 20:25:18 | SUCCESS | Delete Video entry(0_550k264x) | By-PowerSmart_ott182 | 
09/05/2018 20:25:19 | SUCCESS | Delete Video entry(0_nldz9hsj) | By-PowerSmart_ott182 | 
09/05/2018 20:25:21 | SUCCESS | Delete Video entry(0_ts3dalhy) | By-PowerSmart_ott182 | 
09/05/2018 20:25:23 | SUCCESS | Delete Video entry(0_fkwuelcg) | By-PowerSmart_ott182 | 
09/05/2018 20:25:25 | SUCCESS | Delete Video entry(0_o6uydggz) | By-PowerSmart_ott182 | 
09/05/2018 20:25:27 | SUCCESS | Delete Video entry(0_x0eeo61m) | By-PowerSmart_ott182 | 
09/05/2018 20:25:28 | SUCCESS | Delete Video entry(0_stlcdppu) | By-PowerSmart_ott182 | 
09/05/2018 20:25:30 | SUCCESS | Delete Video entry(0_sz8qq98s) | By-PowerSmart_ott182 | 
09/05/2018 20:25:32 | SUCCESS | Delete Video entry(0_93nestl9) | By-PowerSmart_ott182 | 
09/05/2018 20:25:33 | SUCCESS | Delete Video entry(0_ebnh27in) | By-PowerSmart_ott182 | 
09/05/2018 20:25:35 | SUCCESS | Delete Video entry(0_qmhlyb2m) | By-PowerSmart_ott182 | 
09/05/2018 20:25:37 | SUCCESS | Delete Video entry(0_2e9m490d) | By-PowerSmart_ott182 | 
09/05/2018 20:38:53 | SUCCESS | Delete Video entry(0_2drpok7y) | By-PowerSmart_ott182 | 
09/05/2018 20:38:54 | SUCCESS | Delete Video entry(0_ud9rj3kn) | By-PowerSmart_ott182 | 
09/05/2018 20:38:55 | SUCCESS | Delete Video entry(0_zf0dkjqw) | By-PowerSmart_ott182 | 
09/05/2018 20:38:56 | SUCCESS | Delete Video entry(0_zp0ph59q) | By-PowerSmart_ott182 | 
09/05/2018 20:38:57 | SUCCESS | Delete Video entry(0_z0pedabl) | By-PowerSmart_ott182 | 
09/05/2018 20:38:58 | SUCCESS | Delete Video entry(0_k3s684z2) | By-PowerSmart_ott182 | 
09/05/2018 20:40:37 | SUCCESS | Delete Video entry(0_n67oef72) | By-PowerSmart_ott182 | 
09/05/2018 20:43:13 | SUCCESS | Save New video(0_s0tzvz3i) | By-PowerSmart_ott182 | 
09/05/2018 20:51:53 | SUCCESS | Delete Video entry(0_s0tzvz3i) | By-PowerSmart_ott182 | 
09/05/2018 20:53:49 | SUCCESS | Save New video(0_3sliecrh) | By-PowerSmart_ott182 | 
09/05/2018 20:58:23 | SUCCESS | Save New video(0_oqwnyju6) | By-PowerSmart_ott182 | 
09/05/2018 20:59:56 | SUCCESS | Delete Video entry(0_oqwnyju6) | By-PowerSmart_ott182 | 
09/05/2018 20:59:57 | SUCCESS | Delete Video entry(0_3sliecrh) | By-PowerSmart_ott182 | 
09/05/2018 21:13:07 | SUCCESS | Save New video(0_kfbmt4r3) | By-PowerSmart_ott182 | 
09/05/2018 21:14:26 | SUCCESS | Delete Video entry(0_kfbmt4r3) | By-PowerSmart_ott182 | 
09/05/2018 21:14:27 | SUCCESS | Delete Video entry(0_731hnfqc) | By-PowerSmart_ott182 | 
09/05/2018 21:14:28 | SUCCESS | Delete Video entry(0_duvoji7x) | By-PowerSmart_ott182 | 
09/05/2018 21:14:29 | SUCCESS | Delete Video entry(0_l2teep09) | By-PowerSmart_ott182 | 
09/05/2018 21:14:30 | SUCCESS | Delete Video entry(0_ojdoxhmg) | By-PowerSmart_ott182 | 
09/05/2018 21:14:53 | SUCCESS | Save New video(0_8ww5wmmd) | By-PowerSmart_ott182 | 
09/05/2018 21:19:33 | SUCCESS | Save New video(0_6303cov4) | By-PowerSmart_ott182 | 
09/05/2018 21:19:59 | SUCCESS | Delete Video entry(0_8ww5wmmd) | By-PowerSmart_ott182 | 
