23/05/2018 04:08:01 | SUCCESS | login-(PowerSmart) | By-PowerSmart_ott182 | 
23/05/2018 07:36:52 | SUCCESS | login-(PowerSmart) | By-PowerSmart_ott182 | 
23/05/2018 13:09:04 | SUCCESS | Add New Dashboard user (Vip News) | By-PowerSmart_ott182 | 
23/05/2018 07:39:33 | SUCCESS | login-(Vip News) | By-Vip News_ott182 | 
23/05/2018 07:41:40 | SUCCESS | login-(PowerSmart) | By-PowerSmart_ott182 | 
23/05/2018 13:22:38 | SUCCESS | Save New video(0_x93929rr) | By-PowerSmart_ott182 | 
23/05/2018 13:26:55 | SUCCESS | Save New video(0_9ouoycn4) | By-PowerSmart_ott182 | 
23/05/2018 13:37:10 | SUCCESS | Save New video(0_qmgvdv8o) | By-PowerSmart_ott182 | 
23/05/2018 15:28:02 | SUCCESS | Updtate MetaData(0_x93929rr) | By-PowerSmart_ott182 | update entry set name='Reel and Real: Part 1 – VIP News',thumbnail='http://ott.planetcast.in/p/111/sp/11100/thumbnail/entry_id/0_x93929rr/version/100032',longdescription='ರೀಲು ರಿಯಲ್ಲು: ಭಾಗ 1 | Reel and Real: Part 1 ',
        duration='778',type='1',tag='reel and real, vip news',category='',categoryid='',
        updated_at='2018-05-23 15:30:34',shortdescription='',
        director='',producer='',cast='',crew='',sub_genre='',
        language='',pgrating='',video_status='active',puser_id='107',custom_data=''
        where entryid='0_x93929rr'
23/05/2018 15:28:38 | SUCCESS | Save New video(0_b9p67ar8) | By-PowerSmart_ott182 | 
23/05/2018 15:29:09 | SUCCESS | Updtate MetaData(0_9ouoycn4) | By-PowerSmart_ott182 | update entry set name='ಈ ಕ್ಷಣದ ಮುಖ್ಯಾಂಶಗಳು',thumbnail='http://ott.planetcast.in/p/111/sp/11100/thumbnail/entry_id/0_9ouoycn4/version/100032',longdescription='ಈ ಕ್ಷಣದ ಮುಖ್ಯಾಂಶಗಳು | All Breaking News at the Moment',
        duration='53',type='1',tag='congress-jds alliance, vip news',category='News',categoryid='378',
        updated_at='2018-05-23 15:31:41',shortdescription='',
        director='',producer='',cast='',crew='',sub_genre='',
        language='',pgrating='',video_status='active',puser_id='107',custom_data=''
        where entryid='0_9ouoycn4'
23/05/2018 15:42:58 | SUCCESS | Updtate MetaData(0_qmgvdv8o) | By-PowerSmart_ott182 | update entry set name='ಕಾಂಗ್ರೆಸ್ - ಜೆಡಿಎಸ್ ಮೈತ್ರಿ ಸರ್ಕಾರ',thumbnail='http://ott.planetcast.in/p/111/sp/11100/thumbnail/entry_id/0_qmgvdv8o/version/100032',longdescription='ಕಾಂಗ್ರೆಸ್ - ಜೆಡಿಎಸ್ ಮೈತ್ರಿ ಸರ್ಕಾರದ ವಿರುದ್ಧ ಚಿತ್ರದುರ್ಗದಲ್ಲಿ ಪ್ರತಿಭಟನೆ',
        duration='311',type='1',tag='congress-jds alliance, vip news',category='News',categoryid='378',
        updated_at='2018-05-23 15:45:30',shortdescription='',
        director='',producer='',cast='',crew='',sub_genre='',
        language='',pgrating='',video_status='active',puser_id='107',custom_data=''
        where entryid='0_qmgvdv8o'
23/05/2018 10:26:59 | SUCCESS | login-(Vip News) | By-Vip News_ott182 | 
23/05/2018 16:14:56 | SUCCESS | Updtate MetaData(0_b9p67ar8) | By-PowerSmart_ott182 | update entry set name='Reel and Real: Part 2 – VIP News',thumbnail='http://ott.planetcast.in/p/111/sp/11100/thumbnail/entry_id/0_b9p67ar8/version/100032',longdescription='ರೀಲು ರಿಯಲ್ಲು: ಭಾಗ 2 | Reel and Real: Part 2',
        duration='438',type='1',tag='reel and real, vip news',category='',categoryid='',
        updated_at='2018-05-23 16:17:27',shortdescription='',
        director='',producer='',cast='',crew='',sub_genre='',
        language='',pgrating='',video_status='active',puser_id='107',custom_data=''
        where entryid='0_b9p67ar8'
23/05/2018 16:15:36 | SUCCESS | Updtate MetaData(0_x93929rr) | By-PowerSmart_ott182 | update entry set name='Reel and Real: Part 1 – VIP News',thumbnail='http://ott.planetcast.in/p/111/sp/11100/thumbnail/entry_id/0_x93929rr/version/100032',longdescription='ರೀಲು ರಿಯಲ್ಲು: ಭಾಗ 1 | Reel and Real: Part 1 ',
        duration='778',type='1',tag='reel and real, vip news',category='Reel and Real',categoryid='386',
        updated_at='2018-05-23 16:18:08',shortdescription='',
        director='',producer='',cast='',crew='',sub_genre='',
        language='',pgrating='',video_status='active',puser_id='107',custom_data=''
        where entryid='0_x93929rr'
23/05/2018 16:15:51 | SUCCESS | Updtate MetaData(0_b9p67ar8) | By-PowerSmart_ott182 | update entry set name='Reel and Real: Part 2 – VIP News',thumbnail='http://ott.planetcast.in/p/111/sp/11100/thumbnail/entry_id/0_b9p67ar8/version/100032',longdescription='ರೀಲು ರಿಯಲ್ಲು: ಭಾಗ 2 | Reel and Real: Part 2',
        duration='438',type='1',tag='reel and real, vip news',category='Reel and Real',categoryid='386',
        updated_at='2018-05-23 16:18:23',shortdescription='',
        director='',producer='',cast='',crew='',sub_genre='',
        language='',pgrating='',video_status='active',puser_id='107',custom_data=''
        where entryid='0_b9p67ar8'
23/05/2018 16:47:06 | SUCCESS | Sync Category | By-PowerSmart_ott182 | 
