04/06/2018 04:26:56 | SUCCESS | login-(Vip News) | By-Vip News_ott182 | 
04/06/2018 06:37:23 | SUCCESS | login-(PowerSmart) | By-PowerSmart_ott182 | 
04/06/2018 12:47:32 | SUCCESS | Save New video(0_60388f3t) | By-PowerSmart_ott182 | 
04/06/2018 13:05:03 | SUCCESS | Save New video(0_sb61owwa) | By-PowerSmart_ott182 | 
04/06/2018 13:05:52 | SUCCESS | Updtate MetaData(0_60388f3t) | By-PowerSmart_ott182 | update entry set name='Headlines @ 12 noon – June 4, 2018 ',thumbnail='http://ott.planetcast.in/p/111/sp/11100/thumbnail/entry_id/0_60388f3t/version/100032',longdescription='ಈ ಹೊತ್ತಿನ ಮುಖ್ಯಾಂಶಗಳು | Headlines at the Moment',
        duration='61',type='1',tag='latest news, vip news',category='News',categoryid='378',
        updated_at='2018-06-04 13:08:34',shortdescription='',
        director='',producer='',cast='',crew='',sub_genre='',
        language='',pgrating='',video_status='active',puser_id='107',custom_data=''
        where entryid='0_60388f3t'
04/06/2018 07:37:42 | SUCCESS | login-(PowerSmart) | By-PowerSmart_ott182 | 
04/06/2018 13:13:43 | SUCCESS | Save New video(0_vpnya320) | By-PowerSmart_ott182 | 
04/06/2018 13:17:09 | SUCCESS | Updtate MetaData(0_sb61owwa) | By-PowerSmart_ott182 | update entry set name='ಗಂಗಾವತಿ ಆಸ್ಪತ್ರೆಗೆ ನುಗ್ಗಿದ ಮಳೆ ನೀರು',thumbnail='http://ott.planetcast.in/p/111/sp/11100/thumbnail/entry_id/0_sb61owwa/version/100032',longdescription='ಗಂಗಾವತಿ ಆಸ್ಪತ್ರೆಗೆ ನುಗ್ಗಿದ ಮಳೆ ನೀರು',
        duration='101',type='1',tag='gangavati hospital, koppala, rain floods, vip news',category='News',categoryid='378',
        updated_at='2018-06-04 13:19:51',shortdescription='',
        director='',producer='',cast='',crew='',sub_genre='',
        language='',pgrating='',video_status='active',puser_id='107',custom_data=''
        where entryid='0_sb61owwa'
04/06/2018 13:17:21 | SUCCESS | Updtate MetaData(0_vpnya320) | By-PowerSmart_ott182 | update entry set name='Headlines @ 1 pm – June 4, 2018 ',thumbnail='http://ott.planetcast.in/p/111/sp/11100/thumbnail/entry_id/0_vpnya320/version/100022',longdescription='ಈ ಹೊತ್ತಿನ ಮುಖ್ಯಾಂಶಗಳು | Headlines at the Moment',
        duration='61',type='1',tag='headlines, latest news, vip news',category='News',categoryid='378',
        updated_at='2018-06-04 13:20:04',shortdescription='',
        director='',producer='',cast='',crew='',sub_genre='',
        language='',pgrating='',video_status='active',puser_id='107',custom_data=''
        where entryid='0_vpnya320'
04/06/2018 13:17:44 | SUCCESS | Save Thumbnail(0_sb61owwa) | By-PowerSmart_ott182 | 
04/06/2018 13:21:21 | SUCCESS | Save New video(0_o46t7ftg) | By-PowerSmart_ott182 | 
04/06/2018 13:23:52 | SUCCESS | Updtate MetaData(0_o46t7ftg) | By-PowerSmart_ott182 | update entry set name='ದೆಹಲಿಗೆ ಕಾಂಗ್ರೆಸ್ ಅಧಿಕಾರಿಗಳು ',thumbnail='http://ott.planetcast.in/p/111/sp/11100/thumbnail/entry_id/0_o46t7ftg/version/100002',longdescription='ದೆಹಲಿಗೆ ಕಾಂಗ್ರೆಸ್ ಅಧಿಕಾರಿಗಳು | Congress Officers to head to Delhi',
        duration='91',type='1',tag='congress officers, vip news, politics',category='News',categoryid='378',
        updated_at='2018-06-04 13:26:35',shortdescription='',
        director='',producer='',cast='',crew='',sub_genre='',
        language='',pgrating='',video_status='active',puser_id='107',custom_data=''
        where entryid='0_o46t7ftg'
04/06/2018 13:24:15 | SUCCESS | Save Thumbnail(0_o46t7ftg) | By-PowerSmart_ott182 | 
04/06/2018 13:44:05 | SUCCESS | Save New video(0_3yzr4w6s) | By-PowerSmart_ott182 | 
04/06/2018 13:48:02 | SUCCESS | Updtate MetaData(0_3yzr4w6s) | By-PowerSmart_ott182 | update entry set name='Pratap Simha against Prakash Rai ',thumbnail='http://ott.planetcast.in/p/111/sp/11100/thumbnail/entry_id/0_3yzr4w6s/version/100002',longdescription='ಪ್ರಕಾಶ್ ರೈ ವಿರುದ್ಧ ಸಂಸದ ಪ್ರತಾಪ್ ಸಿಂಹ ವಾಗ್ದಾಳಿ ',
        duration='363',type='1',tag='pratap simha, prakash rai',category='News',categoryid='378',
        updated_at='2018-06-04 13:50:44',shortdescription='',
        director='',producer='',cast='',crew='',sub_genre='',
        language='',pgrating='',video_status='active',puser_id='107',custom_data=''
        where entryid='0_3yzr4w6s'
04/06/2018 13:48:42 | SUCCESS | Save Thumbnail(0_3yzr4w6s) | By-PowerSmart_ott182 | 
04/06/2018 14:13:48 | SUCCESS | Save New video(0_87wdo49l) | By-PowerSmart_ott182 | 
04/06/2018 14:19:47 | SUCCESS | Save New video(0_gyhajb68) | By-PowerSmart_ott182 | 
04/06/2018 14:22:57 | SUCCESS | Updtate MetaData(0_87wdo49l) | By-PowerSmart_ott182 | update entry set name='ತೋಳ ಬಂತು ತೋಳ',thumbnail='http://ott.planetcast.in/p/111/sp/11100/thumbnail/entry_id/0_87wdo49l/version/100032',longdescription='Wolf found at Vijayapura',
        duration='38',type='1',tag='wolf, vijayapura',category='News',categoryid='378',
        updated_at='2018-06-04 14:25:39',shortdescription='',
        director='',producer='',cast='',crew='',sub_genre='',
        language='',pgrating='',video_status='active',puser_id='107',custom_data=''
        where entryid='0_87wdo49l'
04/06/2018 14:24:13 | SUCCESS | Save Thumbnail(0_87wdo49l) | By-PowerSmart_ott182 | 
04/06/2018 15:17:21 | SUCCESS | Updtate MetaData(0_gyhajb68) | By-PowerSmart_ott182 | update entry set name=' ಹೆಚ್ ಡಿ ಕೆಮತ್ತು ಕಮಲ್ ಹಾಸನ್ ಭೇಟಿ ',thumbnail='http://ott.planetcast.in/p/111/sp/11100/thumbnail/entry_id/0_gyhajb68/version/100032',longdescription='ಸಿ ಎಂ ಹೆಚ್ ಡಿ ಕುಮಾರಸ್ವಾಮಿ ಮತ್ತು ಕಮಲ್ ಹಾಸನ್ ಭೇಟಿ',
        duration='1024',type='1',tag='hdk, kamal haasan',category='News',categoryid='378',
        updated_at='2018-06-04 15:20:04',shortdescription='',
        director='',producer='',cast='',crew='',sub_genre='',
        language='',pgrating='',video_status='active',puser_id='107',custom_data=''
        where entryid='0_gyhajb68'
04/06/2018 15:29:01 | SUCCESS | Save New video(0_p1a6ax7t) | By-PowerSmart_ott182 | 
04/06/2018 15:32:37 | SUCCESS | Save New video(0_sxn2ujhu) | By-PowerSmart_ott182 | 
04/06/2018 15:51:24 | SUCCESS | Save New video(0_udlsj83f) | By-PowerSmart_ott182 | 
04/06/2018 15:52:38 | SUCCESS | Updtate MetaData(0_p1a6ax7t) | By-PowerSmart_ott182 | update entry set name='Headlines @ 2 pm – June 4, 2018',thumbnail='http://ott.planetcast.in/p/111/sp/11100/thumbnail/entry_id/0_p1a6ax7t/version/100032',longdescription='ಈ ಹೊತ್ತಿನ ಮುಖ್ಯಾಂಶಗಳು | Headlines at the Moment',
        duration='61',type='1',tag='latest news, vip news',category='News',categoryid='378',
        updated_at='2018-06-04 15:55:20',shortdescription='',
        director='',producer='',cast='',crew='',sub_genre='',
        language='',pgrating='',video_status='active',puser_id='107',custom_data=''
        where entryid='0_p1a6ax7t'
04/06/2018 15:53:47 | SUCCESS | Save Thumbnail(0_sxn2ujhu) | By-PowerSmart_ott182 | 
04/06/2018 15:55:42 | SUCCESS | Updtate MetaData(0_sxn2ujhu) | By-PowerSmart_ott182 | update entry set name='H D Kumaraswamy’s Latest Statement ',thumbnail='http://ott.planetcast.in/p/111/sp/11100/thumbnail/entry_id/0_sxn2ujhu/version/100042',longdescription='ಬೆಂಗಳೂರಿನಲ್ಲಿ ಸಿ ಎಂ ಹೆಚ್ ಡಿ ಕುಮಾರಸ್ವಾಮಿ ಹೇಳಿಕೆ',
        duration='127',type='1',tag='kumaraswamy, statement, latest news',category='News',categoryid='378',
        updated_at='2018-06-04 15:58:25',shortdescription='',
        director='',producer='',cast='',crew='',sub_genre='',
        language='',pgrating='',video_status='active',puser_id='107',custom_data=''
        where entryid='0_sxn2ujhu'
04/06/2018 15:56:10 | SUCCESS | Updtate MetaData(0_udlsj83f) | By-PowerSmart_ott182 | update entry set name='Ramalinga Reddy Latest Statement',thumbnail='http://ott.planetcast.in/p/111/sp/11100/thumbnail/entry_id/0_udlsj83f/version/100012',longdescription='ರಾಮಲಿಂಗ ರೆಡ್ಡಿ ಹೇಳಿಕೆ.',
        duration='160',type='1',tag='congress-jds alliance, vip news, ramalinga reddy',category='News',categoryid='378',
        updated_at='2018-06-04 15:58:52',shortdescription='',
        director='',producer='',cast='',crew='',sub_genre='',
        language='',pgrating='',video_status='active',puser_id='107',custom_data=''
        where entryid='0_udlsj83f'
04/06/2018 15:57:25 | SUCCESS | Save Thumbnail(0_udlsj83f) | By-PowerSmart_ott182 | 
04/06/2018 16:11:03 | SUCCESS | Save New video(0_3qiuvcgk) | By-PowerSmart_ott182 | 
04/06/2018 16:14:03 | SUCCESS | Save New video(0_6o051ryy) | By-PowerSmart_ott182 | 
04/06/2018 16:14:16 | SUCCESS | Updtate MetaData(0_3qiuvcgk) | By-PowerSmart_ott182 | update entry set name='K  S  Eshwarappa Latest Statement',thumbnail='http://ott.planetcast.in/p/111/sp/11100/thumbnail/entry_id/0_3qiuvcgk/version/100012',longdescription='ಕೆ ಎಸ್ ಈಶ್ವರಪ್ಪ ಹೇಳಿಕೆ.',
        duration='133',type='1',tag='k  s  eshwarappa, latest',category='News',categoryid='378',
        updated_at='2018-06-04 16:16:59',shortdescription='',
        director='',producer='',cast='',crew='',sub_genre='',
        language='',pgrating='',video_status='active',puser_id='107',custom_data=''
        where entryid='0_3qiuvcgk'
04/06/2018 16:15:37 | SUCCESS | Save Thumbnail(0_3qiuvcgk) | By-PowerSmart_ott182 | 
04/06/2018 11:01:03 | SUCCESS | login-(PowerSmart) | By-PowerSmart_ott182 | 
04/06/2018 16:40:14 | SUCCESS | Updtate MetaData(0_6o051ryy) | By-PowerSmart_ott182 | update entry set name='4 pm Headlines – June 4, 2018',thumbnail='http://ott.planetcast.in/p/111/sp/11100/thumbnail/entry_id/0_6o051ryy/version/100032',longdescription='ಈ ಕ್ಷಣದ ಮುಖ್ಯಾಂಶಗಳು | Headlines at the Moment ',
        duration='61',type='1',tag='latest',category='News',categoryid='378',
        updated_at='2018-06-04 16:42:57',shortdescription='',
        director='',producer='',cast='',crew='',sub_genre='',
        language='',pgrating='',video_status='active',puser_id='107',custom_data=''
        where entryid='0_6o051ryy'
04/06/2018 17:02:50 | SUCCESS | Save New video(0_lca2oziz) | By-PowerSmart_ott182 | 
04/06/2018 17:27:25 | SUCCESS | Save New video(0_xuu9lwmc) | By-PowerSmart_ott182 | 
04/06/2018 17:29:19 | SUCCESS | Updtate MetaData(0_lca2oziz) | By-PowerSmart_ott182 | update entry set name='Jagadish Shettar Latest Statement ',thumbnail='http://ott.planetcast.in/p/111/sp/11100/thumbnail/entry_id/0_lca2oziz/version/100032',longdescription='ಜಗದೀಶ್ ಶೆಟ್ಟರ್ ಹೇಳಿಕೆ.',
        duration='104',type='1',tag='jagadish shettar, latest, congress-jds alliance',category='News',categoryid='378',
        updated_at='2018-06-04 17:32:01',shortdescription='',
        director='',producer='',cast='',crew='',sub_genre='',
        language='',pgrating='',video_status='active',puser_id='107',custom_data=''
        where entryid='0_lca2oziz'
04/06/2018 17:31:23 | SUCCESS | Save Thumbnail(0_lca2oziz) | By-PowerSmart_ott182 | 
04/06/2018 17:39:02 | SUCCESS | Updtate MetaData(0_xuu9lwmc) | By-PowerSmart_ott182 | update entry set name='Financial Assistance by the CM',thumbnail='http://ott.planetcast.in/p/111/sp/11100/thumbnail/entry_id/0_xuu9lwmc/version/100012',longdescription='ಹಣಕಾಸು ನೆರವಿನ ಭರವಸೆ ನೀಡಿದ ಸಿ ಎಂ ಹೆಚ್ ಡಿ ಕುಮಾರಸ್ವಾಮಿ.',
        duration='548',type='1',tag='kumaraswamy, financial assistance, latest',category='News',categoryid='378',
        updated_at='2018-06-04 17:41:44',shortdescription='',
        director='',producer='',cast='',crew='',sub_genre='',
        language='',pgrating='',video_status='active',puser_id='107',custom_data=''
        where entryid='0_xuu9lwmc'
04/06/2018 17:43:24 | SUCCESS | Save Thumbnail(0_xuu9lwmc) | By-PowerSmart_ott182 | 
04/06/2018 17:52:40 | SUCCESS | Save New video(0_rvgmec8t) | By-PowerSmart_ott182 | 
04/06/2018 18:13:57 | SUCCESS | Save New video(0_kofid24q) | By-PowerSmart_ott182 | 
04/06/2018 18:19:26 | SUCCESS | Updtate MetaData(0_kofid24q) | By-PowerSmart_ott182 | update entry set name='ಎನ್ ಎ ಹ್ಯಾರಿಸ್ ಗೆ ಸಚಿವ ಸ್ಥಾನಕ್ಕಾಗಿ ',thumbnail='http://ott.planetcast.in/p/111/sp/11100/thumbnail/entry_id/0_kofid24q/version/100012',longdescription='Insist on NA Harris as Minister',
        duration='434',type='1',tag='n a harris, minister, latest',category='News',categoryid='378',
        updated_at='2018-06-04 18:22:08',shortdescription='',
        director='',producer='',cast='',crew='',sub_genre='',
        language='',pgrating='',video_status='active',puser_id='107',custom_data=''
        where entryid='0_kofid24q'
04/06/2018 18:19:46 | SUCCESS | Save Thumbnail(0_kofid24q) | By-PowerSmart_ott182 | 
04/06/2018 18:19:55 | SUCCESS | Updtate MetaData(0_rvgmec8t) | By-PowerSmart_ott182 | update entry set name='ಮುಷ್ಕರ ಕೈಬಿಟ್ಟ ಮೆಟ್ರೋ ನೌಕರರ ಸಂಘ ',thumbnail='http://ott.planetcast.in/p/111/sp/11100/thumbnail/entry_id/0_rvgmec8t/version/100032',longdescription='ಮುಷ್ಕರ ಕೈಬಿಟ್ಟ ಮೆಟ್ರೋ ನೌಕರರ ಸಂಘ',
        duration='373',type='1',tag='metro, namma metro, strike',category='News',categoryid='378',
        updated_at='2018-06-04 18:22:38',shortdescription='',
        director='',producer='',cast='',crew='',sub_genre='',
        language='',pgrating='',video_status='active',puser_id='107',custom_data=''
        where entryid='0_rvgmec8t'
