04/05/2018 04:38:55 | SUCCESS | login-(PowerSmart) | By-PowerSmart_ott182 | 
04/05/2018 10:09:26 | SUCCESS | Delete Video entry(0_nep2d2bg) | By-PowerSmart_ott182 | 
04/05/2018 10:09:54 | SUCCESS | Delete Video entry(0_5jkx1opl) | By-PowerSmart_ott182 | 
04/05/2018 04:51:00 | SUCCESS | login-(PowerSmart) | By-PowerSmart_ott182 | 
04/05/2018 05:54:19 | SUCCESS | login-(PowerSmart) | By-PowerSmart_ott182 | 
04/05/2018 06:29:23 | SUCCESS | login-(PowerSmart) | By-PowerSmart_ott182 | 
04/05/2018 12:02:50 | SUCCESS | Sync Category | By-PowerSmart_ott182 | 
04/05/2018 12:03:04 | SUCCESS | Sync Category | By-PowerSmart_ott182 | 
04/05/2018 12:04:50 | SUCCESS | Sync Category | By-PowerSmart_ott182 | 
04/05/2018 12:04:53 | SUCCESS | Sync Category | By-PowerSmart_ott182 | 
04/05/2018 06:37:13 | SUCCESS | login-(PowerSmart) | By-PowerSmart_ott182 | 
04/05/2018 12:07:48 | SUCCESS | Sync Category | By-PowerSmart_ott182 | 
04/05/2018 12:08:44 | SUCCESS | Sync Category | By-PowerSmart_ott182 | 
04/05/2018 12:10:23 | SUCCESS | Delete Video entry(0_wv2b1d8i) | By-PowerSmart_ott182 | 
04/05/2018 12:10:31 | SUCCESS | Delete Video entry(0_6t7mxbyt) | By-PowerSmart_ott182 | 
04/05/2018 12:10:48 | SUCCESS | Sync Category | By-PowerSmart_ott182 | 
04/05/2018 12:22:20 | SUCCESS | Delete Video entry(0_onwca5q1) | By-PowerSmart_ott182 | 
04/05/2018 12:22:21 | SUCCESS | Delete Video entry(0_rzv4on19) | By-PowerSmart_ott182 | 
04/05/2018 06:52:47 | SUCCESS | login-(PowerSmart) | By-PowerSmart_ott182 | 
04/05/2018 12:23:19 | SUCCESS | Delete Video entry(0_3diqnl3m) | By-PowerSmart_ott182 | 
04/05/2018 12:25:41 | SUCCESS | Sync Category | By-PowerSmart_ott182 | 
04/05/2018 14:24:19 | SUCCESS | Bulk Add Category(0_388mow7r,0_at249ynd,324) | By-PowerSmart_ott182 | update entry set category='WORLD', categoryid='324' where entryid='0_at249ynd' 
04/05/2018 14:25:05 | SUCCESS | Bulk Add Category(0_388mow7r,0_at249ynd,325,337) | By-PowerSmart_ott182 | update entry set category='INDIA,ON DEMAND>KIDS>LEARNING', categoryid='325,337' where entryid='0_at249ynd' 
04/05/2018 14:48:19 | SUCCESS | Delete Video entry(0_69drx5ue) | By-PowerSmart_ott182 | 
04/05/2018 14:48:20 | SUCCESS | Delete Video entry(0_kwke8mni) | By-PowerSmart_ott182 | 
04/05/2018 09:19:18 | SUCCESS | login-(PowerSmart) | By-PowerSmart_ott182 | 
04/05/2018 14:49:59 | SUCCESS | Delete Video entry(0_388mow7r) | By-PowerSmart_ott182 | 
04/05/2018 14:50:25 | SUCCESS | Delete Video entry(0_at249ynd) | By-PowerSmart_ott182 | 
04/05/2018 09:20:43 | SUCCESS | login-(PowerSmart) | By-PowerSmart_ott182 | 
04/05/2018 14:50:44 | SUCCESS | Delete Video entry(0_an26ka0t) | By-PowerSmart_ott182 | 
04/05/2018 14:50:45 | SUCCESS | Delete Video entry(0_1j64zvdx) | By-PowerSmart_ott182 | 
04/05/2018 14:51:38 | SUCCESS | Delete Video entry(0_6jtl4d0m) | By-PowerSmart_ott182 | 
04/05/2018 14:51:39 | SUCCESS | Delete Video entry(0_u04a6d8k) | By-PowerSmart_ott182 | 
04/05/2018 14:53:53 | SUCCESS | Updtate MetaData(0_c7fl4xgx) | By-PowerSmart_ott182 | update entry set name='nasid.mxf',thumbnail='http://ott.planetcast.in/p/111/sp/11100/thumbnail/entry_id/0_c7fl4xgx/version/100002',longdescription='',
        duration='20',type='1',tag='mxf file',category='SPORTS,WORLD',categoryid='326,324',
        updated_at='2018-05-04 14:56:09',shortdescription='',
        director='',producer='',cast='',crew='',sub_genre='',
        language='',pgrating='',video_status='active',puser_id='119',custom_data='{"keeeeeeeeeeeeyyyyyyy":"yyyyyyyyyyyy"}'
        where entryid='0_c7fl4xgx'
04/05/2018 14:54:29 | SUCCESS | Bulk Add Category(0_c7fl4xgx,0_uuo23bu9,325) | By-PowerSmart_ott182 | update entry set category='INDIA', categoryid='325' where entryid='0_uuo23bu9' 
04/05/2018 14:59:56 | SUCCESS | Updtate MetaData(0_c7fl4xgx) | By-PowerSmart_ott182 | update entry set name='nasid.mxf',thumbnail='http://ott.planetcast.in/p/111/sp/11100/thumbnail/entry_id/0_c7fl4xgx/version/100002',longdescription='',
        duration='20',type='1',tag='mxf file',category='INDIA',categoryid='325',
        updated_at='2018-05-04 15:02:11',shortdescription='',
        director='',producer='',cast='',crew='',sub_genre='',
        language='',pgrating='',video_status='inactive',puser_id='119',custom_data='{"keeeeeeeeeeeeyyyyyyy":"yyyyyyyyyyyy"}'
        where entryid='0_c7fl4xgx'
04/05/2018 15:00:47 | SUCCESS | Updtate MetaData(0_c7fl4xgx) | By-PowerSmart_ott182 | update entry set name='nasid.mxf',thumbnail='http://ott.planetcast.in/p/111/sp/11100/thumbnail/entry_id/0_c7fl4xgx/version/100002',longdescription='',
        duration='20',type='1',tag='mxf file',category='INDIA',categoryid='325',
        updated_at='2018-05-04 15:03:02',shortdescription='',
        director='',producer='',cast='',crew='',sub_genre='',
        language='',pgrating='',video_status='active',puser_id='119',custom_data='{"keeeeeeeeeeeeyyyyyyy":"yyyyyyyyyyyy"}'
        where entryid='0_c7fl4xgx'
04/05/2018 15:09:31 | SUCCESS | Bulk Add Category(0_uuo23bu9,0_g8j122yj,329) | By-PowerSmart_ott182 | update entry set category='TECHNOLOGY', categoryid='329' where entryid='0_g8j122yj' 
04/05/2018 15:10:32 | SUCCESS | Sync Category | By-PowerSmart_ott182 | 
04/05/2018 15:11:05 | SUCCESS | Sync Category | By-PowerSmart_ott182 | 
04/05/2018 15:11:07 | SUCCESS | Sync Category | By-PowerSmart_ott182 | 
04/05/2018 15:11:14 | SUCCESS | Sync Category | By-PowerSmart_ott182 | 
04/05/2018 15:12:28 | SUCCESS | Sync Category | By-PowerSmart_ott182 | 
04/05/2018 15:12:36 | SUCCESS | Sync Category | By-PowerSmart_ott182 | 
04/05/2018 10:05:39 | SUCCESS | login-(PowerSmart) | By-PowerSmart_ott182 | 
04/05/2018 10:09:01 | SUCCESS | login-(PowerSmart) | By-PowerSmart_ott182 | 
04/05/2018 10:15:46 | SUCCESS | login-(PowerSmart) | By-PowerSmart_ott182 | 
04/05/2018 10:20:07 | SUCCESS | login-(PowerSmart) | By-PowerSmart_ott182 | 
04/05/2018 16:17:43 | SUCCESS | Save Thumbnail(0_5xn018rh) | By-PowerSmart_ott182 | 
04/05/2018 16:21:24 | SUCCESS | Add New Header Content(LIVE) | By-PowerSmart_ott182 | 
04/05/2018 16:21:31 | SUCCESS | Sync New Category(TRAVEL) | By-PowerSmart_ott182 | 
04/05/2018 16:21:34 | SUCCESS | Sync New Category(DOCUMENTARY) | By-PowerSmart_ott182 | 
04/05/2018 16:21:37 | SUCCESS | Header Menu active(HeaderID:56,Status:active) | By-PowerSmart_ott182 | 
04/05/2018 16:21:54 | SUCCESS | Header Menu inactive(HeaderID:56,Status:inactive) | By-PowerSmart_ott182 | 
04/05/2018 16:22:05 | SUCCESS | Delete Menu Header (56) | By-PowerSmart_ott182 | DELETE FROM header_menu WHERE hid='56'
04/05/2018 16:31:23 | SUCCESS | Sync Category | By-PowerSmart_ott182 | 
04/05/2018 16:32:28 | ERROR-SQL | Lost connection to MySQL server during query | By-PowerSmart_ott182 | Insert into entry(entryid,name,thumbnail,longdescription,type,tag,status,ispremium,created_at,video_status,puser_id)
   values('0_3fumzybw','sumo.mov','http://ott.planetcast.in/p/111/sp/11100/thumbnail/entry_id/0_3fumzybw/version/0','','1','','1','0','2018-05-04 16:34:43','inactive','107')
04/05/2018 16:33:06 | SUCCESS | Sync Category | By-PowerSmart_ott182 | 
04/05/2018 16:38:31 | SUCCESS | Save New video(0_5gevb0jx) | By-PowerSmart_ott182 | 
04/05/2018 16:41:09 | SUCCESS | Create New Category(name) | By-PowerSmart_ott182 | insert into categories(category_id,parent_id,dept,partner_id,cat_name,fullname,fullids,entry_count,direct_sub_categories_count,description,tags,created_at,updated_at,duser_id,priority,direct_entries_count) 
Select '346','335','1','111','name','ON DEMAND>name','335>346','0','0','','',NOW(),Now(),'107',ifnull(max(priority),0)+1,'0' from categories
04/05/2018 16:49:39 | SUCCESS | Updtate MetaData(0_c7fl4xgx) | By-PowerSmart_ott182 | update entry set name='nasid.mxf',thumbnail='http://ott.planetcast.in/p/111/sp/11100/thumbnail/entry_id/0_c7fl4xgx/version/100002',longdescription='',
        duration='20',type='1',tag='mxf file',category='INDIA,ON DEMAND>KIDS>LEARNING',categoryid='325,337',
        updated_at='2018-05-04 16:51:55',shortdescription='',
        director='',producer='',cast='',crew='',sub_genre='',
        language='',pgrating='',video_status='active',puser_id='119',custom_data='{"keeeeeeeeeeeeyyyyyyy":"yyyyyyyyyyyy"}'
        where entryid='0_c7fl4xgx'
04/05/2018 16:52:44 | SUCCESS | Sync Category | By-PowerSmart_ott182 | 
04/05/2018 16:52:48 | SUCCESS | Sync Category | By-PowerSmart_ott182 | 
04/05/2018 17:03:33 | SUCCESS | Updtate MetaData(0_atst29sl) | By-PowerSmart_ott182 | update entry set name='Live | Podcast | Streaming',thumbnail='http://ott.planetcast.in/p/111/sp/11100/thumbnail/entry_id/0_atst29sl/version/100042',longdescription='Watch high quality of Live streaming of channel\r\nat Powersmart.',
        duration='5',type='1',tag='live, podcast, streaming, news, report, reading, reporter, buzz, latest, business',category='WORLD,INDIA,SPORTS,BUSINESS,ENTERTAINMENT,TECHNOLOGY,LIFESTYLE,AUTOPORTAL,HEALTH,SCIENCE',categoryid='324,325,326,327,328,329,330,331,332,333',
        updated_at='2018-05-04 17:05:48',shortdescription='Watch high quality of Live streaming at Powersmart.',
        director='',producer='',cast='',crew='',sub_genre='',
        language='',pgrating='',video_status='active',puser_id='107',custom_data=''
        where entryid='0_atst29sl'
04/05/2018 17:17:09 | SUCCESS | Header Menu inactive(HeaderID:45,Status:inactive) | By-PowerSmart_ott182 | 
04/05/2018 17:17:13 | SUCCESS | Header Menu active(HeaderID:45,Status:active) | By-PowerSmart_ott182 | 
04/05/2018 17:22:50 | SUCCESS | Save New video(0_z0b8fkt2) | By-PowerSmart_ott182 | 
04/05/2018 17:27:25 | SUCCESS | Updtate MetaData(0_z0b8fkt2) | By-PowerSmart_ott182 | update entry set name='SampleVideo_1280x720_1mb.mp4',thumbnail='http://ott.planetcast.in/p/111/sp/11100/thumbnail/entry_id/0_z0b8fkt2/version/100002',longdescription='',
        duration='5',type='1',tag='',category='',categoryid='',
        updated_at='2018-05-04 17:29:41',shortdescription='',
        director='',producer='',cast='',crew='',sub_genre='',
        language='',pgrating='',video_status='inactive',puser_id='107',custom_data=''
        where entryid='0_z0b8fkt2'
04/05/2018 17:32:07 | SUCCESS | Update Category(LIFESTYLE) | By-PowerSmart_ott182 | update categories set cat_name='LIFESTYLE',description='a\na\na\na\na\na\na\naa\na\na\na\na\na\na\na\na\na\na\na\na\na\na\na\na\na\na\na\na\n\na\na\na\na\na\na\na\na\na\na\na\na\na\na\na\na\na\na\na\na\na\na\na\na\na\na\na\na\na\na\na\na\na\na\na\na\na\na\na\na\na\na\naa\na\na\na\na\na\na\naa\na\na\na\na\na\na\na\na\na\na\na\na\na\na\na\na\na\na\na',tags='',fullname='LIFESTYLE' where category_id='330'
04/05/2018 17:33:16 | SUCCESS | delete Category(346) | By-PowerSmart_ott182 | DELETE FROM categories where category_id='346'
04/05/2018 17:33:22 | SUCCESS | Sync Category | By-PowerSmart_ott182 | 
04/05/2018 17:33:25 | SUCCESS | Sync Category | By-PowerSmart_ott182 | 
04/05/2018 17:33:28 | SUCCESS | Sync Category | By-PowerSmart_ott182 | 
04/05/2018 17:33:30 | SUCCESS | Sync Category | By-PowerSmart_ott182 | 
04/05/2018 17:33:37 | SUCCESS | Sync Category | By-PowerSmart_ott182 | 
04/05/2018 17:33:40 | SUCCESS | Sync Category | By-PowerSmart_ott182 | 
04/05/2018 17:33:42 | SUCCESS | Sync Category | By-PowerSmart_ott182 | 
04/05/2018 17:33:44 | SUCCESS | Sync Category | By-PowerSmart_ott182 | 
04/05/2018 17:33:46 | SUCCESS | Sync Category | By-PowerSmart_ott182 | 
04/05/2018 17:33:49 | SUCCESS | Sync Category | By-PowerSmart_ott182 | 
04/05/2018 17:36:02 | SUCCESS | delete Category(336) | By-PowerSmart_ott182 | DELETE FROM categories where category_id='337' and parent_id='336'
04/05/2018 17:38:36 | SUCCESS | Update Category(!@#$%^) | By-PowerSmart_ott182 | update categories set cat_name='!@#$%^',description='http://powersmart.planetcast.in/watch/0_dnkd90yahttp://powersmart.planetcast.in/watch/0_dnkd90yahttp://powersmart.planetcast.in/watch/0_dnkd90yahttp://powersmart.planetcast.in/watch/0_dnkd90yahttp://powersmart.planetcast.in/watch/0_dnkd90yahttp://powersmart.planetcast.in/watch/0_dnkd90yahttp://powersmart.planetcast.in/watch/0_dnkd90yahttp://powersmart.planetcast.in/watch/0_dnkd90yahttp://powersmart.planetcast.in/watch/0_dnkd90yahttp://powersmart.planetcast.in/watch/0_dnkd90yahttp://powersmart.planetcast.in/watch/0_dnkd90yahttp://powersmart.planetcast.in/watch/0_dnkd90yahttp://powersmart.planetcast.in/watch/0_dnkd90yahttp://powersmart.planetcast.in/watch/0_dnkd90yahttp://powersmart.planetcast.in/watch/0_dnkd90yahttp://powersmart.planetcast.in/watch/0_dnkd90yahttp://powersmart.planetcast.in/watch/0_dnkd90yahttp://powersmart.planetcast.in/watch/0_dnkd90yahttp://powersmart.planetcast.in/watch/0_dnkd90yahttp://powersmart.planetcast.in/watch/0_dnkd90yahttp://powersmart.planetcast.in/watch/0_dnkd90yahttp://powersmart.planetcast.in/watch/0_dnkd90yahttp://powersmart.planetcast.in/watch/0_dnkd90yahttp://powersmart.planetcast.in/watch/0_dnkd90yahttp://powersmart.planetcast.in/watch/0_dnkd90yahttp://powersmart.planetcast.in/watch/0_dnkd90yahttp://powersmart.planetcast.in/watch/0_dnkd90yahttp://powersmart.planetcast.in/watch/0_dnkd90yahttp://powersmart.planetcast.in/watch/0_dnkd90yahttp://powersmart.planetcast.in/watch/0_dnkd90yahttp://powersmart.planetcast.in/watch/0_dnkd90yahttp://powersmart.planetcast.in/watch/0_dnkd90yahttp://powersmart.planetcast.in/watch/0_dnkd90yahttp://powersmart.planetcast.in/watch/0_dnkd90yahttp://powersmart.planetcast.in/watch/0_dnkd90yahttp://powersmart.planetcast.in/watch/0_dnkd90yahttp://powersmart.planetcast.in/watch/0_dnkd90yahttp://powersmart.planetcast.in/watch/0_dnkd90yahttp://powersmart.planetcast.in/watch/0_dnkd90yahttp://powersmart.planetcast.in/watch/0_dnkd90yahttp://powersmart.planetcast.in/watch/0_dnkd90yahttp://powersmart.planetcast.in/watch/0_dnkd90yahttp://powersmart.planetcast.in/watch/0_dnkd90yahttp://powersmart.planetcast.in/watch/0_dnkd90yahttp://powersmart.planetcast.in/watch/0_dnkd90yahttp://powersmart.planetcast.in/watch/0_dnkd90yahttp://powersmart.planetcast.in/watch/0_dnkd90yahttp://powersmart.planetcast.in/watch/0_dnkd90yahttp://powersmart.planetcast.in/watch/0_dnkd90yahttp://powersmart.planetcast.in/watch/0_dnkd90yahttp://powersmart.planetcast.in/watch/0_dnkd90yahttp://powersmart.planetcast.in/watch/0_dnkd90yahttp://powersmart.planetcast.in/watch/0_dnkd90yahttp://powersmart.planetcast.in/watch/0_dnkd90yahttp://powersmart.planetcast.in/watch/0_dnkd90yahttp://powersmart.planetcast.in/watch/0_dnkd90yahttp://powersmart.planetcast.in/watch/0_dnkd90yahttp://powersmart.planetcast.in/watch/0_dnkd90yahttp://powersmart.planetcast.in/watch/0_dnkd90yahttp://powersmart.planetcast.in/watch/0_dnkd90yahttp://powersmart.planetcast.in/watch/0_dnkd90yahttp://powersmart.planetcast.in/watch/0_dnkd90yahttp://powersmart.planetcast.in/watch/0_dnkd90yahttp://powersmart.planetcast.in/watch/0_dnkd90yahttp://powersmart.planetcast.in/watch/0_dnkd90yahttp://powersmart.planetcast.in/watch/0_dnkd90yahttp://powersmart.planetcast.in/watch/0_dnkd90yahttp://powersmart.planetcast.in/watch/0_dnkd90yahttp://powersmart.planetcast.in/watch/0_dnkd90yahttp://powersmart.planetcast.in/watch/0_dnkd90yahttp://powersmart.planetcast.in/watch/0_dnkd90yahttp://powersmart.planetcast.in/watch/0_dnkd90yahttp://powersmart.planetcast.in/watch/0_dnkd90yahttp://powersmart.planetcast.in/watch/0_dnkd90yahttp://powersmart.planetcast.in/watch/0_dnkd90yahttp://powersmart.planetcast.in/watch/0_dnkd90yahttp://powersmart.planetcast.in/watch/0_dnkd90yahttp://powersmart.planetcast.in/watch/0_dnkd90yahttp://powersmart.planetcast.in/watch/0_dnkd90yahttp://powersmart.planetcast.in/watch/0_dnkd90yahttp://powersmart.planetcast.in/watch/0_dnkd90yahttp://powersmart.planetcast.in/watch/0_dnkd90yahttp://powersmart.planetcast.in/watch/0_dnkd90yahttp://powersmart.planetcast.in/watch/0_dnkd90yahttp://powersmart.planetcast.in/watch/0_dnkd90yahttp://powersmart.planetcast.in/watch/0_dnkd90yahttp://powersmart.planetcast.in/watch/0_dnkd90yahttp://powersmart.planetcast.in/watch/0_dnkd90yahttp://powersmart.planetcast.in/watch/0_dnkd90yahttp://powersmart.planetcast.in/watch/0_dnkd90yahttp://powersmart.planetcast.in/watch/0_dnkd90yahttp://powersmart.planetcast.in/watch/0_dnkd90yahttp://powersmart.planetcast.in/watch/0_dnkd90ya',tags='!@#$%^,qweqweqwe',fullname='!@#$%^' where category_id='349'
04/05/2018 17:38:45 | SUCCESS | Update Category(!@#$%^) | By-PowerSmart_ott182 | update categories set cat_name='!@#$%^',description='http://powersmart.planetcast.in/watch/0_dnkd90yahttp://powersmart.planetcast.in/watch/0_dnkd90yahttp://powersmart.planetcast.in/watch/0_dnkd90yahttp://powersmart.planetcast.in/watch/0_dnkd90yahttp://powersmart.planetcast.in/watch/0_dnkd90yahttp://powersmart.planetcast.in/watch/0_dnkd90yahttp://powersmart.planetcast.in/watch/0_dnkd90yahttp://powersmart.planetcast.in/watch/0_dnkd90yahttp://powersmart.planetcast.in/watch/0_dnkd90yahttp://powersmart.planetcast.in/watch/0_dnkd90yahttp://powersmart.planetcast.in/watch/0_dnkd90yahttp://powersmart.planetcast.in/watch/0_dnkd90yahttp://powersmart.planetcast.in/watch/0_dnkd90yahttp://powersmart.planetcast.in/watch/0_dnkd90yahttp://powersmart.planetcast.in/watch/0_dnkd90yahttp://powersmart.planetcast.in/watch/0_dnkd90yahttp://powersmart.planetcast.in/watch/0_dnkd90yahttp://powersmart.planetcast.in/watch/0_dnkd90yahttp://powersmart.planetcast.in/watch/0_dnkd90yahttp://powersmart.planetcast.in/watch/0_dnkd90yahttp://powersmart.planetcast.in/watch/0_dnkd90yahttp://powersmart.planetcast.in/watch/0_dnkd90yahttp://powersmart.planetcast.in/watch/0_dnkd90yahttp://powersmart.planetcast.in/watch/0_dnkd90yahttp://powersmart.planetcast.in/watch/0_dnkd90yahttp://powersmart.planetcast.in/watch/0_dnkd90yahttp://powersmart.planetcast.in/watch/0_dnkd90yahttp://powersmart.planetcast.in/watch/0_dnkd90yahttp://powersmart.planetcast.in/watch/0_dnkd90yahttp://powersmart.planetcast.in/watch/0_dnkd90yahttp://powersmart.planetcast.in/watch/0_dnkd90yahttp://powersmart.planetcast.in/watch/0_dnkd90yahttp://powersmart.planetcast.in/watch/0_dnkd90yahttp://powersmart.planetcast.in/watch/0_dnkd90yahttp://powersmart.planetcast.in/watch/0_dnkd90yahttp://powersmart.planetcast.in/watch/0_dnkd90yahttp://powersmart.planetcast.in/watch/0_dnkd90yahttp://powersmart.planetcast.in/watch/0_dnkd90yahttp://powersmart.planetcast.in/watch/0_dnkd90yahttp://powersmart.planetcast.in/watch/0_dnkd90yahttp://powersmart.planetcast.in/watch/0_dnkd90yahttp://powersmart.planetcast.in/watch/0_dnkd90yahttp://powersmart.planetcast.in/watch/0_dnkd90yahttp://powersmart.planetcast.in/watch/0_dnkd90yahttp://powersmart.planetcast.in/watch/0_dnkd90yahttp://powersmart.planetcast.in/watch/0_dnkd90yahttp://powersmart.planetcast.in/watch/0_dnkd90yahttp://powersmart.planetcast.in/watch/0_dnkd90yahttp://powersmart.planetcast.in/watch/0_dnkd90yahttp://powersmart.planetcast.in/watch/0_dnkd90yahttp://powersmart.planetcast.in/watch/0_dnkd90yahttp://powersmart.planetcast.in/watch/0_dnkd90yahttp://powersmart.planetcast.in/watch/0_dnkd90yahttp://powersmart.planetcast.in/watch/0_dnkd90yahttp://powersmart.planetcast.in/watch/0_dnkd90yahttp://powersmart.planetcast.in/watch/0_dnkd90yahttp://powersmart.planetcast.in/watch/0_dnkd90yahttp://powersmart.planetcast.in/watch/0_dnkd90yahttp://powersmart.planetcast.in/watch/0_dnkd90yahttp://powersmart.planetcast.in/watch/0_dnkd90yahttp://powersmart.planetcast.in/watch/0_dnkd90yahttp://powersmart.planetcast.in/watch/0_dnkd90yahttp://powersmart.planetcast.in/watch/0_dnkd90yahttp://powersmart.planetcast.in/watch/0_dnkd90yahttp://powersmart.planetcast.in/watch/0_dnkd90yahttp://powersmart.planetcast.in/watch/0_dnkd90yahttp://powersmart.planetcast.in/watch/0_dnkd90yahttp://powersmart.planetcast.in/watch/0_dnkd90yahttp://powersmart.planetcast.in/watch/0_dnkd90yahttp://powersmart.planetcast.in/watch/0_dnkd90yahttp://powersmart.planetcast.in/watch/0_dnkd90yahttp://powersmart.planetcast.in/watch/0_dnkd90yahttp://powersmart.planetcast.in/watch/0_dnkd90yahttp://powersmart.planetcast.in/watch/0_dnkd90yahttp://powersmart.planetcast.in/watch/0_dnkd90yahttp://powersmart.planetcast.in/watch/0_dnkd90yahttp://powersmart.planetcast.in/watch/0_dnkd90yahttp://powersmart.planetcast.in/watch/0_dnkd90yahttp://powersmart.planetcast.in/watch/0_dnkd90yahttp://powersmart.planetcast.in/watch/0_dnkd90yahttp://powersmart.planetcast.in/watch/0_dnkd90yahttp://powersmart.planetcast.in/watch/0_dnkd90yahttp://powersmart.planetcast.in/watch/0_dnkd90yahttp://powersmart.planetcast.in/watch/0_dnkd90yahttp://powersmart.planetcast.in/watch/0_dnkd90yahttp://powersmart.planetcast.in/watch/0_dnkd90yahttp://powersmart.planetcast.in/watch/0_dnkd90yahttp://powersmart.planetcast.in/watch/0_dnkd90yahttp://powersmart.planetcast.in/watch/0_dnkd90yahttp://powersmart.planetcast.in/watch/0_dnkd90yahttp://powersmart.planetcast.in/watch/0_dnkd90yahttp://powersmart.planetcast.in/watch/0_dnkd90yahttp://powersmart.planetcast.in/watch/0_dnkd90ya',tags='!@#$%^,qweqweqwe,wrqqwrqwr,rwqrqwr,qwr',fullname='!@#$%^' where category_id='349'
04/05/2018 17:38:49 | SUCCESS | Update Category(!@#$%^) | By-PowerSmart_ott182 | update categories set cat_name='!@#$%^',description='http://powersmart.planetcast.in/watch/0_dnkd90yahttp://powersmart.planetcast.in/watch/0_dnkd90yahttp://powersmart.planetcast.in/watch/0_dnkd90yahttp://powersmart.planetcast.in/watch/0_dnkd90yahttp://powersmart.planetcast.in/watch/0_dnkd90yahttp://powersmart.planetcast.in/watch/0_dnkd90yahttp://powersmart.planetcast.in/watch/0_dnkd90yahttp://powersmart.planetcast.in/watch/0_dnkd90yahttp://powersmart.planetcast.in/watch/0_dnkd90yahttp://powersmart.planetcast.in/watch/0_dnkd90yahttp://powersmart.planetcast.in/watch/0_dnkd90yahttp://powersmart.planetcast.in/watch/0_dnkd90yahttp://powersmart.planetcast.in/watch/0_dnkd90yahttp://powersmart.planetcast.in/watch/0_dnkd90yahttp://powersmart.planetcast.in/watch/0_dnkd90yahttp://powersmart.planetcast.in/watch/0_dnkd90yahttp://powersmart.planetcast.in/watch/0_dnkd90yahttp://powersmart.planetcast.in/watch/0_dnkd90yahttp://powersmart.planetcast.in/watch/0_dnkd90yahttp://powersmart.planetcast.in/watch/0_dnkd90yahttp://powersmart.planetcast.in/watch/0_dnkd90yahttp://powersmart.planetcast.in/watch/0_dnkd90yahttp://powersmart.planetcast.in/watch/0_dnkd90yahttp://powersmart.planetcast.in/watch/0_dnkd90yahttp://powersmart.planetcast.in/watch/0_dnkd90yahttp://powersmart.planetcast.in/watch/0_dnkd90yahttp://powersmart.planetcast.in/watch/0_dnkd90yahttp://powersmart.planetcast.in/watch/0_dnkd90yahttp://powersmart.planetcast.in/watch/0_dnkd90yahttp://powersmart.planetcast.in/watch/0_dnkd90yahttp://powersmart.planetcast.in/watch/0_dnkd90yahttp://powersmart.planetcast.in/watch/0_dnkd90yahttp://powersmart.planetcast.in/watch/0_dnkd90yahttp://powersmart.planetcast.in/watch/0_dnkd90yahttp://powersmart.planetcast.in/watch/0_dnkd90yahttp://powersmart.planetcast.in/watch/0_dnkd90yahttp://powersmart.planetcast.in/watch/0_dnkd90yahttp://powersmart.planetcast.in/watch/0_dnkd90yahttp://powersmart.planetcast.in/watch/0_dnkd90yahttp://powersmart.planetcast.in/watch/0_dnkd90yahttp://powersmart.planetcast.in/watch/0_dnkd90yahttp://powersmart.planetcast.in/watch/0_dnkd90yahttp://powersmart.planetcast.in/watch/0_dnkd90yahttp://powersmart.planetcast.in/watch/0_dnkd90yahttp://powersmart.planetcast.in/watch/0_dnkd90yahttp://powersmart.planetcast.in/watch/0_dnkd90yahttp://powersmart.planetcast.in/watch/0_dnkd90yahttp://powersmart.planetcast.in/watch/0_dnkd90yahttp://powersmart.planetcast.in/watch/0_dnkd90yahttp://powersmart.planetcast.in/watch/0_dnkd90yahttp://powersmart.planetcast.in/watch/0_dnkd90yahttp://powersmart.planetcast.in/watch/0_dnkd90yahttp://powersmart.planetcast.in/watch/0_dnkd90yahttp://powersmart.planetcast.in/watch/0_dnkd90yahttp://powersmart.planetcast.in/watch/0_dnkd90yahttp://powersmart.planetcast.in/watch/0_dnkd90yahttp://powersmart.planetcast.in/watch/0_dnkd90yahttp://powersmart.planetcast.in/watch/0_dnkd90yahttp://powersmart.planetcast.in/watch/0_dnkd90yahttp://powersmart.planetcast.in/watch/0_dnkd90yahttp://powersmart.planetcast.in/watch/0_dnkd90yahttp://powersmart.planetcast.in/watch/0_dnkd90yahttp://powersmart.planetcast.in/watch/0_dnkd90yahttp://powersmart.planetcast.in/watch/0_dnkd90yahttp://powersmart.planetcast.in/watch/0_dnkd90yahttp://powersmart.planetcast.in/watch/0_dnkd90yahttp://powersmart.planetcast.in/watch/0_dnkd90yahttp://powersmart.planetcast.in/watch/0_dnkd90yahttp://powersmart.planetcast.in/watch/0_dnkd90yahttp://powersmart.planetcast.in/watch/0_dnkd90yahttp://powersmart.planetcast.in/watch/0_dnkd90yahttp://powersmart.planetcast.in/watch/0_dnkd90yahttp://powersmart.planetcast.in/watch/0_dnkd90yahttp://powersmart.planetcast.in/watch/0_dnkd90yahttp://powersmart.planetcast.in/watch/0_dnkd90yahttp://powersmart.planetcast.in/watch/0_dnkd90yahttp://powersmart.planetcast.in/watch/0_dnkd90yahttp://powersmart.planetcast.in/watch/0_dnkd90yahttp://powersmart.planetcast.in/watch/0_dnkd90yahttp://powersmart.planetcast.in/watch/0_dnkd90yahttp://powersmart.planetcast.in/watch/0_dnkd90yahttp://powersmart.planetcast.in/watch/0_dnkd90yahttp://powersmart.planetcast.in/watch/0_dnkd90yahttp://powersmart.planetcast.in/watch/0_dnkd90yahttp://powersmart.planetcast.in/watch/0_dnkd90yahttp://powersmart.planetcast.in/watch/0_dnkd90yahttp://powersmart.planetcast.in/watch/0_dnkd90yahttp://powersmart.planetcast.in/watch/0_dnkd90yahttp://powersmart.planetcast.in/watch/0_dnkd90yahttp://powersmart.planetcast.in/watch/0_dnkd90yahttp://powersmart.planetcast.in/watch/0_dnkd90yahttp://powersmart.planetcast.in/watch/0_dnkd90yahttp://powersmart.planetcast.in/watch/0_dnkd90ya',tags='!@#$%^,qweqweqwe,wrqqwrqwr,rwqrqwr,qwr,qwrqr',fullname='!@#$%^' where category_id='349'
04/05/2018 17:38:55 | SUCCESS | Update Category(!@#$%^) | By-PowerSmart_ott182 | update categories set cat_name='!@#$%^',description='http://powersmart.planetcast.in/watch/0_dnkd90yahttp://powersmart.planetcast.in/watch/0_dnkd90yahttp://powersmart.planetcast.in/watch/0_dnkd90yahttp://powersmart.planetcast.in/watch/0_dnkd90yahttp://powersmart.planetcast.in/watch/0_dnkd90yahttp://powersmart.planetcast.in/watch/0_dnkd90yahttp://powersmart.planetcast.in/watch/0_dnkd90yahttp://powersmart.planetcast.in/watch/0_dnkd90yahttp://powersmart.planetcast.in/watch/0_dnkd90yahttp://powersmart.planetcast.in/watch/0_dnkd90yahttp://powersmart.planetcast.in/watch/0_dnkd90yahttp://powersmart.planetcast.in/watch/0_dnkd90yahttp://powersmart.planetcast.in/watch/0_dnkd90yahttp://powersmart.planetcast.in/watch/0_dnkd90yahttp://powersmart.planetcast.in/watch/0_dnkd90yahttp://powersmart.planetcast.in/watch/0_dnkd90yahttp://powersmart.planetcast.in/watch/0_dnkd90yahttp://powersmart.planetcast.in/watch/0_dnkd90yahttp://powersmart.planetcast.in/watch/0_dnkd90yahttp://powersmart.planetcast.in/watch/0_dnkd90yahttp://powersmart.planetcast.in/watch/0_dnkd90yahttp://powersmart.planetcast.in/watch/0_dnkd90yahttp://powersmart.planetcast.in/watch/0_dnkd90yahttp://powersmart.planetcast.in/watch/0_dnkd90yahttp://powersmart.planetcast.in/watch/0_dnkd90yahttp://powersmart.planetcast.in/watch/0_dnkd90yahttp://powersmart.planetcast.in/watch/0_dnkd90yahttp://powersmart.planetcast.in/watch/0_dnkd90yahttp://powersmart.planetcast.in/watch/0_dnkd90yahttp://powersmart.planetcast.in/watch/0_dnkd90yahttp://powersmart.planetcast.in/watch/0_dnkd90yahttp://powersmart.planetcast.in/watch/0_dnkd90yahttp://powersmart.planetcast.in/watch/0_dnkd90yahttp://powersmart.planetcast.in/watch/0_dnkd90yahttp://powersmart.planetcast.in/watch/0_dnkd90yahttp://powersmart.planetcast.in/watch/0_dnkd90yahttp://powersmart.planetcast.in/watch/0_dnkd90yahttp://powersmart.planetcast.in/watch/0_dnkd90yahttp://powersmart.planetcast.in/watch/0_dnkd90yahttp://powersmart.planetcast.in/watch/0_dnkd90yahttp://powersmart.planetcast.in/watch/0_dnkd90yahttp://powersmart.planetcast.in/watch/0_dnkd90yahttp://powersmart.planetcast.in/watch/0_dnkd90yahttp://powersmart.planetcast.in/watch/0_dnkd90yahttp://powersmart.planetcast.in/watch/0_dnkd90yahttp://powersmart.planetcast.in/watch/0_dnkd90yahttp://powersmart.planetcast.in/watch/0_dnkd90yahttp://powersmart.planetcast.in/watch/0_dnkd90yahttp://powersmart.planetcast.in/watch/0_dnkd90yahttp://powersmart.planetcast.in/watch/0_dnkd90yahttp://powersmart.planetcast.in/watch/0_dnkd90yahttp://powersmart.planetcast.in/watch/0_dnkd90yahttp://powersmart.planetcast.in/watch/0_dnkd90yahttp://powersmart.planetcast.in/watch/0_dnkd90yahttp://powersmart.planetcast.in/watch/0_dnkd90yahttp://powersmart.planetcast.in/watch/0_dnkd90yahttp://powersmart.planetcast.in/watch/0_dnkd90yahttp://powersmart.planetcast.in/watch/0_dnkd90yahttp://powersmart.planetcast.in/watch/0_dnkd90yahttp://powersmart.planetcast.in/watch/0_dnkd90yahttp://powersmart.planetcast.in/watch/0_dnkd90yahttp://powersmart.planetcast.in/watch/0_dnkd90yahttp://powersmart.planetcast.in/watch/0_dnkd90yahttp://powersmart.planetcast.in/watch/0_dnkd90yahttp://powersmart.planetcast.in/watch/0_dnkd90yahttp://powersmart.planetcast.in/watch/0_dnkd90yahttp://powersmart.planetcast.in/watch/0_dnkd90yahttp://powersmart.planetcast.in/watch/0_dnkd90yahttp://powersmart.planetcast.in/watch/0_dnkd90yahttp://powersmart.planetcast.in/watch/0_dnkd90yahttp://powersmart.planetcast.in/watch/0_dnkd90yahttp://powersmart.planetcast.in/watch/0_dnkd90yahttp://powersmart.planetcast.in/watch/0_dnkd90yahttp://powersmart.planetcast.in/watch/0_dnkd90yahttp://powersmart.planetcast.in/watch/0_dnkd90yahttp://powersmart.planetcast.in/watch/0_dnkd90yahttp://powersmart.planetcast.in/watch/0_dnkd90yahttp://powersmart.planetcast.in/watch/0_dnkd90yahttp://powersmart.planetcast.in/watch/0_dnkd90yahttp://powersmart.planetcast.in/watch/0_dnkd90yahttp://powersmart.planetcast.in/watch/0_dnkd90yahttp://powersmart.planetcast.in/watch/0_dnkd90yahttp://powersmart.planetcast.in/watch/0_dnkd90yahttp://powersmart.planetcast.in/watch/0_dnkd90yahttp://powersmart.planetcast.in/watch/0_dnkd90yahttp://powersmart.planetcast.in/watch/0_dnkd90yahttp://powersmart.planetcast.in/watch/0_dnkd90yahttp://powersmart.planetcast.in/watch/0_dnkd90yahttp://powersmart.planetcast.in/watch/0_dnkd90yahttp://powersmart.planetcast.in/watch/0_dnkd90yahttp://powersmart.planetcast.in/watch/0_dnkd90yahttp://powersmart.planetcast.in/watch/0_dnkd90yahttp://powersmart.planetcast.in/watch/0_dnkd90ya',tags='!@#$%^,qweqweqwe,wrqqwrqwr,rwqrqwr,qwr,qwrqr,qarqwr,qrw',fullname='!@#$%^' where category_id='349'
04/05/2018 17:39:50 | SUCCESS | Sync Category | By-PowerSmart_ott182 | 
04/05/2018 17:40:38 | SUCCESS | Updtate MetaData(0_5gevb0jx) | By-PowerSmart_ott182 | update entry set name='!@#$%^&*()_+_1280x720_1mb.mp4',thumbnail='http://ott.planetcast.in/p/111/sp/11100/thumbnail/entry_id/0_5gevb0jx/version/100002',longdescription='!@$#W$%#%$^%&^*&HGUJhbkjfsdhgkhfdsakughfdsiugvhdsfiugvfdshujhfdsgviujhieswhiufrhewfrjasncmxzncz,mxcnkxznckjahsnkhfkjadhfkjdhfkjdsfkjshfkjshdfkjhdsfkjhsdkjfhkjdsfkjdshfkjdsfkjhdkfjdsjfkdsfhdkjhkjfhkdshfksdfiuerwhtsnv ,mcxzn',
        duration='5',type='1',tag='',category='!@#$%^',categoryid='349',
        updated_at='2018-05-04 17:42:54',shortdescription='',
        director='',producer='',cast='',crew='',sub_genre='',
        language='',pgrating='',video_status='active',puser_id='107',custom_data=''
        where entryid='0_5gevb0jx'
04/05/2018 17:42:01 | SUCCESS | Save Thumbnail(0_5gevb0jx) | By-PowerSmart_ott182 | 
04/05/2018 17:47:04 | SUCCESS | delete Category(348) | By-PowerSmart_ott182 | DELETE FROM categories where category_id='348'
04/05/2018 17:47:11 | SUCCESS | delete Category(347) | By-PowerSmart_ott182 | DELETE FROM categories where category_id='347'
04/05/2018 17:47:29 | SUCCESS | Sync Category | By-PowerSmart_ott182 | 
04/05/2018 17:58:09 | SUCCESS | Register User inactive(UserID:145,Status:inactive) | By-PowerSmart_ott182 | 
04/05/2018 17:58:26 | SUCCESS | Register User active(UserID:145,Status:active) | By-PowerSmart_ott182 | 
