01/06/2018 04:31:21 | SUCCESS | login-(Vip News) | By-Vip News_ott182 | 
01/06/2018 07:11:53 | SUCCESS | login-(PowerSmart) | By-PowerSmart_ott182 | 
01/06/2018 12:45:17 | SUCCESS | Save New video(0_mgij85cg) | By-PowerSmart_ott182 | 
01/06/2018 13:30:06 | SUCCESS | Save New video(0_gzkpcpj3) | By-PowerSmart_ott182 | 
01/06/2018 13:32:31 | SUCCESS | Updtate MetaData(0_mgij85cg) | By-PowerSmart_ott182 | update entry set name='Pooja for C P Yogeshwar\'s Photo ',thumbnail='http://ott.planetcast.in/p/111/sp/11100/thumbnail/entry_id/0_mgij85cg/version/100022',longdescription='ಸಿ ಪಿ ಯೋಗೇಶ್ವರ್ ಭಾವಚಿತ್ರಕ್ಕೆ ಪೂಜೆ\r\n#CPYogeshwarLatest #VIPNews\r\n',
        duration='665',type='1',tag='c p yogeshwar, vip news',category='',categoryid='',
        updated_at='2018-06-01 13:35:11',shortdescription='',
        director='',producer='',cast='',crew='',sub_genre='',
        language='',pgrating='',video_status='active',puser_id='107',custom_data=''
        where entryid='0_mgij85cg'
01/06/2018 13:33:55 | SUCCESS | Save Thumbnail(0_mgij85cg) | By-PowerSmart_ott182 | 
01/06/2018 13:34:10 | SUCCESS | Updtate MetaData(0_mgij85cg) | By-PowerSmart_ott182 | update entry set name='Pooja for C P Yogeshwar\'s Photo ',thumbnail='http://ott.planetcast.in/p/111/sp/11100/thumbnail/entry_id/0_mgij85cg/version/100032',longdescription='ಸಿ ಪಿ ಯೋಗೇಶ್ವರ್ ಭಾವಚಿತ್ರಕ್ಕೆ ಪೂಜೆ\r\n#CPYogeshwarLatest #VIPNews\r\n',
        duration='665',type='1',tag='c p yogeshwar, vip news',category='News',categoryid='378',
        updated_at='2018-06-01 13:36:50',shortdescription='',
        director='',producer='',cast='',crew='',sub_genre='',
        language='',pgrating='',video_status='active',puser_id='107',custom_data=''
        where entryid='0_mgij85cg'
01/06/2018 13:34:18 | SUCCESS | Updtate MetaData(0_ocdbw5vu) | By-PowerSmart_ott182 | update entry set name='Rohini Sindhuri\'s Transfer Issue ',thumbnail='http://ott.planetcast.in/p/111/sp/11100/thumbnail/entry_id/0_ocdbw5vu/version/100032',longdescription='ಹೈಕೋರ್ಟ್ನಲ್ಲಿ ರೋಹಿಣಿ ಸಿಂಧೂರಿ ರವರ ವರ್ಗಾವಣೆಯ ಅಂತಿಮ ವಿಚಾರ',
        duration='31',type='1',tag='rohini sindhuri, vip news, high court',category='News',categoryid='378',
        updated_at='2018-06-01 13:36:58',shortdescription='',
        director='',producer='',cast='',crew='',sub_genre='',
        language='',pgrating='',video_status='active',puser_id='107',custom_data=''
        where entryid='0_ocdbw5vu'
01/06/2018 15:12:18 | SUCCESS | Updtate MetaData(0_gzkpcpj3) | By-PowerSmart_ott182 | update entry set name='Meeting at Devegowda\'s Residence',thumbnail='http://ott.planetcast.in/p/111/sp/11100/thumbnail/entry_id/0_gzkpcpj3/version/100022',longdescription='ಜೆಡಿಎಸ್ ವರಿಷ್ಠ ದೇವೇಗೌಡರ ಮನೆಯಲ್ಲಿ ಮಹತ್ವದ ಸಭೆ | A great Meeting at JDS Superior H. D. Deve Gowda’s Residence',
        duration='562',type='1',tag='devegowda\'s residence, vip news',category='News',categoryid='378',
        updated_at='2018-06-01 15:14:58',shortdescription='',
        director='',producer='',cast='',crew='',sub_genre='',
        language='',pgrating='',video_status='active',puser_id='107',custom_data=''
        where entryid='0_gzkpcpj3'
01/06/2018 15:13:44 | SUCCESS | Save Thumbnail(0_gzkpcpj3) | By-PowerSmart_ott182 | 
01/06/2018 12:19:46 | SUCCESS | login-(Vip News) | By-Vip News_ott182 | 
