22/10/2018 05:38:03 | SUCCESS | login-(jeeyaho) | By-jeeyaho_ott333 | 
22/10/2018 11:29:43 | SUCCESS | login-(jeeyaho) | By-jeeyaho_ott333 | 
22/10/2018 17:37:47 | SUCCESS | Updtate MetaData(0_0qwrm2ay) | By-jeeyaho_ott333 | update entry set name='Cute Little Puppy Playing',thumbnail='http://ott.planetcast.in/p/113/sp/11300/thumbnail/entry_id/0_0qwrm2ay/version/100042',longdescription='Watch the soothing surrounding of beach where little puppy is playing in sand.',
        duration='15',type='1',tag='cat, kitten, mammal, cute, pet, dogs, cute pet, indoor pets, animals, fury, fury animal, fury pets, playing, cute moment',category='DRAMA SERIES>COMEDY,DRAMA SERIES>ROMANCE,DRAMA SERIES>MYSTERY,DRAMA SERIES>FAMILY,KIDS>MOVIES,KIDS>ANIMATION,KIDS>RHYMES,KIDS>STORY TELLING,KIDS>PUPPET,KIDS>HOW TO EDUCATION,DEVOTIONAL>BHAJAN,DEVOTIONAL>AARTI,DEVOTIONAL>CHAALISAA,MUSIC>HINDI>LOVE,MUSIC>HINDI>SAD,MUSIC>HINDI>PARTY,MUSIC>HINDI>MIX,MUSIC>HINDI>BOLLYWOOD,MUSIC>SUFI,MUSIC>SPECIAL',categoryid='462,463,464,465,467,468,469,470,471,472,474,475,476,494,495,496,497,498,499,500',
        updated_at='2018-10-22 17:42:28',shortdescription='Watch the soothing surrounding of beach where little puppy is playing in sand.',
        director='NULL',producer='NULL',cast='NULL',crew='NULL',sub_genre='NULL',
        language='NULL',pgrating='',video_status='active',custom_data=''
        where entryid='0_0qwrm2ay'
22/10/2018 17:39:23 | SUCCESS | Updtate MetaData(0_yctfljtz) | By-jeeyaho_ott333 | update entry set name='Beautiful town in Serbia - Petrovaradin',thumbnail='http://ott.planetcast.in/p/113/sp/11300/thumbnail/entry_id/0_yctfljtz/version/100032',longdescription='Watch the beautiful view and municipality which is the part of Urban city Novi sad.',
        duration='28',type='1',tag='places to visit, visit places, greenery, greenary, fortress, municipality, coat of rams, serbia, serbian, town serbia, petrovaradin, petrovard, urban city, stone age, place, places, amazed places, water, site scene, sceneary view',category='MOVIES>HINDI>THRILLER,MOVIES>HINDI>HORROR,MOVIES>HINDI>COMEDY,MOVIES>HINDI>ROMANCE,MOVIES>HINDI>SHORT FILMS,MOVIES>ENGLISH>THRILLER,MOVIES>ENGLISH>HORROR,MOVIES>ENGLISH>ROMANCE,MOVIES>ENGLISH>SHORT FILMS,MOVIES>INTERNATIONAL>THRILLER,MOVIES>INTERNATIONAL>HORROR,MOVIES>INTERNATIONAL>COMEDY,MOVIES>INTERNATIONAL>ROMANCE,MOVIES>INTERNATIONAL>SHORT FILMS,MUSIC>REGIONAL>BHOJPURI,MUSIC>REGIONAL>BENGALI,MUSIC>REGIONAL>TAMIL,MUSIC>REGIONAL>MALAYALAM,MUSIC>REGIONAL>TELUGU,MOVIES>ENGLISH>COMEDY',categoryid='447,448,449,450,451,452,453,454,455,456,457,458,459,460,488,489,490,491,492,501',
        updated_at='2018-10-22 17:44:03',shortdescription='Watch the beautiful view and municipality which is the part of Urban city Novi sad.',
        director='NULL',producer='NULL',cast='NULL',crew='NULL',sub_genre='NULL',
        language='NULL',pgrating='',video_status='active',custom_data=''
        where entryid='0_yctfljtz'
22/10/2018 17:39:44 | SUCCESS | Updtate MetaData(0_j05l7365) | By-jeeyaho_ott333 | update entry set name='Flying beautiful bird Robin',thumbnail='http://ott.planetcast.in/p/113/sp/11300/thumbnail/entry_id/0_j05l7365/version/100032',longdescription='Watch Robin bird beautiful creature.',
        duration='8',type='1',tag='robin, bird, beautiful, robin bird, nature, nature living, nature life, rare birds, bird living, natural creature, creature, flying, fly bird, flying creature',category='MOVIES>HINDI>THRILLER,MOVIES>HINDI>HORROR,MOVIES>HINDI>COMEDY,MOVIES>HINDI>ROMANCE,MOVIES>HINDI>SHORT FILMS,MOVIES>ENGLISH>THRILLER,MOVIES>ENGLISH>HORROR,MOVIES>ENGLISH>ROMANCE,MOVIES>ENGLISH>SHORT FILMS,MOVIES>INTERNATIONAL>THRILLER,MOVIES>INTERNATIONAL>HORROR,MOVIES>INTERNATIONAL>COMEDY,MOVIES>INTERNATIONAL>ROMANCE,MOVIES>INTERNATIONAL>SHORT FILMS,MUSIC>REGIONAL>BHOJPURI,MUSIC>REGIONAL>BENGALI,MUSIC>REGIONAL>TAMIL,MUSIC>REGIONAL>MALAYALAM,MUSIC>REGIONAL>TELUGU,MOVIES>ENGLISH>COMEDY',categoryid='447,448,449,450,451,452,453,454,455,456,457,458,459,460,488,489,490,491,492,501',
        updated_at='2018-10-22 17:44:25',shortdescription='Watch Robin bird beautiful creature.',
        director='NULL',producer='NULL',cast='NULL',crew='NULL',sub_genre='NULL',
        language='NULL',pgrating='',video_status='active',custom_data=''
        where entryid='0_j05l7365'
22/10/2018 17:40:46 | SUCCESS | Updtate MetaData(0_pm5impnj) | By-jeeyaho_ott333 | update entry set name='Loud sound of Fireworks',thumbnail='http://ott.planetcast.in/p/113/sp/11300/thumbnail/entry_id/0_pm5impnj/version/100032',longdescription='Watch the festival of lights with crackers and enjoy the celebration.',
        duration='57',type='1',tag='cracker, crackers, firework, lightening, sound, light, sky, burn, loud, bomb, shine, fire',category='DRAMA SERIES>COMEDY,DRAMA SERIES>ROMANCE,DRAMA SERIES>MYSTERY,DRAMA SERIES>FAMILY,KIDS>MOVIES,KIDS>ANIMATION,KIDS>RHYMES,KIDS>STORY TELLING,KIDS>PUPPET,KIDS>HOW TO EDUCATION,DEVOTIONAL>BHAJAN,DEVOTIONAL>AARTI,DEVOTIONAL>CHAALISAA,MUSIC>HINDI>LOVE,MUSIC>HINDI>SAD,MUSIC>HINDI>PARTY,MUSIC>HINDI>MIX,MUSIC>HINDI>BOLLYWOOD,MUSIC>SUFI,MUSIC>SPECIAL',categoryid='462,463,464,465,467,468,469,470,471,472,474,475,476,494,495,496,497,498,499,500',
        updated_at='2018-10-22 17:45:27',shortdescription='Watch the festival of lights with crackers and enjoy the celebration.',
        director='NULL',producer='NULL',cast='NULL',crew='NULL',sub_genre='NULL',
        language='NULL',pgrating='',video_status='active',custom_data=''
        where entryid='0_pm5impnj'
22/10/2018 17:41:20 | SUCCESS | Updtate MetaData(0_v6ahqyk3) | By-jeeyaho_ott333 | update entry set name='Group of Chicken eating food',thumbnail='http://ott.planetcast.in/p/113/sp/11300/thumbnail/entry_id/0_v6ahqyk3/version/100032',longdescription='Watch the warm video of chickens where they sharing their food with each other and enjoying it.',
        duration='7',type='1',tag='cock, chicken, farming, cute, pet, dogs, cute pet, indoor pets, animals, fury, fury animal, fury pets, playing, cute moment',category='DRAMA SERIES>COMEDY,DRAMA SERIES>ROMANCE,DRAMA SERIES>MYSTERY,DRAMA SERIES>FAMILY,KIDS>MOVIES,KIDS>ANIMATION,KIDS>RHYMES,KIDS>STORY TELLING,KIDS>PUPPET,KIDS>HOW TO EDUCATION,DEVOTIONAL>BHAJAN,DEVOTIONAL>AARTI,DEVOTIONAL>CHAALISAA,MUSIC>HINDI>LOVE,MUSIC>HINDI>SAD,MUSIC>HINDI>PARTY,MUSIC>HINDI>MIX,MUSIC>HINDI>BOLLYWOOD,MUSIC>SUFI,MUSIC>SPECIAL',categoryid='462,463,464,465,467,468,469,470,471,472,474,475,476,494,495,496,497,498,499,500',
        updated_at='2018-10-22 17:46:01',shortdescription='Watch the warm video of chickens where they sharing their food with each other and enjoying it.',
        director='NULL',producer='NULL',cast='NULL',crew='NULL',sub_genre='NULL',
        language='NULL',pgrating='',video_status='active',custom_data=''
        where entryid='0_v6ahqyk3'
22/10/2018 17:41:55 | SUCCESS | Updtate MetaData(0_xpxp8s7q) | By-jeeyaho_ott333 | update entry set name='Ancient Holy ancient Church',thumbnail='http://ott.planetcast.in/p/113/sp/11300/thumbnail/entry_id/0_xpxp8s7q/version/100032',longdescription='Watch ancient holy ancient church.',
        duration='8',type='1',tag='ancient, places, heritage, holy, preist, jesus, prayer, world places, churches, church, ancient places, different places',category='MOVIES>HINDI>THRILLER,MOVIES>HINDI>HORROR,MOVIES>HINDI>COMEDY,MOVIES>HINDI>ROMANCE,MOVIES>HINDI>SHORT FILMS,MOVIES>ENGLISH>THRILLER,MOVIES>ENGLISH>HORROR,MOVIES>ENGLISH>ROMANCE,MOVIES>ENGLISH>SHORT FILMS,MOVIES>INTERNATIONAL>THRILLER,MOVIES>INTERNATIONAL>HORROR,MOVIES>INTERNATIONAL>COMEDY,MOVIES>INTERNATIONAL>ROMANCE,MOVIES>INTERNATIONAL>SHORT FILMS,MUSIC>REGIONAL>BHOJPURI,MUSIC>REGIONAL>BENGALI,MUSIC>REGIONAL>TAMIL,MUSIC>REGIONAL>MALAYALAM,MUSIC>REGIONAL>TELUGU,MOVIES>ENGLISH>COMEDY',categoryid='447,448,449,450,451,452,453,454,455,456,457,458,459,460,488,489,490,491,492,501',
        updated_at='2018-10-22 17:46:35',shortdescription='Watch ancient holy ancient church.',
        director='NULL',producer='NULL',cast='NULL',crew='NULL',sub_genre='NULL',
        language='NULL',pgrating='',video_status='active',custom_data=''
        where entryid='0_xpxp8s7q'
